c Parsing PB file...
c Converting 1201 PB-constraints to clauses...
c   -- Unit propagations: (none)
c   -- Detecting intervals from adjacent constraints: ################################################################################################
c   -- Clauses(.)/Splits(s): .................................................................................................................................................................................................................................................
c ---[1199]---> BDD-cost:    1
c ---[1197]---> BDD-cost:    1
c ---[1195]---> BDD-cost:    1
c ---[1193]---> BDD-cost:    1
c ---[1191]---> BDD-cost:    1
c ---[1189]---> BDD-cost:    1
c ---[1187]---> BDD-cost:    1
c ---[1185]---> BDD-cost:    1
c ---[1183]---> BDD-cost:    1
c ---[1181]---> BDD-cost:    1
c ---[1179]---> BDD-cost:    1
c ---[1177]---> BDD-cost:    1
c ---[1175]---> BDD-cost:    1
c ---[1173]---> BDD-cost:    1
c ---[1171]---> BDD-cost:    1
c ---[1169]---> BDD-cost:    1
c ---[1167]---> BDD-cost:    1
c ---[1165]---> BDD-cost:    1
c ---[1163]---> BDD-cost:    1
c ---[1161]---> BDD-cost:    1
c ---[1159]---> BDD-cost:    1
c ---[1157]---> BDD-cost:    1
c ---[1155]---> BDD-cost:    1
c ---[1153]---> BDD-cost:    1
c ---[1151]---> BDD-cost:    1
c ---[1149]---> BDD-cost:    1
c ---[1147]---> BDD-cost:    1
c ---[1145]---> BDD-cost:    1
c ---[1143]---> BDD-cost:    1
c ---[1141]---> BDD-cost:    1
c ---[1139]---> BDD-cost:    1
c ---[1137]---> BDD-cost:    1
c ---[1135]---> BDD-cost:    1
c ---[1133]---> BDD-cost:    1
c ---[1131]---> BDD-cost:    1
c ---[1129]---> BDD-cost:    1
c ---[1127]---> BDD-cost:    1
c ---[1125]---> BDD-cost:    1
c ---[1123]---> BDD-cost:    1
c ---[1121]---> BDD-cost:    1
c ---[1119]---> BDD-cost:    1
c ---[1117]---> BDD-cost:    1
c ---[1115]---> BDD-cost:    1
c ---[1113]---> BDD-cost:    1
c ---[1111]---> BDD-cost:    1
c ---[1109]---> BDD-cost:    1
c ---[1107]---> BDD-cost:    1
c ---[1105]---> BDD-cost:    1
c ---[1104]---> Adder-cost: 371   maxlim: 3830   bits: 13/12
c ---[1103]---> Adder-cost: 168   maxlim: 2548   bits: 13/12
c ---[1102]---> Adder-cost: 377   maxlim: 2957   bits: 13/12
c ---[1101]---> Adder-cost: 205   maxlim: 3728   bits: 13/12
c ---[1100]---> Adder-cost: 380   maxlim: 4251   bits: 14/13
c ---[1099]---> Adder-cost: 197   maxlim: 3237   bits: 13/12
c ---[1098]---> Adder-cost: 392   maxlim: 4155   bits: 14/13
c ---[1097]---> Adder-cost: 225   maxlim: 3250   bits: 13/12
c ---[1096]---> Adder-cost: 361   maxlim: 4007   bits: 13/12
c ---[1095]---> Adder-cost: 233   maxlim: 2774   bits: 13/12
c ---[1094]---> Adder-cost: 395   maxlim: 3670   bits: 13/12
c ---[1093]---> Adder-cost: 215   maxlim: 3805   bits: 13/12
c ---[1092]---> Adder-cost: 375   maxlim: 3993   bits: 13/12
c ---[1091]---> Adder-cost: 227   maxlim: 2883   bits: 13/12
c ---[1090]---> Adder-cost: 379   maxlim: 2864   bits: 13/12
c ---[1089]---> Adder-cost: 246   maxlim: 3982   bits: 13/12
c ---[1088]---> Adder-cost: 396   maxlim: 3904   bits: 13/12
c ---[1087]---> Adder-cost: 247   maxlim: 3593   bits: 13/12
c ---[1086]---> Adder-cost: 396   maxlim: 4304   bits: 14/13
c ---[1085]---> Adder-cost: 198   maxlim: 3156   bits: 13/12
c ---[1084]---> Adder-cost: 379   maxlim: 3701   bits: 13/12
c ---[1083]---> Adder-cost: 223   maxlim: 3022   bits: 13/12
c ---[1082]---> Adder-cost: 372   maxlim: 3099   bits: 13/12
c ---[1081]---> Adder-cost: 241   maxlim: 3509   bits: 13/12
c ---[1080]---> Adder-cost: 374   maxlim: 2865   bits: 13/12
c ---[1079]---> Adder-cost: 210   maxlim: 4089   bits: 13/12
c ---[1078]---> Adder-cost: 362   maxlim: 3496   bits: 13/12
c ---[1077]---> Adder-cost: 182   maxlim: 3144   bits: 13/12
c ---[1076]---> Adder-cost: 382   maxlim: 3633   bits: 13/12
c ---[1075]---> Adder-cost: 182   maxlim: 2977   bits: 13/12
c ---[1074]---> Adder-cost: 393   maxlim: 3144   bits: 13/12
c ---[1073]---> Adder-cost: 208   maxlim: 3242   bits: 13/12
c ---[1072]---> Adder-cost: 384   maxlim: 3634   bits: 13/12
c ---[1071]---> Adder-cost: 186   maxlim: 3600   bits: 13/12
c ---[1070]---> Adder-cost: 390   maxlim: 3929   bits: 13/12
c ---[1069]---> Adder-cost: 251   maxlim: 2691   bits: 13/12
c ---[1068]---> Adder-cost: 401   maxlim: 4519   bits: 14/13
c ---[1067]---> Adder-cost: 217   maxlim: 2840   bits: 13/12
c ---[1066]---> Adder-cost: 393   maxlim: 3932   bits: 13/12
c ---[1065]---> Adder-cost: 219   maxlim: 3023   bits: 13/12
c ---[1064]---> Adder-cost: 373   maxlim: 3989   bits: 13/12
c ---[1063]---> Adder-cost: 216   maxlim: 2813   bits: 13/12
c ---[1062]---> Adder-cost: 373   maxlim: 3714   bits: 13/12
c ---[1061]---> Adder-cost: 234   maxlim: 3286   bits: 13/12
c ---[1060]---> Adder-cost: 374   maxlim: 4262   bits: 14/13
c ---[1059]---> Adder-cost: 188   maxlim: 3204   bits: 13/12
c ---[1058]---> Adder-cost: 376   maxlim: 3537   bits: 13/12
c ---[1057]---> Adder-cost: 217   maxlim: 3563   bits: 13/12
c ---[1056]---> Adder-cost: 358   maxlim: 4574   bits: 14/13
c ---[1055]---> Adder-cost: 174   maxlim: 2286   bits: 13/12
c ---[1054]---> Adder-cost: 350   maxlim: 3292   bits: 13/12
c ---[1053]---> Adder-cost: 188   maxlim: 3404   bits: 13/12
c ---[1052]---> Adder-cost: 372   maxlim: 3094   bits: 13/12
c ---[1051]---> Adder-cost: 222   maxlim: 3658   bits: 13/12
c ---[1050]---> Adder-cost: 361   maxlim: 2610   bits: 13/12
c ---[1049]---> Adder-cost: 223   maxlim: 3913   bits: 13/12
c ---[1048]---> Adder-cost: 346   maxlim: 3683   bits: 13/12
c ---[1047]---> Adder-cost: 215   maxlim: 3750   bits: 13/12
c ---[1046]---> Adder-cost: 373   maxlim: 3776   bits: 13/12
c ---[1045]---> Adder-cost: 222   maxlim: 3172   bits: 13/12
c ---[1044]---> Adder-cost: 366   maxlim: 3940   bits: 13/12
c ---[1043]---> Adder-cost: 226   maxlim: 2846   bits: 13/12
c ---[1042]---> Adder-cost: 375   maxlim: 2326   bits: 13/12
c ---[1041]---> Adder-cost: 209   maxlim: 4306   bits: 14/13
c ---[1040]---> Adder-cost: 352   maxlim: 3054   bits: 13/12
c ---[1039]---> Adder-cost: 223   maxlim: 3895   bits: 13/12
c ---[1038]---> Adder-cost: 358   maxlim: 2985   bits: 13/12
c ---[1037]---> Adder-cost: 235   maxlim: 3859   bits: 13/12
c ---[1036]---> Adder-cost: 376   maxlim: 2484   bits: 13/12
c ---[1035]---> Adder-cost: 246   maxlim: 4889   bits: 14/13
c ---[1034]---> Adder-cost: 364   maxlim: 3099   bits: 13/12
c ---[1033]---> Adder-cost: 186   maxlim: 4183   bits: 14/13
c ---[1032]---> Adder-cost: 362   maxlim: 3665   bits: 13/12
c ---[1031]---> Adder-cost: 243   maxlim: 2859   bits: 13/12
c ---[1030]---> Adder-cost: 361   maxlim: 3592   bits: 13/12
c ---[1029]---> Adder-cost: 223   maxlim: 4258   bits: 14/13
c ---[1028]---> Adder-cost: 383   maxlim: 3127   bits: 13/12
c ---[1027]---> Adder-cost: 248   maxlim: 4332   bits: 14/13
c ---[1026]---> Adder-cost: 364   maxlim: 3623   bits: 13/12
c ---[1025]---> Adder-cost: 201   maxlim: 3633   bits: 13/12
c ---[1024]---> Adder-cost: 378   maxlim: 3526   bits: 13/12
c ---[1023]---> Adder-cost: 218   maxlim: 3860   bits: 13/12
c ---[1022]---> Adder-cost: 377   maxlim: 2907   bits: 13/12
c ---[1021]---> Adder-cost: 211   maxlim: 3628   bits: 13/12
c ---[1020]---> Adder-cost: 390   maxlim: 3776   bits: 13/12
c ---[1019]---> Adder-cost: 174   maxlim: 2758   bits: 13/12
c ---[1018]---> Adder-cost: 337   maxlim: 2946   bits: 13/12
c ---[1017]---> Adder-cost: 194   maxlim: 3826   bits: 13/12
c ---[1016]---> Adder-cost: 385   maxlim: 3652   bits: 13/12
c ---[1015]---> Adder-cost: 257   maxlim: 3373   bits: 13/12
c ---[1014]---> Adder-cost: 374   maxlim: 4192   bits: 14/13
c ---[1013]---> Adder-cost: 247   maxlim: 3053   bits: 13/12
c ---[1012]---> Adder-cost: 360   maxlim: 3835   bits: 13/12
c ---[1011]---> Adder-cost: 98   maxlim: 2811   bits: 13/12
c ---[1010]---> Adder-cost: 396   maxlim: 3971   bits: 13/12
c ---[1009]---> Adder-cost: 217   maxlim: 4069   bits: 13/12
c ---[1008]---> Adder-cost: 390   maxlim: 4150   bits: 14/13
c ---[1007]---> Adder-cost: 212   maxlim: 2986   bits: 13/12
c ---[1006]---> Adder-cost: 329   maxlim: 3384   bits: 13/12
c ---[1005]---> Adder-cost: 205   maxlim: 3403   bits: 13/12
c ---[1004]---> Adder-cost: 401   maxlim: 3386   bits: 13/12
c ---[1003]---> Adder-cost: 216   maxlim: 3966   bits: 13/12
c ---[1002]---> Adder-cost: 387   maxlim: 3252   bits: 13/12
c ---[1001]---> Adder-cost: 235   maxlim: 4095   bits: 13/12
c ---[1000]---> Adder-cost: 384   maxlim: 5009   bits: 14/13
c ---[ 999]---> Adder-cost: 231   maxlim: 1894   bits: 12/11
c ---[ 998]---> Adder-cost: 374   maxlim: 4271   bits: 14/13
c ---[ 997]---> Adder-cost: 237   maxlim: 3134   bits: 13/12
c ---[ 996]---> Adder-cost: 385   maxlim: 4323   bits: 14/13
c ---[ 995]---> Adder-cost: 174   maxlim: 3331   bits: 13/12
c ---[ 994]---> Adder-cost: 390   maxlim: 3585   bits: 13/12
c ---[ 993]---> Adder-cost: 208   maxlim: 4120   bits: 14/13
c ---[ 992]---> Adder-cost: 401   maxlim: 3603   bits: 13/12
c ---[ 991]---> Adder-cost: 203   maxlim: 3292   bits: 13/12
c ---[ 990]---> Adder-cost: 377   maxlim: 3183   bits: 13/12
c ---[ 989]---> Adder-cost: 212   maxlim: 4257   bits: 14/13
c ---[ 988]---> Adder-cost: 405   maxlim: 4004   bits: 13/12
c ---[ 987]---> Adder-cost: 238   maxlim: 3502   bits: 13/12
c ---[ 986]---> Adder-cost: 400   maxlim: 2895   bits: 13/12
c ---[ 985]---> Adder-cost: 208   maxlim: 4968   bits: 14/13
c ---[ 984]---> Adder-cost: 379   maxlim: 3445   bits: 13/12
c ---[ 983]---> Adder-cost: 199   maxlim: 3579   bits: 13/12
c ---[ 982]---> Adder-cost: 393   maxlim: 2687   bits: 13/12
c ---[ 981]---> Adder-cost: 236   maxlim: 4401   bits: 14/13
c ---[ 980]---> Adder-cost: 375   maxlim: 3249   bits: 13/12
c ---[ 979]---> Adder-cost: 188   maxlim: 3477   bits: 13/12
c ---[ 978]---> Adder-cost: 380   maxlim: 2846   bits: 13/12
c ---[ 977]---> Adder-cost: 197   maxlim: 4186   bits: 14/13
c ---[ 976]---> Adder-cost: 386   maxlim: 3825   bits: 13/12
c ---[ 975]---> Adder-cost: 204   maxlim: 3685   bits: 13/12
c ---[ 974]---> Adder-cost: 391   maxlim: 3611   bits: 13/12
c ---[ 973]---> Adder-cost: 210   maxlim: 3523   bits: 13/12
c ---[ 972]---> Adder-cost: 401   maxlim: 3455   bits: 13/12
c ---[ 971]---> Adder-cost: 223   maxlim: 3846   bits: 13/12
c ---[ 970]---> Adder-cost: 389   maxlim: 2891   bits: 13/12
c ---[ 969]---> Adder-cost: 242   maxlim: 4330   bits: 14/13
c ---[ 968]---> Adder-cost: 386   maxlim: 3136   bits: 13/12
c ---[ 967]---> Adder-cost: 236   maxlim: 4024   bits: 13/12
c ---[ 966]---> Adder-cost: 402   maxlim: 3797   bits: 13/12
c ---[ 965]---> Adder-cost: 208   maxlim: 3997   bits: 13/12
c ---[ 964]---> Adder-cost: 383   maxlim: 2360   bits: 13/12
c ---[ 963]---> Adder-cost: 258   maxlim: 4817   bits: 14/13
c ---[ 962]---> Adder-cost: 375   maxlim: 3630   bits: 13/12
c ---[ 961]---> Adder-cost: 231   maxlim: 3435   bits: 13/12
c ---[ 960]---> Adder-cost: 397   maxlim: 3108   bits: 13/12
c ---[ 959]---> Adder-cost: 221   maxlim: 4330   bits: 14/13
c ---[ 958]---> Adder-cost: 392   maxlim: 2979   bits: 13/12
c ---[ 957]---> Adder-cost: 171   maxlim: 4395   bits: 14/13
c ---[ 956]---> Adder-cost: 381   maxlim: 3693   bits: 13/12
c ---[ 955]---> Adder-cost: 187   maxlim: 3630   bits: 13/12
c ---[ 954]---> Adder-cost: 357   maxlim: 3603   bits: 13/12
c ---[ 953]---> Adder-cost: 183   maxlim: 3623   bits: 13/12
c ---[ 952]---> Adder-cost: 399   maxlim: 4012   bits: 13/12
c ---[ 951]---> Adder-cost: 257   maxlim: 3905   bits: 13/12
c ---[ 950]---> Adder-cost: 378   maxlim: 3748   bits: 13/12
c ---[ 949]---> Adder-cost: 227   maxlim: 3403   bits: 13/12
c ---[ 948]---> Adder-cost: 419   maxlim: 4192   bits: 14/13
c ---[ 947]---> Adder-cost: 214   maxlim: 3584   bits: 13/12
c ---[ 946]---> Adder-cost: 376   maxlim: 3752   bits: 13/12
c ---[ 945]---> Adder-cost: 204   maxlim: 2944   bits: 13/12
c ---[ 944]---> Adder-cost: 399   maxlim: 3481   bits: 13/12
c ---[ 943]---> Adder-cost: 256   maxlim: 3941   bits: 13/12
c ---[ 942]---> Adder-cost: 385   maxlim: 4657   bits: 14/13
c ---[ 941]---> Adder-cost: 242   maxlim: 2253   bits: 13/12
c ---[ 940]---> Adder-cost: 383   maxlim: 4410   bits: 14/13
c ---[ 939]---> Adder-cost: 247   maxlim: 2925   bits: 13/12
c ---[ 938]---> Adder-cost: 379   maxlim: 3965   bits: 13/12
c ---[ 937]---> Adder-cost: 170   maxlim: 3357   bits: 13/12
c ---[ 936]---> Adder-cost: 376   maxlim: 4903   bits: 14/13
c ---[ 935]---> Adder-cost: 140   maxlim: 2567   bits: 13/12
c ---[ 934]---> Adder-cost: 368   maxlim: 4258   bits: 14/13
c ---[ 933]---> Adder-cost: 183   maxlim: 2981   bits: 13/12
c ---[ 932]---> Adder-cost: 359   maxlim: 2818   bits: 13/12
c ---[ 931]---> Adder-cost: 218   maxlim: 3900   bits: 13/12
c ---[ 930]---> Adder-cost: 388   maxlim: 3767   bits: 13/12
c ---[ 929]---> Adder-cost: 251   maxlim: 3677   bits: 13/12
c ---[ 928]---> Adder-cost: 392   maxlim: 2973   bits: 13/12
c ---[ 927]---> Adder-cost: 239   maxlim: 3890   bits: 13/12
c ---[ 926]---> Adder-cost: 362   maxlim: 3864   bits: 13/12
c ---[ 925]---> Adder-cost: 151   maxlim: 3351   bits: 13/12
c ---[ 924]---> Adder-cost: 365   maxlim: 4535   bits: 14/13
c ---[ 923]---> Adder-cost: 215   maxlim: 2827   bits: 13/12
c ---[ 922]---> Adder-cost: 363   maxlim: 1687   bits: 12/11
c ---[ 921]---> Adder-cost: 256   maxlim: 5734   bits: 14/13
c ---[ 920]---> Adder-cost: 399   maxlim: 4331   bits: 14/13
c ---[ 919]---> Adder-cost: 205   maxlim: 3628   bits: 13/12
c ---[ 918]---> Adder-cost: 364   maxlim: 2921   bits: 13/12
c ---[ 917]---> Adder-cost: 240   maxlim: 4619   bits: 14/13
c ---[ 916]---> Adder-cost: 373   maxlim: 3928   bits: 13/12
c ---[ 915]---> Adder-cost: 236   maxlim: 3220   bits: 13/12
c ---[ 914]---> Adder-cost: 410   maxlim: 3886   bits: 13/12
c ---[ 913]---> Adder-cost: 231   maxlim: 3755   bits: 13/12
c ---[ 912]---> Adder-cost: 389   maxlim: 3181   bits: 13/12
c ---[ 911]---> Adder-cost: 226   maxlim: 4057   bits: 13/12
c ---[ 910]---> Adder-cost: 371   maxlim: 3176   bits: 13/12
c ---[ 909]---> Adder-cost: 175   maxlim: 4194   bits: 14/13
c ---[ 908]---> Adder-cost: 358   maxlim: 4176   bits: 14/13
c ---[ 907]---> Adder-cost: 231   maxlim: 3357   bits: 13/12
c ---[ 906]---> Adder-cost: 385   maxlim: 3519   bits: 13/12
c ---[ 905]---> Adder-cost: 261   maxlim: 3434   bits: 13/12
c ---[ 904]---> Adder-cost: 412   maxlim: 2792   bits: 13/12
c ---[ 903]---> Adder-cost: 237   maxlim: 4562   bits: 14/13
c ---[ 902]---> Adder-cost: 379   maxlim: 3942   bits: 13/12
c ---[ 901]---> Adder-cost: 211   maxlim: 3113   bits: 13/12
c ---[ 900]---> Adder-cost: 398   maxlim: 3371   bits: 13/12
c ---[ 899]---> Adder-cost: 223   maxlim: 3840   bits: 13/12
c ---[ 898]---> Adder-cost: 404   maxlim: 3482   bits: 13/12
c ---[ 897]---> Adder-cost: 180   maxlim: 3998   bits: 13/12
c ---[ 896]---> Adder-cost: 409   maxlim: 3670   bits: 13/12
c ---[ 895]---> Adder-cost: 220   maxlim: 3494   bits: 13/12
c ---[ 894]---> Adder-cost: 398   maxlim: 3442   bits: 13/12
c ---[ 893]---> Adder-cost: 213   maxlim: 3861   bits: 13/12
c ---[ 892]---> Adder-cost: 398   maxlim: 3427   bits: 13/12
c ---[ 891]---> Adder-cost: 203   maxlim: 3420   bits: 13/12
c ---[ 890]---> Adder-cost: 397   maxlim: 4201   bits: 14/13
c ---[ 889]---> Adder-cost: 229   maxlim: 3244   bits: 13/12
c ---[ 888]---> Adder-cost: 376   maxlim: 3527   bits: 13/12
c ---[ 887]---> Adder-cost: 213   maxlim: 3867   bits: 13/12
c ---[ 886]---> Adder-cost: 408   maxlim: 4061   bits: 13/12
c ---[ 885]---> Adder-cost: 233   maxlim: 3251   bits: 13/12
c ---[ 884]---> Adder-cost: 369   maxlim: 3774   bits: 13/12
c ---[ 883]---> Adder-cost: 247   maxlim: 3647   bits: 13/12
c ---[ 882]---> Adder-cost: 385   maxlim: 2425   bits: 13/12
c ---[ 881]---> Adder-cost: 251   maxlim: 3476   bits: 13/12
c ---[ 880]---> Adder-cost: 400   maxlim: 5057   bits: 14/13
c ---[ 879]---> Adder-cost: 225   maxlim: 2560   bits: 13/12
c ---[ 878]---> Adder-cost: 425   maxlim: 3996   bits: 13/12
c ---[ 877]---> Adder-cost: 240   maxlim: 3856   bits: 13/12
c ---[ 876]---> Adder-cost: 353   maxlim: 3111   bits: 13/12
c ---[ 875]---> Adder-cost: 172   maxlim: 4623   bits: 14/13
c ---[ 874]---> Adder-cost: 365   maxlim: 4187   bits: 14/13
c ---[ 873]---> Adder-cost: 205   maxlim: 3261   bits: 13/12
c ---[ 872]---> Adder-cost: 371   maxlim: 3592   bits: 13/12
c ---[ 871]---> Adder-cost: 216   maxlim: 3424   bits: 13/12
c ---[ 870]---> Adder-cost: 389   maxlim: 3756   bits: 13/12
c ---[ 869]---> Adder-cost: 208   maxlim: 3632   bits: 13/12
c ---[ 868]---> Adder-cost: 408   maxlim: 3999   bits: 13/12
c ---[ 867]---> Adder-cost: 209   maxlim: 3475   bits: 13/12
c ---[ 866]---> Adder-cost: 392   maxlim: 5263   bits: 14/13
c ---[ 865]---> Adder-cost: 263   maxlim: 2860   bits: 13/12
c ---[ 864]---> Adder-cost: 433   maxlim: 3949   bits: 13/12
c ---[ 863]---> Adder-cost: 253   maxlim: 3766   bits: 13/12
c ---[ 862]---> Adder-cost: 390   maxlim: 3540   bits: 13/12
c ---[ 861]---> Adder-cost: 174   maxlim: 3828   bits: 13/12
c ---[ 860]---> Adder-cost: 387   maxlim: 3332   bits: 13/12
c ---[ 859]---> Adder-cost: 252   maxlim: 3696   bits: 13/12
c ---[ 858]---> Adder-cost: 414   maxlim: 3699   bits: 13/12
c ---[ 857]---> Adder-cost: 229   maxlim: 3989   bits: 13/12
c ---[ 856]---> Adder-cost: 395   maxlim: 2817   bits: 13/12
c ---[ 855]---> Adder-cost: 269   maxlim: 4092   bits: 13/12
c ---[ 854]---> Adder-cost: 390   maxlim: 3387   bits: 13/12
c ---[ 853]---> Adder-cost: 203   maxlim: 3888   bits: 13/12
c ---[ 852]---> Adder-cost: 376   maxlim: 4234   bits: 14/13
c ---[ 851]---> Adder-cost: 228   maxlim: 3664   bits: 13/12
c ---[ 850]---> Adder-cost: 376   maxlim: 3953   bits: 13/12
c ---[ 849]---> Adder-cost: 237   maxlim: 3268   bits: 13/12
c ---[ 848]---> Adder-cost: 389   maxlim: 3764   bits: 13/12
c ---[ 847]---> Adder-cost: 200   maxlim: 3684   bits: 13/12
c ---[ 846]---> Adder-cost: 411   maxlim: 3954   bits: 13/12
c ---[ 845]---> Adder-cost: 244   maxlim: 3630   bits: 13/12
c ---[ 844]---> Adder-cost: 378   maxlim: 4703   bits: 14/13
c ---[ 843]---> Adder-cost: 177   maxlim: 2727   bits: 13/12
c ---[ 842]---> Adder-cost: 418   maxlim: 3298   bits: 13/12
c ---[ 841]---> Adder-cost: 211   maxlim: 4260   bits: 14/13
c ---[ 840]---> Adder-cost: 380   maxlim: 3889   bits: 13/12
c ---[ 839]---> Adder-cost: 207   maxlim: 3398   bits: 13/12
c ---[ 838]---> Adder-cost: 403   maxlim: 3702   bits: 13/12
c ---[ 837]---> Adder-cost: 196   maxlim: 3734   bits: 13/12
c ---[ 836]---> Adder-cost: 369   maxlim: 3815   bits: 13/12
c ---[ 835]---> Adder-cost: 247   maxlim: 3646   bits: 13/12
c ---[ 834]---> Adder-cost: 354   maxlim: 2932   bits: 13/12
c ---[ 833]---> Adder-cost: 154   maxlim: 4084   bits: 13/12
c ---[ 832]---> Adder-cost: 359   maxlim: 3155   bits: 13/12
c ---[ 831]---> Adder-cost: 257   maxlim: 4014   bits: 13/12
c ---[ 830]---> Adder-cost: 375   maxlim: 3783   bits: 13/12
c ---[ 829]---> Adder-cost: 231   maxlim: 3363   bits: 13/12
c ---[ 828]---> Adder-cost: 385   maxlim: 3424   bits: 13/12
c ---[ 827]---> Adder-cost: 224   maxlim: 3844   bits: 13/12
c ---[ 826]---> Adder-cost: 377   maxlim: 4659   bits: 14/13
c ---[ 825]---> Adder-cost: 237   maxlim: 2734   bits: 13/12
c ---[ 824]---> Adder-cost: 342   maxlim: 3209   bits: 13/12
c ---[ 823]---> Adder-cost: 221   maxlim: 3903   bits: 13/12
c ---[ 822]---> Adder-cost: 384   maxlim: 3470   bits: 13/12
c ---[ 821]---> Adder-cost: 265   maxlim: 3955   bits: 13/12
c ---[ 820]---> Adder-cost: 384   maxlim: 3603   bits: 13/12
c ---[ 819]---> Adder-cost: 217   maxlim: 3984   bits: 13/12
c ---[ 818]---> Adder-cost: 378   maxlim: 2877   bits: 13/12
c ---[ 817]---> Adder-cost: 238   maxlim: 4215   bits: 14/13
c ---[ 816]---> Adder-cost: 404   maxlim: 4230   bits: 14/13
c ---[ 815]---> Adder-cost: 231   maxlim: 4268   bits: 14/13
c ---[ 814]---> Adder-cost: 403   maxlim: 3101   bits: 13/12
c ---[ 813]---> Adder-cost: 242   maxlim: 4392   bits: 14/13
c ---[ 812]---> Adder-cost: 409   maxlim: 3807   bits: 13/12
c ---[ 811]---> Adder-cost: 251   maxlim: 4044   bits: 13/12
c ---[ 810]---> Adder-cost: 406   maxlim: 4235   bits: 14/13
c ---[ 809]---> Adder-cost: 233   maxlim: 3388   bits: 13/12
c ---[ 808]---> Adder-cost: 401   maxlim: 3770   bits: 13/12
c ---[ 807]---> Adder-cost: 218   maxlim: 3608   bits: 13/12
c ---[ 806]---> Adder-cost: 345   maxlim: 3040   bits: 13/12
c ---[ 805]---> Adder-cost: 209   maxlim: 3549   bits: 13/12
c ---[ 804]---> Adder-cost: 399   maxlim: 3961   bits: 13/12
c ---[ 803]---> Adder-cost: 181   maxlim: 3514   bits: 13/12
c ---[ 802]---> Adder-cost: 417   maxlim: 3904   bits: 13/12
c ---[ 801]---> Adder-cost: 246   maxlim: 3576   bits: 13/12
c ---[ 800]---> Adder-cost: 366   maxlim: 3642   bits: 13/12
c ---[ 799]---> Adder-cost: 234   maxlim: 3438   bits: 13/12
c ---[ 798]---> Adder-cost: 410   maxlim: 3943   bits: 13/12
c ---[ 797]---> Adder-cost: 209   maxlim: 3696   bits: 13/12
c ---[ 796]---> Adder-cost: 381   maxlim: 3242   bits: 13/12
c ---[ 795]---> Adder-cost: 205   maxlim: 4186   bits: 14/13
c ---[ 794]---> Adder-cost: 399   maxlim: 3594   bits: 13/12
c ---[ 793]---> Adder-cost: 258   maxlim: 4064   bits: 13/12
c ---[ 792]---> Adder-cost: 428   maxlim: 4408   bits: 14/13
c ---[ 791]---> Adder-cost: 264   maxlim: 4017   bits: 13/12
c ---[ 790]---> Adder-cost: 391   maxlim: 3248   bits: 13/12
c ---[ 789]---> Adder-cost: 246   maxlim: 3878   bits: 13/12
c ---[ 788]---> Adder-cost: 392   maxlim: 3309   bits: 13/12
c ---[ 787]---> Adder-cost: 236   maxlim: 4192   bits: 14/13
c ---[ 786]---> Adder-cost: 393   maxlim: 3497   bits: 13/12
c ---[ 785]---> Adder-cost: 180   maxlim: 3321   bits: 13/12
c ---[ 784]---> Adder-cost: 378   maxlim: 3566   bits: 13/12
c ---[ 783]---> Adder-cost: 206   maxlim: 3370   bits: 13/12
c ---[ 782]---> Adder-cost: 387   maxlim: 3415   bits: 13/12
c ---[ 781]---> Adder-cost: 241   maxlim: 3876   bits: 13/12
c ---[ 780]---> Adder-cost: 399   maxlim: 3483   bits: 13/12
c ---[ 779]---> Adder-cost: 203   maxlim: 4323   bits: 14/13
c ---[ 778]---> Adder-cost: 378   maxlim: 3297   bits: 13/12
c ---[ 777]---> Adder-cost: 223   maxlim: 4014   bits: 13/12
c ---[ 776]---> Adder-cost: 388   maxlim: 3092   bits: 13/12
c ---[ 775]---> Adder-cost: 191   maxlim: 4176   bits: 14/13
c ---[ 774]---> Adder-cost: 416   maxlim: 3929   bits: 13/12
c ---[ 773]---> Adder-cost: 262   maxlim: 4238   bits: 14/13
c ---[ 772]---> Adder-cost: 371   maxlim: 3240   bits: 13/12
c ---[ 771]---> Adder-cost: 183   maxlim: 3491   bits: 13/12
c ---[ 770]---> Adder-cost: 386   maxlim: 3637   bits: 13/12
c ---[ 769]---> Adder-cost: 197   maxlim: 3667   bits: 13/12
c ---[ 768]---> Adder-cost: 388   maxlim: 3714   bits: 13/12
c ---[ 767]---> Adder-cost: 271   maxlim: 3547   bits: 13/12
c ---[ 766]---> Adder-cost: 389   maxlim: 4218   bits: 14/13
c ---[ 765]---> Adder-cost: 226   maxlim: 3094   bits: 13/12
c ---[ 764]---> Adder-cost: 403   maxlim: 3394   bits: 13/12
c ---[ 763]---> Adder-cost: 267   maxlim: 4278   bits: 14/13
c ---[ 762]---> Adder-cost: 401   maxlim: 3704   bits: 13/12
c ---[ 761]---> Adder-cost: 218   maxlim: 3760   bits: 13/12
c ---[ 760]---> Adder-cost: 394   maxlim: 3909   bits: 13/12
c ---[ 759]---> Adder-cost: 219   maxlim: 3960   bits: 13/12
c ---[ 758]---> Adder-cost: 391   maxlim: 4002   bits: 13/12
c ---[ 757]---> Adder-cost: 194   maxlim: 3258   bits: 13/12
c ---[ 756]---> Adder-cost: 397   maxlim: 4268   bits: 14/13
c ---[ 755]---> Adder-cost: 219   maxlim: 4144   bits: 14/13
c ---[ 754]---> Adder-cost: 389   maxlim: 2969   bits: 13/12
c ---[ 753]---> Adder-cost: 271   maxlim: 3940   bits: 13/12
c ---[ 752]---> Adder-cost: 381   maxlim: 4412   bits: 14/13
c ---[ 751]---> Adder-cost: 232   maxlim: 3432   bits: 13/12
c ---[ 750]---> Adder-cost: 359   maxlim: 3347   bits: 13/12
c ---[ 749]---> Adder-cost: 205   maxlim: 3573   bits: 13/12
c ---[ 748]---> Adder-cost: 384   maxlim: 3699   bits: 13/12
c ---[ 747]---> Adder-cost: 150   maxlim: 3507   bits: 13/12
c ---[ 746]---> Adder-cost: 372   maxlim: 3533   bits: 13/12
c ---[ 745]---> Adder-cost: 226   maxlim: 3769   bits: 13/12
c ---[ 744]---> Adder-cost: 368   maxlim: 3817   bits: 13/12
c ---[ 743]---> Adder-cost: 227   maxlim: 3531   bits: 13/12
c ---[ 742]---> Adder-cost: 391   maxlim: 3533   bits: 13/12
c ---[ 741]---> Adder-cost: 243   maxlim: 3863   bits: 13/12
c ---[ 740]---> Adder-cost: 401   maxlim: 3868   bits: 13/12
c ---[ 739]---> Adder-cost: 230   maxlim: 3684   bits: 13/12
c ---[ 738]---> Adder-cost: 405   maxlim: 3986   bits: 13/12
c ---[ 737]---> Adder-cost: 265   maxlim: 3645   bits: 13/12
c ---[ 736]---> Adder-cost: 365   maxlim: 3409   bits: 13/12
c ---[ 735]---> Adder-cost: 199   maxlim: 3826   bits: 13/12
c ---[ 734]---> Adder-cost: 402   maxlim: 3392   bits: 13/12
c ---[ 733]---> Adder-cost: 221   maxlim: 3777   bits: 13/12
c ---[ 732]---> Adder-cost: 362   maxlim: 3420   bits: 13/12
c ---[ 731]---> Adder-cost: 223   maxlim: 3537   bits: 13/12
c ---[ 730]---> Adder-cost: 418   maxlim: 3991   bits: 13/12
c ---[ 729]---> Adder-cost: 264   maxlim: 4386   bits: 14/13
c ---[ 728]---> Adder-cost: 378   maxlim: 3903   bits: 13/12
c ---[ 727]---> Adder-cost: 281   maxlim: 3758   bits: 13/12
c ---[ 726]---> Adder-cost: 372   maxlim: 3505   bits: 13/12
c ---[ 725]---> Adder-cost: 227   maxlim: 3942   bits: 13/12
c ---[ 724]---> Adder-cost: 384   maxlim: 3745   bits: 13/12
c ---[ 723]---> Adder-cost: 219   maxlim: 3476   bits: 13/12
c ---[ 722]---> Adder-cost: 415   maxlim: 3591   bits: 13/12
c ---[ 721]---> Adder-cost: 241   maxlim: 4056   bits: 13/12
c ---[ 719]---> BDD-cost:    1
c ---[ 717]---> BDD-cost:    1
c ---[ 715]---> BDD-cost:    1
c ---[ 713]---> BDD-cost:    1
c ---[ 711]---> BDD-cost:    1
c ---[ 709]---> BDD-cost:    1
c ---[ 707]---> BDD-cost:    1
c ---[ 705]---> BDD-cost:    1
c ---[ 703]---> BDD-cost:    1
c ---[ 701]---> BDD-cost:    1
c ---[ 699]---> BDD-cost:    1
c ---[ 697]---> BDD-cost:    1
c ---[ 695]---> BDD-cost:    1
c ---[ 693]---> BDD-cost:    1
c ---[ 691]---> BDD-cost:    1
c ---[ 689]---> BDD-cost:    1
c ---[ 687]---> BDD-cost:    1
c ---[ 685]---> BDD-cost:    1
c ---[ 683]---> BDD-cost:    1
c ---[ 681]---> BDD-cost:    1
c ---[ 679]---> BDD-cost:    1
c ---[ 677]---> BDD-cost:    1
c ---[ 675]---> BDD-cost:    1
c ---[ 673]---> BDD-cost:    1
c ---[ 671]---> BDD-cost:    1
c ---[ 669]---> BDD-cost:    1
c ---[ 667]---> BDD-cost:    1
c ---[ 665]---> BDD-cost:    1
c ---[ 663]---> BDD-cost:    1
c ---[ 661]---> BDD-cost:    1
c ---[ 659]---> BDD-cost:    1
c ---[ 657]---> BDD-cost:    1
c ---[ 655]---> BDD-cost:    1
c ---[ 653]---> BDD-cost:    1
c ---[ 651]---> BDD-cost:    1
c ---[ 649]---> BDD-cost:    1
c ---[ 647]---> BDD-cost:    1
c ---[ 645]---> BDD-cost:    1
c ---[ 643]---> BDD-cost:    1
c ---[ 641]---> BDD-cost:    1
c ---[ 639]---> BDD-cost:    1
c ---[ 637]---> BDD-cost:    1
c ---[ 635]---> BDD-cost:    1
c ---[ 633]---> BDD-cost:    1
c ---[ 631]---> BDD-cost:    1
c ---[ 629]---> BDD-cost:    1
c ---[ 627]---> BDD-cost:    1
c ---[ 625]---> BDD-cost:    1
c ---[ 624]---> Adder-cost: 184   maxlim: 214   bits: 9/8
c ---[ 623]---> Adder-cost: 95   maxlim: 138   bits: 9/8
c ---[ 622]---> Adder-cost: 163   maxlim: 171   bits: 9/8
c ---[ 621]---> Adder-cost: 99   maxlim: 197   bits: 9/8
c ---[ 620]---> Adder-cost: 183   maxlim: 239   bits: 9/8
c ---[ 619]---> Adder-cost: 93   maxlim: 177   bits: 9/8
c ---[ 618]---> Adder-cost: 189   maxlim: 234   bits: 9/8
c ---[ 617]---> Adder-cost: 116   maxlim: 176   bits: 9/8
c ---[ 616]---> Adder-cost: 172   maxlim: 229   bits: 9/8
c ---[ 615]---> Adder-cost: 107   maxlim: 146   bits: 9/8
c ---[ 614]---> Adder-cost: 179   maxlim: 209   bits: 9/8
c ---[ 613]---> Adder-cost: 111   maxlim: 211   bits: 9/8
c ---[ 612]---> Adder-cost: 151   maxlim: 228   bits: 9/8
c ---[ 611]---> Adder-cost: 112   maxlim: 154   bits: 9/8
c ---[ 610]---> Adder-cost: 182   maxlim: 154   bits: 9/8
c ---[ 609]---> Sorter-cost: 1838     Base: 2 3 2 17
c ---[ 608]---> Adder-cost: 171   maxlim: 219   bits: 9/8
c ---[ 607]---> Adder-cost: 89   maxlim: 199   bits: 9/8
c ---[ 606]---> Adder-cost: 170   maxlim: 243   bits: 9/8
c ---[ 605]---> Adder-cost: 123   maxlim: 174   bits: 9/8
c ---[ 604]---> Adder-cost: 183   maxlim: 208   bits: 9/8
c ---[ 603]---> Adder-cost: 135   maxlim: 165   bits: 9/8
c ---[ 602]---> Adder-cost: 163   maxlim: 163   bits: 9/8
c ---[ 601]---> Adder-cost: 97   maxlim: 199   bits: 9/8
c ---[ 600]---> Adder-cost: 175   maxlim: 152   bits: 9/8
c ---[ 599]---> Sorter-cost: 1991     Base: 2 5 11
c ---[ 598]---> Adder-cost: 149   maxlim: 196   bits: 9/8
c ---[ 597]---> Adder-cost: 113   maxlim: 173   bits: 9/8
c ---[ 596]---> Adder-cost: 148   maxlim: 207   bits: 9/8
c ---[ 595]---> Adder-cost: 113   maxlim: 156   bits: 9/8
c ---[ 594]---> Adder-cost: 159   maxlim: 176   bits: 9/8
c ---[ 593]---> Adder-cost: 106   maxlim: 172   bits: 9/8
c ---[ 592]---> Adder-cost: 185   maxlim: 207   bits: 9/8
c ---[ 591]---> Adder-cost: 123   maxlim: 197   bits: 9/8
c ---[ 590]---> Adder-cost: 162   maxlim: 222   bits: 9/8
c ---[ 589]---> Adder-cost: 114   maxlim: 144   bits: 9/8
c ---[ 588]---> Adder-cost: 171   maxlim: 257   bits: 10/9
c ---[ 587]---> Adder-cost: 127   maxlim: 155   bits: 9/8
c ---[ 586]---> Adder-cost: 171   maxlim: 223   bits: 9/8
c ---[ 585]---> Adder-cost: 105   maxlim: 162   bits: 9/8
c ---[ 584]---> Adder-cost: 147   maxlim: 220   bits: 9/8
c ---[ 583]---> Adder-cost: 109   maxlim: 159   bits: 9/8
c ---[ 582]---> Adder-cost: 168   maxlim: 208   bits: 9/8
c ---[ 581]---> Adder-cost: 100   maxlim: 180   bits: 9/8
c ---[ 580]---> Adder-cost: 167   maxlim: 250   bits: 9/8
c ---[ 579]---> Adder-cost: 121   maxlim: 165   bits: 9/8
c ---[ 578]---> Adder-cost: 170   maxlim: 194   bits: 9/8
c ---[ 577]---> Adder-cost: 117   maxlim: 203   bits: 9/8
c ---[ 576]---> Adder-cost: 184   maxlim: 269   bits: 10/9
c ---[ 575]---> Adder-cost: 108   maxlim: 115   bits: 8/7
c ---[ 574]---> Adder-cost: 160   maxlim: 181   bits: 9/8
c ---[ 573]---> Adder-cost: 89   maxlim: 190   bits: 9/8
c ---[ 572]---> Adder-cost: 193   maxlim: 174   bits: 9/8
c ---[ 571]---> Adder-cost: 88   maxlim: 198   bits: 9/8
c ---[ 570]---> Adder-cost: 169   maxlim: 142   bits: 9/8
c ---[ 569]---> Adder-cost: 88   maxlim: 214   bits: 9/8
c ---[ 568]---> Adder-cost: 172   maxlim: 204   bits: 9/8
c ---[ 567]---> Adder-cost: 120   maxlim: 210   bits: 9/8
c ---[ 566]---> Adder-cost: 174   maxlim: 203   bits: 9/8
c ---[ 565]---> Adder-cost: 107   maxlim: 181   bits: 9/8
c ---[ 564]---> Adder-cost: 176   maxlim: 228   bits: 9/8
c ---[ 563]---> Adder-cost: 115   maxlim: 151   bits: 9/8
c ---[ 562]---> Adder-cost: 159   maxlim: 125   bits: 8/7
c ---[ 561]---> Adder-cost: 105   maxlim: 243   bits: 9/8
c ---[ 560]---> Adder-cost: 179   maxlim: 161   bits: 9/8
c ---[ 559]---> Adder-cost: 54   maxlim: 225   bits: 9/8
c ---[ 558]---> Adder-cost: 172   maxlim: 164   bits: 9/8
c ---[ 557]---> Adder-cost: 110   maxlim: 216   bits: 9/8
c ---[ 556]---> Adder-cost: 185   maxlim: 124   bits: 8/7
c ---[ 555]---> Adder-cost: 87   maxlim: 286   bits: 10/9
c ---[ 554]---> Adder-cost: 193   maxlim: 172   bits: 9/8
c ---[ 553]---> Adder-cost: 113   maxlim: 233   bits: 9/8
c ---[ 552]---> Adder-cost: 167   maxlim: 204   bits: 9/8
c ---[ 551]---> Adder-cost: 98   maxlim: 158   bits: 9/8
c ---[ 550]---> Adder-cost: 187   maxlim: 203   bits: 9/8
c ---[ 549]---> Adder-cost: 89   maxlim: 236   bits: 9/8
c ---[ 548]---> Adder-cost: 193   maxlim: 174   bits: 9/8
c ---[ 547]---> Adder-cost: 133   maxlim: 241   bits: 9/8
c ---[ 546]---> Adder-cost: 181   maxlim: 208   bits: 9/8
c ---[ 545]---> Adder-cost: 104   maxlim: 196   bits: 9/8
c ---[ 544]---> Adder-cost: 169   maxlim: 193   bits: 9/8
c ---[ 543]---> Adder-cost: 109   maxlim: 218   bits: 9/8
c ---[ 542]---> Adder-cost: 155   maxlim: 155   bits: 9/8
c ---[ 541]---> Adder-cost: 99   maxlim: 208   bits: 9/8
c ---[ 540]---> Adder-cost: 162   maxlim: 208   bits: 9/8
c ---[ 539]---> Adder-cost: 107   maxlim: 155   bits: 9/8
c ---[ 538]---> Adder-cost: 164   maxlim: 165   bits: 9/8
c ---[ 537]---> Adder-cost: 95   maxlim: 211   bits: 9/8
c ---[ 536]---> Adder-cost: 176   maxlim: 203   bits: 9/8
c ---[ 535]---> Adder-cost: 125   maxlim: 186   bits: 9/8
c ---[ 534]---> Adder-cost: 191   maxlim: 237   bits: 9/8
c ---[ 533]---> Adder-cost: 76   maxlim: 165   bits: 9/8
c ---[ 532]---> Adder-cost: 159   maxlim: 213   bits: 9/8
c ---[ 531]---> Adder-cost: 101   maxlim: 155   bits: 9/8
c ---[ 530]---> Adder-cost: 173   maxlim: 222   bits: 9/8
c ---[ 529]---> Adder-cost: 131   maxlim: 227   bits: 9/8
c ---[ 528]---> Adder-cost: 187   maxlim: 242   bits: 9/8
c ---[ 527]---> Adder-cost: 106   maxlim: 158   bits: 9/8
c ---[ 526]---> Adder-cost: 171   maxlim: 191   bits: 9/8
c ---[ 525]---> Adder-cost: 111   maxlim: 185   bits: 9/8
c ---[ 524]---> Adder-cost: 195   maxlim: 184   bits: 9/8
c ---[ 523]---> Sorter-cost: 1927     Base: 2 3 2 17
c ---[ 522]---> Adder-cost: 207   maxlim: 178   bits: 9/8
c ---[ 521]---> Adder-cost: 119   maxlim: 227   bits: 9/8
c ---[ 520]---> Adder-cost: 184   maxlim: 289   bits: 10/9
c ---[ 519]---> Adder-cost: 82   maxlim: 95   bits: 8/7
c ---[ 518]---> Adder-cost: 201   maxlim: 237   bits: 9/8
c ---[ 517]---> Adder-cost: 113   maxlim: 172   bits: 9/8
c ---[ 516]---> Adder-cost: 193   maxlim: 247   bits: 9/8
c ---[ 515]---> Adder-cost: 129   maxlim: 182   bits: 9/8
c ---[ 514]---> Adder-cost: 206   maxlim: 198   bits: 9/8
c ---[ 513]---> Adder-cost: 132   maxlim: 232   bits: 9/8
c ---[ 512]---> Adder-cost: 187   maxlim: 202   bits: 9/8
c ---[ 511]---> Adder-cost: 123   maxlim: 181   bits: 9/8
c ---[ 510]---> Adder-cost: 193   maxlim: 176   bits: 9/8
c ---[ 509]---> Adder-cost: 79   maxlim: 239   bits: 9/8
c ---[ 508]---> Adder-cost: 192   maxlim: 224   bits: 9/8
c ---[ 507]---> Adder-cost: 90   maxlim: 194   bits: 9/8
c ---[ 506]---> Adder-cost: 203   maxlim: 148   bits: 9/8
c ---[ 505]---> Adder-cost: 86   maxlim: 291   bits: 10/9
c ---[ 504]---> Adder-cost: 189   maxlim: 184   bits: 9/8
c ---[ 503]---> Adder-cost: 111   maxlim: 207   bits: 9/8
c ---[ 502]---> Adder-cost: 195   maxlim: 145   bits: 9/8
c ---[ 501]---> Sorter-cost: 2171     Base: 2 3 2 7
c ---[ 500]---> Adder-cost: 177   maxlim: 185   bits: 9/8
c ---[ 499]---> Adder-cost: 89   maxlim: 190   bits: 9/8
c ---[ 498]---> Adder-cost: 180   maxlim: 153   bits: 9/8
c ---[ 497]---> Adder-cost: 111   maxlim: 236   bits: 9/8
c ---[ 496]---> Adder-cost: 183   maxlim: 211   bits: 9/8
c ---[ 495]---> Adder-cost: 111   maxlim: 205   bits: 9/8
c ---[ 494]---> Adder-cost: 193   maxlim: 203   bits: 9/8
c ---[ 493]---> Adder-cost: 115   maxlim: 193   bits: 9/8
c ---[ 492]---> Adder-cost: 182   maxlim: 195   bits: 9/8
c ---[ 491]---> Adder-cost: 54   maxlim: 211   bits: 9/8
c ---[ 490]---> Adder-cost: 193   maxlim: 164   bits: 9/8
c ---[ 489]---> Adder-cost: 143   maxlim: 237   bits: 9/8
c ---[ 488]---> Adder-cost: 173   maxlim: 173   bits: 9/8
c ---[ 487]---> Adder-cost: 98   maxlim: 225   bits: 9/8
c ---[ 486]---> Adder-cost: 204   maxlim: 214   bits: 9/8
c ---[ 485]---> Adder-cost: 111   maxlim: 225   bits: 9/8
c ---[ 484]---> Adder-cost: 201   maxlim: 115   bits: 8/7
c ---[ 483]---> Adder-cost: 120   maxlim: 281   bits: 10/9
c ---[ 482]---> Adder-cost: 163   maxlim: 207   bits: 9/8
c ---[ 481]---> Adder-cost: 69   maxlim: 183   bits: 9/8
c ---[ 480]---> Adder-cost: 203   maxlim: 173   bits: 9/8
c ---[ 479]---> Adder-cost: 114   maxlim: 241   bits: 9/8
c ---[ 478]---> Adder-cost: 181   maxlim: 167   bits: 9/8
c ---[ 477]---> Adder-cost: 105   maxlim: 243   bits: 9/8
c ---[ 476]---> Adder-cost: 191   maxlim: 200   bits: 9/8
c ---[ 475]---> Adder-cost: 96   maxlim: 208   bits: 9/8
c ---[ 474]---> Adder-cost: 181   maxlim: 195   bits: 9/8
c ---[ 473]---> Adder-cost: 117   maxlim: 208   bits: 9/8
c ---[ 472]---> Adder-cost: 208   maxlim: 232   bits: 9/8
c ---[ 471]---> Adder-cost: 123   maxlim: 211   bits: 9/8
c ---[ 470]---> Adder-cost: 190   maxlim: 205   bits: 9/8
c ---[ 469]---> Adder-cost: 97   maxlim: 190   bits: 9/8
c ---[ 468]---> Adder-cost: 205   maxlim: 242   bits: 9/8
c ---[ 467]---> Adder-cost: 80   maxlim: 194   bits: 9/8
c ---[ 466]---> Adder-cost: 183   maxlim: 207   bits: 9/8
c ---[ 465]---> Adder-cost: 93   maxlim: 160   bits: 9/8
c ---[ 464]---> Adder-cost: 188   maxlim: 198   bits: 9/8
c ---[ 463]---> Adder-cost: 125   maxlim: 215   bits: 9/8
c ---[ 462]---> Adder-cost: 187   maxlim: 272   bits: 10/9
c ---[ 461]---> Adder-cost: 63   maxlim: 112   bits: 8/7
c ---[ 460]---> Adder-cost: 177   maxlim: 258   bits: 10/9
c ---[ 459]---> Adder-cost: 107   maxlim: 149   bits: 9/8
c ---[ 458]---> Adder-cost: 196   maxlim: 218   bits: 9/8
c ---[ 457]---> Adder-cost: 102   maxlim: 190   bits: 9/8
c ---[ 456]---> Adder-cost: 195   maxlim: 292   bits: 10/9
c ---[ 455]---> Adder-cost: 98   maxlim: 128   bits: 9/8
c ---[ 454]---> Adder-cost: 196   maxlim: 241   bits: 9/8
c ---[ 453]---> Adder-cost: 90   maxlim: 165   bits: 9/8
c ---[ 452]---> Adder-cost: 180   maxlim: 159   bits: 9/8
c ---[ 451]---> Adder-cost: 113   maxlim: 217   bits: 9/8
c ---[ 450]---> Adder-cost: 202   maxlim: 218   bits: 9/8
c ---[ 449]---> Adder-cost: 102   maxlim: 200   bits: 9/8
c ---[ 448]---> Adder-cost: 187   maxlim: 168   bits: 9/8
c ---[ 447]---> Sorter-cost: 1933     Base: 2 3 2 17
c ---[ 446]---> Adder-cost: 192   maxlim: 220   bits: 9/8
c ---[ 445]---> Adder-cost: 121   maxlim: 181   bits: 9/8
c ---[ 444]---> Adder-cost: 206   maxlim: 268   bits: 10/9
c ---[ 443]---> Adder-cost: 116   maxlim: 144   bits: 9/8
c ---[ 442]---> Adder-cost: 182   maxlim: 82   bits: 8/7
c ---[ 441]---> Adder-cost: 119   maxlim: 332   bits: 10/9
c ---[ 440]---> Adder-cost: 201   maxlim: 239   bits: 9/8
c ---[ 439]---> Adder-cost: 137   maxlim: 204   bits: 9/8
c ---[ 438]---> Adder-cost: 191   maxlim: 159   bits: 9/8
c ---[ 437]---> Adder-cost: 106   maxlim: 264   bits: 10/9
c ---[ 436]---> Adder-cost: 216   maxlim: 221   bits: 9/8
c ---[ 435]---> Adder-cost: 141   maxlim: 176   bits: 9/8
c ---[ 434]---> Adder-cost: 191   maxlim: 219   bits: 9/8
c ---[ 433]---> Adder-cost: 99   maxlim: 207   bits: 9/8
c ---[ 432]---> Adder-cost: 187   maxlim: 171   bits: 9/8
c ---[ 431]---> Adder-cost: 101   maxlim: 232   bits: 9/8
c ---[ 430]---> Adder-cost: 191   maxlim: 165   bits: 9/8
c ---[ 429]---> Adder-cost: 101   maxlim: 243   bits: 9/8
c ---[ 428]---> Adder-cost: 193   maxlim: 238   bits: 9/8
c ---[ 427]---> Adder-cost: 105   maxlim: 181   bits: 9/8
c ---[ 426]---> Adder-cost: 183   maxlim: 195   bits: 9/8
c ---[ 425]---> Adder-cost: 121   maxlim: 186   bits: 9/8
c ---[ 424]---> Adder-cost: 217   maxlim: 149   bits: 9/8
c ---[ 423]---> Adder-cost: 100   maxlim: 262   bits: 10/9
c ---[ 422]---> Adder-cost: 195   maxlim: 219   bits: 9/8
c ---[ 421]---> Adder-cost: 117   maxlim: 169   bits: 9/8
c ---[ 420]---> Adder-cost: 197   maxlim: 186   bits: 9/8
c ---[ 419]---> Adder-cost: 99   maxlim: 215   bits: 9/8
c ---[ 418]---> Adder-cost: 181   maxlim: 191   bits: 9/8
c ---[ 417]---> Adder-cost: 93   maxlim: 225   bits: 9/8
c ---[ 416]---> Adder-cost: 193   maxlim: 215   bits: 9/8
c ---[ 415]---> Adder-cost: 105   maxlim: 186   bits: 9/8
c ---[ 414]---> Adder-cost: 190   maxlim: 192   bits: 9/8
c ---[ 413]---> Adder-cost: 115   maxlim: 215   bits: 9/8
c ---[ 412]---> Adder-cost: 192   maxlim: 187   bits: 9/8
c ---[ 411]---> Adder-cost: 115   maxlim: 190   bits: 9/8
c ---[ 410]---> Adder-cost: 185   maxlim: 232   bits: 9/8
c ---[ 409]---> Adder-cost: 121   maxlim: 179   bits: 9/8
c ---[ 408]---> Adder-cost: 201   maxlim: 190   bits: 9/8
c ---[ 407]---> Adder-cost: 131   maxlim: 223   bits: 9/8
c ---[ 406]---> Adder-cost: 195   maxlim: 233   bits: 9/8
c ---[ 405]---> Adder-cost: 121   maxlim: 171   bits: 9/8
c ---[ 404]---> Adder-cost: 192   maxlim: 205   bits: 9/8
c ---[ 403]---> Adder-cost: 127   maxlim: 207   bits: 9/8
c ---[ 402]---> Adder-cost: 154   maxlim: 128   bits: 9/8
c ---[ 401]---> Adder-cost: 94   maxlim: 198   bits: 9/8
c ---[ 400]---> Adder-cost: 180   maxlim: 295   bits: 10/9
c ---[ 399]---> Adder-cost: 97   maxlim: 131   bits: 9/8
c ---[ 398]---> Adder-cost: 207   maxlim: 215   bits: 9/8
c ---[ 397]---> Adder-cost: 119   maxlim: 221   bits: 9/8
c ---[ 396]---> Adder-cost: 211   maxlim: 175   bits: 9/8
c ---[ 395]---> Adder-cost: 126   maxlim: 260   bits: 10/9
c ---[ 394]---> Adder-cost: 186   maxlim: 239   bits: 9/8
c ---[ 393]---> Adder-cost: 16   maxlim: 175   bits: 9/8
c ---[ 392]---> Adder-cost: 171   maxlim: 195   bits: 9/8
c ---[ 391]---> Adder-cost: 81   maxlim: 191   bits: 9/8
c ---[ 390]---> Adder-cost: 188   maxlim: 213   bits: 9/8
c ---[ 389]---> Adder-cost: 129   maxlim: 200   bits: 9/8
c ---[ 388]---> Adder-cost: 195   maxlim: 227   bits: 9/8
c ---[ 387]---> Adder-cost: 137   maxlim: 190   bits: 9/8
c ---[ 386]---> Adder-cost: 194   maxlim: 303   bits: 10/9
c ---[ 385]---> Adder-cost: 113   maxlim: 152   bits: 9/8
c ---[ 384]---> Adder-cost: 207   maxlim: 222   bits: 9/8
c ---[ 383]---> Adder-cost: 121   maxlim: 209   bits: 9/8
c ---[ 382]---> Adder-cost: 198   maxlim: 200   bits: 9/8
c ---[ 381]---> Adder-cost: 114   maxlim: 212   bits: 9/8
c ---[ 380]---> Adder-cost: 191   maxlim: 184   bits: 9/8
c ---[ 379]---> Adder-cost: 114   maxlim: 206   bits: 9/8
c ---[ 378]---> Adder-cost: 198   maxlim: 204   bits: 9/8
c ---[ 377]---> Adder-cost: 137   maxlim: 225   bits: 9/8
c ---[ 376]---> Adder-cost: 190   maxlim: 164   bits: 9/8
c ---[ 375]---> Adder-cost: 131   maxlim: 217   bits: 9/8
c ---[ 374]---> Adder-cost: 208   maxlim: 189   bits: 9/8
c ---[ 373]---> Adder-cost: 92   maxlim: 217   bits: 9/8
c ---[ 372]---> Adder-cost: 196   maxlim: 243   bits: 9/8
c ---[ 371]---> Adder-cost: 117   maxlim: 199   bits: 9/8
c ---[ 370]---> Adder-cost: 189   maxlim: 220   bits: 9/8
c ---[ 369]---> Adder-cost: 112   maxlim: 182   bits: 9/8
c ---[ 368]---> Adder-cost: 206   maxlim: 213   bits: 9/8
c ---[ 367]---> Adder-cost: 129   maxlim: 204   bits: 9/8
c ---[ 366]---> Adder-cost: 195   maxlim: 225   bits: 9/8
c ---[ 365]---> Adder-cost: 105   maxlim: 196   bits: 9/8
c ---[ 364]---> Adder-cost: 192   maxlim: 268   bits: 10/9
c ---[ 363]---> Adder-cost: 94   maxlim: 148   bits: 9/8
c ---[ 362]---> Adder-cost: 194   maxlim: 188   bits: 9/8
c ---[ 361]---> Adder-cost: 121   maxlim: 231   bits: 9/8
c ---[ 360]---> Adder-cost: 195   maxlim: 218   bits: 9/8
c ---[ 359]---> Adder-cost: 100   maxlim: 190   bits: 9/8
c ---[ 358]---> Adder-cost: 197   maxlim: 212   bits: 9/8
c ---[ 357]---> Adder-cost: 135   maxlim: 201   bits: 9/8
c ---[ 356]---> Adder-cost: 203   maxlim: 218   bits: 9/8
c ---[ 355]---> Adder-cost: 112   maxlim: 198   bits: 9/8
c ---[ 354]---> Adder-cost: 173   maxlim: 154   bits: 9/8
c ---[ 353]---> Adder-cost: 76   maxlim: 234   bits: 9/8
c ---[ 352]---> Adder-cost: 188   maxlim: 177   bits: 9/8
c ---[ 351]---> Adder-cost: 111   maxlim: 224   bits: 9/8
c ---[ 350]---> Adder-cost: 176   maxlim: 207   bits: 9/8
c ---[ 349]---> Adder-cost: 119   maxlim: 188   bits: 9/8
c ---[ 348]---> Adder-cost: 195   maxlim: 189   bits: 9/8
c ---[ 347]---> Adder-cost: 80   maxlim: 213   bits: 9/8
c ---[ 346]---> Adder-cost: 176   maxlim: 265   bits: 10/9
c ---[ 345]---> Adder-cost: 121   maxlim: 147   bits: 9/8
c ---[ 344]---> Adder-cost: 188   maxlim: 178   bits: 9/8
c ---[ 343]---> Adder-cost: 102   maxlim: 214   bits: 9/8
c ---[ 342]---> Adder-cost: 202   maxlim: 196   bits: 9/8
c ---[ 341]---> Adder-cost: 113   maxlim: 219   bits: 9/8
c ---[ 340]---> Adder-cost: 193   maxlim: 195   bits: 9/8
c ---[ 339]---> Adder-cost: 85   maxlim: 228   bits: 9/8
c ---[ 338]---> Adder-cost: 182   maxlim: 160   bits: 9/8
c ---[ 337]---> Adder-cost: 86   maxlim: 232   bits: 9/8
c ---[ 336]---> Adder-cost: 213   maxlim: 238   bits: 9/8
c ---[ 335]---> Adder-cost: 98   maxlim: 236   bits: 9/8
c ---[ 334]---> Adder-cost: 197   maxlim: 169   bits: 9/8
c ---[ 333]---> Adder-cost: 127   maxlim: 252   bits: 9/8
c ---[ 332]---> Adder-cost: 201   maxlim: 215   bits: 9/8
c ---[ 331]---> Adder-cost: 123   maxlim: 221   bits: 9/8
c ---[ 330]---> Adder-cost: 190   maxlim: 245   bits: 9/8
c ---[ 329]---> Adder-cost: 99   maxlim: 178   bits: 9/8
c ---[ 328]---> Adder-cost: 197   maxlim: 216   bits: 9/8
c ---[ 327]---> Adder-cost: 133   maxlim: 197   bits: 9/8
c ---[ 326]---> Adder-cost: 177   maxlim: 172   bits: 9/8
c ---[ 325]---> Adder-cost: 97   maxlim: 195   bits: 9/8
c ---[ 324]---> Adder-cost: 189   maxlim: 226   bits: 9/8
c ---[ 323]---> Adder-cost: 86   maxlim: 192   bits: 9/8
c ---[ 322]---> Adder-cost: 211   maxlim: 224   bits: 9/8
c ---[ 321]---> Adder-cost: 104   maxlim: 196   bits: 9/8
c ---[ 320]---> Adder-cost: 181   maxlim: 201   bits: 9/8
c ---[ 319]---> Adder-cost: 103   maxlim: 191   bits: 9/8
c ---[ 318]---> Adder-cost: 206   maxlim: 217   bits: 9/8
c ---[ 317]---> Adder-cost: 125   maxlim: 208   bits: 9/8
c ---[ 316]---> Adder-cost: 187   maxlim: 178   bits: 9/8
c ---[ 315]---> Adder-cost: 100   maxlim: 234   bits: 9/8
c ---[ 314]---> Adder-cost: 194   maxlim: 205   bits: 9/8
c ---[ 313]---> Adder-cost: 95   maxlim: 222   bits: 9/8
c ---[ 312]---> Adder-cost: 202   maxlim: 247   bits: 9/8
c ---[ 311]---> Adder-cost: 113   maxlim: 224   bits: 9/8
c ---[ 310]---> Sorter-cost: 1942     Base: 2 3 2
c ---[ 309]---> Sorter-cost: 1113     Base: 2 3 2 17
c ---[ 308]---> Adder-cost: 200   maxlim: 190   bits: 9/8
c ---[ 307]---> Adder-cost: 98   maxlim: 230   bits: 9/8
c ---[ 306]---> Adder-cost: 180   maxlim: 193   bits: 9/8
c ---[ 305]---> Adder-cost: 113   maxlim: 183   bits: 9/8
c ---[ 304]---> Adder-cost: 174   maxlim: 199   bits: 9/8
c ---[ 303]---> Adder-cost: 89   maxlim: 185   bits: 9/8
c ---[ 302]---> Adder-cost: 182   maxlim: 188   bits: 9/8
c ---[ 301]---> Adder-cost: 98   maxlim: 216   bits: 9/8
c ---[ 300]---> Adder-cost: 185   maxlim: 191   bits: 9/8
c ---[ 299]---> Adder-cost: 123   maxlim: 242   bits: 9/8
c ---[ 298]---> Adder-cost: 177   maxlim: 184   bits: 9/8
c ---[ 297]---> Adder-cost: 101   maxlim: 223   bits: 9/8
c ---[ 296]---> Sorter-cost: 2081     Base: 2 3 2
c ---[ 295]---> Sorter-cost: 1495     Base: 2 3 2 5
c ---[ 294]---> Sorter-cost: 2155     Base: 3 2 2
c ---[ 293]---> Sorter-cost: 1294     Base: 3 2 2
c ---[ 292]---> Sorter-cost: 2016     Base: 2 3 2
c ---[ 291]---> Sorter-cost: 1529     Base: 2 3 2
c ---[ 290]---> Adder-cost: 183   maxlim: 199   bits: 9/8
c ---[ 289]---> Adder-cost: 109   maxlim: 208   bits: 9/8
c ---[ 288]---> Adder-cost: 189   maxlim: 211   bits: 9/8
c ---[ 287]---> Adder-cost: 54   maxlim: 195   bits: 9/8
c ---[ 286]---> Adder-cost: 198   maxlim: 239   bits: 9/8
c ---[ 285]---> Adder-cost: 131   maxlim: 166   bits: 9/8
c ---[ 284]---> Adder-cost: 211   maxlim: 188   bits: 9/8
c ---[ 283]---> Adder-cost: 104   maxlim: 238   bits: 9/8
c ---[ 282]---> Adder-cost: 204   maxlim: 198   bits: 9/8
c ---[ 281]---> Adder-cost: 134   maxlim: 216   bits: 9/8
c ---[ 280]---> Adder-cost: 201   maxlim: 223   bits: 9/8
c ---[ 279]---> Adder-cost: 145   maxlim: 218   bits: 9/8
c ---[ 278]---> Adder-cost: 186   maxlim: 225   bits: 9/8
c ---[ 277]---> Adder-cost: 125   maxlim: 179   bits: 9/8
c ---[ 276]---> Adder-cost: 197   maxlim: 235   bits: 9/8
c ---[ 275]---> Adder-cost: 89   maxlim: 237   bits: 9/8
c ---[ 274]---> Sorter-cost: 1884     Base: 2 3 2
c ---[ 273]---> Sorter-cost: 1233     Base: 2 3 2 17
c ---[ 272]---> Adder-cost: 198   maxlim: 251   bits: 9/8
c ---[ 271]---> Adder-cost: 42   maxlim: 187   bits: 9/8
c ---[ 270]---> Adder-cost: 174   maxlim: 187   bits: 9/8
c ---[ 269]---> Adder-cost: 80   maxlim: 195   bits: 9/8
c ---[ 268]---> Adder-cost: 189   maxlim: 207   bits: 9/8
c ---[ 267]---> Adder-cost: 121   maxlim: 197   bits: 9/8
c ---[ 266]---> Sorter-cost: 2019     Base: 2 3 2
c ---[ 265]---> Sorter-cost: 1337     Base: 2 3 2 17
c ---[ 264]---> Adder-cost: 180   maxlim: 213   bits: 9/8
c ---[ 263]---> Adder-cost: 117   maxlim: 191   bits: 9/8
c ---[ 262]---> Adder-cost: 190   maxlim: 195   bits: 9/8
c ---[ 261]---> Adder-cost: 137   maxlim: 218   bits: 9/8
c ---[ 260]---> Adder-cost: 198   maxlim: 215   bits: 9/8
c ---[ 259]---> Adder-cost: 123   maxlim: 204   bits: 9/8
c ---[ 258]---> Adder-cost: 193   maxlim: 227   bits: 9/8
c ---[ 257]---> Adder-cost: 103   maxlim: 199   bits: 9/8
c ---[ 256]---> Adder-cost: 196   maxlim: 188   bits: 9/8
c ---[ 255]---> Adder-cost: 110   maxlim: 214   bits: 9/8
c ---[ 254]---> Adder-cost: 181   maxlim: 183   bits: 9/8
c ---[ 253]---> Adder-cost: 119   maxlim: 214   bits: 9/8
c ---[ 252]---> Sorter-cost: 1881     Base: 2 3 2
c ---[ 251]---> Sorter-cost: 1209     Base: 2 3 2
c ---[ 250]---> Adder-cost: 196   maxlim: 218   bits: 9/8
c ---[ 249]---> Adder-cost: 103   maxlim: 247   bits: 9/8
c ---[ 248]---> Adder-cost: 193   maxlim: 219   bits: 9/8
c ---[ 247]---> Adder-cost: 111   maxlim: 208   bits: 9/8
c ---[ 246]---> Adder-cost: 191   maxlim: 190   bits: 9/8
c ---[ 245]---> Adder-cost: 128   maxlim: 224   bits: 9/8
c ---[ 244]---> Adder-cost: 187   maxlim: 212   bits: 9/8
c ---[ 243]---> Adder-cost: 122   maxlim: 186   bits: 9/8
c ---[ 242]---> Adder-cost: 202   maxlim: 197   bits: 9/8
c ---[ 241]---> Adder-cost: 121   maxlim: 228   bits: 9/8
c ==================================[MINISAT+]==================================
c | Conflicts | Original         | Learnt                           | Progress |
c |           | Clauses Literals |     Max Clauses Literals     LPC |          |
c ==============================================================================
c |         0 | 1215884  4246007 |  405294       0        0    -nan |  0.000 % |
c |       100 | 1215884  4246007 |  445823     100      370     3.7 |  2.172 % |
c |       253 | 1215884  4246007 |  490405     253     1753     6.9 |  2.172 % |
c |       479 | 1215884  4246007 |  539446     479    11098    23.2 |  2.172 % |
c |       817 | 1215884  4246007 |  593390     817    15405    18.9 |  2.172 % |
c |      1325 | 1215884  4246007 |  652730    1325    25855    19.5 |  2.172 % |
c |      2084 | 1215884  4246007 |  718003    2084    40438    19.4 |  2.172 % |
c |      3224 | 1215884  4246007 |  789803    3224    66946    20.8 |  2.172 % |
c |      4932 | 1215884  4246007 |  868783    4932   107985    21.9 |  2.172 % |
c |      7494 | 1215884  4246007 |  955662    7494   171911    22.9 |  2.172 % |
c |     11340 | 1215884  4246007 | 1051228   11340   265395    23.4 |  2.172 % |
c |     17106 | 1215884  4246007 | 1156351   17106   438877    25.7 |  2.172 % |
c |     25757 | 1215884  4246007 | 1271986   25757   692872    26.9 |  2.172 % |
c |     38731 | 1215884  4246007 | 1399184   38731  1138978    29.4 |  2.172 % |
c |     58194 | 1215884  4246007 | 1539103   58194  1640815    28.2 |  2.172 % |
c |     87387 | 1215884  4246007 | 1693013   87387  2820543    32.3 |  2.172 % |
c |    131176 | 1215884  4246007 | 1862314  131176  4319876    32.9 |  2.172 % |
c |    196861 | 1215884  4246007 | 2048546  196861  6391411    32.5 |  2.172 % |
c |    295387 | 1215884  4246007 | 2253401  295387 10131614    34.3 |  2.172 % |
c |    443178 | 1215884  4246007 | 2478741  443178 15571886    35.1 |  2.172 % |
c |    664861 | 1215884  4246007 | 2726615  664861 25039993    37.7 |  2.172 % |
c ==============================================================================
c [1mFound solution: -1[0m
c [1mOptimal solution: -1[0m
s OPTIMUM FOUND
v Z O1_49 t1_241 -O1_50 -t1_242 -O1_51 -t1_243 O1_52 t1_244 O1_53 t1_245 -O1_54 -t1_246 O1_55 t1_247 O1_56 t1_248 -O1_57 -t1_249 -O1_58 -t1_250 O1_59 t1_251 O1_60 t1_252 O1_61 t1_253 -O1_62 -t1_254 O1_63 t1_255 -O1_64 -t1_256 O1_65 t1_257 -O1_66 -t1_258 -O1_67 -t1_259 -O1_68 -t1_260 -O1_69 -t1_261 -O1_70 -t1_262 -O1_71 -t1_263 -O1_72 -t1_264 O1_73 t1_265 O1_74 t1_266 O1_75 t1_267 -O1_76 -t1_268 -O1_77 -t1_269 -O1_78 -t1_270 -O1_79 -t1_271 O1_80 t1_272 O1_81 t1_273 O1_82 t1_274 -O1_83 -t1_275 O1_84 t1_276 -O1_85 -t1_277 -O1_86 -t1_278 -O1_87 -t1_279 O1_88 t1_280 O1_89 t1_281 -O1_90 -t1_282 -O1_91 -t1_283 -O1_92 -t1_284 -O1_93 -t1_285 -O1_94 -t1_286 O1_95 t1_287 O1_96 t1_288 t1_97 I_1 -I_2 -I_3 -I_4 I_5 -I_6 I_7 -I_8 -I_9 -I_10 -I_11 -I_12 -I_13 I_14 I_15 I_16 -I_17 -I_18 -I_19 -I_20 -I_21 I_22 I_23 I_24 -I_25 I_26 -I_27 I_28 -I_29 -I_30 -I_31 -I_32 -I_33 -I_34 -I_35 I_36 -I_37 -I_38 -I_39 -I_40 I_41 I_42 I_43 I_44 I_45 I_46 -I_47 -I_48 t1_98 t1_99 t1_100 t1_101 -t1_102 t1_103 -t1_104 -t1_105 t1_106 t1_107 t1_108 -t1_109 t1_110 t1_111 -t1_112 t1_113 t1_114 t1_115 t1_116 t1_117 -t1_118 t1_119 t1_120 t1_121 -t1_122 t1_123 -t1_124 -t1_125 t1_126 t1_127 -t1_128 -t1_129 -t1_130 -t1_131 -t1_132 t1_133 t1_134 -t1_135 t1_136 t1_137 -t1_138 t1_139 -t1_140 -t1_141 t1_142 t1_143 -t1_144 t1_145 t1_146 -t1_147 -t1_148 -t1_149 t1_150 t1_151 t1_152 t1_153 t1_154 -t1_155 -t1_156 -t1_157 -t1_158 -t1_159 -t1_160 -t1_161 t1_162 -t1_163 -t1_164 -t1_165 t1_166 -t1_167 t1_168 -t1_169 t1_170 -t1_171 t1_172 -t1_173 t1_174 t1_175 t1_176 t1_177 -t1_178 -t1_179 t1_180 t1_181 t1_182 -t1_183 t1_184 -t1_185 -t1_186 t1_187 -t1_188 -t1_189 t1_190 -t1_191 -t1_192 -t1_193 -t1_194 t1_195 t1_196 -t1_197 t1_198 t1_199 -t1_200 -t1_201 -t1_202 t1_203 t1_204 -t1_205 -t1_206 -t1_207 -t1_208 t1_209 t1_210 -t1_211 t1_212 t1_213 t1_214 t1_215 -t1_216 -t1_217 t1_218 -t1_219 -t1_220 -t1_221 -t1_222 -t1_223 t1_224 -t1_225 t1_226 -t1_227 -t1_228 -t1_229 t1_230 -t1_231 t1_232 -t1_233 -t1_234 t1_235 t1_236 t1_237 -t1_238 -t1_239 -t1_240 O2_49 t2_241 -O2_50 -t2_242 O2_51 t2_243 O2_52 t2_244 O2_53 t2_245 -O2_54 -t2_246 O2_55 t2_247 O2_56 t2_248 -O2_57 -t2_249 -O2_58 -t2_250 O2_59 t2_251 O2_60 t2_252 O2_61 t2_253 -O2_62 -t2_254 O2_63 t2_255 -O2_64 -t2_256 O2_65 t2_257 -O2_66 -t2_258 -O2_67 -t2_259 -O2_68 -t2_260 -O2_69 -t2_261 -O2_70 -t2_262 -O2_71 -t2_263 -O2_72 -t2_264 O2_73 t2_265 -O2_74 -t2_266 O2_75 t2_267 -O2_76 -t2_268 -O2_77 -t2_269 -O2_78 -t2_270 -O2_79 -t2_271 O2_80 t2_272 O2_81 t2_273 O2_82 t2_274 O2_83 t2_275 O2_84 t2_276 -O2_85 -t2_277 -O2_86 -t2_278 -O2_87 -t2_279 O2_88 t2_280 O2_89 t2_281 -O2_90 -t2_282 -O2_91 -t2_283 -O2_92 -t2_284 -O2_93 -t2_285 -O2_94 -t2_286 O2_95 t2_287 O2_96 t2_288 t2_97 t2_98 t2_99 t2_100 t2_101 -t2_102 t2_103 -t2_104 -t2_105 t2_106 t2_107 t2_108 -t2_109 t2_110 t2_111 -t2_112 t2_113 t2_114 t2_115 t2_116 t2_117 t2_118 t2_119 t2_120 t2_121 -t2_122 t2_123 -t2_124 -t2_125 t2_126 t2_127 -t2_128 -t2_129 -t2_130 -t2_131 -t2_132 t2_133 t2_134 -t2_135 t2_136 t2_137 -t2_138 t2_139 -t2_140 -t2_141 t2_142 t2_143 -t2_144 t2_145 t2_146 -t2_147 -t2_148 t2_149 t2_150 t2_151 t2_152 t2_153 t2_154 -t2_155 -t2_156 -t2_157 -t2_158 -t2_159 -t2_160 -t2_161 t2_162 t2_163 -t2_164 t2_165 -t2_166 -t2_167 t2_168 -t2_169 t2_170 -t2_171 t2_172 -t2_173 t2_174 t2_175 t2_176 t2_177 -t2_178 -t2_179 t2_180 t2_181 t2_182 t2_183 t2_184 -t2_185 -t2_186 t2_187 -t2_188 -t2_189 -t2_190 -t2_191 -t2_192 -t2_193 -t2_194 t2_195 t2_196 -t2_197 t2_198 t2_199 -t2_200 -t2_201 -t2_202 t2_203 t2_204 -t2_205 -t2_206 -t2_207 -t2_208 t2_209 t2_210 -t2_211 t2_212 -t2_213 t2_214 t2_215 -t2_216 -t2_217 t2_218 -t2_219 -t2_220 -t2_221 -t2_222 -t2_223 t2_224 -t2_225 t2_226 -t2_227 -t2_228 -t2_229 t2_230 -t2_231 t2_232 -t2_233 -t2_234 -t2_235 t2_236 t2_237 -t2_238 -t2_239 -t2_240 -M_0 -M_1 M_2 -M_3 -M_4 -M_5 -M_6 -M_7 -M_8 -M_9 -M_10 -M_11 -M_12 -M_13 -M_14 -M_15 -M_16 -M_17 -M_18 -M_19 -M_20 -M_21 -M_22 -M_23 -M_24 M_25 -M_26 -M_27 -M_28 -M_29 -M_30 -M_31 -M_32 -M_33 M_34 -M_35 -M_36 -M_37 -M_38 -M_39 -M_40 -M_41 -M_42 -M_43 -M_44 -M_45 -M_46 -M_47
c _______________________________________________________________________________
c 
c restarts              : 21
c conflicts             : 794287         (946 /sec)
c decisions             : 1264683        (1506 /sec)
c propagations          : 0              (0 /sec)
c inspects              : 0              (0 /sec)
c CPU time              : 839.832 s
c _______________________________________________________________________________
