ABC command line: "r exp_TCAD/benchmark/iscas_itc/b14.blif; tl_syn; mt -B 100 -t; pt; q".

elapse: 0.06 seconds, total: 0.06 seconds
Finished matching 22770 functions. Time =     3.92 sec
[1;37mitc/b14 [0m : i/o =    277/    299  [1;36mand =    7034[0m  [1;35mlev =   62[0m [1;35m(24.09)[0m  mem = 0.09 MB
Mapping (K=8)  :  [1;33mlut =   2680[0m  [1;32medge =    9282[0m  [1;31mlev =   13[0m [1;31m(8.34)[0m  mem = 0.08 MB
elapse: 9.23 seconds, total: 9.29 seconds
	PI     : 277
	PO     : 299
	Node   : 2680
	Level  : 13
----------------------------------------
	Fanin numbers
	#2        : 1048
	#3        : 597
	#4        : 387
	#5        : 263
	#6        : 201
	#7        : 146
	#8        : 38
Maximum fanin number: 8
----------------------------------------
	Fanout numbers
	#1        : 1627
	#2        : 420
	#3        : 204
	#4        : 113
	#5        : 65
	#6        : 56
	#7        : 30
	#8        : 6
	#9        : 12
	#10-19    : 77
	#20-29    : 39
	#30-39    : 18
	#40-49    : 1
	#50-59    : 3
	#60-69    : 5
	#70-79    : 1
	#100-199  : 3
Maximum fanout number: 138
collapse time :  =     0.13 sec
	PI     : 277
	PO     : 299
	Node   : 2301
	Level  : 13
----------------------------------------
	Fanin numbers
	#2        : 641
	#3        : 430
	#4        : 343
	#5        : 206
	#6        : 233
	#7        : 153
	#8        : 89
	#9        : 70
	#10-19    : 135
	#20-29    : 1
Maximum fanin number: 25
----------------------------------------
	Fanout numbers
	#1        : 1397
	#2        : 282
	#3        : 165
	#4        : 97
	#5        : 55
	#6        : 52
	#7        : 39
	#8        : 22
	#9        : 15
	#10-19    : 81
	#20-29    : 58
	#30-39    : 18
	#40-49    : 5
	#50-59    : 2
	#60-69    : 4
	#80-89    : 2
	#90-99    : 3
	#100-199  : 4
Maximum fanout number: 182
