ABC command line: "r exp_TCAD/benchmark/iscas_itc/b14.blif; aig_syn; mt; pt; q".

	TList constructed from AIG.
elapse: 0.06 seconds, total: 0.06 seconds
	PI     : 277
	PO     : 299
	Node   : 5609
	Level  : 65
----------------------------------------
	Fanin numbers
	#2        : 5609
Maximum fanin number: 2
----------------------------------------
	Fanout numbers
	#1        : 4483
	#2        : 547
	#3        : 158
	#4        : 176
	#5        : 82
	#6        : 12
	#7        : 4
	#8        : 4
	#9        : 1
	#10-19    : 84
	#20-29    : 21
	#30-39    : 26
	#40-49    : 2
	#50-59    : 2
	#60-69    : 7
Maximum fanout number: 68
collapse time :  =     0.02 sec
	PI     : 277
	PO     : 299
	Node   : 2866
	Level  : 49
----------------------------------------
	Fanin numbers
	#2        : 426
	#3        : 459
	#4        : 265
	#5        : 194
	#6        : 176
	#7        : 293
	#8        : 224
	#9        : 200
	#10-19    : 609
	#20-29    : 20
Maximum fanin number: 23
----------------------------------------
	Fanout numbers
	#1        : 1970
	#2        : 335
	#3        : 71
	#4        : 122
	#5        : 78
	#6        : 24
	#7        : 33
	#8        : 20
	#9        : 11
	#10-19    : 73
	#20-29    : 28
	#30-39    : 43
	#40-49    : 12
	#50-59    : 7
	#60-69    : 9
	#70-79    : 3
	#90-99    : 5
	#100-199  : 11
	#200-299  : 6
	#300-399  : 3
	#400-499  : 2
Maximum fanout number: 469
