ABC command line: "r exp_TCAD/benchmark/iscas_itc/b14.blif; aig_syn; mt -B 100; pt; q".

	TList constructed from AIG.
elapse: 0.06 seconds, total: 0.06 seconds
	PI     : 277
	PO     : 299
	Node   : 5609
	Level  : 65
----------------------------------------
	Fanin numbers
	#2        : 5609
Maximum fanin number: 2
----------------------------------------
	Fanout numbers
	#1        : 4483
	#2        : 547
	#3        : 158
	#4        : 176
	#5        : 82
	#6        : 12
	#7        : 4
	#8        : 4
	#9        : 1
	#10-19    : 84
	#20-29    : 21
	#30-39    : 26
	#40-49    : 2
	#50-59    : 2
	#60-69    : 7
Maximum fanout number: 68
collapse time :  =     0.23 sec
	PI     : 277
	PO     : 299
	Node   : 2565
	Level  : 53
----------------------------------------
	Fanin numbers
	#2        : 577
	#3        : 612
	#4        : 313
	#5        : 311
	#6        : 212
	#7        : 183
	#8        : 140
	#9        : 72
	#10-19    : 144
	#30-39    : 1
Maximum fanin number: 38
----------------------------------------
	Fanout numbers
	#1        : 1642
	#2        : 256
	#3        : 115
	#4        : 139
	#5        : 86
	#6        : 72
	#7        : 19
	#8        : 31
	#9        : 9
	#10-19    : 89
	#20-29    : 52
	#30-39    : 31
	#50-59    : 2
	#60-69    : 10
	#70-79    : 3
	#80-89    : 3
	#90-99    : 1
	#100-199  : 4
	#200-299  : 1
Maximum fanout number: 227
