ABC command line: "r exp_TCAD/benchmark/iscas_itc/b14.blif; tl_syn; mt; pt; q".

elapse: 0.07 seconds, total: 0.07 seconds
Finished matching 22770 functions. Time =     3.59 sec
[1;37mitc/b14 [0m : i/o =    277/    299  [1;36mand =    7034[0m  [1;35mlev =   62[0m [1;35m(24.09)[0m  mem = 0.09 MB
Mapping (K=8)  :  [1;33mlut =   2680[0m  [1;32medge =    9282[0m  [1;31mlev =   13[0m [1;31m(8.34)[0m  mem = 0.08 MB
elapse: 8.13 seconds, total: 8.20 seconds
	PI     : 277
	PO     : 299
	Node   : 2680
	Level  : 13
----------------------------------------
	Fanin numbers
	#2        : 1048
	#3        : 597
	#4        : 387
	#5        : 263
	#6        : 201
	#7        : 146
	#8        : 38
Maximum fanin number: 8
----------------------------------------
	Fanout numbers
	#1        : 1627
	#2        : 420
	#3        : 204
	#4        : 113
	#5        : 65
	#6        : 56
	#7        : 30
	#8        : 6
	#9        : 12
	#10-19    : 77
	#20-29    : 39
	#30-39    : 18
	#40-49    : 1
	#50-59    : 3
	#60-69    : 5
	#70-79    : 1
	#100-199  : 3
Maximum fanout number: 138
collapse time :  =     0.01 sec
	PI     : 277
	PO     : 299
	Node   : 2253
	Level  : 13
----------------------------------------
	Fanin numbers
	#2        : 493
	#3        : 374
	#4        : 260
	#5        : 181
	#6        : 206
	#7        : 170
	#8        : 112
	#9        : 91
	#10-19    : 319
	#20-29    : 43
	#30-39    : 4
Maximum fanin number: 31
----------------------------------------
	Fanout numbers
	#1        : 1364
	#2        : 293
	#3        : 151
	#4        : 75
	#5        : 59
	#6        : 51
	#7        : 26
	#8        : 30
	#9        : 19
	#10-19    : 74
	#20-29    : 37
	#30-39    : 24
	#40-49    : 13
	#50-59    : 16
	#60-69    : 7
	#70-79    : 4
	#90-99    : 3
	#100-199  : 5
	#200-299  : 2
Maximum fanout number: 220
