ABC command line: "r exp_TCAD/benchmark/iscas_itc/b14.blif; tl_syn; mt -t; pt; q".

elapse: 0.06 seconds, total: 0.06 seconds
Finished matching 22770 functions. Time =     4.05 sec
[1;37mitc/b14 [0m : i/o =    277/    299  [1;36mand =    7034[0m  [1;35mlev =   62[0m [1;35m(24.09)[0m  mem = 0.09 MB
Mapping (K=8)  :  [1;33mlut =   2680[0m  [1;32medge =    9282[0m  [1;31mlev =   13[0m [1;31m(8.34)[0m  mem = 0.08 MB
elapse: 9.12 seconds, total: 9.18 seconds
	PI     : 277
	PO     : 299
	Node   : 2680
	Level  : 13
----------------------------------------
	Fanin numbers
	#2        : 1048
	#3        : 597
	#4        : 387
	#5        : 263
	#6        : 201
	#7        : 146
	#8        : 38
Maximum fanin number: 8
----------------------------------------
	Fanout numbers
	#1        : 1627
	#2        : 420
	#3        : 204
	#4        : 113
	#5        : 65
	#6        : 56
	#7        : 30
	#8        : 6
	#9        : 12
	#10-19    : 77
	#20-29    : 39
	#30-39    : 18
	#40-49    : 1
	#50-59    : 3
	#60-69    : 5
	#70-79    : 1
	#100-199  : 3
Maximum fanout number: 138
collapse time :  =     0.00 sec
	PI     : 277
	PO     : 299
	Node   : 2377
	Level  : 13
----------------------------------------
	Fanin numbers
	#2        : 597
	#3        : 519
	#4        : 352
	#5        : 212
	#6        : 204
	#7        : 161
	#8        : 112
	#9        : 87
	#10-19    : 132
	#20-29    : 1
Maximum fanin number: 20
----------------------------------------
	Fanout numbers
	#1        : 1434
	#2        : 316
	#3        : 172
	#4        : 92
	#5        : 54
	#6        : 60
	#7        : 27
	#8        : 22
	#9        : 20
	#10-19    : 89
	#20-29    : 48
	#30-39    : 21
	#40-49    : 4
	#50-59    : 1
	#60-69    : 7
	#70-79    : 1
	#80-89    : 2
	#90-99    : 1
	#100-199  : 6
Maximum fanout number: 176
