ABC command line: "r exp_TCAD/benchmark/iscas_itc/b14.blif; aig_syn; mt -t; pt; q".

	TList constructed from AIG.
elapse: 0.07 seconds, total: 0.07 seconds
	PI     : 277
	PO     : 299
	Node   : 5609
	Level  : 65
----------------------------------------
	Fanin numbers
	#2        : 5609
Maximum fanin number: 2
----------------------------------------
	Fanout numbers
	#1        : 4483
	#2        : 547
	#3        : 158
	#4        : 176
	#5        : 82
	#6        : 12
	#7        : 4
	#8        : 4
	#9        : 1
	#10-19    : 84
	#20-29    : 21
	#30-39    : 26
	#40-49    : 2
	#50-59    : 2
	#60-69    : 7
Maximum fanout number: 68
collapse time :  =     0.01 sec
	PI     : 277
	PO     : 299
	Node   : 2980
	Level  : 49
----------------------------------------
	Fanin numbers
	#2        : 353
	#3        : 987
	#4        : 210
	#5        : 810
	#6        : 238
	#7        : 153
	#8        : 96
	#9        : 53
	#10-19    : 79
	#20-29    : 1
Maximum fanin number: 24
----------------------------------------
	Fanout numbers
	#1        : 1880
	#2        : 421
	#3        : 192
	#4        : 109
	#5        : 81
	#6        : 29
	#7        : 10
	#8        : 38
	#9        : 10
	#10-19    : 120
	#20-29    : 46
	#30-39    : 22
	#50-59    : 1
	#60-69    : 6
	#80-89    : 3
	#90-99    : 1
	#100-199  : 7
	#200-299  : 2
	#500-599  : 2
Maximum fanout number: 513
