ABC command line: "r exp_TCAD/benchmark/iscas_itc/b15.blif; tl_syn; mt -t; pt; q".

elapse: 0.12 seconds, total: 0.12 seconds
Finished matching 24660 functions. Time =     4.68 sec
[1;37mitc/b15/b15[0m : i/o =    485/    519  [1;36mand =   12014[0m  [1;35mlev =   68[0m [1;35m(36.34)[0m  mem = 0.15 MB
Mapping (K=8)  :  [1;33mlut =   4077[0m  [1;32medge =   15870[0m  [1;31mlev =   16[0m [1;31m(11.12)[0m  mem = 0.14 MB
elapse: 12.73 seconds, total: 12.85 seconds
	PI     : 485
	PO     : 519
	Node   : 4077
	Level  : 16
----------------------------------------
	Fanin numbers
	#2        : 909
	#3        : 1030
	#4        : 812
	#5        : 670
	#6        : 316
	#7        : 252
	#8        : 88
Maximum fanin number: 8
----------------------------------------
	Fanout numbers
	#1        : 2930
	#2        : 413
	#3        : 197
	#4        : 158
	#5        : 57
	#6        : 35
	#7        : 22
	#8        : 56
	#9        : 29
	#10-19    : 95
	#20-29    : 30
	#30-39    : 38
	#40-49    : 4
	#50-59    : 7
	#60-69    : 2
	#70-79    : 1
	#80-89    : 1
	#100-199  : 2
Maximum fanout number: 152
collapse time :  =     0.01 sec
	PI     : 485
	PO     : 519
	Node   : 3755
	Level  : 16
----------------------------------------
	Fanin numbers
	#2        : 472
	#3        : 583
	#4        : 675
	#5        : 745
	#6        : 323
	#7        : 327
	#8        : 178
	#9        : 154
	#10-19    : 297
	#30-39    : 1
Maximum fanin number: 32
----------------------------------------
	Fanout numbers
	#1        : 2753
	#2        : 295
	#3        : 176
	#4        : 121
	#5        : 46
	#6        : 39
	#7        : 20
	#8        : 62
	#9        : 40
	#10-19    : 110
	#20-29    : 27
	#30-39    : 29
	#40-49    : 6
	#50-59    : 6
	#60-69    : 6
	#70-79    : 5
	#80-89    : 2
	#90-99    : 1
	#100-199  : 5
	#200-299  : 6
Maximum fanout number: 289
