ABC command line: "r exp_TCAD/benchmark/iscas_itc/b15.blif; aig_syn; mt -t; pt; q".

	TList constructed from AIG.
elapse: 0.12 seconds, total: 0.12 seconds
	PI     : 485
	PO     : 519
	Node   : 8158
	Level  : 65
----------------------------------------
	Fanin numbers
	#2        : 8158
Maximum fanin number: 2
----------------------------------------
	Fanout numbers
	#1        : 6741
	#2        : 660
	#3        : 336
	#4        : 153
	#5        : 37
	#6        : 18
	#7        : 16
	#8        : 41
	#9        : 6
	#10-19    : 85
	#20-29    : 7
	#30-39    : 51
	#40-49    : 2
	#50-59    : 1
	#60-69    : 3
	#90-99    : 1
Maximum fanout number: 91
collapse time :  =     0.02 sec
	PI     : 485
	PO     : 519
	Node   : 4196
	Level  : 40
----------------------------------------
	Fanin numbers
	#2        : 482
	#3        : 1315
	#4        : 283
	#5        : 1074
	#6        : 523
	#7        : 117
	#8        : 86
	#9        : 161
	#10-19    : 154
	#20-29    : 1
Maximum fanin number: 24
----------------------------------------
	Fanout numbers
	#1        : 3088
	#2        : 274
	#3        : 220
	#4        : 128
	#5        : 131
	#6        : 36
	#7        : 48
	#8        : 73
	#9        : 33
	#10-19    : 77
	#20-29    : 18
	#30-39    : 32
	#40-49    : 6
	#60-69    : 6
	#70-79    : 2
	#80-89    : 1
	#90-99    : 2
	#100-199  : 18
	#200-299  : 2
	#300-399  : 1
Maximum fanout number: 384
