ABC command line: "r exp_TCAD/benchmark/iscas_itc/b15.blif; tl_syn; mt -B 100; pt; q".

elapse: 0.11 seconds, total: 0.11 seconds
Finished matching 24660 functions. Time =     3.97 sec
[1;37mitc/b15/b15[0m : i/o =    485/    519  [1;36mand =   12014[0m  [1;35mlev =   68[0m [1;35m(36.34)[0m  mem = 0.15 MB
Mapping (K=8)  :  [1;33mlut =   4077[0m  [1;32medge =   15870[0m  [1;31mlev =   16[0m [1;31m(11.12)[0m  mem = 0.14 MB
elapse: 11.20 seconds, total: 11.31 seconds
	PI     : 485
	PO     : 519
	Node   : 4077
	Level  : 16
----------------------------------------
	Fanin numbers
	#2        : 909
	#3        : 1030
	#4        : 812
	#5        : 670
	#6        : 316
	#7        : 252
	#8        : 88
Maximum fanin number: 8
----------------------------------------
	Fanout numbers
	#1        : 2930
	#2        : 413
	#3        : 197
	#4        : 158
	#5        : 57
	#6        : 35
	#7        : 22
	#8        : 56
	#9        : 29
	#10-19    : 95
	#20-29    : 30
	#30-39    : 38
	#40-49    : 4
	#50-59    : 7
	#60-69    : 2
	#70-79    : 1
	#80-89    : 1
	#100-199  : 2
Maximum fanout number: 152
collapse time :  =     0.27 sec
	PI     : 485
	PO     : 519
	Node   : 3566
	Level  : 16
----------------------------------------
	Fanin numbers
	#2        : 382
	#3        : 357
	#4        : 626
	#5        : 700
	#6        : 292
	#7        : 353
	#8        : 282
	#9        : 231
	#10-19    : 342
	#30-39    : 1
Maximum fanin number: 32
----------------------------------------
	Fanout numbers
	#1        : 2624
	#2        : 241
	#3        : 142
	#4        : 93
	#5        : 65
	#6        : 41
	#7        : 31
	#8        : 50
	#9        : 18
	#10-19    : 130
	#20-29    : 47
	#30-39    : 27
	#40-49    : 27
	#50-59    : 7
	#60-69    : 4
	#70-79    : 3
	#80-89    : 4
	#90-99    : 3
	#100-199  : 7
	#200-299  : 1
	#400-499  : 1
Maximum fanout number: 409
