ABC command line: "r exp_TCAD/benchmark/iscas_itc/b15.blif; aig_syn; mt; pt; q".

	TList constructed from AIG.
elapse: 0.11 seconds, total: 0.11 seconds
	PI     : 485
	PO     : 519
	Node   : 8158
	Level  : 65
----------------------------------------
	Fanin numbers
	#2        : 8158
Maximum fanin number: 2
----------------------------------------
	Fanout numbers
	#1        : 6741
	#2        : 660
	#3        : 336
	#4        : 153
	#5        : 37
	#6        : 18
	#7        : 16
	#8        : 41
	#9        : 6
	#10-19    : 85
	#20-29    : 7
	#30-39    : 51
	#40-49    : 2
	#50-59    : 1
	#60-69    : 3
	#90-99    : 1
Maximum fanout number: 91
collapse time :  =     0.03 sec
	PI     : 485
	PO     : 519
	Node   : 4028
	Level  : 47
----------------------------------------
	Fanin numbers
	#2        : 153
	#3        : 286
	#4        : 457
	#5        : 463
	#6        : 649
	#7        : 407
	#8        : 222
	#9        : 387
	#10-19    : 916
	#20-29    : 72
	#30-39    : 16
Maximum fanin number: 35
----------------------------------------
	Fanout numbers
	#1        : 3155
	#2        : 176
	#3        : 123
	#4        : 86
	#5        : 106
	#6        : 53
	#7        : 35
	#8        : 73
	#9        : 46
	#10-19    : 67
	#20-29    : 28
	#30-39    : 28
	#40-49    : 8
	#50-59    : 1
	#60-69    : 4
	#70-79    : 4
	#80-89    : 7
	#90-99    : 3
	#100-199  : 16
	#200-299  : 5
	#300-399  : 1
	#400-499  : 2
	#500-599  : 1
Maximum fanout number: 513
