ABC command line: "r exp_TCAD/benchmark/iscas_itc/b15.blif; tl_syn; mt -B 100 -t; pt; q".

elapse: 0.13 seconds, total: 0.13 seconds
Finished matching 24660 functions. Time =     4.53 sec
[1;37mitc/b15/b15[0m : i/o =    485/    519  [1;36mand =   12014[0m  [1;35mlev =   68[0m [1;35m(36.34)[0m  mem = 0.15 MB
Mapping (K=8)  :  [1;33mlut =   4077[0m  [1;32medge =   15870[0m  [1;31mlev =   16[0m [1;31m(11.12)[0m  mem = 0.14 MB
elapse: 12.66 seconds, total: 12.80 seconds
	PI     : 485
	PO     : 519
	Node   : 4077
	Level  : 16
----------------------------------------
	Fanin numbers
	#2        : 909
	#3        : 1030
	#4        : 812
	#5        : 670
	#6        : 316
	#7        : 252
	#8        : 88
Maximum fanin number: 8
----------------------------------------
	Fanout numbers
	#1        : 2930
	#2        : 413
	#3        : 197
	#4        : 158
	#5        : 57
	#6        : 35
	#7        : 22
	#8        : 56
	#9        : 29
	#10-19    : 95
	#20-29    : 30
	#30-39    : 38
	#40-49    : 4
	#50-59    : 7
	#60-69    : 2
	#70-79    : 1
	#80-89    : 1
	#100-199  : 2
Maximum fanout number: 152
collapse time :  =     0.19 sec
	PI     : 485
	PO     : 519
	Node   : 3647
	Level  : 16
----------------------------------------
	Fanin numbers
	#2        : 436
	#3        : 500
	#4        : 714
	#5        : 726
	#6        : 295
	#7        : 364
	#8        : 230
	#9        : 179
	#10-19    : 202
	#30-39    : 1
Maximum fanin number: 32
----------------------------------------
	Fanout numbers
	#1        : 2676
	#2        : 285
	#3        : 144
	#4        : 100
	#5        : 56
	#6        : 41
	#7        : 32
	#8        : 54
	#9        : 25
	#10-19    : 117
	#20-29    : 38
	#30-39    : 29
	#40-49    : 22
	#50-59    : 8
	#60-69    : 5
	#70-79    : 3
	#80-89    : 2
	#90-99    : 3
	#100-199  : 6
	#400-499  : 1
Maximum fanout number: 409
