ABC command line: "r exp_TCAD/benchmark/iscas_itc/b15.blif; tl_syn; mt; pt; q".

elapse: 0.12 seconds, total: 0.12 seconds
Finished matching 24660 functions. Time =     4.49 sec
[1;37mitc/b15/b15[0m : i/o =    485/    519  [1;36mand =   12014[0m  [1;35mlev =   68[0m [1;35m(36.34)[0m  mem = 0.15 MB
Mapping (K=8)  :  [1;33mlut =   4077[0m  [1;32medge =   15870[0m  [1;31mlev =   16[0m [1;31m(11.12)[0m  mem = 0.14 MB
elapse: 12.33 seconds, total: 12.45 seconds
	PI     : 485
	PO     : 519
	Node   : 4077
	Level  : 16
----------------------------------------
	Fanin numbers
	#2        : 909
	#3        : 1030
	#4        : 812
	#5        : 670
	#6        : 316
	#7        : 252
	#8        : 88
Maximum fanin number: 8
----------------------------------------
	Fanout numbers
	#1        : 2930
	#2        : 413
	#3        : 197
	#4        : 158
	#5        : 57
	#6        : 35
	#7        : 22
	#8        : 56
	#9        : 29
	#10-19    : 95
	#20-29    : 30
	#30-39    : 38
	#40-49    : 4
	#50-59    : 7
	#60-69    : 2
	#70-79    : 1
	#80-89    : 1
	#100-199  : 2
Maximum fanout number: 152
collapse time :  =     0.01 sec
	PI     : 485
	PO     : 519
	Node   : 3616
	Level  : 16
----------------------------------------
	Fanin numbers
	#2        : 367
	#3        : 478
	#4        : 514
	#5        : 709
	#6        : 267
	#7        : 215
	#8        : 325
	#9        : 234
	#10-19    : 449
	#20-29    : 52
	#30-39    : 6
Maximum fanin number: 33
----------------------------------------
	Fanout numbers
	#1        : 2660
	#2        : 264
	#3        : 142
	#4        : 96
	#5        : 54
	#6        : 40
	#7        : 27
	#8        : 56
	#9        : 25
	#10-19    : 128
	#20-29    : 27
	#30-39    : 33
	#40-49    : 25
	#50-59    : 4
	#60-69    : 13
	#70-79    : 4
	#80-89    : 5
	#90-99    : 2
	#100-199  : 8
	#200-299  : 3
Maximum fanout number: 289
