ABC command line: "r exp_TCAD/benchmark/iscas_itc/b15.blif; aig_syn; mt -B 100 -t; pt; q".

	TList constructed from AIG.
elapse: 0.14 seconds, total: 0.14 seconds
	PI     : 485
	PO     : 519
	Node   : 8158
	Level  : 65
----------------------------------------
	Fanin numbers
	#2        : 8158
Maximum fanin number: 2
----------------------------------------
	Fanout numbers
	#1        : 6741
	#2        : 660
	#3        : 336
	#4        : 153
	#5        : 37
	#6        : 18
	#7        : 16
	#8        : 41
	#9        : 6
	#10-19    : 85
	#20-29    : 7
	#30-39    : 51
	#40-49    : 2
	#50-59    : 1
	#60-69    : 3
	#90-99    : 1
Maximum fanout number: 91
collapse time :  =     0.14 sec
	PI     : 485
	PO     : 519
	Node   : 4220
	Level  : 42
----------------------------------------
	Fanin numbers
	#2        : 1079
	#3        : 1587
	#4        : 688
	#5        : 356
	#6        : 315
	#7        : 116
	#8        : 21
	#9        : 7
	#10-19    : 50
	#20-29    : 1
Maximum fanin number: 24
----------------------------------------
	Fanout numbers
	#1        : 3161
	#2        : 320
	#3        : 219
	#4        : 119
	#5        : 111
	#6        : 29
	#7        : 57
	#8        : 52
	#9        : 6
	#10-19    : 49
	#20-29    : 31
	#30-39    : 37
	#40-49    : 9
	#50-59    : 2
	#60-69    : 6
	#70-79    : 3
	#80-89    : 1
	#90-99    : 3
	#100-199  : 4
	#300-399  : 1
Maximum fanout number: 304
