ABC command line: "r exp_TCAD/benchmark/iscas_itc/b15.blif; aig_syn; mt -B 100; pt; q".

	TList constructed from AIG.
elapse: 0.11 seconds, total: 0.11 seconds
	PI     : 485
	PO     : 519
	Node   : 8158
	Level  : 65
----------------------------------------
	Fanin numbers
	#2        : 8158
Maximum fanin number: 2
----------------------------------------
	Fanout numbers
	#1        : 6741
	#2        : 660
	#3        : 336
	#4        : 153
	#5        : 37
	#6        : 18
	#7        : 16
	#8        : 41
	#9        : 6
	#10-19    : 85
	#20-29    : 7
	#30-39    : 51
	#40-49    : 2
	#50-59    : 1
	#60-69    : 3
	#90-99    : 1
Maximum fanout number: 91
collapse time :  =     0.24 sec
	PI     : 485
	PO     : 519
	Node   : 3667
	Level  : 44
----------------------------------------
	Fanin numbers
	#2        : 402
	#3        : 492
	#4        : 637
	#5        : 534
	#6        : 537
	#7        : 228
	#8        : 213
	#9        : 176
	#10-19    : 356
	#20-29    : 77
	#30-39    : 15
Maximum fanin number: 33
----------------------------------------
	Fanout numbers
	#1        : 2690
	#2        : 247
	#3        : 152
	#4        : 97
	#5        : 108
	#6        : 47
	#7        : 40
	#8        : 59
	#9        : 49
	#10-19    : 75
	#20-29    : 16
	#30-39    : 45
	#40-49    : 7
	#50-59    : 8
	#60-69    : 1
	#70-79    : 4
	#80-89    : 5
	#90-99    : 3
	#100-199  : 11
	#200-299  : 2
	#400-499  : 1
Maximum fanout number: 416
