ABC command line: "r exp_TCAD/benchmark/iscas_itc/b17.blif; aig_syn; mt -B 100; pt; q".

	TList constructed from AIG.
elapse: 0.67 seconds, total: 0.67 seconds
	PI     : 1452
	PO     : 1512
	Node   : 26389
	Level  : 93
----------------------------------------
	Fanin numbers
	#2        : 26389
Maximum fanin number: 2
----------------------------------------
	Fanout numbers
	#1        : 22232
	#2        : 1684
	#3        : 1081
	#4        : 453
	#5        : 154
	#6        : 83
	#7        : 55
	#8        : 121
	#9        : 61
	#10-19    : 239
	#20-29    : 47
	#30-39    : 138
	#40-49    : 24
	#50-59    : 4
	#60-69    : 10
	#90-99    : 2
	#100-199  : 1
Maximum fanout number: 128
collapse time :  =     0.83 sec
	PI     : 1452
	PO     : 1512
	Node   : 12027
	Level  : 73
----------------------------------------
	Fanin numbers
	#2        : 1527
	#3        : 1487
	#4        : 1575
	#5        : 1502
	#6        : 1873
	#7        : 1092
	#8        : 892
	#9        : 296
	#10-19    : 1186
	#20-29    : 500
	#30-39    : 97
Maximum fanin number: 35
----------------------------------------
	Fanout numbers
	#1        : 9157
	#2        : 810
	#3        : 436
	#4        : 269
	#5        : 183
	#6        : 161
	#7        : 81
	#8        : 166
	#9        : 127
	#10-19    : 276
	#20-29    : 41
	#30-39    : 154
	#40-49    : 35
	#50-59    : 21
	#60-69    : 20
	#70-79    : 13
	#80-89    : 11
	#90-99    : 10
	#100-199  : 40
	#200-299  : 10
	#300-399  : 4
	#400-499  : 2
Maximum fanout number: 416
