ABC command line: "r exp_TCAD/benchmark/iscas_itc/b17.blif; aig_syn; mt; pt; q".

	TList constructed from AIG.
elapse: 0.68 seconds, total: 0.68 seconds
	PI     : 1452
	PO     : 1512
	Node   : 26389
	Level  : 93
----------------------------------------
	Fanin numbers
	#2        : 26389
Maximum fanin number: 2
----------------------------------------
	Fanout numbers
	#1        : 22232
	#2        : 1684
	#3        : 1081
	#4        : 453
	#5        : 154
	#6        : 83
	#7        : 55
	#8        : 121
	#9        : 61
	#10-19    : 239
	#20-29    : 47
	#30-39    : 138
	#40-49    : 24
	#50-59    : 4
	#60-69    : 10
	#90-99    : 2
	#100-199  : 1
Maximum fanout number: 128
collapse time :  =     0.13 sec
	PI     : 1452
	PO     : 1512
	Node   : 13379
	Level  : 66
----------------------------------------
	Fanin numbers
	#2        : 937
	#3        : 1126
	#4        : 1239
	#5        : 1441
	#6        : 1446
	#7        : 1357
	#8        : 1234
	#9        : 955
	#10-19    : 3176
	#20-29    : 404
	#30-39    : 64
Maximum fanin number: 35
----------------------------------------
	Fanout numbers
	#1        : 10640
	#2        : 766
	#3        : 292
	#4        : 236
	#5        : 230
	#6        : 130
	#7        : 98
	#8        : 204
	#9        : 114
	#10-19    : 261
	#20-29    : 116
	#30-39    : 89
	#40-49    : 37
	#50-59    : 11
	#60-69    : 33
	#70-79    : 11
	#80-89    : 7
	#90-99    : 12
	#100-199  : 66
	#200-299  : 17
	#300-399  : 4
	#400-499  : 2
	#500-599  : 3
Maximum fanout number: 577
