ABC command line: "r exp_TCAD/benchmark/iscas_itc/b17.blif; tl_syn; mt; pt; q".

elapse: 0.72 seconds, total: 0.72 seconds
Finished matching 52610 functions. Time =     7.36 sec
[1;37mitc/b17/b17[0m : i/o =   1452/   1512  [1;36mand =   35469[0m  [1;35mlev =  103[0m [1;35m(33.63)[0m  mem = 0.45 MB
Mapping (K=8)  :  [1;33mlut =  13009[0m  [1;32medge =   47685[0m  [1;31mlev =   22[0m [1;31m(14.13)[0m  mem = 0.43 MB
elapse: 31.80 seconds, total: 32.52 seconds
	PI     : 1452
	PO     : 1512
	Node   : 13009
	Level  : 22
----------------------------------------
	Fanin numbers
	#2        : 3498
	#3        : 3747
	#4        : 2343
	#5        : 1607
	#6        : 887
	#7        : 697
	#8        : 230
Maximum fanin number: 8
----------------------------------------
	Fanout numbers
	#1        : 9833
	#2        : 1196
	#3        : 550
	#4        : 360
	#5        : 192
	#6        : 126
	#7        : 61
	#8        : 161
	#9        : 49
	#10-19    : 252
	#20-29    : 65
	#30-39    : 105
	#40-49    : 15
	#50-59    : 7
	#60-69    : 12
	#70-79    : 10
	#80-89    : 5
	#90-99    : 3
	#100-199  : 6
	#300-399  : 1
Maximum fanout number: 315
collapse time :  =     0.04 sec
	PI     : 1452
	PO     : 1512
	Node   : 11279
	Level  : 22
----------------------------------------
	Fanin numbers
	#2        : 1286
	#3        : 1436
	#4        : 1422
	#5        : 1821
	#6        : 1061
	#7        : 613
	#8        : 610
	#9        : 539
	#10-19    : 1800
	#20-29    : 608
	#30-39    : 83
Maximum fanin number: 37
----------------------------------------
	Fanout numbers
	#1        : 8707
	#2        : 784
	#3        : 391
	#4        : 239
	#5        : 153
	#6        : 80
	#7        : 81
	#8        : 141
	#9        : 57
	#10-19    : 280
	#20-29    : 111
	#30-39    : 84
	#40-49    : 30
	#50-59    : 32
	#60-69    : 26
	#70-79    : 12
	#80-89    : 7
	#90-99    : 10
	#100-199  : 38
	#200-299  : 8
	#300-399  : 7
	#400-499  : 1
Maximum fanout number: 400
