ABC command line: "r exp_TCAD/benchmark/iscas_itc/b17.blif; aig_syn; mt -t; pt; q".

	TList constructed from AIG.
elapse: 0.67 seconds, total: 0.67 seconds
	PI     : 1452
	PO     : 1512
	Node   : 26389
	Level  : 93
----------------------------------------
	Fanin numbers
	#2        : 26389
Maximum fanin number: 2
----------------------------------------
	Fanout numbers
	#1        : 22232
	#2        : 1684
	#3        : 1081
	#4        : 453
	#5        : 154
	#6        : 83
	#7        : 55
	#8        : 121
	#9        : 61
	#10-19    : 239
	#20-29    : 47
	#30-39    : 138
	#40-49    : 24
	#50-59    : 4
	#60-69    : 10
	#90-99    : 2
	#100-199  : 1
Maximum fanout number: 128
collapse time :  =     0.06 sec
	PI     : 1452
	PO     : 1512
	Node   : 13620
	Level  : 57
----------------------------------------
	Fanin numbers
	#2        : 1831
	#3        : 4582
	#4        : 744
	#5        : 3091
	#6        : 1458
	#7        : 572
	#8        : 329
	#9        : 576
	#10-19    : 432
	#20-29    : 5
Maximum fanin number: 24
----------------------------------------
	Fanout numbers
	#1        : 10317
	#2        : 908
	#3        : 528
	#4        : 329
	#5        : 356
	#6        : 131
	#7        : 195
	#8        : 186
	#9        : 103
	#10-19    : 259
	#20-29    : 76
	#30-39    : 89
	#40-49    : 24
	#50-59    : 10
	#60-69    : 30
	#70-79    : 6
	#80-89    : 11
	#90-99    : 10
	#100-199  : 41
	#200-299  : 8
	#300-399  : 2
	#400-499  : 1
Maximum fanout number: 476
