ABC command line: "r exp_TCAD/benchmark/iscas_itc/b17.blif; tl_syn; mt -B 100 -t; pt; q".

elapse: 0.71 seconds, total: 0.71 seconds
Finished matching 52610 functions. Time =     7.93 sec
[1;37mitc/b17/b17[0m : i/o =   1452/   1512  [1;36mand =   35469[0m  [1;35mlev =  103[0m [1;35m(33.63)[0m  mem = 0.45 MB
Mapping (K=8)  :  [1;33mlut =  13009[0m  [1;32medge =   47685[0m  [1;31mlev =   22[0m [1;31m(14.13)[0m  mem = 0.43 MB
elapse: 31.92 seconds, total: 32.63 seconds
	PI     : 1452
	PO     : 1512
	Node   : 13009
	Level  : 22
----------------------------------------
	Fanin numbers
	#2        : 3498
	#3        : 3747
	#4        : 2343
	#5        : 1607
	#6        : 887
	#7        : 697
	#8        : 230
Maximum fanin number: 8
----------------------------------------
	Fanout numbers
	#1        : 9833
	#2        : 1196
	#3        : 550
	#4        : 360
	#5        : 192
	#6        : 126
	#7        : 61
	#8        : 161
	#9        : 49
	#10-19    : 252
	#20-29    : 65
	#30-39    : 105
	#40-49    : 15
	#50-59    : 7
	#60-69    : 12
	#70-79    : 10
	#80-89    : 5
	#90-99    : 3
	#100-199  : 6
	#300-399  : 1
Maximum fanout number: 315
collapse time :  =     0.44 sec
	PI     : 1452
	PO     : 1512
	Node   : 11456
	Level  : 22
----------------------------------------
	Fanin numbers
	#2        : 1812
	#3        : 1979
	#4        : 1798
	#5        : 2189
	#6        : 1250
	#7        : 729
	#8        : 592
	#9        : 431
	#10-19    : 672
	#20-29    : 1
	#30-39    : 3
Maximum fanin number: 32
----------------------------------------
	Fanout numbers
	#1        : 8701
	#2        : 909
	#3        : 456
	#4        : 235
	#5        : 167
	#6        : 99
	#7        : 91
	#8        : 125
	#9        : 64
	#10-19    : 334
	#20-29    : 73
	#30-39    : 66
	#40-49    : 32
	#50-59    : 20
	#60-69    : 27
	#70-79    : 15
	#80-89    : 11
	#90-99    : 4
	#100-199  : 18
	#200-299  : 8
	#300-399  : 1
Maximum fanout number: 315
