ABC command line: "r exp_TCAD/benchmark/iscas_itc/b17.blif; tl_syn; mt -B 100; pt; q".

elapse: 0.71 seconds, total: 0.71 seconds
Finished matching 52610 functions. Time =     7.95 sec
[1;37mitc/b17/b17[0m : i/o =   1452/   1512  [1;36mand =   35469[0m  [1;35mlev =  103[0m [1;35m(33.63)[0m  mem = 0.45 MB
Mapping (K=8)  :  [1;33mlut =  13009[0m  [1;32medge =   47685[0m  [1;31mlev =   22[0m [1;31m(14.13)[0m  mem = 0.43 MB
elapse: 32.66 seconds, total: 33.37 seconds
	PI     : 1452
	PO     : 1512
	Node   : 13009
	Level  : 22
----------------------------------------
	Fanin numbers
	#2        : 3498
	#3        : 3747
	#4        : 2343
	#5        : 1607
	#6        : 887
	#7        : 697
	#8        : 230
Maximum fanin number: 8
----------------------------------------
	Fanout numbers
	#1        : 9833
	#2        : 1196
	#3        : 550
	#4        : 360
	#5        : 192
	#6        : 126
	#7        : 61
	#8        : 161
	#9        : 49
	#10-19    : 252
	#20-29    : 65
	#30-39    : 105
	#40-49    : 15
	#50-59    : 7
	#60-69    : 12
	#70-79    : 10
	#80-89    : 5
	#90-99    : 3
	#100-199  : 6
	#300-399  : 1
Maximum fanout number: 315
collapse time :  =     0.78 sec
	PI     : 1452
	PO     : 1512
	Node   : 11131
	Level  : 22
----------------------------------------
	Fanin numbers
	#2        : 1269
	#3        : 1358
	#4        : 1542
	#5        : 1982
	#6        : 1167
	#7        : 893
	#8        : 953
	#9        : 584
	#10-19    : 1368
	#20-29    : 10
	#30-39    : 5
Maximum fanin number: 32
----------------------------------------
	Fanout numbers
	#1        : 8494
	#2        : 733
	#3        : 460
	#4        : 225
	#5        : 177
	#6        : 106
	#7        : 77
	#8        : 125
	#9        : 66
	#10-19    : 344
	#20-29    : 101
	#30-39    : 67
	#40-49    : 39
	#50-59    : 19
	#60-69    : 26
	#70-79    : 15
	#80-89    : 11
	#90-99    : 7
	#100-199  : 23
	#200-299  : 9
	#300-399  : 5
	#400-499  : 1
	#500-599  : 1
Maximum fanout number: 520
