ABC command line: "r exp_TCAD/benchmark/iscas_itc/b17.blif; aig_syn; mt -B 100 -t; pt; q".

	TList constructed from AIG.
elapse: 0.81 seconds, total: 0.81 seconds
	PI     : 1452
	PO     : 1512
	Node   : 26389
	Level  : 93
----------------------------------------
	Fanin numbers
	#2        : 26389
Maximum fanin number: 2
----------------------------------------
	Fanout numbers
	#1        : 22232
	#2        : 1684
	#3        : 1081
	#4        : 453
	#5        : 154
	#6        : 83
	#7        : 55
	#8        : 121
	#9        : 61
	#10-19    : 239
	#20-29    : 47
	#30-39    : 138
	#40-49    : 24
	#50-59    : 4
	#60-69    : 10
	#90-99    : 2
	#100-199  : 1
Maximum fanout number: 128
collapse time :  =     0.57 sec
	PI     : 1452
	PO     : 1512
	Node   : 13352
	Level  : 80
----------------------------------------
	Fanin numbers
	#2        : 3467
	#3        : 4771
	#4        : 1928
	#5        : 1115
	#6        : 1565
	#7        : 281
	#8        : 70
	#9        : 31
	#10-19    : 119
	#20-29    : 3
	#30-39    : 2
Maximum fanin number: 30
----------------------------------------
	Fanout numbers
	#1        : 10153
	#2        : 966
	#3        : 529
	#4        : 295
	#5        : 366
	#6        : 147
	#7        : 139
	#8        : 179
	#9        : 61
	#10-19    : 221
	#20-29    : 79
	#30-39    : 121
	#40-49    : 40
	#50-59    : 4
	#60-69    : 18
	#70-79    : 9
	#80-89    : 4
	#90-99    : 5
	#100-199  : 10
	#200-299  : 2
	#300-399  : 4
Maximum fanout number: 307
