ABC command line: "r exp_TCAD/benchmark/iscas_itc/b17.blif; tl_syn; mt -t; pt; q".

elapse: 0.76 seconds, total: 0.76 seconds
Finished matching 52610 functions. Time =     7.55 sec
[1;37mitc/b17/b17[0m : i/o =   1452/   1512  [1;36mand =   35469[0m  [1;35mlev =  103[0m [1;35m(33.63)[0m  mem = 0.45 MB
Mapping (K=8)  :  [1;33mlut =  13009[0m  [1;32medge =   47685[0m  [1;31mlev =   22[0m [1;31m(14.13)[0m  mem = 0.43 MB
elapse: 31.35 seconds, total: 32.11 seconds
	PI     : 1452
	PO     : 1512
	Node   : 13009
	Level  : 22
----------------------------------------
	Fanin numbers
	#2        : 3498
	#3        : 3747
	#4        : 2343
	#5        : 1607
	#6        : 887
	#7        : 697
	#8        : 230
Maximum fanin number: 8
----------------------------------------
	Fanout numbers
	#1        : 9833
	#2        : 1196
	#3        : 550
	#4        : 360
	#5        : 192
	#6        : 126
	#7        : 61
	#8        : 161
	#9        : 49
	#10-19    : 252
	#20-29    : 65
	#30-39    : 105
	#40-49    : 15
	#50-59    : 7
	#60-69    : 12
	#70-79    : 10
	#80-89    : 5
	#90-99    : 3
	#100-199  : 6
	#300-399  : 1
Maximum fanout number: 315
collapse time :  =     0.02 sec
	PI     : 1452
	PO     : 1512
	Node   : 11822
	Level  : 22
----------------------------------------
	Fanin numbers
	#2        : 1753
	#3        : 2023
	#4        : 2029
	#5        : 2333
	#6        : 1269
	#7        : 774
	#8        : 612
	#9        : 402
	#10-19    : 589
	#20-29    : 35
	#30-39    : 3
Maximum fanin number: 32
----------------------------------------
	Fanout numbers
	#1        : 9145
	#2        : 882
	#3        : 417
	#4        : 264
	#5        : 141
	#6        : 104
	#7        : 90
	#8        : 139
	#9        : 80
	#10-19    : 281
	#20-29    : 72
	#30-39    : 71
	#40-49    : 32
	#50-59    : 33
	#60-69    : 23
	#70-79    : 7
	#80-89    : 10
	#90-99    : 6
	#100-199  : 18
	#200-299  : 3
	#300-399  : 3
	#500-599  : 1
Maximum fanout number: 513
