ABC command line: "r exp_TCAD/benchmark/iscas_itc/b18.blif; tl_syn; mt -t; pt; q".

elapse: 6.99 seconds, total: 6.99 seconds
Finished matching 69791 functions. Time =     9.98 sec
[1;37mitc/b18/b18[0m : i/o =   3357/   3343  [1;36mand =  100491[0m  [1;35mlev =  129[0m [1;35m(34.80)[0m  mem = 1.25 MB
Mapping (K=8)  :  [1;33mlut =  36370[0m  [1;32medge =  131849[0m  [1;31mlev =   43[0m [1;31m(16.27)[0m  mem = 1.19 MB
elapse: 74.12 seconds, total: 81.11 seconds
	PI     : 3357
	PO     : 3343
	Node   : 36370
	Level  : 43
----------------------------------------
	Fanin numbers
	#2        : 9898
	#3        : 10107
	#4        : 6955
	#5        : 5143
	#6        : 2151
	#7        : 1637
	#8        : 479
Maximum fanin number: 8
----------------------------------------
	Fanout numbers
	#1        : 24438
	#2        : 4789
	#3        : 2550
	#4        : 1354
	#5        : 1111
	#6        : 292
	#7        : 185
	#8        : 225
	#9        : 102
	#10-19    : 720
	#20-29    : 203
	#30-39    : 255
	#40-49    : 30
	#50-59    : 36
	#60-69    : 39
	#70-79    : 10
	#80-89    : 7
	#90-99    : 2
	#100-199  : 16
	#200-299  : 4
	#300-399  : 2
Maximum fanout number: 315
collapse time :  =     0.07 sec
	PI     : 3357
	PO     : 3343
	Node   : 32396
	Level  : 43
----------------------------------------
	Fanin numbers
	#2        : 4394
	#3        : 5484
	#4        : 6211
	#5        : 6619
	#6        : 3148
	#7        : 2099
	#8        : 2241
	#9        : 1170
	#10-19    : 959
	#20-29    : 64
	#30-39    : 7
Maximum fanin number: 38
----------------------------------------
	Fanout numbers
	#1        : 22247
	#2        : 3429
	#3        : 1879
	#4        : 1155
	#5        : 871
	#6        : 562
	#7        : 379
	#8        : 243
	#9        : 182
	#10-19    : 731
	#20-29    : 213
	#30-39    : 158
	#40-49    : 53
	#50-59    : 103
	#60-69    : 96
	#70-79    : 21
	#80-89    : 14
	#90-99    : 10
	#100-199  : 32
	#200-299  : 10
	#300-399  : 8
Maximum fanout number: 386
