ABC command line: "r exp_TCAD/benchmark/iscas_itc/b18.blif; tl_syn; mt -B 100; pt; q".

elapse: 7.37 seconds, total: 7.37 seconds
Finished matching 69791 functions. Time =    11.46 sec
[1;37mitc/b18/b18[0m : i/o =   3357/   3343  [1;36mand =  100491[0m  [1;35mlev =  129[0m [1;35m(34.80)[0m  mem = 1.25 MB
Mapping (K=8)  :  [1;33mlut =  36370[0m  [1;32medge =  131849[0m  [1;31mlev =   43[0m [1;31m(16.27)[0m  mem = 1.19 MB
elapse: 82.13 seconds, total: 89.50 seconds
	PI     : 3357
	PO     : 3343
	Node   : 36370
	Level  : 43
----------------------------------------
	Fanin numbers
	#2        : 9898
	#3        : 10107
	#4        : 6955
	#5        : 5143
	#6        : 2151
	#7        : 1637
	#8        : 479
Maximum fanin number: 8
----------------------------------------
	Fanout numbers
	#1        : 24438
	#2        : 4789
	#3        : 2550
	#4        : 1354
	#5        : 1111
	#6        : 292
	#7        : 185
	#8        : 225
	#9        : 102
	#10-19    : 720
	#20-29    : 203
	#30-39    : 255
	#40-49    : 30
	#50-59    : 36
	#60-69    : 39
	#70-79    : 10
	#80-89    : 7
	#90-99    : 2
	#100-199  : 16
	#200-299  : 4
	#300-399  : 2
Maximum fanout number: 315
collapse time :  =     3.54 sec
	PI     : 3357
	PO     : 3343
	Node   : 30180
	Level  : 43
----------------------------------------
	Fanin numbers
	#2        : 3683
	#3        : 3776
	#4        : 4413
	#5        : 5699
	#6        : 3179
	#7        : 2301
	#8        : 1950
	#9        : 1579
	#10-19    : 3560
	#20-29    : 27
	#30-39    : 13
Maximum fanin number: 38
----------------------------------------
	Fanout numbers
	#1        : 20418
	#2        : 2748
	#3        : 1906
	#4        : 1000
	#5        : 784
	#6        : 510
	#7        : 346
	#8        : 338
	#9        : 232
	#10-19    : 986
	#20-29    : 293
	#30-39    : 200
	#40-49    : 66
	#50-59    : 62
	#60-69    : 136
	#70-79    : 50
	#80-89    : 27
	#90-99    : 13
	#100-199  : 48
	#200-299  : 7
	#300-399  : 10
Maximum fanout number: 378
