ABC command line: "r exp_TCAD/benchmark/iscas_itc/b18.blif; aig_syn; mt -t; pt; q".

	TList constructed from AIG.
elapse: 7.77 seconds, total: 7.77 seconds
	PI     : 3357
	PO     : 3343
	Node   : 77757
	Level  : 132
----------------------------------------
	Fanin numbers
	#2        : 77757
Maximum fanin number: 2
----------------------------------------
	Fanout numbers
	#1        : 62776
	#2        : 6445
	#3        : 2835
	#4        : 2560
	#5        : 1022
	#6        : 384
	#7        : 61
	#8        : 231
	#9        : 221
	#10-19    : 533
	#20-29    : 182
	#30-39    : 353
	#40-49    : 117
	#50-59    : 12
	#60-69    : 19
	#90-99    : 6
Maximum fanout number: 93
collapse time :  =     0.24 sec
	PI     : 3357
	PO     : 3343
	Node   : 40208
	Level  : 97
----------------------------------------
	Fanin numbers
	#2        : 4818
	#3        : 12926
	#4        : 2142
	#5        : 9754
	#6        : 4351
	#7        : 1916
	#8        : 1382
	#9        : 1403
	#10-19    : 1503
	#20-29    : 13
Maximum fanin number: 25
----------------------------------------
	Fanout numbers
	#1        : 27564
	#2        : 3708
	#3        : 1520
	#4        : 1322
	#5        : 1682
	#6        : 739
	#7        : 734
	#8        : 661
	#9        : 485
	#10-19    : 980
	#20-29    : 213
	#30-39    : 220
	#40-49    : 71
	#50-59    : 39
	#60-69    : 86
	#70-79    : 24
	#80-89    : 24
	#90-99    : 13
	#100-199  : 75
	#200-299  : 33
	#300-399  : 11
	#400-499  : 4
Maximum fanout number: 476
