ABC command line: "r exp_TCAD/benchmark/iscas_itc/b18.blif; aig_syn; mt -B 100 -t; pt; q".

	TList constructed from AIG.
elapse: 7.93 seconds, total: 7.93 seconds
	PI     : 3357
	PO     : 3343
	Node   : 77757
	Level  : 132
----------------------------------------
	Fanin numbers
	#2        : 77757
Maximum fanin number: 2
----------------------------------------
	Fanout numbers
	#1        : 62776
	#2        : 6445
	#3        : 2835
	#4        : 2560
	#5        : 1022
	#6        : 384
	#7        : 61
	#8        : 231
	#9        : 221
	#10-19    : 533
	#20-29    : 182
	#30-39    : 353
	#40-49    : 117
	#50-59    : 12
	#60-69    : 19
	#90-99    : 6
Maximum fanout number: 93
collapse time :  =     2.36 sec
	PI     : 3357
	PO     : 3343
	Node   : 38960
	Level  : 120
----------------------------------------
	Fanin numbers
	#2        : 8802
	#3        : 14364
	#4        : 6134
	#5        : 3932
	#6        : 4159
	#7        : 878
	#8        : 315
	#9        : 176
	#10-19    : 184
	#20-29    : 10
	#30-39    : 4
	#40-49    : 2
Maximum fanin number: 42
----------------------------------------
	Fanout numbers
	#1        : 27615
	#2        : 3927
	#3        : 1648
	#4        : 1474
	#5        : 1387
	#6        : 744
	#7        : 280
	#8        : 370
	#9        : 291
	#10-19    : 475
	#20-29    : 98
	#30-39    : 309
	#40-49    : 176
	#50-59    : 17
	#60-69    : 63
	#70-79    : 17
	#80-89    : 15
	#90-99    : 16
	#100-199  : 21
	#200-299  : 12
	#300-399  : 5
Maximum fanout number: 335
