ABC command line: "r exp_TCAD/benchmark/iscas_itc/b18.blif; tl_syn; mt; pt; q".

elapse: 7.21 seconds, total: 7.21 seconds
Finished matching 69791 functions. Time =    10.94 sec
[1;37mitc/b18/b18[0m : i/o =   3357/   3343  [1;36mand =  100491[0m  [1;35mlev =  129[0m [1;35m(34.80)[0m  mem = 1.25 MB
Mapping (K=8)  :  [1;33mlut =  36370[0m  [1;32medge =  131849[0m  [1;31mlev =   43[0m [1;31m(16.27)[0m  mem = 1.19 MB
elapse: 79.99 seconds, total: 87.19 seconds
	PI     : 3357
	PO     : 3343
	Node   : 36370
	Level  : 43
----------------------------------------
	Fanin numbers
	#2        : 9898
	#3        : 10107
	#4        : 6955
	#5        : 5143
	#6        : 2151
	#7        : 1637
	#8        : 479
Maximum fanin number: 8
----------------------------------------
	Fanout numbers
	#1        : 24438
	#2        : 4789
	#3        : 2550
	#4        : 1354
	#5        : 1111
	#6        : 292
	#7        : 185
	#8        : 225
	#9        : 102
	#10-19    : 720
	#20-29    : 203
	#30-39    : 255
	#40-49    : 30
	#50-59    : 36
	#60-69    : 39
	#70-79    : 10
	#80-89    : 7
	#90-99    : 2
	#100-199  : 16
	#200-299  : 4
	#300-399  : 2
Maximum fanout number: 315
collapse time :  =     0.13 sec
	PI     : 3357
	PO     : 3343
	Node   : 30732
	Level  : 43
----------------------------------------
	Fanin numbers
	#2        : 3222
	#3        : 3414
	#4        : 4289
	#5        : 5555
	#6        : 2719
	#7        : 1895
	#8        : 2104
	#9        : 1441
	#10-19    : 4193
	#20-29    : 1650
	#30-39    : 250
Maximum fanin number: 36
----------------------------------------
	Fanout numbers
	#1        : 21032
	#2        : 3211
	#3        : 1547
	#4        : 1024
	#5        : 726
	#6        : 424
	#7        : 317
	#8        : 312
	#9        : 193
	#10-19    : 1113
	#20-29    : 266
	#30-39    : 168
	#40-49    : 42
	#50-59    : 88
	#60-69    : 103
	#70-79    : 38
	#80-89    : 32
	#90-99    : 20
	#100-199  : 47
	#200-299  : 17
	#300-399  : 12
Maximum fanout number: 386
