ABC command line: "r exp_TCAD/benchmark/iscas_itc/b18.blif; aig_syn; mt -B 100; pt; q".

	TList constructed from AIG.
elapse: 8.14 seconds, total: 8.14 seconds
	PI     : 3357
	PO     : 3343
	Node   : 77757
	Level  : 132
----------------------------------------
	Fanin numbers
	#2        : 77757
Maximum fanin number: 2
----------------------------------------
	Fanout numbers
	#1        : 62776
	#2        : 6445
	#3        : 2835
	#4        : 2560
	#5        : 1022
	#6        : 384
	#7        : 61
	#8        : 231
	#9        : 221
	#10-19    : 533
	#20-29    : 182
	#30-39    : 353
	#40-49    : 117
	#50-59    : 12
	#60-69    : 19
	#90-99    : 6
Maximum fanout number: 93
collapse time :  =     4.58 sec
	PI     : 3357
	PO     : 3343
	Node   : 35343
	Level  : 87
----------------------------------------
	Fanin numbers
	#2        : 4377
	#3        : 4579
	#4        : 5290
	#5        : 5000
	#6        : 5377
	#7        : 2902
	#8        : 1758
	#9        : 866
	#10-19    : 2879
	#20-29    : 1910
	#30-39    : 405
Maximum fanin number: 38
----------------------------------------
	Fanout numbers
	#1        : 24651
	#2        : 3326
	#3        : 1341
	#4        : 1293
	#5        : 1345
	#6        : 840
	#7        : 241
	#8        : 376
	#9        : 372
	#10-19    : 691
	#20-29    : 125
	#30-39    : 376
	#40-49    : 71
	#50-59    : 46
	#60-69    : 76
	#70-79    : 20
	#80-89    : 25
	#90-99    : 29
	#100-199  : 73
	#200-299  : 21
	#300-399  : 4
	#500-599  : 1
Maximum fanout number: 523
