ABC command line: "r exp_TCAD/benchmark/iscas_itc/b18.blif; aig_syn; mt; pt; q".

	TList constructed from AIG.
elapse: 6.23 seconds, total: 6.23 seconds
	PI     : 3357
	PO     : 3343
	Node   : 77757
	Level  : 132
----------------------------------------
	Fanin numbers
	#2        : 77757
Maximum fanin number: 2
----------------------------------------
	Fanout numbers
	#1        : 62776
	#2        : 6445
	#3        : 2835
	#4        : 2560
	#5        : 1022
	#6        : 384
	#7        : 61
	#8        : 231
	#9        : 221
	#10-19    : 533
	#20-29    : 182
	#30-39    : 353
	#40-49    : 117
	#50-59    : 12
	#60-69    : 19
	#90-99    : 6
Maximum fanout number: 93
collapse time :  =     0.31 sec
	PI     : 3357
	PO     : 3343
	Node   : 39733
	Level  : 98
----------------------------------------
	Fanin numbers
	#2        : 3696
	#3        : 4458
	#4        : 3893
	#5        : 4869
	#6        : 4020
	#7        : 3452
	#8        : 2620
	#9        : 2050
	#10-19    : 9637
	#20-29    : 859
	#30-39    : 179
Maximum fanin number: 33
----------------------------------------
	Fanout numbers
	#1        : 29288
	#2        : 3577
	#3        : 938
	#4        : 834
	#5        : 1038
	#6        : 480
	#7        : 428
	#8        : 546
	#9        : 441
	#10-19    : 1128
	#20-29    : 250
	#30-39    : 226
	#40-49    : 147
	#50-59    : 39
	#60-69    : 101
	#70-79    : 34
	#80-89    : 15
	#90-99    : 28
	#100-199  : 168
	#200-299  : 12
	#300-399  : 8
	#400-499  : 5
	#500-599  : 2
Maximum fanout number: 557
