ABC command line: "r exp_TCAD/benchmark/iscas_itc/b18.blif; tl_syn; mt -B 100 -t; pt; q".

elapse: 6.71 seconds, total: 6.71 seconds
Finished matching 69791 functions. Time =     9.96 sec
[1;37mitc/b18/b18[0m : i/o =   3357/   3343  [1;36mand =  100491[0m  [1;35mlev =  129[0m [1;35m(34.80)[0m  mem = 1.25 MB
Mapping (K=8)  :  [1;33mlut =  36370[0m  [1;32medge =  131849[0m  [1;31mlev =   43[0m [1;31m(16.27)[0m  mem = 1.19 MB
elapse: 73.11 seconds, total: 79.82 seconds
	PI     : 3357
	PO     : 3343
	Node   : 36370
	Level  : 43
----------------------------------------
	Fanin numbers
	#2        : 9898
	#3        : 10107
	#4        : 6955
	#5        : 5143
	#6        : 2151
	#7        : 1637
	#8        : 479
Maximum fanin number: 8
----------------------------------------
	Fanout numbers
	#1        : 24438
	#2        : 4789
	#3        : 2550
	#4        : 1354
	#5        : 1111
	#6        : 292
	#7        : 185
	#8        : 225
	#9        : 102
	#10-19    : 720
	#20-29    : 203
	#30-39    : 255
	#40-49    : 30
	#50-59    : 36
	#60-69    : 39
	#70-79    : 10
	#80-89    : 7
	#90-99    : 2
	#100-199  : 16
	#200-299  : 4
	#300-399  : 2
Maximum fanout number: 315
collapse time :  =     1.30 sec
	PI     : 3357
	PO     : 3343
	Node   : 31177
	Level  : 43
----------------------------------------
	Fanin numbers
	#2        : 4337
	#3        : 5250
	#4        : 5681
	#5        : 6078
	#6        : 3231
	#7        : 2118
	#8        : 1803
	#9        : 1293
	#10-19    : 1378
	#20-29    : 1
	#30-39    : 7
Maximum fanin number: 35
----------------------------------------
	Fanout numbers
	#1        : 20886
	#2        : 3572
	#3        : 1833
	#4        : 1143
	#5        : 830
	#6        : 488
	#7        : 344
	#8        : 279
	#9        : 166
	#10-19    : 881
	#20-29    : 234
	#30-39    : 165
	#40-49    : 55
	#50-59    : 52
	#60-69    : 124
	#70-79    : 45
	#80-89    : 26
	#90-99    : 5
	#100-199  : 36
	#200-299  : 10
	#300-399  : 3
Maximum fanout number: 315
