ABC command line: "r exp_TCAD/benchmark/iscas_itc/b19.blif; tl_syn; mt -B 100; pt; q".

elapse: 35.05 seconds, total: 35.05 seconds
Finished matching 156556 functions. Time =    16.20 sec
[1;37mitc/b19/b19[0m : i/o =   6666/   6669  [1;36mand =  198462[0m  [1;35mlev =  134[0m [1;35m(34.65)[0m  mem = 2.48 MB
Mapping (K=8)  :  [1;33mlut =  72362[0m  [1;32medge =  262169[0m  [1;31mlev =   46[0m [1;31m(16.53)[0m  mem = 2.36 MB
elapse: 153.07 seconds, total: 188.12 seconds
	PI     : 6666
	PO     : 6669
	Node   : 72362
	Level  : 46
----------------------------------------
	Fanin numbers
	#2        : 19525
	#3        : 20625
	#4        : 13569
	#5        : 10066
	#6        : 4355
	#7        : 3268
	#8        : 954
Maximum fanin number: 8
----------------------------------------
	Fanout numbers
	#1        : 49194
	#2        : 9555
	#3        : 4881
	#4        : 2562
	#5        : 1689
	#6        : 695
	#7        : 367
	#8        : 512
	#9        : 240
	#10-19    : 1428
	#20-29    : 405
	#30-39    : 511
	#40-49    : 66
	#50-59    : 79
	#60-69    : 86
	#70-79    : 28
	#80-89    : 18
	#90-99    : 3
	#100-199  : 33
	#200-299  : 6
	#300-399  : 4
Maximum fanout number: 314
collapse time :  =     5.27 sec
	PI     : 6666
	PO     : 6669
	Node   : 60061
	Level  : 46
----------------------------------------
	Fanin numbers
	#2        : 6926
	#3        : 7530
	#4        : 8625
	#5        : 11527
	#6        : 6936
	#7        : 4667
	#8        : 3715
	#9        : 3411
	#10-19    : 6663
	#20-29    : 36
	#30-39    : 24
	#40-49    : 1
Maximum fanin number: 42
----------------------------------------
	Fanout numbers
	#1        : 41180
	#2        : 5476
	#3        : 3513
	#4        : 1937
	#5        : 1400
	#6        : 953
	#7        : 654
	#8        : 647
	#9        : 435
	#10-19    : 2048
	#20-29    : 599
	#30-39    : 377
	#40-49    : 114
	#50-59    : 105
	#60-69    : 261
	#70-79    : 112
	#80-89    : 61
	#90-99    : 48
	#100-199  : 103
	#200-299  : 19
	#300-399  : 19
Maximum fanout number: 378
