ABC command line: "r exp_TCAD/benchmark/iscas_itc/b19.blif; aig_syn; mt; pt; q".

	TList constructed from AIG.
elapse: 31.30 seconds, total: 31.30 seconds
	PI     : 6666
	PO     : 6669
	Node   : 156224
	Level  : 136
----------------------------------------
	Fanin numbers
	#2        : 156224
Maximum fanin number: 2
----------------------------------------
	Fanout numbers
	#1        : 126642
	#2        : 12865
	#3        : 5906
	#4        : 4553
	#5        : 1987
	#6        : 741
	#7        : 113
	#8        : 469
	#9        : 437
	#10-19    : 1064
	#20-29    : 363
	#30-39    : 732
	#40-49    : 242
	#50-59    : 33
	#60-69    : 48
	#70-79    : 10
	#80-89    : 5
	#90-99    : 14
Maximum fanout number: 93
collapse time :  =     0.75 sec
	PI     : 6666
	PO     : 6669
	Node   : 80621
	Level  : 105
----------------------------------------
	Fanin numbers
	#2        : 7874
	#3        : 7998
	#4        : 8101
	#5        : 9932
	#6        : 8443
	#7        : 7469
	#8        : 5389
	#9        : 4504
	#10-19    : 18828
	#20-29    : 1720
	#30-39    : 363
Maximum fanin number: 33
----------------------------------------
	Fanout numbers
	#1        : 59249
	#2        : 7492
	#3        : 1970
	#4        : 1678
	#5        : 2247
	#6        : 968
	#7        : 919
	#8        : 1036
	#9        : 832
	#10-19    : 2118
	#20-29    : 475
	#30-39    : 443
	#40-49    : 310
	#50-59    : 83
	#60-69    : 209
	#70-79    : 74
	#80-89    : 38
	#90-99    : 50
	#100-199  : 361
	#200-299  : 34
	#300-399  : 21
	#400-499  : 11
	#500-599  : 3
Maximum fanout number: 582
