ABC command line: "r exp_TCAD/benchmark/iscas_itc/b19.blif; aig_syn; mt -B 100; pt; q".

	TList constructed from AIG.
elapse: 31.86 seconds, total: 31.86 seconds
	PI     : 6666
	PO     : 6669
	Node   : 156224
	Level  : 136
----------------------------------------
	Fanin numbers
	#2        : 156224
Maximum fanin number: 2
----------------------------------------
	Fanout numbers
	#1        : 126642
	#2        : 12865
	#3        : 5906
	#4        : 4553
	#5        : 1987
	#6        : 741
	#7        : 113
	#8        : 469
	#9        : 437
	#10-19    : 1064
	#20-29    : 363
	#30-39    : 732
	#40-49    : 242
	#50-59    : 33
	#60-69    : 48
	#70-79    : 10
	#80-89    : 5
	#90-99    : 14
Maximum fanout number: 93
collapse time :  =     7.21 sec
	PI     : 6666
	PO     : 6669
	Node   : 70765
	Level  : 85
----------------------------------------
	Fanin numbers
	#2        : 9752
	#3        : 8768
	#4        : 10125
	#5        : 9580
	#6        : 10370
	#7        : 5752
	#8        : 3560
	#9        : 2193
	#10-19    : 6059
	#20-29    : 3822
	#30-39    : 784
Maximum fanin number: 38
----------------------------------------
	Fanout numbers
	#1        : 49097
	#2        : 6676
	#3        : 2606
	#4        : 2476
	#5        : 2323
	#6        : 1604
	#7        : 696
	#8        : 805
	#9        : 845
	#10-19    : 1759
	#20-29    : 299
	#30-39    : 789
	#40-49    : 165
	#50-59    : 86
	#60-69    : 163
	#70-79    : 45
	#80-89    : 55
	#90-99    : 61
	#100-199  : 159
	#200-299  : 45
	#300-399  : 11
Maximum fanout number: 377
