ABC command line: "r exp_TCAD/benchmark/iscas_itc/b19.blif; tl_syn; mt -t; pt; q".

elapse: 35.32 seconds, total: 35.32 seconds
Finished matching 156556 functions. Time =    17.55 sec
[1;37mitc/b19/b19[0m : i/o =   6666/   6669  [1;36mand =  198462[0m  [1;35mlev =  134[0m [1;35m(34.65)[0m  mem = 2.48 MB
Mapping (K=8)  :  [1;33mlut =  72362[0m  [1;32medge =  262169[0m  [1;31mlev =   46[0m [1;31m(16.53)[0m  mem = 2.36 MB
elapse: 166.16 seconds, total: 201.48 seconds
	PI     : 6666
	PO     : 6669
	Node   : 72362
	Level  : 46
----------------------------------------
	Fanin numbers
	#2        : 19525
	#3        : 20625
	#4        : 13569
	#5        : 10066
	#6        : 4355
	#7        : 3268
	#8        : 954
Maximum fanin number: 8
----------------------------------------
	Fanout numbers
	#1        : 49194
	#2        : 9555
	#3        : 4881
	#4        : 2562
	#5        : 1689
	#6        : 695
	#7        : 367
	#8        : 512
	#9        : 240
	#10-19    : 1428
	#20-29    : 405
	#30-39    : 511
	#40-49    : 66
	#50-59    : 79
	#60-69    : 86
	#70-79    : 28
	#80-89    : 18
	#90-99    : 3
	#100-199  : 33
	#200-299  : 6
	#300-399  : 4
Maximum fanout number: 314
collapse time :  =     0.17 sec
	PI     : 6666
	PO     : 6669
	Node   : 64429
	Level  : 46
----------------------------------------
	Fanin numbers
	#2        : 8572
	#3        : 11046
	#4        : 11971
	#5        : 13353
	#6        : 6433
	#7        : 4140
	#8        : 4210
	#9        : 2375
	#10-19    : 2183
	#20-29    : 133
	#30-39    : 12
	#40-49    : 1
Maximum fanin number: 44
----------------------------------------
	Fanout numbers
	#1        : 44652
	#2        : 6826
	#3        : 3584
	#4        : 2179
	#5        : 1534
	#6        : 977
	#7        : 759
	#8        : 567
	#9        : 400
	#10-19    : 1483
	#20-29    : 442
	#30-39    : 298
	#40-49    : 102
	#50-59    : 222
	#60-69    : 187
	#70-79    : 53
	#80-89    : 41
	#90-99    : 19
	#100-199  : 65
	#200-299  : 22
	#300-399  : 17
Maximum fanout number: 386
