ABC command line: "r exp_TCAD/benchmark/iscas_itc/b19.blif; aig_syn; mt -B 100 -t; pt; q".

	TList constructed from AIG.
elapse: 31.75 seconds, total: 31.75 seconds
	PI     : 6666
	PO     : 6669
	Node   : 156224
	Level  : 136
----------------------------------------
	Fanin numbers
	#2        : 156224
Maximum fanin number: 2
----------------------------------------
	Fanout numbers
	#1        : 126642
	#2        : 12865
	#3        : 5906
	#4        : 4553
	#5        : 1987
	#6        : 741
	#7        : 113
	#8        : 469
	#9        : 437
	#10-19    : 1064
	#20-29    : 363
	#30-39    : 732
	#40-49    : 242
	#50-59    : 33
	#60-69    : 48
	#70-79    : 10
	#80-89    : 5
	#90-99    : 14
Maximum fanout number: 93
collapse time :  =     4.69 sec
	PI     : 6666
	PO     : 6669
	Node   : 78623
	Level  : 119
----------------------------------------
	Fanin numbers
	#2        : 19167
	#3        : 29847
	#4        : 11848
	#5        : 7200
	#6        : 7967
	#7        : 1447
	#8        : 456
	#9        : 289
	#10-19    : 375
	#20-29    : 15
	#30-39    : 9
	#40-49    : 3
Maximum fanin number: 42
----------------------------------------
	Fanout numbers
	#1        : 55421
	#2        : 8246
	#3        : 3214
	#4        : 3045
	#5        : 2830
	#6        : 1467
	#7        : 569
	#8        : 721
	#9        : 572
	#10-19    : 968
	#20-29    : 199
	#30-39    : 647
	#40-49    : 348
	#50-59    : 41
	#60-69    : 137
	#70-79    : 42
	#80-89    : 39
	#90-99    : 36
	#100-199  : 49
	#200-299  : 24
	#300-399  : 8
Maximum fanout number: 317
