ABC command line: "r exp_TCAD/benchmark/iscas_itc/b19.blif; tl_syn; mt; pt; q".

elapse: 35.17 seconds, total: 35.17 seconds
Finished matching 156556 functions. Time =    17.65 sec
[1;37mitc/b19/b19[0m : i/o =   6666/   6669  [1;36mand =  198462[0m  [1;35mlev =  134[0m [1;35m(34.65)[0m  mem = 2.48 MB
Mapping (K=8)  :  [1;33mlut =  72362[0m  [1;32medge =  262169[0m  [1;31mlev =   46[0m [1;31m(16.53)[0m  mem = 2.36 MB
elapse: 165.91 seconds, total: 201.08 seconds
	PI     : 6666
	PO     : 6669
	Node   : 72362
	Level  : 46
----------------------------------------
	Fanin numbers
	#2        : 19525
	#3        : 20625
	#4        : 13569
	#5        : 10066
	#6        : 4355
	#7        : 3268
	#8        : 954
Maximum fanin number: 8
----------------------------------------
	Fanout numbers
	#1        : 49194
	#2        : 9555
	#3        : 4881
	#4        : 2562
	#5        : 1689
	#6        : 695
	#7        : 367
	#8        : 512
	#9        : 240
	#10-19    : 1428
	#20-29    : 405
	#30-39    : 511
	#40-49    : 66
	#50-59    : 79
	#60-69    : 86
	#70-79    : 28
	#80-89    : 18
	#90-99    : 3
	#100-199  : 33
	#200-299  : 6
	#300-399  : 4
Maximum fanout number: 314
collapse time :  =     0.29 sec
	PI     : 6666
	PO     : 6669
	Node   : 61320
	Level  : 46
----------------------------------------
	Fanin numbers
	#2        : 6133
	#3        : 6835
	#4        : 8188
	#5        : 11493
	#6        : 6035
	#7        : 3975
	#8        : 3929
	#9        : 3067
	#10-19    : 8011
	#20-29    : 3211
	#30-39    : 443
Maximum fanin number: 36
----------------------------------------
	Fanout numbers
	#1        : 42587
	#2        : 6308
	#3        : 2904
	#4        : 1857
	#5        : 1181
	#6        : 858
	#7        : 576
	#8        : 664
	#9        : 456
	#10-19    : 2310
	#20-29    : 515
	#30-39    : 285
	#40-49    : 83
	#50-59    : 165
	#60-69    : 193
	#70-79    : 80
	#80-89    : 70
	#90-99    : 44
	#100-199  : 127
	#200-299  : 29
	#300-399  : 28
Maximum fanout number: 386
