ABC command line: "r exp_TCAD/benchmark/iscas_itc/b19.blif; tl_syn; mt -B 100 -t; pt; q".

elapse: 34.42 seconds, total: 34.42 seconds
Finished matching 156556 functions. Time =    16.20 sec
[1;37mitc/b19/b19[0m : i/o =   6666/   6669  [1;36mand =  198462[0m  [1;35mlev =  134[0m [1;35m(34.65)[0m  mem = 2.48 MB
Mapping (K=8)  :  [1;33mlut =  72362[0m  [1;32medge =  262169[0m  [1;31mlev =   46[0m [1;31m(16.53)[0m  mem = 2.36 MB
elapse: 153.07 seconds, total: 187.49 seconds
	PI     : 6666
	PO     : 6669
	Node   : 72362
	Level  : 46
----------------------------------------
	Fanin numbers
	#2        : 19525
	#3        : 20625
	#4        : 13569
	#5        : 10066
	#6        : 4355
	#7        : 3268
	#8        : 954
Maximum fanin number: 8
----------------------------------------
	Fanout numbers
	#1        : 49194
	#2        : 9555
	#3        : 4881
	#4        : 2562
	#5        : 1689
	#6        : 695
	#7        : 367
	#8        : 512
	#9        : 240
	#10-19    : 1428
	#20-29    : 405
	#30-39    : 511
	#40-49    : 66
	#50-59    : 79
	#60-69    : 86
	#70-79    : 28
	#80-89    : 18
	#90-99    : 3
	#100-199  : 33
	#200-299  : 6
	#300-399  : 4
Maximum fanout number: 314
collapse time :  =     3.42 sec
	PI     : 6666
	PO     : 6669
	Node   : 62106
	Level  : 46
----------------------------------------
	Fanin numbers
	#2        : 8629
	#3        : 10823
	#4        : 10876
	#5        : 12210
	#6        : 6500
	#7        : 4241
	#8        : 3536
	#9        : 2518
	#10-19    : 2757
	#20-29    : 1
	#30-39    : 14
	#40-49    : 1
Maximum fanin number: 43
----------------------------------------
	Fanout numbers
	#1        : 42098
	#2        : 7123
	#3        : 3376
	#4        : 2202
	#5        : 1484
	#6        : 912
	#7        : 689
	#8        : 559
	#9        : 370
	#10-19    : 1717
	#20-29    : 489
	#30-39    : 341
	#40-49    : 127
	#50-59    : 117
	#60-69    : 245
	#70-79    : 91
	#80-89    : 55
	#90-99    : 18
	#100-199  : 64
	#200-299  : 24
	#300-399  : 5
Maximum fanout number: 317
