ABC command line: "r exp_TCAD/benchmark/iscas_itc/b19.blif; aig_syn; mt -t; pt; q".

	TList constructed from AIG.
elapse: 33.53 seconds, total: 33.53 seconds
	PI     : 6666
	PO     : 6669
	Node   : 156224
	Level  : 136
----------------------------------------
	Fanin numbers
	#2        : 156224
Maximum fanin number: 2
----------------------------------------
	Fanout numbers
	#1        : 126642
	#2        : 12865
	#3        : 5906
	#4        : 4553
	#5        : 1987
	#6        : 741
	#7        : 113
	#8        : 469
	#9        : 437
	#10-19    : 1064
	#20-29    : 363
	#30-39    : 732
	#40-49    : 242
	#50-59    : 33
	#60-69    : 48
	#70-79    : 10
	#80-89    : 5
	#90-99    : 14
Maximum fanout number: 93
collapse time :  =     0.48 sec
	PI     : 6666
	PO     : 6669
	Node   : 80170
	Level  : 104
----------------------------------------
	Fanin numbers
	#2        : 9606
	#3        : 24958
	#4        : 4654
	#5        : 19216
	#6        : 8745
	#7        : 4231
	#8        : 2796
	#9        : 2849
	#10-19    : 3091
	#20-29    : 24
Maximum fanin number: 25
----------------------------------------
	Fanout numbers
	#1        : 55229
	#2        : 7406
	#3        : 2987
	#4        : 2537
	#5        : 3138
	#6        : 1480
	#7        : 1368
	#8        : 1225
	#9        : 988
	#10-19    : 2074
	#20-29    : 436
	#30-39    : 462
	#40-49    : 160
	#50-59    : 84
	#60-69    : 184
	#70-79    : 55
	#80-89    : 56
	#90-99    : 38
	#100-199  : 170
	#200-299  : 65
	#300-399  : 18
	#400-499  : 10
Maximum fanout number: 476
