ABC command line: "r exp_TCAD/benchmark/iscas_itc/b20.blif; tl_syn; mt -t; pt; q".

elapse: 0.14 seconds, total: 0.14 seconds
Finished matching 40874 functions. Time =     4.70 sec
[1;37mitc/b20/b20[0m : i/o =    522/    512  [1;36mand =   15181[0m  [1;35mlev =   73[0m [1;35m(36.23)[0m  mem = 0.19 MB
Mapping (K=8)  :  [1;33mlut =   5660[0m  [1;32medge =   19657[0m  [1;31mlev =   15[0m [1;31m(11.59)[0m  mem = 0.18 MB
elapse: 16.02 seconds, total: 16.16 seconds
	PI     : 522
	PO     : 512
	Node   : 5660
	Level  : 15
----------------------------------------
	Fanin numbers
	#2        : 2153
	#3        : 1297
	#4        : 933
	#5        : 466
	#6        : 387
	#7        : 316
	#8        : 108
Maximum fanin number: 8
----------------------------------------
	Fanout numbers
	#1        : 3445
	#2        : 938
	#3        : 403
	#4        : 240
	#5        : 148
	#6        : 76
	#7        : 60
	#8        : 25
	#9        : 17
	#10-19    : 189
	#20-29    : 59
	#30-39    : 27
	#40-49    : 5
	#50-59    : 4
	#60-69    : 12
	#70-79    : 2
	#80-89    : 3
	#90-99    : 2
	#100-199  : 4
	#400-499  : 1
Maximum fanout number: 432
collapse time :  =     0.01 sec
	PI     : 522
	PO     : 512
	Node   : 4931
	Level  : 15
----------------------------------------
	Fanin numbers
	#2        : 1118
	#3        : 1081
	#4        : 874
	#5        : 532
	#6        : 383
	#7        : 296
	#8        : 216
	#9        : 138
	#10-19    : 291
	#20-29    : 2
Maximum fanin number: 28
----------------------------------------
	Fanout numbers
	#1        : 2974
	#2        : 689
	#3        : 315
	#4        : 219
	#5        : 128
	#6        : 88
	#7        : 56
	#8        : 45
	#9        : 39
	#10-19    : 202
	#20-29    : 95
	#30-39    : 25
	#40-49    : 15
	#50-59    : 11
	#60-69    : 11
	#80-89    : 5
	#90-99    : 5
	#100-199  : 7
	#200-299  : 1
	#400-499  : 1
Maximum fanout number: 491
