ABC command line: "r exp_TCAD/benchmark/iscas_itc/b20.blif; aig_syn; mt -B 100; pt; q".

	TList constructed from AIG.
elapse: 0.15 seconds, total: 0.15 seconds
	PI     : 522
	PO     : 512
	Node   : 11552
	Level  : 66
----------------------------------------
	Fanin numbers
	#2        : 11552
Maximum fanin number: 2
----------------------------------------
	Fanout numbers
	#1        : 9053
	#2        : 1285
	#3        : 335
	#4        : 414
	#5        : 166
	#6        : 19
	#7        : 4
	#8        : 8
	#9        : 18
	#10-19    : 143
	#20-29    : 37
	#30-39    : 49
	#50-59    : 4
	#60-69    : 14
	#70-79    : 2
	#100-199  : 1
Maximum fanout number: 192
collapse time :  =     0.48 sec
	PI     : 522
	PO     : 512
	Node   : 5284
	Level  : 58
----------------------------------------
	Fanin numbers
	#2        : 1153
	#3        : 937
	#4        : 757
	#5        : 772
	#6        : 444
	#7        : 367
	#8        : 350
	#9        : 191
	#10-19    : 267
	#20-29    : 45
	#30-39    : 1
Maximum fanin number: 39
----------------------------------------
	Fanout numbers
	#1        : 3215
	#2        : 649
	#3        : 235
	#4        : 303
	#5        : 179
	#6        : 139
	#7        : 71
	#8        : 48
	#9        : 27
	#10-19    : 209
	#20-29    : 89
	#30-39    : 71
	#40-49    : 7
	#50-59    : 7
	#60-69    : 9
	#70-79    : 10
	#80-89    : 4
	#90-99    : 4
	#100-199  : 5
	#300-399  : 2
	#400-499  : 1
Maximum fanout number: 437
