ABC command line: "r exp_TCAD/benchmark/iscas_itc/b20.blif; tl_syn; mt; pt; q".

elapse: 0.13 seconds, total: 0.13 seconds
Finished matching 40874 functions. Time =     4.66 sec
[1;37mitc/b20/b20[0m : i/o =    522/    512  [1;36mand =   15181[0m  [1;35mlev =   73[0m [1;35m(36.23)[0m  mem = 0.19 MB
Mapping (K=8)  :  [1;33mlut =   5660[0m  [1;32medge =   19657[0m  [1;31mlev =   15[0m [1;31m(11.59)[0m  mem = 0.18 MB
elapse: 15.97 seconds, total: 16.10 seconds
	PI     : 522
	PO     : 512
	Node   : 5660
	Level  : 15
----------------------------------------
	Fanin numbers
	#2        : 2153
	#3        : 1297
	#4        : 933
	#5        : 466
	#6        : 387
	#7        : 316
	#8        : 108
Maximum fanin number: 8
----------------------------------------
	Fanout numbers
	#1        : 3445
	#2        : 938
	#3        : 403
	#4        : 240
	#5        : 148
	#6        : 76
	#7        : 60
	#8        : 25
	#9        : 17
	#10-19    : 189
	#20-29    : 59
	#30-39    : 27
	#40-49    : 5
	#50-59    : 4
	#60-69    : 12
	#70-79    : 2
	#80-89    : 3
	#90-99    : 2
	#100-199  : 4
	#400-499  : 1
Maximum fanout number: 432
collapse time :  =     0.02 sec
	PI     : 522
	PO     : 512
	Node   : 4679
	Level  : 15
----------------------------------------
	Fanin numbers
	#2        : 875
	#3        : 736
	#4        : 685
	#5        : 493
	#6        : 408
	#7        : 311
	#8        : 264
	#9        : 237
	#10-19    : 631
	#20-29    : 39
Maximum fanin number: 27
----------------------------------------
	Fanout numbers
	#1        : 2837
	#2        : 586
	#3        : 320
	#4        : 217
	#5        : 102
	#6        : 55
	#7        : 64
	#8        : 45
	#9        : 45
	#10-19    : 208
	#20-29    : 94
	#30-39    : 41
	#40-49    : 18
	#50-59    : 11
	#60-69    : 7
	#70-79    : 5
	#80-89    : 3
	#90-99    : 3
	#100-199  : 16
	#300-399  : 1
	#500-599  : 1
Maximum fanout number: 533
