ABC command line: "r exp_TCAD/benchmark/iscas_itc/b20.blif; aig_syn; mt -B 100 -t; pt; q".

	TList constructed from AIG.
elapse: 0.13 seconds, total: 0.13 seconds
	PI     : 522
	PO     : 512
	Node   : 11552
	Level  : 66
----------------------------------------
	Fanin numbers
	#2        : 11552
Maximum fanin number: 2
----------------------------------------
	Fanout numbers
	#1        : 9053
	#2        : 1285
	#3        : 335
	#4        : 414
	#5        : 166
	#6        : 19
	#7        : 4
	#8        : 8
	#9        : 18
	#10-19    : 143
	#20-29    : 37
	#30-39    : 49
	#50-59    : 4
	#60-69    : 14
	#70-79    : 2
	#100-199  : 1
Maximum fanout number: 192
collapse time :  =     0.20 sec
	PI     : 522
	PO     : 512
	Node   : 5932
	Level  : 59
----------------------------------------
	Fanin numbers
	#2        : 1925
	#3        : 2187
	#4        : 544
	#5        : 609
	#6        : 354
	#7        : 141
	#8        : 62
	#9        : 49
	#10-19    : 58
	#20-29    : 1
	#30-39    : 1
	#40-49    : 1
Maximum fanin number: 41
----------------------------------------
	Fanout numbers
	#1        : 3766
	#2        : 830
	#3        : 295
	#4        : 332
	#5        : 161
	#6        : 118
	#7        : 39
	#8        : 49
	#9        : 33
	#10-19    : 192
	#20-29    : 48
	#30-39    : 36
	#40-49    : 1
	#50-59    : 6
	#60-69    : 8
	#70-79    : 4
	#80-89    : 1
	#90-99    : 7
	#100-199  : 5
	#300-399  : 1
Maximum fanout number: 381
