ABC command line: "r exp_TCAD/benchmark/iscas_itc/b20.blif; tl_syn; mt -B 100; pt; q".

elapse: 0.14 seconds, total: 0.14 seconds
Finished matching 40874 functions. Time =     4.70 sec
[1;37mitc/b20/b20[0m : i/o =    522/    512  [1;36mand =   15181[0m  [1;35mlev =   73[0m [1;35m(36.23)[0m  mem = 0.19 MB
Mapping (K=8)  :  [1;33mlut =   5660[0m  [1;32medge =   19657[0m  [1;31mlev =   15[0m [1;31m(11.59)[0m  mem = 0.18 MB
elapse: 16.18 seconds, total: 16.33 seconds
	PI     : 522
	PO     : 512
	Node   : 5660
	Level  : 15
----------------------------------------
	Fanin numbers
	#2        : 2153
	#3        : 1297
	#4        : 933
	#5        : 466
	#6        : 387
	#7        : 316
	#8        : 108
Maximum fanin number: 8
----------------------------------------
	Fanout numbers
	#1        : 3445
	#2        : 938
	#3        : 403
	#4        : 240
	#5        : 148
	#6        : 76
	#7        : 60
	#8        : 25
	#9        : 17
	#10-19    : 189
	#20-29    : 59
	#30-39    : 27
	#40-49    : 5
	#50-59    : 4
	#60-69    : 12
	#70-79    : 2
	#80-89    : 3
	#90-99    : 2
	#100-199  : 4
	#400-499  : 1
Maximum fanout number: 432
collapse time :  =     0.41 sec
	PI     : 522
	PO     : 512
	Node   : 4630
	Level  : 15
----------------------------------------
	Fanin numbers
	#2        : 948
	#3        : 779
	#4        : 741
	#5        : 507
	#6        : 436
	#7        : 325
	#8        : 249
	#9        : 203
	#10-19    : 439
	#20-29    : 2
	#30-39    : 1
Maximum fanin number: 34
----------------------------------------
	Fanout numbers
	#1        : 2770
	#2        : 576
	#3        : 309
	#4        : 236
	#5        : 103
	#6        : 72
	#7        : 62
	#8        : 57
	#9        : 57
	#10-19    : 193
	#20-29    : 102
	#30-39    : 39
	#40-49    : 11
	#50-59    : 11
	#60-69    : 9
	#70-79    : 2
	#80-89    : 3
	#90-99    : 2
	#100-199  : 15
	#400-499  : 1
Maximum fanout number: 499
