ABC command line: "r exp_TCAD/benchmark/iscas_itc/b20.blif; aig_syn; mt; pt; q".

	TList constructed from AIG.
elapse: 0.15 seconds, total: 0.15 seconds
	PI     : 522
	PO     : 512
	Node   : 11552
	Level  : 66
----------------------------------------
	Fanin numbers
	#2        : 11552
Maximum fanin number: 2
----------------------------------------
	Fanout numbers
	#1        : 9053
	#2        : 1285
	#3        : 335
	#4        : 414
	#5        : 166
	#6        : 19
	#7        : 4
	#8        : 8
	#9        : 18
	#10-19    : 143
	#20-29    : 37
	#30-39    : 49
	#50-59    : 4
	#60-69    : 14
	#70-79    : 2
	#100-199  : 1
Maximum fanout number: 192
collapse time :  =     0.05 sec
	PI     : 522
	PO     : 512
	Node   : 5929
	Level  : 47
----------------------------------------
	Fanin numbers
	#2        : 631
	#3        : 624
	#4        : 498
	#5        : 460
	#6        : 501
	#7        : 701
	#8        : 742
	#9        : 507
	#10-19    : 1240
	#20-29    : 24
	#30-39    : 1
Maximum fanin number: 30
----------------------------------------
	Fanout numbers
	#1        : 3902
	#2        : 741
	#3        : 239
	#4        : 252
	#5        : 157
	#6        : 80
	#7        : 65
	#8        : 54
	#9        : 21
	#10-19    : 163
	#20-29    : 67
	#30-39    : 83
	#40-49    : 23
	#50-59    : 11
	#60-69    : 10
	#70-79    : 4
	#80-89    : 1
	#90-99    : 4
	#100-199  : 36
	#200-299  : 6
	#300-399  : 6
	#400-499  : 1
	#500-599  : 2
	#600-699  : 1
Maximum fanout number: 668
