ABC command line: "r exp_TCAD/benchmark/iscas_itc/b20.blif; aig_syn; mt -t; pt; q".

	TList constructed from AIG.
elapse: 0.15 seconds, total: 0.15 seconds
	PI     : 522
	PO     : 512
	Node   : 11552
	Level  : 66
----------------------------------------
	Fanin numbers
	#2        : 11552
Maximum fanin number: 2
----------------------------------------
	Fanout numbers
	#1        : 9053
	#2        : 1285
	#3        : 335
	#4        : 414
	#5        : 166
	#6        : 19
	#7        : 4
	#8        : 8
	#9        : 18
	#10-19    : 143
	#20-29    : 37
	#30-39    : 49
	#50-59    : 4
	#60-69    : 14
	#70-79    : 2
	#100-199  : 1
Maximum fanout number: 192
collapse time :  =     0.03 sec
	PI     : 522
	PO     : 512
	Node   : 6323
	Level  : 44
----------------------------------------
	Fanin numbers
	#2        : 882
	#3        : 2440
	#4        : 336
	#5        : 1694
	#6        : 387
	#7        : 223
	#8        : 122
	#9        : 77
	#10-19    : 159
	#20-29    : 2
	#30-39    : 1
Maximum fanin number: 32
----------------------------------------
	Fanout numbers
	#1        : 3871
	#2        : 1025
	#3        : 362
	#4        : 351
	#5        : 186
	#6        : 71
	#7        : 48
	#8        : 31
	#9        : 21
	#10-19    : 199
	#20-29    : 81
	#30-39    : 28
	#40-49    : 6
	#50-59    : 4
	#60-69    : 9
	#70-79    : 2
	#80-89    : 3
	#90-99    : 4
	#100-199  : 12
	#200-299  : 3
	#300-399  : 6
Maximum fanout number: 376
