ABC command line: "r exp_TCAD/benchmark/iscas_itc/b20.blif; tl_syn; mt -B 100 -t; pt; q".

elapse: 0.13 seconds, total: 0.13 seconds
Finished matching 40874 functions. Time =     4.05 sec
[1;37mitc/b20/b20[0m : i/o =    522/    512  [1;36mand =   15181[0m  [1;35mlev =   73[0m [1;35m(36.23)[0m  mem = 0.19 MB
Mapping (K=8)  :  [1;33mlut =   5660[0m  [1;32medge =   19657[0m  [1;31mlev =   15[0m [1;31m(11.59)[0m  mem = 0.18 MB
elapse: 13.99 seconds, total: 14.12 seconds
	PI     : 522
	PO     : 512
	Node   : 5660
	Level  : 15
----------------------------------------
	Fanin numbers
	#2        : 2153
	#3        : 1297
	#4        : 933
	#5        : 466
	#6        : 387
	#7        : 316
	#8        : 108
Maximum fanin number: 8
----------------------------------------
	Fanout numbers
	#1        : 3445
	#2        : 938
	#3        : 403
	#4        : 240
	#5        : 148
	#6        : 76
	#7        : 60
	#8        : 25
	#9        : 17
	#10-19    : 189
	#20-29    : 59
	#30-39    : 27
	#40-49    : 5
	#50-59    : 4
	#60-69    : 12
	#70-79    : 2
	#80-89    : 3
	#90-99    : 2
	#100-199  : 4
	#400-499  : 1
Maximum fanout number: 432
collapse time :  =     0.21 sec
	PI     : 522
	PO     : 512
	Node   : 4800
	Level  : 15
----------------------------------------
	Fanin numbers
	#2        : 1154
	#3        : 1027
	#4        : 814
	#5        : 504
	#6        : 383
	#7        : 263
	#8        : 217
	#9        : 155
	#10-19    : 282
	#30-39    : 1
Maximum fanin number: 35
----------------------------------------
	Fanout numbers
	#1        : 2894
	#2        : 646
	#3        : 300
	#4        : 249
	#5        : 126
	#6        : 84
	#7        : 67
	#8        : 37
	#9        : 35
	#10-19    : 188
	#20-29    : 95
	#30-39    : 31
	#40-49    : 10
	#50-59    : 8
	#60-69    : 10
	#70-79    : 2
	#80-89    : 4
	#90-99    : 6
	#100-199  : 7
	#400-499  : 1
Maximum fanout number: 486
