ABC command line: "r exp_TCAD/benchmark/iscas_itc/b21.blif; aig_syn; mt -B 100 -t; pt; q".

	TList constructed from AIG.
elapse: 0.15 seconds, total: 0.15 seconds
	PI     : 522
	PO     : 512
	Node   : 11728
	Level  : 70
----------------------------------------
	Fanin numbers
	#2        : 11728
Maximum fanin number: 2
----------------------------------------
	Fanout numbers
	#1        : 9236
	#2        : 1241
	#3        : 354
	#4        : 431
	#5        : 158
	#6        : 20
	#7        : 8
	#8        : 5
	#9        : 7
	#10-19    : 163
	#20-29    : 35
	#30-39    : 50
	#50-59    : 3
	#60-69    : 14
	#70-79    : 1
	#80-89    : 1
	#100-199  : 1
Maximum fanout number: 192
collapse time :  =     0.22 sec
	PI     : 522
	PO     : 512
	Node   : 6040
	Level  : 61
----------------------------------------
	Fanin numbers
	#2        : 1963
	#3        : 2258
	#4        : 588
	#5        : 570
	#6        : 388
	#7        : 99
	#8        : 69
	#9        : 46
	#10-19    : 56
	#20-29    : 2
	#30-39    : 1
Maximum fanin number: 37
----------------------------------------
	Fanout numbers
	#1        : 3853
	#2        : 876
	#3        : 291
	#4        : 355
	#5        : 133
	#6        : 111
	#7        : 40
	#8        : 51
	#9        : 25
	#10-19    : 186
	#20-29    : 48
	#30-39    : 38
	#50-59    : 4
	#60-69    : 8
	#70-79    : 5
	#80-89    : 2
	#90-99    : 7
	#100-199  : 6
	#300-399  : 1
Maximum fanout number: 389
