ABC command line: "r exp_TCAD/benchmark/iscas_itc/b21.blif; tl_syn; mt; pt; q".

elapse: 0.17 seconds, total: 0.17 seconds
Finished matching 40046 functions. Time =     5.60 sec
[1;37mitc/b21/b21[0m : i/o =    522/    512  [1;36mand =   14623[0m  [1;35mlev =   78[0m [1;35m(36.88)[0m  mem = 0.18 MB
Mapping (K=8)  :  [1;33mlut =   5660[0m  [1;32medge =   19131[0m  [1;31mlev =   16[0m [1;31m(12.02)[0m  mem = 0.18 MB
elapse: 16.77 seconds, total: 16.94 seconds
	PI     : 522
	PO     : 512
	Node   : 5660
	Level  : 16
----------------------------------------
	Fanin numbers
	#2        : 2289
	#3        : 1362
	#4        : 841
	#5        : 396
	#6        : 381
	#7        : 291
	#8        : 100
Maximum fanin number: 8
----------------------------------------
	Fanout numbers
	#1        : 3476
	#2        : 936
	#3        : 389
	#4        : 265
	#5        : 135
	#6        : 57
	#7        : 47
	#8        : 23
	#9        : 22
	#10-19    : 183
	#20-29    : 73
	#30-39    : 26
	#40-49    : 5
	#50-59    : 2
	#60-69    : 10
	#70-79    : 2
	#80-89    : 3
	#90-99    : 2
	#100-199  : 3
	#300-399  : 1
Maximum fanout number: 385
collapse time :  =     0.02 sec
	PI     : 522
	PO     : 512
	Node   : 4730
	Level  : 16
----------------------------------------
	Fanin numbers
	#2        : 956
	#3        : 736
	#4        : 652
	#5        : 470
	#6        : 392
	#7        : 256
	#8        : 186
	#9        : 237
	#10-19    : 753
	#20-29    : 92
Maximum fanin number: 29
----------------------------------------
	Fanout numbers
	#1        : 2888
	#2        : 639
	#3        : 312
	#4        : 236
	#5        : 116
	#6        : 63
	#7        : 45
	#8        : 34
	#9        : 29
	#10-19    : 145
	#20-29    : 79
	#30-39    : 39
	#40-49    : 23
	#50-59    : 14
	#60-69    : 19
	#70-79    : 10
	#80-89    : 12
	#90-99    : 6
	#100-199  : 19
	#200-299  : 1
	#400-499  : 1
Maximum fanout number: 442
