ABC command line: "r exp_TCAD/benchmark/iscas_itc/b21.blif; tl_syn; mt -B 100; pt; q".

elapse: 0.16 seconds, total: 0.16 seconds
Finished matching 40046 functions. Time =     5.49 sec
[1;37mitc/b21/b21[0m : i/o =    522/    512  [1;36mand =   14623[0m  [1;35mlev =   78[0m [1;35m(36.88)[0m  mem = 0.18 MB
Mapping (K=8)  :  [1;33mlut =   5660[0m  [1;32medge =   19131[0m  [1;31mlev =   16[0m [1;31m(12.02)[0m  mem = 0.18 MB
elapse: 16.42 seconds, total: 16.58 seconds
	PI     : 522
	PO     : 512
	Node   : 5660
	Level  : 16
----------------------------------------
	Fanin numbers
	#2        : 2289
	#3        : 1362
	#4        : 841
	#5        : 396
	#6        : 381
	#7        : 291
	#8        : 100
Maximum fanin number: 8
----------------------------------------
	Fanout numbers
	#1        : 3476
	#2        : 936
	#3        : 389
	#4        : 265
	#5        : 135
	#6        : 57
	#7        : 47
	#8        : 23
	#9        : 22
	#10-19    : 183
	#20-29    : 73
	#30-39    : 26
	#40-49    : 5
	#50-59    : 2
	#60-69    : 10
	#70-79    : 2
	#80-89    : 3
	#90-99    : 2
	#100-199  : 3
	#300-399  : 1
Maximum fanout number: 385
collapse time :  =     0.39 sec
	PI     : 522
	PO     : 512
	Node   : 4628
	Level  : 16
----------------------------------------
	Fanin numbers
	#2        : 1036
	#3        : 714
	#4        : 710
	#5        : 464
	#6        : 449
	#7        : 289
	#8        : 284
	#9        : 210
	#10-19    : 468
	#20-29    : 2
	#30-39    : 2
Maximum fanin number: 37
----------------------------------------
	Fanout numbers
	#1        : 2795
	#2        : 552
	#3        : 299
	#4        : 267
	#5        : 130
	#6        : 76
	#7        : 54
	#8        : 41
	#9        : 30
	#10-19    : 165
	#20-29    : 120
	#30-39    : 47
	#40-49    : 13
	#50-59    : 7
	#60-69    : 5
	#70-79    : 2
	#80-89    : 5
	#90-99    : 5
	#100-199  : 14
	#400-499  : 1
Maximum fanout number: 439
