ABC command line: "r exp_TCAD/benchmark/iscas_itc/b21.blif; aig_syn; mt; pt; q".

	TList constructed from AIG.
elapse: 0.16 seconds, total: 0.16 seconds
	PI     : 522
	PO     : 512
	Node   : 11728
	Level  : 70
----------------------------------------
	Fanin numbers
	#2        : 11728
Maximum fanin number: 2
----------------------------------------
	Fanout numbers
	#1        : 9236
	#2        : 1241
	#3        : 354
	#4        : 431
	#5        : 158
	#6        : 20
	#7        : 8
	#8        : 5
	#9        : 7
	#10-19    : 163
	#20-29    : 35
	#30-39    : 50
	#50-59    : 3
	#60-69    : 14
	#70-79    : 1
	#80-89    : 1
	#100-199  : 1
Maximum fanout number: 192
collapse time :  =     0.05 sec
	PI     : 522
	PO     : 512
	Node   : 6017
	Level  : 54
----------------------------------------
	Fanin numbers
	#2        : 544
	#3        : 567
	#4        : 388
	#5        : 289
	#6        : 399
	#7        : 668
	#8        : 824
	#9        : 701
	#10-19    : 1602
	#20-29    : 34
	#30-39    : 1
Maximum fanin number: 30
----------------------------------------
	Fanout numbers
	#1        : 4024
	#2        : 740
	#3        : 196
	#4        : 252
	#5        : 162
	#6        : 73
	#7        : 59
	#8        : 70
	#9        : 21
	#10-19    : 133
	#20-29    : 72
	#30-39    : 81
	#40-49    : 28
	#50-59    : 20
	#60-69    : 6
	#70-79    : 2
	#80-89    : 10
	#90-99    : 11
	#100-199  : 40
	#200-299  : 6
	#300-399  : 7
	#400-499  : 1
	#600-699  : 2
	#700-799  : 1
Maximum fanout number: 736
