ABC command line: "r exp_TCAD/benchmark/iscas_itc/b21.blif; aig_syn; mt -B 100; pt; q".

	TList constructed from AIG.
elapse: 0.15 seconds, total: 0.15 seconds
	PI     : 522
	PO     : 512
	Node   : 11728
	Level  : 70
----------------------------------------
	Fanin numbers
	#2        : 11728
Maximum fanin number: 2
----------------------------------------
	Fanout numbers
	#1        : 9236
	#2        : 1241
	#3        : 354
	#4        : 431
	#5        : 158
	#6        : 20
	#7        : 8
	#8        : 5
	#9        : 7
	#10-19    : 163
	#20-29    : 35
	#30-39    : 50
	#50-59    : 3
	#60-69    : 14
	#70-79    : 1
	#80-89    : 1
	#100-199  : 1
Maximum fanout number: 192
collapse time :  =     0.43 sec
	PI     : 522
	PO     : 512
	Node   : 5381
	Level  : 59
----------------------------------------
	Fanin numbers
	#2        : 1170
	#3        : 952
	#4        : 804
	#5        : 752
	#6        : 397
	#7        : 392
	#8        : 350
	#9        : 175
	#10-19    : 316
	#20-29    : 71
	#30-39    : 2
Maximum fanin number: 38
----------------------------------------
	Fanout numbers
	#1        : 3271
	#2        : 691
	#3        : 267
	#4        : 265
	#5        : 185
	#6        : 141
	#7        : 73
	#8        : 42
	#9        : 26
	#10-19    : 208
	#20-29    : 94
	#30-39    : 67
	#40-49    : 7
	#50-59    : 4
	#60-69    : 14
	#70-79    : 8
	#80-89    : 3
	#90-99    : 5
	#100-199  : 7
	#200-299  : 1
	#300-399  : 1
	#400-499  : 1
Maximum fanout number: 435
