ABC command line: "r exp_TCAD/benchmark/iscas_itc/b21.blif; aig_syn; mt -t; pt; q".

	TList constructed from AIG.
elapse: 0.16 seconds, total: 0.16 seconds
	PI     : 522
	PO     : 512
	Node   : 11728
	Level  : 70
----------------------------------------
	Fanin numbers
	#2        : 11728
Maximum fanin number: 2
----------------------------------------
	Fanout numbers
	#1        : 9236
	#2        : 1241
	#3        : 354
	#4        : 431
	#5        : 158
	#6        : 20
	#7        : 8
	#8        : 5
	#9        : 7
	#10-19    : 163
	#20-29    : 35
	#30-39    : 50
	#50-59    : 3
	#60-69    : 14
	#70-79    : 1
	#80-89    : 1
	#100-199  : 1
Maximum fanout number: 192
collapse time :  =     0.03 sec
	PI     : 522
	PO     : 512
	Node   : 6343
	Level  : 52
----------------------------------------
	Fanin numbers
	#2        : 718
	#3        : 2232
	#4        : 425
	#5        : 1824
	#6        : 439
	#7        : 317
	#8        : 120
	#9        : 130
	#10-19    : 136
	#20-29    : 2
Maximum fanin number: 25
----------------------------------------
	Fanout numbers
	#1        : 3818
	#2        : 1043
	#3        : 359
	#4        : 317
	#5        : 196
	#6        : 67
	#7        : 58
	#8        : 48
	#9        : 26
	#10-19    : 250
	#20-29    : 80
	#30-39    : 31
	#40-49    : 6
	#50-59    : 5
	#60-69    : 9
	#70-79    : 1
	#80-89    : 4
	#90-99    : 2
	#100-199  : 16
	#200-299  : 2
	#300-399  : 3
	#400-499  : 2
Maximum fanout number: 424
