ABC command line: "r exp_TCAD/benchmark/iscas_itc/b21.blif; tl_syn; mt -B 100 -t; pt; q".

elapse: 0.16 seconds, total: 0.16 seconds
Finished matching 40046 functions. Time =     4.70 sec
[1;37mitc/b21/b21[0m : i/o =    522/    512  [1;36mand =   14623[0m  [1;35mlev =   78[0m [1;35m(36.88)[0m  mem = 0.18 MB
Mapping (K=8)  :  [1;33mlut =   5660[0m  [1;32medge =   19131[0m  [1;31mlev =   16[0m [1;31m(12.02)[0m  mem = 0.18 MB
elapse: 14.07 seconds, total: 14.23 seconds
	PI     : 522
	PO     : 512
	Node   : 5660
	Level  : 16
----------------------------------------
	Fanin numbers
	#2        : 2289
	#3        : 1362
	#4        : 841
	#5        : 396
	#6        : 381
	#7        : 291
	#8        : 100
Maximum fanin number: 8
----------------------------------------
	Fanout numbers
	#1        : 3476
	#2        : 936
	#3        : 389
	#4        : 265
	#5        : 135
	#6        : 57
	#7        : 47
	#8        : 23
	#9        : 22
	#10-19    : 183
	#20-29    : 73
	#30-39    : 26
	#40-49    : 5
	#50-59    : 2
	#60-69    : 10
	#70-79    : 2
	#80-89    : 3
	#90-99    : 2
	#100-199  : 3
	#300-399  : 1
Maximum fanout number: 385
collapse time :  =     0.22 sec
	PI     : 522
	PO     : 512
	Node   : 4799
	Level  : 16
----------------------------------------
	Fanin numbers
	#2        : 1304
	#3        : 939
	#4        : 805
	#5        : 462
	#6        : 413
	#7        : 265
	#8        : 222
	#9        : 133
	#10-19    : 254
	#20-29    : 1
	#30-39    : 1
Maximum fanin number: 37
----------------------------------------
	Fanout numbers
	#1        : 2924
	#2        : 615
	#3        : 317
	#4        : 274
	#5        : 135
	#6        : 71
	#7        : 47
	#8        : 26
	#9        : 28
	#10-19    : 168
	#20-29    : 122
	#30-39    : 31
	#40-49    : 8
	#50-59    : 5
	#60-69    : 8
	#70-79    : 2
	#80-89    : 6
	#90-99    : 2
	#100-199  : 9
	#400-499  : 1
Maximum fanout number: 428
