ABC command line: "r exp_TCAD/benchmark/iscas_itc/b22.blif; tl_syn; mt -t; pt; q".

elapse: 0.22 seconds, total: 0.22 seconds
Finished matching 48787 functions. Time =     5.01 sec
[1;37mitc/b22/b22[0m : i/o =    767/    757  [1;36mand =   21362[0m  [1;35mlev =   78[0m [1;35m(38.17)[0m  mem = 0.27 MB
Mapping (K=8)  :  [1;33mlut =   8429[0m  [1;32medge =   27774[0m  [1;31mlev =   16[0m [1;31m(12.65)[0m  mem = 0.26 MB
elapse: 19.01 seconds, total: 19.23 seconds
	PI     : 767
	PO     : 757
	Node   : 8429
	Level  : 16
----------------------------------------
	Fanin numbers
	#2        : 3525
	#3        : 2029
	#4        : 1285
	#5        : 628
	#6        : 487
	#7        : 365
	#8        : 110
Maximum fanin number: 8
----------------------------------------
	Fanout numbers
	#1        : 5061
	#2        : 1566
	#3        : 615
	#4        : 369
	#5        : 200
	#6        : 92
	#7        : 65
	#8        : 39
	#9        : 20
	#10-19    : 234
	#20-29    : 86
	#30-39    : 36
	#40-49    : 6
	#50-59    : 4
	#60-69    : 18
	#70-79    : 7
	#80-89    : 3
	#90-99    : 4
	#100-199  : 3
	#400-499  : 1
Maximum fanout number: 407
collapse time :  =     0.01 sec
	PI     : 767
	PO     : 757
	Node   : 7385
	Level  : 16
----------------------------------------
	Fanin numbers
	#2        : 1819
	#3        : 1781
	#4        : 1214
	#5        : 742
	#6        : 602
	#7        : 396
	#8        : 256
	#9        : 183
	#10-19    : 389
	#20-29    : 3
Maximum fanin number: 28
----------------------------------------
	Fanout numbers
	#1        : 4390
	#2        : 1186
	#3        : 477
	#4        : 363
	#5        : 167
	#6        : 98
	#7        : 88
	#8        : 71
	#9        : 46
	#10-19    : 226
	#20-29    : 150
	#30-39    : 51
	#40-49    : 9
	#50-59    : 10
	#60-69    : 19
	#70-79    : 9
	#80-89    : 9
	#90-99    : 3
	#100-199  : 12
	#500-599  : 1
Maximum fanout number: 534
