ABC command line: "r exp_TCAD/benchmark/iscas_itc/b22.blif; tl_syn; mt -B 100 -t; pt; q".

elapse: 0.22 seconds, total: 0.22 seconds
Finished matching 48787 functions. Time =     5.01 sec
[1;37mitc/b22/b22[0m : i/o =    767/    757  [1;36mand =   21362[0m  [1;35mlev =   78[0m [1;35m(38.17)[0m  mem = 0.27 MB
Mapping (K=8)  :  [1;33mlut =   8429[0m  [1;32medge =   27774[0m  [1;31mlev =   16[0m [1;31m(12.65)[0m  mem = 0.26 MB
elapse: 18.98 seconds, total: 19.19 seconds
	PI     : 767
	PO     : 757
	Node   : 8429
	Level  : 16
----------------------------------------
	Fanin numbers
	#2        : 3525
	#3        : 2029
	#4        : 1285
	#5        : 628
	#6        : 487
	#7        : 365
	#8        : 110
Maximum fanin number: 8
----------------------------------------
	Fanout numbers
	#1        : 5061
	#2        : 1566
	#3        : 615
	#4        : 369
	#5        : 200
	#6        : 92
	#7        : 65
	#8        : 39
	#9        : 20
	#10-19    : 234
	#20-29    : 86
	#30-39    : 36
	#40-49    : 6
	#50-59    : 4
	#60-69    : 18
	#70-79    : 7
	#80-89    : 3
	#90-99    : 4
	#100-199  : 3
	#400-499  : 1
Maximum fanout number: 407
collapse time :  =     0.33 sec
	PI     : 767
	PO     : 757
	Node   : 7126
	Level  : 16
----------------------------------------
	Fanin numbers
	#2        : 1949
	#3        : 1587
	#4        : 1138
	#5        : 699
	#6        : 578
	#7        : 357
	#8        : 261
	#9        : 183
	#10-19    : 370
	#20-29    : 3
	#30-39    : 1
Maximum fanin number: 33
----------------------------------------
	Fanout numbers
	#1        : 4250
	#2        : 1066
	#3        : 485
	#4        : 358
	#5        : 188
	#6        : 102
	#7        : 82
	#8        : 57
	#9        : 48
	#10-19    : 240
	#20-29    : 140
	#30-39    : 47
	#40-49    : 9
	#50-59    : 10
	#60-69    : 14
	#70-79    : 6
	#80-89    : 7
	#90-99    : 6
	#100-199  : 10
	#500-599  : 1
Maximum fanout number: 531
