ABC command line: "r exp_TCAD/benchmark/iscas_itc/b22.blif; tl_syn; mt -B 100; pt; q".

elapse: 0.24 seconds, total: 0.24 seconds
Finished matching 48787 functions. Time =     5.58 sec
[1;37mitc/b22/b22[0m : i/o =    767/    757  [1;36mand =   21362[0m  [1;35mlev =   78[0m [1;35m(38.17)[0m  mem = 0.27 MB
Mapping (K=8)  :  [1;33mlut =   8429[0m  [1;32medge =   27774[0m  [1;31mlev =   16[0m [1;31m(12.65)[0m  mem = 0.26 MB
elapse: 21.17 seconds, total: 21.41 seconds
	PI     : 767
	PO     : 757
	Node   : 8429
	Level  : 16
----------------------------------------
	Fanin numbers
	#2        : 3525
	#3        : 2029
	#4        : 1285
	#5        : 628
	#6        : 487
	#7        : 365
	#8        : 110
Maximum fanin number: 8
----------------------------------------
	Fanout numbers
	#1        : 5061
	#2        : 1566
	#3        : 615
	#4        : 369
	#5        : 200
	#6        : 92
	#7        : 65
	#8        : 39
	#9        : 20
	#10-19    : 234
	#20-29    : 86
	#30-39    : 36
	#40-49    : 6
	#50-59    : 4
	#60-69    : 18
	#70-79    : 7
	#80-89    : 3
	#90-99    : 4
	#100-199  : 3
	#400-499  : 1
Maximum fanout number: 407
collapse time :  =     0.59 sec
	PI     : 767
	PO     : 757
	Node   : 6846
	Level  : 16
----------------------------------------
	Fanin numbers
	#2        : 1611
	#3        : 1263
	#4        : 1026
	#5        : 683
	#6        : 558
	#7        : 419
	#8        : 372
	#9        : 301
	#10-19    : 607
	#20-29    : 4
	#30-39    : 2
Maximum fanin number: 33
----------------------------------------
	Fanout numbers
	#1        : 4049
	#2        : 920
	#3        : 503
	#4        : 325
	#5        : 186
	#6        : 106
	#7        : 87
	#8        : 76
	#9        : 74
	#10-19    : 221
	#20-29    : 161
	#30-39    : 57
	#40-49    : 18
	#50-59    : 10
	#60-69    : 13
	#70-79    : 10
	#80-89    : 9
	#90-99    : 6
	#100-199  : 14
	#500-599  : 1
Maximum fanout number: 524
