ABC command line: "r exp_TCAD/benchmark/iscas_itc/b22.blif; aig_syn; mt -B 100 -t; pt; q".

	TList constructed from AIG.
elapse: 0.22 seconds, total: 0.22 seconds
	PI     : 767
	PO     : 757
	Node   : 17614
	Level  : 68
----------------------------------------
	Fanin numbers
	#2        : 17614
Maximum fanin number: 2
----------------------------------------
	Fanout numbers
	#1        : 13756
	#2        : 2011
	#3        : 528
	#4        : 627
	#5        : 243
	#6        : 17
	#7        : 13
	#8        : 11
	#9        : 16
	#10-19    : 223
	#20-29    : 58
	#30-39    : 84
	#50-59    : 6
	#60-69    : 18
	#70-79    : 1
	#80-89    : 1
	#200-299  : 1
Maximum fanout number: 256
collapse time :  =     0.31 sec
	PI     : 767
	PO     : 757
	Node   : 8952
	Level  : 58
----------------------------------------
	Fanin numbers
	#2        : 2928
	#3        : 3204
	#4        : 847
	#5        : 916
	#6        : 612
	#7        : 186
	#8        : 105
	#9        : 59
	#10-19    : 90
	#20-29    : 3
	#40-49    : 2
Maximum fanin number: 41
----------------------------------------
	Fanout numbers
	#1        : 5685
	#2        : 1300
	#3        : 414
	#4        : 508
	#5        : 238
	#6        : 169
	#7        : 52
	#8        : 69
	#9        : 44
	#10-19    : 263
	#20-29    : 96
	#30-39    : 65
	#40-49    : 2
	#50-59    : 9
	#60-69    : 11
	#70-79    : 6
	#80-89    : 4
	#90-99    : 12
	#100-199  : 4
	#500-599  : 1
Maximum fanout number: 531
