ABC command line: "r exp_TCAD/benchmark/iscas_itc/b22.blif; aig_syn; mt; pt; q".

	TList constructed from AIG.
elapse: 0.26 seconds, total: 0.26 seconds
	PI     : 767
	PO     : 757
	Node   : 17614
	Level  : 68
----------------------------------------
	Fanin numbers
	#2        : 17614
Maximum fanin number: 2
----------------------------------------
	Fanout numbers
	#1        : 13756
	#2        : 2011
	#3        : 528
	#4        : 627
	#5        : 243
	#6        : 17
	#7        : 13
	#8        : 11
	#9        : 16
	#10-19    : 223
	#20-29    : 58
	#30-39    : 84
	#50-59    : 6
	#60-69    : 18
	#70-79    : 1
	#80-89    : 1
	#200-299  : 1
Maximum fanout number: 256
collapse time :  =     0.10 sec
	PI     : 767
	PO     : 757
	Node   : 9071
	Level  : 57
----------------------------------------
	Fanin numbers
	#2        : 936
	#3        : 833
	#4        : 621
	#5        : 452
	#6        : 725
	#7        : 1013
	#8        : 1220
	#9        : 986
	#10-19    : 2246
	#20-29    : 37
	#30-39    : 2
Maximum fanin number: 30
----------------------------------------
	Fanout numbers
	#1        : 6021
	#2        : 1105
	#3        : 331
	#4        : 372
	#5        : 266
	#6        : 92
	#7        : 110
	#8        : 84
	#9        : 45
	#10-19    : 216
	#20-29    : 109
	#30-39    : 134
	#40-49    : 42
	#50-59    : 22
	#60-69    : 16
	#70-79    : 4
	#80-89    : 7
	#90-99    : 9
	#100-199  : 62
	#200-299  : 13
	#300-399  : 5
	#400-499  : 1
	#500-599  : 2
	#600-699  : 2
	#700-799  : 1
Maximum fanout number: 787
