ABC command line: "r exp_TCAD/benchmark/iscas_itc/b22.blif; tl_syn; mt; pt; q".

elapse: 0.23 seconds, total: 0.23 seconds
Finished matching 48787 functions. Time =     5.36 sec
[1;37mitc/b22/b22[0m : i/o =    767/    757  [1;36mand =   21362[0m  [1;35mlev =   78[0m [1;35m(38.17)[0m  mem = 0.27 MB
Mapping (K=8)  :  [1;33mlut =   8429[0m  [1;32medge =   27774[0m  [1;31mlev =   16[0m [1;31m(12.65)[0m  mem = 0.26 MB
elapse: 20.94 seconds, total: 21.17 seconds
	PI     : 767
	PO     : 757
	Node   : 8429
	Level  : 16
----------------------------------------
	Fanin numbers
	#2        : 3525
	#3        : 2029
	#4        : 1285
	#5        : 628
	#6        : 487
	#7        : 365
	#8        : 110
Maximum fanin number: 8
----------------------------------------
	Fanout numbers
	#1        : 5061
	#2        : 1566
	#3        : 615
	#4        : 369
	#5        : 200
	#6        : 92
	#7        : 65
	#8        : 39
	#9        : 20
	#10-19    : 234
	#20-29    : 86
	#30-39    : 36
	#40-49    : 6
	#50-59    : 4
	#60-69    : 18
	#70-79    : 7
	#80-89    : 3
	#90-99    : 4
	#100-199  : 3
	#400-499  : 1
Maximum fanout number: 407
collapse time :  =     0.02 sec
	PI     : 767
	PO     : 757
	Node   : 7000
	Level  : 16
----------------------------------------
	Fanin numbers
	#2        : 1540
	#3        : 1344
	#4        : 917
	#5        : 706
	#6        : 544
	#7        : 398
	#8        : 331
	#9        : 302
	#10-19    : 842
	#20-29    : 72
	#30-39    : 4
Maximum fanin number: 31
----------------------------------------
	Fanout numbers
	#1        : 4179
	#2        : 1005
	#3        : 488
	#4        : 332
	#5        : 138
	#6        : 98
	#7        : 97
	#8        : 67
	#9        : 66
	#10-19    : 216
	#20-29    : 141
	#30-39    : 64
	#40-49    : 19
	#50-59    : 20
	#60-69    : 19
	#70-79    : 11
	#80-89    : 10
	#90-99    : 10
	#100-199  : 18
	#200-299  : 1
	#500-599  : 1
Maximum fanout number: 589
