ABC command line: "r exp_TCAD/benchmark/iscas_itc/b22.blif; aig_syn; mt -t; pt; q".

	TList constructed from AIG.
elapse: 0.22 seconds, total: 0.22 seconds
	PI     : 767
	PO     : 757
	Node   : 17614
	Level  : 68
----------------------------------------
	Fanin numbers
	#2        : 17614
Maximum fanin number: 2
----------------------------------------
	Fanout numbers
	#1        : 13756
	#2        : 2011
	#3        : 528
	#4        : 627
	#5        : 243
	#6        : 17
	#7        : 13
	#8        : 11
	#9        : 16
	#10-19    : 223
	#20-29    : 58
	#30-39    : 84
	#50-59    : 6
	#60-69    : 18
	#70-79    : 1
	#80-89    : 1
	#200-299  : 1
Maximum fanout number: 256
collapse time :  =     0.04 sec
	PI     : 767
	PO     : 757
	Node   : 9528
	Level  : 56
----------------------------------------
	Fanin numbers
	#2        : 1547
	#3        : 3512
	#4        : 419
	#5        : 2364
	#6        : 749
	#7        : 364
	#8        : 182
	#9        : 166
	#10-19    : 222
	#20-29    : 3
Maximum fanin number: 25
----------------------------------------
	Fanout numbers
	#1        : 6054
	#2        : 1518
	#3        : 380
	#4        : 436
	#5        : 269
	#6        : 94
	#7        : 63
	#8        : 89
	#9        : 40
	#10-19    : 316
	#20-29    : 137
	#30-39    : 62
	#40-49    : 8
	#50-59    : 4
	#60-69    : 17
	#70-79    : 1
	#80-89    : 5
	#90-99    : 3
	#100-199  : 19
	#200-299  : 5
	#300-399  : 4
	#400-499  : 4
Maximum fanout number: 441
