ABC command line: "r exp_TCAD/benchmark/iscas_itc/b22.blif; aig_syn; mt -B 100; pt; q".

	TList constructed from AIG.
elapse: 0.21 seconds, total: 0.21 seconds
	PI     : 767
	PO     : 757
	Node   : 17614
	Level  : 68
----------------------------------------
	Fanin numbers
	#2        : 17614
Maximum fanin number: 2
----------------------------------------
	Fanout numbers
	#1        : 13756
	#2        : 2011
	#3        : 528
	#4        : 627
	#5        : 243
	#6        : 17
	#7        : 13
	#8        : 11
	#9        : 16
	#10-19    : 223
	#20-29    : 58
	#30-39    : 84
	#50-59    : 6
	#60-69    : 18
	#70-79    : 1
	#80-89    : 1
	#200-299  : 1
Maximum fanout number: 256
collapse time :  =     0.61 sec
	PI     : 767
	PO     : 757
	Node   : 8028
	Level  : 60
----------------------------------------
	Fanin numbers
	#2        : 1789
	#3        : 1261
	#4        : 1198
	#5        : 1166
	#6        : 671
	#7        : 598
	#8        : 573
	#9        : 281
	#10-19    : 431
	#20-29    : 57
	#30-39    : 3
Maximum fanin number: 35
----------------------------------------
	Fanout numbers
	#1        : 4887
	#2        : 976
	#3        : 395
	#4        : 447
	#5        : 247
	#6        : 229
	#7        : 96
	#8        : 80
	#9        : 36
	#10-19    : 317
	#20-29    : 134
	#30-39    : 111
	#40-49    : 8
	#50-59    : 9
	#60-69    : 21
	#70-79    : 6
	#80-89    : 9
	#90-99    : 4
	#100-199  : 13
	#300-399  : 1
	#400-499  : 1
	#600-699  : 1
Maximum fanout number: 626
