ABC command line: "r exp_TCAD/benchmark/iscas_itc/c6288.blif; aig_syn; mt -B 100; pt; q".

	TList constructed from AIG.
Error: The network is already combinational.
elapse: 0.01 seconds, total: 0.01 seconds
	PI     : 32
	PO     : 32
	Node   : 2334
	Level  : 120
----------------------------------------
	Fanin numbers
	#2        : 2334
Maximum fanin number: 2
----------------------------------------
	Fanout numbers
	#1        : 942
	#2        : 930
	#3        : 462
Maximum fanout number: 3
collapse time :  =     0.12 sec
	PI     : 32
	PO     : 32
	Node   : 1404
	Level  : 95
----------------------------------------
	Fanin numbers
	#2        : 740
	#3        : 202
	#4        : 89
	#5        : 22
	#6        : 82
	#7        : 18
	#8        : 78
	#9        : 20
	#10-19    : 153
Maximum fanin number: 11
----------------------------------------
	Fanout numbers
	#1        : 137
	#2        : 464
	#3        : 179
	#4        : 202
	#5        : 178
	#6        : 156
	#7        : 68
	#8        : 19
	#10-19    : 1
Maximum fanout number: 10
