ABC command line: "r exp_TCAD/benchmark/iscas_itc/c6288.blif; tl_syn; mt; pt; q".

Error: The network is already combinational.
elapse: 0.01 seconds, total: 0.01 seconds
Finished matching 9415 functions. Time =     2.77 sec
[1;37mbenchmarks/iscas85/c6288[0m : i/o =     32/     32  [1;36mand =    4158[0m  [1;35mlev =   88[0m [1;35m(51.72)[0m  mem = 0.05 MB
Mapping (K=8)  :  [1;33mlut =   1424[0m  [1;32medge =    4848[0m  [1;31mlev =   29[0m [1;31m(21.00)[0m  mem = 0.05 MB
elapse: 5.04 seconds, total: 5.05 seconds
	PI     : 32
	PO     : 32
	Node   : 1424
	Level  : 29
----------------------------------------
	Fanin numbers
	#2        : 409
	#3        : 440
	#4        : 300
	#5        : 179
	#6        : 59
	#7        : 35
	#8        : 2
Maximum fanin number: 8
----------------------------------------
	Fanout numbers
	#1        : 379
	#2        : 391
	#3        : 348
	#4        : 130
	#5        : 133
	#6        : 29
	#7        : 9
	#8        : 2
	#10-19    : 3
Maximum fanout number: 16
collapse time :  =     0.00 sec
	PI     : 32
	PO     : 32
	Node   : 1105
	Level  : 29
----------------------------------------
	Fanin numbers
	#2        : 200
	#3        : 105
	#4        : 150
	#5        : 145
	#6        : 96
	#7        : 75
	#8        : 68
	#9        : 74
	#10-19    : 192
Maximum fanin number: 14
----------------------------------------
	Fanout numbers
	#1        : 247
	#2        : 198
	#3        : 159
	#4        : 115
	#5        : 87
	#6        : 66
	#7        : 60
	#8        : 39
	#9        : 43
	#10-19    : 87
	#20-29    : 3
	#30-39    : 1
Maximum fanout number: 30
