ABC command line: "r exp_TCAD/benchmark/iscas_itc/c6288.blif; tl_syn; mt -B 100; pt; q".

Error: The network is already combinational.
elapse: 0.01 seconds, total: 0.01 seconds
Finished matching 9415 functions. Time =     2.56 sec
[1;37mbenchmarks/iscas85/c6288[0m : i/o =     32/     32  [1;36mand =    4158[0m  [1;35mlev =   88[0m [1;35m(51.72)[0m  mem = 0.05 MB
Mapping (K=8)  :  [1;33mlut =   1424[0m  [1;32medge =    4848[0m  [1;31mlev =   29[0m [1;31m(21.00)[0m  mem = 0.05 MB
elapse: 4.70 seconds, total: 4.71 seconds
	PI     : 32
	PO     : 32
	Node   : 1424
	Level  : 29
----------------------------------------
	Fanin numbers
	#2        : 409
	#3        : 440
	#4        : 300
	#5        : 179
	#6        : 59
	#7        : 35
	#8        : 2
Maximum fanin number: 8
----------------------------------------
	Fanout numbers
	#1        : 379
	#2        : 391
	#3        : 348
	#4        : 130
	#5        : 133
	#6        : 29
	#7        : 9
	#8        : 2
	#10-19    : 3
Maximum fanout number: 16
collapse time :  =     0.10 sec
	PI     : 32
	PO     : 32
	Node   : 1102
	Level  : 29
----------------------------------------
	Fanin numbers
	#2        : 204
	#3        : 103
	#4        : 145
	#5        : 178
	#6        : 121
	#7        : 107
	#8        : 81
	#9        : 75
	#10-19    : 88
Maximum fanin number: 14
----------------------------------------
	Fanout numbers
	#1        : 250
	#2        : 200
	#3        : 158
	#4        : 135
	#5        : 84
	#6        : 76
	#7        : 59
	#8        : 36
	#9        : 37
	#10-19    : 67
Maximum fanout number: 18
