ABC command line: "r exp_TCAD/benchmark/iscas_itc/c6288.blif; aig_syn; mt -B 100 -t; pt; q".

	TList constructed from AIG.
Error: The network is already combinational.
elapse: 0.01 seconds, total: 0.01 seconds
	PI     : 32
	PO     : 32
	Node   : 2334
	Level  : 120
----------------------------------------
	Fanin numbers
	#2        : 2334
Maximum fanin number: 2
----------------------------------------
	Fanout numbers
	#1        : 942
	#2        : 930
	#3        : 462
Maximum fanout number: 3
collapse time :  =     0.04 sec
	PI     : 32
	PO     : 32
	Node   : 1378
	Level  : 103
----------------------------------------
	Fanin numbers
	#2        : 29
	#3        : 1263
	#4        : 30
	#5        : 14
	#6        : 14
	#7        : 28
Maximum fanin number: 7
----------------------------------------
	Fanout numbers
	#1        : 479
	#2        : 435
	#3        : 30
	#4        : 405
	#5        : 16
	#8        : 13
Maximum fanout number: 8
