ABC command line: "r exp_TCAD/benchmark/iscas_itc/c7552.blif; tl_syn; mt -B 100; pt; q".

Error: The network is already combinational.
elapse: 0.01 seconds, total: 0.01 seconds
Finished matching 12437 functions. Time =     2.28 sec
[1;37mbenchmarks/iscas85/c7552[0m : i/o =    207/    108  [1;36mand =    2158[0m  [1;35mlev =   29[0m [1;35m(9.93)[0m  mem = 0.03 MB
Mapping (K=7)  :  [1;33mlut =    950[0m  [1;32medge =    3013[0m  [1;31mlev =   10[0m [1;31m(4.27)[0m  mem = 0.03 MB
elapse: 3.77 seconds, total: 3.79 seconds
	PI     : 207
	PO     : 108
	Node   : 950
	Level  : 10
----------------------------------------
	Fanin numbers
	#2        : 394
	#3        : 210
	#4        : 205
	#5        : 88
	#6        : 36
	#7        : 17
Maximum fanin number: 7
----------------------------------------
	Fanout numbers
	#1        : 465
	#2        : 251
	#3        : 55
	#4        : 62
	#5        : 67
	#6        : 21
	#7        : 7
	#8        : 11
	#9        : 4
	#10-19    : 6
	#70-79    : 1
Maximum fanout number: 76
collapse time :  =     0.06 sec
	PI     : 207
	PO     : 108
	Node   : 713
	Level  : 10
----------------------------------------
	Fanin numbers
	#2        : 134
	#3        : 96
	#4        : 163
	#5        : 106
	#6        : 65
	#7        : 60
	#8        : 33
	#9        : 21
	#10-19    : 35
Maximum fanin number: 13
----------------------------------------
	Fanout numbers
	#1        : 292
	#2        : 154
	#3        : 71
	#4        : 45
	#5        : 51
	#6        : 19
	#7        : 22
	#8        : 16
	#9        : 13
	#10-19    : 29
	#100-199  : 1
Maximum fanout number: 100
