ABC command line: "r exp_TCAD/benchmark/iscas_itc/c7552.blif; aig_syn; mt -B 100; pt; q".

	TList constructed from AIG.
Error: The network is already combinational.
elapse: 0.01 seconds, total: 0.01 seconds
	PI     : 207
	PO     : 108
	Node   : 1961
	Level  : 29
----------------------------------------
	Fanin numbers
	#2        : 1961
Maximum fanin number: 2
----------------------------------------
	Fanout numbers
	#1        : 1395
	#2        : 299
	#3        : 43
	#4        : 70
	#5        : 101
	#6        : 13
	#8        : 9
	#9        : 1
	#10-19    : 29
	#20-29    : 1
Maximum fanout number: 29
collapse time :  =     0.07 sec
	PI     : 207
	PO     : 108
	Node   : 846
	Level  : 19
----------------------------------------
	Fanin numbers
	#2        : 178
	#3        : 158
	#4        : 146
	#5        : 133
	#6        : 72
	#7        : 47
	#8        : 43
	#9        : 30
	#10-19    : 38
	#20-29    : 1
Maximum fanin number: 21
----------------------------------------
	Fanout numbers
	#1        : 394
	#2        : 120
	#3        : 72
	#4        : 72
	#5        : 77
	#6        : 14
	#7        : 14
	#8        : 15
	#9        : 16
	#10-19    : 27
	#20-29    : 21
	#30-39    : 3
	#70-79    : 1
Maximum fanout number: 71
