ABC command line: "r exp_TCAD/benchmark/iscas_itc/s13207.blif; tl_syn; mt -B 100; pt; q".

elapse: 0.04 seconds, total: 0.04 seconds
Finished matching 2465 functions. Time =     0.65 sec
[1;37m../DATA/s13207.bench[0m : i/o =    700/    790  [1;36mand =    3451[0m  [1;35mlev =   25[0m [1;35m(2.94)[0m  mem = 0.06 MB
Mapping (K=8)  :  [1;33mlut =   1257[0m  [1;32medge =    4708[0m  [1;31mlev =    8[0m [1;31m(1.52)[0m  mem = 0.05 MB
elapse: 1.88 seconds, total: 1.93 seconds
	PI     : 700
	PO     : 790
	Node   : 1257
	Level  : 8
----------------------------------------
	Fanin numbers
	#2        : 364
	#3        : 280
	#4        : 245
	#5        : 182
	#6        : 80
	#7        : 78
	#8        : 28
Maximum fanin number: 8
----------------------------------------
	Fanout numbers
	#1        : 1100
	#2        : 58
	#3        : 30
	#4        : 17
	#5        : 11
	#6        : 8
	#7        : 4
	#8        : 2
	#9        : 3
	#10-19    : 12
	#20-29    : 5
	#30-39    : 2
	#40-49    : 1
	#50-59    : 1
	#60-69    : 1
	#70-79    : 1
	#100-199  : 1
Maximum fanout number: 111
collapse time :  =     0.05 sec
	PI     : 700
	PO     : 790
	Node   : 1049
	Level  : 8
----------------------------------------
	Fanin numbers
	#2        : 207
	#3        : 180
	#4        : 164
	#5        : 136
	#6        : 75
	#7        : 106
	#8        : 54
	#9        : 34
	#10-19    : 93
Maximum fanin number: 17
----------------------------------------
	Fanout numbers
	#1        : 933
	#2        : 37
	#3        : 24
	#4        : 16
	#5        : 8
	#6        : 6
	#7        : 3
	#8        : 2
	#9        : 1
	#10-19    : 11
	#20-29    : 3
	#30-39    : 1
	#50-59    : 1
	#60-69    : 1
	#80-89    : 1
	#100-199  : 1
Maximum fanout number: 122
