ABC command line: "r exp_TCAD/benchmark/iscas_itc/s13207.blif; aig_syn; mt; pt; q".

	TList constructed from AIG.
elapse: 0.03 seconds, total: 0.03 seconds
	PI     : 700
	PO     : 790
	Node   : 2605
	Level  : 33
----------------------------------------
	Fanin numbers
	#2        : 2605
Maximum fanin number: 2
----------------------------------------
	Fanout numbers
	#1        : 2155
	#2        : 284
	#3        : 51
	#4        : 56
	#5        : 4
	#6        : 9
	#7        : 1
	#8        : 6
	#9        : 17
	#10-19    : 12
	#20-29    : 7
	#30-39    : 3
Maximum fanout number: 38
collapse time :  =     0.01 sec
	PI     : 700
	PO     : 790
	Node   : 1213
	Level  : 21
----------------------------------------
	Fanin numbers
	#2        : 215
	#3        : 246
	#4        : 223
	#5        : 75
	#6        : 36
	#7        : 27
	#8        : 51
	#9        : 40
	#10-19    : 300
Maximum fanin number: 17
----------------------------------------
	Fanout numbers
	#1        : 1073
	#2        : 79
	#3        : 13
	#4        : 12
	#5        : 4
	#6        : 6
	#7        : 2
	#8        : 6
	#9        : 7
	#10-19    : 8
	#20-29    : 2
	#200-299  : 1
Maximum fanout number: 267
