ABC command line: "r exp_TCAD/benchmark/iscas_itc/s13207.blif; aig_syn; mt -B 100; pt; q".

	TList constructed from AIG.
elapse: 0.03 seconds, total: 0.03 seconds
	PI     : 700
	PO     : 790
	Node   : 2605
	Level  : 33
----------------------------------------
	Fanin numbers
	#2        : 2605
Maximum fanin number: 2
----------------------------------------
	Fanout numbers
	#1        : 2155
	#2        : 284
	#3        : 51
	#4        : 56
	#5        : 4
	#6        : 9
	#7        : 1
	#8        : 6
	#9        : 17
	#10-19    : 12
	#20-29    : 7
	#30-39    : 3
Maximum fanout number: 38
collapse time :  =     0.06 sec
	PI     : 700
	PO     : 790
	Node   : 1190
	Level  : 20
----------------------------------------
	Fanin numbers
	#2        : 358
	#3        : 349
	#4        : 213
	#5        : 88
	#6        : 48
	#7        : 34
	#8        : 56
	#9        : 10
	#10-19    : 33
	#20-29    : 1
Maximum fanin number: 22
----------------------------------------
	Fanout numbers
	#1        : 986
	#2        : 92
	#3        : 28
	#4        : 14
	#5        : 5
	#6        : 24
	#7        : 4
	#8        : 6
	#9        : 17
	#10-19    : 8
	#20-29    : 3
	#30-39    : 2
	#40-49    : 1
Maximum fanout number: 46
