ABC command line: "r exp_TCAD/benchmark/iscas_itc/s15850.blif; aig_syn; mt; pt; q".

	TList constructed from AIG.
elapse: 0.04 seconds, total: 0.04 seconds
	PI     : 611
	PO     : 684
	Node   : 3330
	Level  : 46
----------------------------------------
	Fanin numbers
	#2        : 3330
Maximum fanin number: 2
----------------------------------------
	Fanout numbers
	#1        : 2751
	#2        : 365
	#3        : 71
	#4        : 47
	#5        : 12
	#6        : 11
	#7        : 5
	#8        : 20
	#9        : 10
	#10-19    : 27
	#20-29    : 6
	#30-39    : 2
	#40-49    : 1
	#80-89    : 2
Maximum fanout number: 89
collapse time :  =     0.01 sec
	PI     : 611
	PO     : 684
	Node   : 1601
	Level  : 34
----------------------------------------
	Fanin numbers
	#2        : 332
	#3        : 219
	#4        : 256
	#5        : 115
	#6        : 154
	#7        : 115
	#8        : 103
	#9        : 88
	#10-19    : 216
	#20-29    : 3
Maximum fanin number: 26
----------------------------------------
	Fanout numbers
	#1        : 1296
	#2        : 157
	#3        : 63
	#4        : 13
	#5        : 10
	#6        : 4
	#7        : 10
	#9        : 5
	#10-19    : 23
	#20-29    : 12
	#30-39    : 3
	#40-49    : 3
	#100-199  : 2
Maximum fanout number: 160
