ABC command line: "r exp_TCAD/benchmark/iscas_itc/s15850.blif; tl_syn; mt -t; pt; q".

elapse: 0.04 seconds, total: 0.04 seconds
Finished matching 6392 functions. Time =     1.15 sec
[1;37m../DATA/s15850.bench[0m : i/o =    611/    684  [1;36mand =    4467[0m  [1;35mlev =   36[0m [1;35m(7.84)[0m  mem = 0.07 MB
Mapping (K=8)  :  [1;33mlut =   1630[0m  [1;32medge =    6097[0m  [1;31mlev =   10[0m [1;31m(3.37)[0m  mem = 0.06 MB
elapse: 2.69 seconds, total: 2.74 seconds
	PI     : 611
	PO     : 684
	Node   : 1630
	Level  : 10
----------------------------------------
	Fanin numbers
	#2        : 521
	#3        : 429
	#4        : 205
	#5        : 137
	#6        : 146
	#7        : 149
	#8        : 43
Maximum fanin number: 8
----------------------------------------
	Fanout numbers
	#1        : 1281
	#2        : 148
	#3        : 94
	#4        : 20
	#5        : 17
	#6        : 5
	#7        : 7
	#8        : 3
	#9        : 12
	#10-19    : 31
	#20-29    : 5
	#30-39    : 2
	#40-49    : 1
	#50-59    : 2
	#90-99    : 2
Maximum fanout number: 97
collapse time :  =     0.00 sec
	PI     : 611
	PO     : 684
	Node   : 1433
	Level  : 10
----------------------------------------
	Fanin numbers
	#2        : 307
	#3        : 333
	#4        : 212
	#5        : 153
	#6        : 121
	#7        : 139
	#8        : 48
	#9        : 54
	#10-19    : 65
	#20-29    : 1
Maximum fanin number: 23
----------------------------------------
	Fanout numbers
	#1        : 1125
	#2        : 105
	#3        : 89
	#4        : 26
	#5        : 15
	#6        : 7
	#7        : 6
	#8        : 3
	#9        : 6
	#10-19    : 33
	#20-29    : 12
	#30-39    : 1
	#50-59    : 2
	#60-69    : 1
	#90-99    : 1
	#100-199  : 1
Maximum fanout number: 105
