ABC command line: "r exp_TCAD/benchmark/iscas_itc/s38584.blif; aig_syn; mt; pt; q".

	TList constructed from AIG.
elapse: 0.13 seconds, total: 0.13 seconds
	PI     : 1464
	PO     : 1730
	Node   : 11646
	Level  : 34
----------------------------------------
	Fanin numbers
	#2        : 11646
Maximum fanin number: 2
----------------------------------------
	Fanout numbers
	#1        : 10036
	#2        : 977
	#3        : 241
	#4        : 107
	#5        : 62
	#6        : 62
	#7        : 19
	#8        : 44
	#9        : 17
	#10-19    : 77
	#20-29    : 1
	#30-39    : 2
	#100-199  : 1
Maximum fanout number: 176
collapse time :  =     0.04 sec
	PI     : 1464
	PO     : 1730
	Node   : 4981
	Level  : 22
----------------------------------------
	Fanin numbers
	#2        : 1639
	#3        : 457
	#4        : 468
	#5        : 410
	#6        : 319
	#7        : 238
	#8        : 352
	#9        : 316
	#10-19    : 782
Maximum fanin number: 15
----------------------------------------
	Fanout numbers
	#1        : 4413
	#2        : 238
	#3        : 103
	#4        : 25
	#5        : 28
	#6        : 18
	#7        : 7
	#8        : 27
	#9        : 19
	#10-19    : 69
	#20-29    : 8
	#30-39    : 13
	#40-49    : 3
	#50-59    : 5
	#70-79    : 1
	#80-89    : 2
	#100-199  : 2
Maximum fanout number: 116
