ABC command line: "r exp_TCAD/benchmark/iscas_itc/s38584.blif; aig_syn; mt -B 100 -t; pt; q".

	TList constructed from AIG.
elapse: 0.13 seconds, total: 0.13 seconds
	PI     : 1464
	PO     : 1730
	Node   : 11646
	Level  : 34
----------------------------------------
	Fanin numbers
	#2        : 11646
Maximum fanin number: 2
----------------------------------------
	Fanout numbers
	#1        : 10036
	#2        : 977
	#3        : 241
	#4        : 107
	#5        : 62
	#6        : 62
	#7        : 19
	#8        : 44
	#9        : 17
	#10-19    : 77
	#20-29    : 1
	#30-39    : 2
	#100-199  : 1
Maximum fanout number: 176
collapse time :  =     0.18 sec
	PI     : 1464
	PO     : 1730
	Node   : 5061
	Level  : 20
----------------------------------------
	Fanin numbers
	#2        : 1763
	#3        : 1211
	#4        : 418
	#5        : 803
	#6        : 389
	#7        : 223
	#8        : 103
	#9        : 38
	#10-19    : 113
Maximum fanin number: 15
----------------------------------------
	Fanout numbers
	#1        : 4287
	#2        : 272
	#3        : 131
	#4        : 57
	#5        : 61
	#6        : 30
	#7        : 8
	#8        : 49
	#9        : 40
	#10-19    : 116
	#20-29    : 4
	#30-39    : 1
	#40-49    : 3
	#70-79    : 1
	#100-199  : 1
Maximum fanout number: 176
