ABC command line: "r exp_TCAD/benchmark/iscas_itc/s38584.blif; aig_syn; mt -B 100; pt; q".

	TList constructed from AIG.
elapse: 0.12 seconds, total: 0.12 seconds
	PI     : 1464
	PO     : 1730
	Node   : 11646
	Level  : 34
----------------------------------------
	Fanin numbers
	#2        : 11646
Maximum fanin number: 2
----------------------------------------
	Fanout numbers
	#1        : 10036
	#2        : 977
	#3        : 241
	#4        : 107
	#5        : 62
	#6        : 62
	#7        : 19
	#8        : 44
	#9        : 17
	#10-19    : 77
	#20-29    : 1
	#30-39    : 2
	#100-199  : 1
Maximum fanout number: 176
collapse time :  =     0.23 sec
	PI     : 1464
	PO     : 1730
	Node   : 4639
	Level  : 20
----------------------------------------
	Fanin numbers
	#2        : 1779
	#3        : 531
	#4        : 430
	#5        : 595
	#6        : 385
	#7        : 353
	#8        : 207
	#9        : 68
	#10-19    : 289
	#20-29    : 2
Maximum fanin number: 21
----------------------------------------
	Fanout numbers
	#1        : 4015
	#2        : 194
	#3        : 126
	#4        : 43
	#5        : 27
	#6        : 36
	#7        : 8
	#8        : 44
	#9        : 20
	#10-19    : 114
	#20-29    : 5
	#30-39    : 2
	#40-49    : 2
	#50-59    : 1
	#80-89    : 1
	#100-199  : 1
Maximum fanout number: 176
