c Parsing PB file...
c Converting 401 PB-constraints to clauses...
c   -- Unit propagations: (none)
c   -- Detecting intervals from adjacent constraints: ##################################
c   -- Clauses(.)/Splits(s): .................................................................................
c ---[ 399]---> BDD-cost:    1
c ---[ 397]---> BDD-cost:    1
c ---[ 395]---> BDD-cost:    1
c ---[ 393]---> BDD-cost:    1
c ---[ 391]---> BDD-cost:    1
c ---[ 389]---> BDD-cost:    1
c ---[ 387]---> BDD-cost:    1
c ---[ 385]---> BDD-cost:    1
c ---[ 383]---> BDD-cost:    1
c ---[ 381]---> BDD-cost:    1
c ---[ 379]---> BDD-cost:    1
c ---[ 377]---> BDD-cost:    1
c ---[ 375]---> BDD-cost:    1
c ---[ 373]---> BDD-cost:    1
c ---[ 371]---> BDD-cost:    1
c ---[ 369]---> BDD-cost:    1
c ---[ 368]---> Sorter-cost: 1022     Base: 2 2 2 3 3 2
c ---[ 367]---> Sorter-cost: 1030     Base: 2 2 3 3 3 11
c ---[ 366]---> Sorter-cost:  874     Base: 2 2 3 2 3 3
c ---[ 365]---> Sorter-cost:  876     Base: 5 2 5 2 2
c ---[ 364]---> Sorter-cost:  778     Base: 2 2 2 2 5 3
c ---[ 363]---> Sorter-cost:  796     Base: 3 2 2 3 2 3
c ---[ 362]---> BDD-cost:  235
c ---[ 361]---> BDD-cost:    1
c ---[ 360]---> Sorter-cost: 1014     Base: 2 2 2 3 2 3
c ---[ 359]---> Sorter-cost:  849     Base: 5 2 3 2 2 13
c ---[ 358]---> Sorter-cost: 1147     Base: 2 2 3 3 5
c ---[ 357]---> Sorter-cost:  804     Base: 2 2 3 3 5
c ---[ 356]---> Sorter-cost: 1066     Base: 2 2 3 3 2 3
c ---[ 355]---> Sorter-cost:  806     Base: 2 2 3 3 3 2
c ---[ 354]---> BDD-cost:  211
c ---[ 353]---> BDD-cost:    1
c ---[ 352]---> Sorter-cost:  847     Base: 2 2 2 2 2 3 2 7
c ---[ 351]---> Sorter-cost:  740     Base: 2 2 2 2 2 3 2
c ---[ 350]---> Sorter-cost: 1302     Base: 3 3 3 3 3
c ---[ 349]---> Sorter-cost: 1324     Base: 2 3 5 2 2 11
c ---[ 348]---> Sorter-cost:  929     Base: 5 5 3 3
c ---[ 347]---> Sorter-cost:  557     Base: 5 5 3 3
c ---[ 346]---> Sorter-cost:  810     Base: 2 2 3 2 2 2 2
c ---[ 345]---> Sorter-cost:  701     Base: 3 2 2 2 2 2 2
c ---[ 344]---> Sorter-cost:  967     Base: 2 2 2 2 2 3 2
c ---[ 343]---> Sorter-cost: 1193     Base: 7 2 3 5
c ---[ 342]---> Sorter-cost: 1155     Base: 5 5 3 2
c ---[ 341]---> Sorter-cost: 1048     Base: 3 2 3 3 3 11
c ---[ 340]---> Sorter-cost:  994     Base: 2 7 2 2 3
c ---[ 339]---> Sorter-cost:  926     Base: 7 2 2 2 3
c ---[ 338]---> Sorter-cost:  972     Base: 3 3 3 7
c ---[ 337]---> Sorter-cost:  718     Base: 3 3 3 7 7
c ---[ 336]---> Sorter-cost:  801     Base: 2 2 2 3 3 3 7
c ---[ 335]---> Sorter-cost:  637     Base: 2 2 2 3 3 3
c ---[ 334]---> Sorter-cost: 1310     Base: 7 3 3 3
c ---[ 333]---> Sorter-cost: 1095     Base: 5 3 3 2 2
c ---[ 332]---> Sorter-cost: 1076     Base: 2 5 2 2 3 11
c ---[ 331]---> Sorter-cost: 1064     Base: 3 2 5 2 3
c ---[ 330]---> Sorter-cost: 1009     Base: 2 2 2 5 3 2
c ---[ 329]---> Sorter-cost:  929     Base: 3 5 2 2 2 2
c ---[ 328]---> Sorter-cost: 1101     Base: 2 3 3 3 3
c ---[ 327]---> Sorter-cost:  779     Base: 2 3 3 3 3
c ---[ 326]---> Sorter-cost: 1046     Base: 2 2 3 5 3
c ---[ 325]---> Sorter-cost:  788     Base: 2 2 3 5 3
c ---[ 324]---> Sorter-cost:  910     Base: 2 5 3 2 3
c ---[ 323]---> Sorter-cost:  607     Base: 2 5 3 2 3
c ---[ 322]---> Sorter-cost:  942     Base: 2 3 2 3 2 2
c ---[ 321]---> Sorter-cost:  739     Base: 3 2 2 3 2 2
c ---[ 320]---> Sorter-cost:  959     Base: 2 3 3 3 2 2
c ---[ 319]---> Sorter-cost:  784     Base: 2 3 3 2 2 3
c ---[ 318]---> Sorter-cost: 1072     Base: 5 5 3 2
c ---[ 317]---> Sorter-cost:  674     Base: 5 5 3 2
c ---[ 316]---> Sorter-cost: 1201     Base: 3 3 3 3 2
c ---[ 315]---> Sorter-cost:  873     Base: 3 3 3 3 2
c ---[ 314]---> BDD-cost:  292
c ---[ 313]---> BDD-cost:    1
c ---[ 312]---> Sorter-cost: 1005     Base: 2 2 3 3 3 2
c ---[ 311]---> Sorter-cost: 1097     Base: 2 5 5 3 3
c ---[ 310]---> Sorter-cost: 1065     Base: 2 3 2 2 3 3
c ---[ 309]---> Sorter-cost:  843     Base: 2 2 3 3 3 2
c ---[ 308]---> Sorter-cost: 1205     Base: 2 2 7 3 2 7
c ---[ 307]---> Sorter-cost:  909     Base: 2 2 2 2 2 3 2
c ---[ 306]---> Sorter-cost: 1218     Base: 2 7 2 2 3
c ---[ 305]---> Sorter-cost:  876     Base: 2 7 2 2 3 5
c ---[ 304]---> Sorter-cost: 1204     Base: 2 2 3 3 2 2
c ---[ 303]---> Sorter-cost: 1140     Base: 5 3 2 2 2 11
c ---[ 302]---> Sorter-cost: 1133     Base: 3 3 7 3
c ---[ 301]---> Sorter-cost:  754     Base: 3 3 7 2 11
c ---[ 300]---> Sorter-cost: 1089     Base: 3 3 2 2 5
c ---[ 299]---> Sorter-cost: 1021     Base: 2 3 3 2 5
c ---[ 298]---> Sorter-cost:  785     Base: 2 2 5 3 3 7
c ---[ 297]---> Sorter-cost:  770     Base: 2 5 3 2 3
c ---[ 296]---> Sorter-cost: 1145     Base: 3 3 3 7
c ---[ 295]---> Sorter-cost:  760     Base: 3 3 3 7
c ---[ 294]---> Sorter-cost: 1121     Base: 2 2 3 3 3 2
c ---[ 293]---> Sorter-cost: 1053     Base: 2 2 3 3 2 3
c ---[ 292]---> Sorter-cost: 1174     Base: 3 3 5 5
c ---[ 291]---> Sorter-cost: 1074     Base: 2 5 2 3 3
c ---[ 290]---> Sorter-cost:  839     Base: 2 3 3 3 3 7
c ---[ 289]---> Sorter-cost:  591     Base: 2 3 3 3 3
c ---[ 288]---> Sorter-cost: 1031     Base: 2 2 3 2 2 3 5
c ---[ 287]---> Sorter-cost:  967     Base: 2 2 2 2 3 3
c ---[ 286]---> Sorter-cost:  966     Base: 3 3 2 2 3 2
c ---[ 285]---> Sorter-cost:  675     Base: 3 3 2 2 3 2
c ---[ 284]---> Sorter-cost: 1082     Base: 2 3 5 2 3
c ---[ 283]---> Sorter-cost:  933     Base: 2 2 3 2 3 3
c ---[ 282]---> Sorter-cost:  963     Base: 2 2 3 3 3 11
c ---[ 281]---> Sorter-cost:  844     Base: 2 2 3 3 3
c ---[ 280]---> Sorter-cost: 1286     Base: 3 5 7 2
c ---[ 279]---> Sorter-cost: 1126     Base: 2 5 2 5 2
c ---[ 278]---> Sorter-cost:  996     Base: 3 2 2 2 2 2 2
c ---[ 277]---> Sorter-cost:  788     Base: 3 2 2 2 2 2 2
c ---[ 276]---> Sorter-cost: 1060     Base: 2 5 5 2 2
c ---[ 275]---> Sorter-cost:  924     Base: 2 5 2 5 2
c ---[ 274]---> Sorter-cost:  934     Base: 2 3 2 2 2 2 2
c ---[ 273]---> Sorter-cost: 1031     Base: 2 5 2 3 3
c ---[ 272]---> Sorter-cost:  909     Base: 2 2 3 3 3 2
c ---[ 271]---> Sorter-cost:  632     Base: 2 2 3 3 3 2
c ---[ 270]---> Sorter-cost:  994     Base: 3 3 3 3 2
c ---[ 269]---> Sorter-cost:  837     Base: 3 3 3 3 3
c ---[ 268]---> Sorter-cost: 1049     Base: 2 2 3 3 3 2
c ---[ 267]---> Sorter-cost:  718     Base: 2 2 3 3 3 2
c ---[ 266]---> Sorter-cost:  997     Base: 2 2 7 2 2 2
c ---[ 265]---> Sorter-cost:  703     Base: 2 2 7 2 2 2
c ---[ 264]---> Sorter-cost:  853     Base: 2 2 3 3 2 3
c ---[ 263]---> Sorter-cost:  723     Base: 2 2 3 3 3 2
c ---[ 262]---> Sorter-cost: 1409     Base: 2 2 5 3 3
c ---[ 261]---> Sorter-cost: 1386     Base: 3 3 3 7 7
c ---[ 260]---> Sorter-cost:  953     Base: 5 3 2 7 5
c ---[ 259]---> Sorter-cost:  835     Base: 5 5 2 2 2 5
c ---[ 258]---> Sorter-cost:  900     Base: 2 2 2 2 3 3
c ---[ 257]---> Sorter-cost:  770     Base: 2 2 2 2 3 3
c ---[ 256]---> Sorter-cost:  950     Base: 3 2 5 2 3 7
c ---[ 255]---> Sorter-cost:  756     Base: 3 2 5 2 3
c ---[ 254]---> Sorter-cost:  880     Base: 3 5 2 5 7
c ---[ 253]---> Sorter-cost:  668     Base: 3 5 2 2 3
c ---[ 252]---> Sorter-cost: 1153     Base: 2 2 3 2 3 3
c ---[ 251]---> Sorter-cost:  903     Base: 2 2 3 2 3 3
c ---[ 250]---> Sorter-cost: 1092     Base: 3 5 5 3
c ---[ 249]---> Sorter-cost:  827     Base: 3 5 2 2 3
c ---[ 248]---> Sorter-cost: 1105     Base: 3 2 5 2 3
c ---[ 247]---> Sorter-cost:  977     Base: 2 3 5 2 2 11
c ---[ 246]---> Sorter-cost: 1275     Base: 3 5 5 2
c ---[ 245]---> Sorter-cost:  831     Base: 3 5 5 2
c ---[ 244]---> Sorter-cost:  916     Base: 2 3 3 3 3
c ---[ 243]---> Sorter-cost:  775     Base: 2 3 3 3 3
c ---[ 242]---> Sorter-cost: 1333     Base: 2 7 3 2 2
c ---[ 241]---> Sorter-cost:  732     Base: 2 7 3 2 2
c ---[ 239]---> BDD-cost:    1
c ---[ 237]---> BDD-cost:    1
c ---[ 235]---> BDD-cost:    1
c ---[ 233]---> BDD-cost:    1
c ---[ 231]---> BDD-cost:    1
c ---[ 229]---> BDD-cost:    1
c ---[ 227]---> BDD-cost:    1
c ---[ 225]---> BDD-cost:    1
c ---[ 223]---> BDD-cost:    1
c ---[ 221]---> BDD-cost:    1
c ---[ 219]---> BDD-cost:    1
c ---[ 217]---> BDD-cost:    1
c ---[ 215]---> BDD-cost:    1
c ---[ 213]---> BDD-cost:    1
c ---[ 211]---> BDD-cost:    1
c ---[ 209]---> BDD-cost:    1
c ---[ 208]---> Sorter-cost:  472     Base: 3 3
c ---[ 207]---> Sorter-cost:  416     Base: 3 3
c ---[ 206]---> Sorter-cost:  318     Base: 2 3 2
c ---[ 205]---> Sorter-cost:  245     Base: 3 2 2
c ---[ 204]---> Sorter-cost:  300     Base: 2 2 3
c ---[ 203]---> Sorter-cost:  227     Base: 2 2 3
c ---[ 202]---> BDD-cost:   80
c ---[ 201]---> BDD-cost:    1
c ---[ 200]---> Sorter-cost:  575     Base: 2 5
c ---[ 199]---> Sorter-cost:  348     Base: 2 5 3
c ---[ 198]---> Sorter-cost:  413     Base: 2 5
c ---[ 197]---> Sorter-cost:  339     Base: 2 5
c ---[ 196]---> Sorter-cost:  428     Base: 3 3
c ---[ 195]---> Sorter-cost:  344     Base: 3 2 13
c ---[ 194]---> Sorter-cost:  387     Base: 2 2 3
c ---[ 193]---> Sorter-cost:  392     Base: 2 5 5
c ---[ 192]---> Sorter-cost:  447     Base: 3 2 2
c ---[ 191]---> Sorter-cost:  503     Base: 3 3
c ---[ 190]---> Sorter-cost:  456     Base: 2 3 2
c ---[ 189]---> Sorter-cost:  437     Base: 2 2 3
c ---[ 188]---> Sorter-cost:  512     Base: 2 3 11
c ---[ 187]---> Sorter-cost:  461     Base: 2 2 3
c ---[ 186]---> Sorter-cost:  486     Base: 2 2 3
c ---[ 185]---> Sorter-cost:  360     Base: 2 2 3
c ---[ 184]---> Sorter-cost:  376     Base: 2 3 2
c ---[ 183]---> Sorter-cost:  246     Base: 2 3 2
c ---[ 182]---> Sorter-cost:  591     Base: 2 2 3
c ---[ 181]---> Sorter-cost:  368     Base: 2 2 2 13
c ---[ 180]---> Sorter-cost:  305     Base: 2 2 3
c ---[ 179]---> Sorter-cost:  250     Base: 2 2 3
c ---[ 178]---> Sorter-cost:  249     Base: 2 2 3
c ---[ 177]---> Sorter-cost:  202     Base: 2 2 3
c ---[ 176]---> Sorter-cost:  331     Base: 2 2 3 7
c ---[ 175]---> Sorter-cost:  283     Base: 2 2 3
c ---[ 174]---> Sorter-cost:  512     Base: 2 2 3
c ---[ 173]---> Sorter-cost:  393     Base: 2 2 3
c ---[ 172]---> Sorter-cost:  490     Base: 2 5 7
c ---[ 171]---> Sorter-cost:  321     Base: 2 5
c ---[ 170]---> Sorter-cost:  499     Base: 7 2
c ---[ 169]---> Sorter-cost:  425     Base: 2 3 2
c ---[ 168]---> Sorter-cost:  449     Base: 2 2 3
c ---[ 167]---> Sorter-cost:  398     Base: 2 2 3
c ---[ 166]---> Sorter-cost:  625     Base: 2 5
c ---[ 165]---> Sorter-cost:  614     Base: 3 3
c ---[ 164]---> Sorter-cost:  324     Base: 2 2 3
c ---[ 163]---> Sorter-cost:  240     Base: 2 2 3
c ---[ 162]---> Sorter-cost:  372     Base: 2 3 2
c ---[ 161]---> Sorter-cost:  303     Base: 2 3 2
c ---[ 160]---> BDD-cost:  112
c ---[ 159]---> BDD-cost:    1
c ---[ 158]---> Sorter-cost:  407     Base: 3 3 7
c ---[ 157]---> Sorter-cost:  426     Base: 3 3
c ---[ 156]---> Sorter-cost:  463     Base: 2 5 7
c ---[ 155]---> Sorter-cost:  335     Base: 2 5 7
c ---[ 154]---> Sorter-cost:  443     Base: 3 2 2
c ---[ 153]---> Sorter-cost:  470     Base: 3 3
c ---[ 152]---> Sorter-cost:  499     Base: 3 2 2
c ---[ 151]---> Sorter-cost:  340     Base: 3 2 2
c ---[ 150]---> Sorter-cost:  350     Base: 2 3 2 7
c ---[ 149]---> Sorter-cost:  435     Base: 2 3 2
c ---[ 148]---> Sorter-cost:  419     Base: 5 2 7
c ---[ 147]---> Sorter-cost:  487     Base: 2 5
c ---[ 146]---> Sorter-cost:  554     Base: 3 3 7
c ---[ 145]---> Sorter-cost:  343     Base: 3 3 11
c ---[ 144]---> Sorter-cost:  507     Base: 2 5 7
c ---[ 143]---> Sorter-cost:  469     Base: 2 5
c ---[ 142]---> Sorter-cost:  445     Base: 2 3 2
c ---[ 141]---> Sorter-cost:  433     Base: 3 2 2
c ---[ 139]---> Sorter-cost:  552     Base: 2 5
c ---[ 138]---> Sorter-cost:  517     Base: 2 5 7
c ---[ 137]---> Sorter-cost:  347     Base: 2 5
c ---[ 135]---> Sorter-cost:  348     Base: 2 2 3
c ---[ 134]---> Sorter-cost:  531     Base: 2 2 3
c ---[ 133]---> Sorter-cost:  396     Base: 2 2 3
c ---[ 132]---> Sorter-cost:  518     Base: 2 5 7
c ---[ 131]---> Sorter-cost:  489     Base: 2 3 2
c ---[ 130]---> BDD-cost:  108
c ---[ 129]---> BDD-cost:    1
c ---[ 128]---> Sorter-cost:  657     Base: 3 3
c ---[ 127]---> Sorter-cost:  326     Base: 3 3
c ---[ 126]---> BDD-cost:  117
c ---[ 125]---> BDD-cost:    1
c ---[ 124]---> Sorter-cost:  358     Base: 2 2 3
c ---[ 123]---> Sorter-cost:  288     Base: 2 3 2
c ---[ 122]---> Sorter-cost:  419     Base: 3 2 13
c ---[ 121]---> Sorter-cost:  375     Base: 3 3
c ---[ 120]---> Sorter-cost:  302     Base: 3 2 2
c ---[ 119]---> Sorter-cost:  274     Base: 3 2 2
c ---[ 118]---> Sorter-cost:  555     Base: 2 2 3
c ---[ 117]---> Sorter-cost:  367     Base: 2 2 3
c ---[ 116]---> Sorter-cost:  387     Base: 3 3 7
c ---[ 115]---> Sorter-cost:  449     Base: 2 3 2
c ---[ 114]---> Sorter-cost:  417     Base: 2 3 2
c ---[ 113]---> Sorter-cost:  253     Base: 2 3 2
c ---[ 112]---> Sorter-cost:  443     Base: 2 2 3
c ---[ 111]---> Sorter-cost:  303     Base: 2 2 3
c ---[ 110]---> Sorter-cost:  477     Base: 2 2 3
c ---[ 109]---> Sorter-cost:  336     Base: 2 2 3
c ---[ 108]---> Sorter-cost:  596     Base: 2 3 2
c ---[ 107]---> Sorter-cost:  526     Base: 2 5 7
c ---[ 106]---> Sorter-cost:  603     Base: 2 3 2
c ---[ 105]---> Sorter-cost:  521     Base: 2 5 7
c ---[ 104]---> Sorter-cost:  421     Base: 2 3 2
c ---[ 103]---> Sorter-cost:  263     Base: 2 3 2
c ---[ 102]---> Sorter-cost:  620     Base: 2 5 7
c ---[ 101]---> Sorter-cost:  375     Base: 2 5 7
c ---[ 100]---> BDD-cost:  107
c ---[  99]---> BDD-cost:    1
c ---[  98]---> Sorter-cost:  507     Base: 2 2 3
c ---[  97]---> Sorter-cost:  280     Base: 2 2 3
c ---[  96]---> Sorter-cost:  447     Base: 2 3 2
c ---[  95]---> Sorter-cost:  348     Base: 2 3 2
c ---[  94]---> Sorter-cost:  312     Base: 3 3 7
c ---[  93]---> Sorter-cost:  270     Base: 3 3
c ---[  92]---> Sorter-cost:  472     Base: 2 2 3
c ---[  91]---> Sorter-cost:  417     Base: 2 2 3
c ---[  90]---> Sorter-cost:  449     Base: 2 2 3
c ---[  89]---> Sorter-cost:  338     Base: 2 2 3
c ---[  88]---> Sorter-cost:  466     Base: 2 2 3
c ---[  87]---> Sorter-cost:  366     Base: 2 2 3
c ---[  86]---> Sorter-cost:  461     Base: 2 2 3
c ---[  85]---> Sorter-cost:  383     Base: 2 2 3
c ---[  84]---> Sorter-cost:  430     Base: 2 2 3
c ---[  83]---> Sorter-cost:  304     Base: 2 3 2
c ---[  82]---> Sorter-cost:  412     Base: 2 3 2
c ---[  81]---> Sorter-cost:  326     Base: 2 3 2
c ==================================[MINISAT+]==================================
c | Conflicts | Original         | Learnt                           | Progress |
c |           | Clauses Literals |     Max Clauses Literals     LPC |          |
c ==============================================================================
c |         0 |  346848   817858 |  115616       0        0    -nan |  0.000 % |
c |       101 |  346844   817850 |  127177     100     1249    12.5 |  0.234 % |
c |       251 |  346844   817850 |  139895     250     4297    17.2 |  0.234 % |
c |       476 |  346844   817850 |  153884     475     7408    15.6 |  0.234 % |
c |       813 |  346844   817850 |  169273     812    17993    22.2 |  0.234 % |
c |      1320 |  346844   817850 |  186200    1319    27175    20.6 |  0.234 % |
c |      2080 |  346844   817850 |  204820    2079    43828    21.1 |  0.234 % |
c |      3219 |  346844   817850 |  225302    3218    66502    20.7 |  0.234 % |
c ==============================================================================
c [1mFound solution: -1[0m
c [1mOptimal solution: -1[0m
s OPTIMUM FOUND
v Z -O1_17 -t1_81 -O1_18 -t1_82 O1_19 t1_83 -O1_20 -t1_84 -O1_21 -t1_85 -O1_22 -t1_86 O1_23 t1_87 -O1_24 -t1_88 O1_25 t1_89 O1_26 t1_90 -O1_27 -t1_91 -O1_28 -t1_92 -O1_29 -t1_93 -O1_30 -t1_94 -O1_31 -t1_95 -O1_32 -t1_96 -t1_33 I_1 -I_2 -I_3 I_4 -I_5 -I_6 I_7 -I_8 -I_9 I_10 I_11 I_12 -I_13 -I_14 -I_15 -I_16 -t1_34 -t1_35 t1_36 -t1_37 -t1_38 t1_39 -t1_40 -t1_41 t1_42 -t1_43 t1_44 t1_45 -t1_46 -t1_47 t1_48 t1_49 -t1_50 -t1_51 -t1_52 -t1_53 t1_54 -t1_55 -t1_56 t1_57 t1_58 t1_59 -t1_60 t1_61 t1_62 -t1_63 -t1_64 t1_65 -t1_66 -t1_67 t1_68 t1_69 t1_70 t1_71 t1_72 -t1_73 t1_74 -t1_75 t1_76 t1_77 t1_78 -t1_79 -t1_80 -O2_17 -t2_81 -O2_18 -t2_82 -O2_19 -t2_83 -O2_20 -t2_84 -O2_21 -t2_85 O2_22 t2_86 O2_23 t2_87 -O2_24 -t2_88 O2_25 t2_89 -O2_26 -t2_90 -O2_27 -t2_91 -O2_28 -t2_92 -O2_29 -t2_93 -O2_30 -t2_94 -O2_31 -t2_95 -O2_32 -t2_96 -t2_33 -t2_34 -t2_35 t2_36 -t2_37 -t2_38 t2_39 -t2_40 -t2_41 t2_42 -t2_43 t2_44 t2_45 -t2_46 -t2_47 t2_48 t2_49 -t2_50 -t2_51 -t2_52 -t2_53 t2_54 -t2_55 -t2_56 t2_57 -t2_58 t2_59 -t2_60 t2_61 t2_62 -t2_63 -t2_64 t2_65 -t2_66 -t2_67 t2_68 t2_69 t2_70 -t2_71 t2_72 -t2_73 t2_74 t2_75 t2_76 t2_77 -t2_78 -t2_79 -t2_80 -M_0 -M_1 M_2 -M_3 -M_4 M_5 -M_6 -M_7 -M_8 M_9 -M_10 -M_11 -M_12 -M_13 -M_14 -M_15
c _______________________________________________________________________________
c 
c restarts              : 8
c conflicts             : 4028           (1151 /sec)
c decisions             : 65242          (18641 /sec)
c propagations          : 0              (0 /sec)
c inspects              : 0              (0 /sec)
c CPU time              : 3.5 s
c _______________________________________________________________________________
