c Parsing PB file...
c Converting 1853 PB-constraints to clauses...
c   -- Unit propagations: (none)
c   -- Detecting intervals from adjacent constraints: ##################################################################################################################################
c   -- Clauses(.)/Splits(s): .................................................................................................................................................................................................................................................................................................................................
c ---[1851]---> BDD-cost:    1
c ---[1849]---> BDD-cost:    1
c ---[1847]---> BDD-cost:    1
c ---[1845]---> BDD-cost:    1
c ---[1843]---> BDD-cost:    1
c ---[1841]---> BDD-cost:    1
c ---[1839]---> BDD-cost:    1
c ---[1837]---> BDD-cost:    1
c ---[1835]---> BDD-cost:    1
c ---[1833]---> BDD-cost:    1
c ---[1831]---> BDD-cost:    1
c ---[1829]---> BDD-cost:    1
c ---[1827]---> BDD-cost:    1
c ---[1825]---> BDD-cost:    1
c ---[1823]---> BDD-cost:    1
c ---[1821]---> BDD-cost:    1
c ---[1819]---> BDD-cost:    1
c ---[1817]---> BDD-cost:    1
c ---[1815]---> BDD-cost:    1
c ---[1813]---> BDD-cost:    1
c ---[1811]---> BDD-cost:    1
c ---[1809]---> BDD-cost:    1
c ---[1807]---> BDD-cost:    1
c ---[1805]---> BDD-cost:    1
c ---[1803]---> BDD-cost:    1
c ---[1801]---> BDD-cost:    1
c ---[1799]---> BDD-cost:    1
c ---[1797]---> BDD-cost:    1
c ---[1795]---> BDD-cost:    1
c ---[1793]---> BDD-cost:    1
c ---[1791]---> BDD-cost:    1
c ---[1789]---> BDD-cost:    1
c ---[1787]---> BDD-cost:    1
c ---[1785]---> BDD-cost:    1
c ---[1783]---> BDD-cost:    1
c ---[1781]---> BDD-cost:    1
c ---[1779]---> BDD-cost:    1
c ---[1777]---> BDD-cost:    1
c ---[1775]---> BDD-cost:    1
c ---[1773]---> BDD-cost:    1
c ---[1771]---> BDD-cost:    1
c ---[1769]---> BDD-cost:    1
c ---[1767]---> BDD-cost:    1
c ---[1765]---> BDD-cost:    1
c ---[1763]---> BDD-cost:    1
c ---[1761]---> BDD-cost:    1
c ---[1759]---> BDD-cost:    1
c ---[1757]---> BDD-cost:    1
c ---[1755]---> BDD-cost:    1
c ---[1753]---> BDD-cost:    1
c ---[1751]---> BDD-cost:    1
c ---[1749]---> BDD-cost:    1
c ---[1747]---> BDD-cost:    1
c ---[1745]---> BDD-cost:    1
c ---[1743]---> BDD-cost:    1
c ---[1741]---> BDD-cost:    1
c ---[1739]---> BDD-cost:    1
c ---[1737]---> BDD-cost:    1
c ---[1735]---> BDD-cost:    1
c ---[1733]---> BDD-cost:    1
c ---[1731]---> BDD-cost:    1
c ---[1729]---> BDD-cost:    1
c ---[1727]---> BDD-cost:    1
c ---[1725]---> BDD-cost:    1
c ---[1724]---> Adder-cost: 512   maxlim: 4527   bits: 14/13
c ---[1723]---> Adder-cost: 306   maxlim: 4130   bits: 14/13
c ---[1722]---> Adder-cost: 506   maxlim: 5002   bits: 14/13
c ---[1721]---> Adder-cost: 320   maxlim: 3887   bits: 13/12
c ---[1720]---> Adder-cost: 476   maxlim: 6299   bits: 14/13
c ---[1719]---> Adder-cost: 266   maxlim: 3383   bits: 13/12
c ---[1718]---> Adder-cost: 474   maxlim: 4927   bits: 14/13
c ---[1717]---> Adder-cost: 296   maxlim: 3954   bits: 13/12
c ---[1716]---> Adder-cost: 510   maxlim: 5621   bits: 14/13
c ---[1715]---> Adder-cost: 286   maxlim: 3522   bits: 13/12
c ---[1714]---> Adder-cost: 536   maxlim: 3790   bits: 13/12
c ---[1713]---> Adder-cost: 289   maxlim: 5548   bits: 14/13
c ---[1712]---> Adder-cost: 525   maxlim: 4999   bits: 14/13
c ---[1711]---> Adder-cost: 280   maxlim: 3816   bits: 13/12
c ---[1710]---> Adder-cost: 484   maxlim: 4735   bits: 14/13
c ---[1709]---> Adder-cost: 300   maxlim: 4658   bits: 14/13
c ---[1708]---> Adder-cost: 497   maxlim: 4830   bits: 14/13
c ---[1707]---> Adder-cost: 271   maxlim: 4102   bits: 14/13
c ---[1706]---> Adder-cost: 506   maxlim: 4973   bits: 14/13
c ---[1705]---> Adder-cost: 306   maxlim: 4692   bits: 14/13
c ---[1704]---> Adder-cost: 488   maxlim: 4834   bits: 14/13
c ---[1703]---> Adder-cost: 324   maxlim: 4539   bits: 14/13
c ---[1702]---> Adder-cost: 493   maxlim: 3879   bits: 13/12
c ---[1701]---> Adder-cost: 232   maxlim: 4667   bits: 14/13
c ---[1700]---> Adder-cost: 505   maxlim: 4165   bits: 14/13
c ---[1699]---> Adder-cost: 265   maxlim: 5169   bits: 14/13
c ---[1698]---> Adder-cost: 509   maxlim: 4363   bits: 14/13
c ---[1697]---> Adder-cost: 278   maxlim: 5188   bits: 14/13
c ---[1696]---> Adder-cost: 473   maxlim: 4946   bits: 14/13
c ---[1695]---> Adder-cost: 283   maxlim: 3694   bits: 13/12
c ---[1694]---> Adder-cost: 518   maxlim: 4076   bits: 13/12
c ---[1693]---> Adder-cost: 301   maxlim: 4546   bits: 14/13
c ---[1692]---> Adder-cost: 489   maxlim: 5137   bits: 14/13
c ---[1691]---> Adder-cost: 241   maxlim: 4501   bits: 14/13
c ---[1690]---> Adder-cost: 515   maxlim: 4071   bits: 13/12
c ---[1689]---> Adder-cost: 296   maxlim: 4761   bits: 14/13
c ---[1688]---> Adder-cost: 532   maxlim: 5100   bits: 14/13
c ---[1687]---> Adder-cost: 304   maxlim: 4727   bits: 14/13
c ---[1686]---> Adder-cost: 520   maxlim: 3732   bits: 13/12
c ---[1685]---> Adder-cost: 292   maxlim: 4695   bits: 14/13
c ---[1684]---> Adder-cost: 528   maxlim: 3839   bits: 13/12
c ---[1683]---> Adder-cost: 294   maxlim: 5698   bits: 14/13
c ---[1682]---> Adder-cost: 520   maxlim: 4720   bits: 14/13
c ---[1681]---> Adder-cost: 326   maxlim: 3987   bits: 13/12
c ---[1680]---> Adder-cost: 514   maxlim: 5182   bits: 14/13
c ---[1679]---> Adder-cost: 295   maxlim: 4164   bits: 14/13
c ---[1678]---> Adder-cost: 524   maxlim: 6297   bits: 14/13
c ---[1677]---> Adder-cost: 264   maxlim: 3608   bits: 13/12
c ---[1676]---> Adder-cost: 514   maxlim: 4523   bits: 14/13
c ---[1675]---> Adder-cost: 250   maxlim: 5255   bits: 14/13
c ---[1674]---> Adder-cost: 521   maxlim: 4563   bits: 14/13
c ---[1673]---> Adder-cost: 324   maxlim: 4873   bits: 14/13
c ---[1672]---> Adder-cost: 495   maxlim: 3795   bits: 13/12
c ---[1671]---> Adder-cost: 232   maxlim: 5324   bits: 14/13
c ---[1670]---> Adder-cost: 511   maxlim: 3556   bits: 13/12
c ---[1669]---> Adder-cost: 276   maxlim: 5803   bits: 14/13
c ---[1668]---> Adder-cost: 482   maxlim: 3732   bits: 13/12
c ---[1667]---> Adder-cost: 282   maxlim: 5121   bits: 14/13
c ---[1666]---> Adder-cost: 522   maxlim: 6109   bits: 14/13
c ---[1665]---> Adder-cost: 308   maxlim: 3503   bits: 13/12
c ---[1664]---> Adder-cost: 487   maxlim: 4452   bits: 14/13
c ---[1663]---> Adder-cost: 320   maxlim: 4233   bits: 14/13
c ---[1662]---> Adder-cost: 523   maxlim: 4130   bits: 14/13
c ---[1661]---> Adder-cost: 310   maxlim: 5565   bits: 14/13
c ---[1660]---> Adder-cost: 512   maxlim: 4826   bits: 14/13
c ---[1659]---> Adder-cost: 286   maxlim: 4667   bits: 14/13
c ---[1658]---> Adder-cost: 508   maxlim: 5350   bits: 14/13
c ---[1657]---> Adder-cost: 321   maxlim: 4112   bits: 14/13
c ---[1656]---> Adder-cost: 503   maxlim: 4789   bits: 14/13
c ---[1655]---> Adder-cost: 276   maxlim: 5126   bits: 14/13
c ---[1654]---> Adder-cost: 526   maxlim: 5279   bits: 14/13
c ---[1653]---> Adder-cost: 310   maxlim: 4500   bits: 14/13
c ---[1652]---> Adder-cost: 503   maxlim: 4465   bits: 14/13
c ---[1651]---> Adder-cost: 259   maxlim: 5145   bits: 14/13
c ---[1650]---> Adder-cost: 527   maxlim: 4887   bits: 14/13
c ---[1649]---> Adder-cost: 231   maxlim: 4711   bits: 14/13
c ---[1648]---> Adder-cost: 483   maxlim: 3584   bits: 13/12
c ---[1647]---> Adder-cost: 270   maxlim: 5217   bits: 14/13
c ---[1646]---> Adder-cost: 507   maxlim: 5805   bits: 14/13
c ---[1645]---> Adder-cost: 302   maxlim: 3712   bits: 13/12
c ---[1644]---> Adder-cost: 507   maxlim: 6032   bits: 14/13
c ---[1643]---> Adder-cost: 297   maxlim: 3186   bits: 13/12
c ---[1642]---> Adder-cost: 478   maxlim: 6030   bits: 14/13
c ---[1641]---> Adder-cost: 301   maxlim: 2867   bits: 13/12
c ---[1640]---> Adder-cost: 486   maxlim: 5426   bits: 14/13
c ---[1639]---> Adder-cost: 317   maxlim: 3273   bits: 13/12
c ---[1638]---> Adder-cost: 520   maxlim: 4642   bits: 14/13
c ---[1637]---> Adder-cost: 229   maxlim: 4154   bits: 14/13
c ---[1636]---> Adder-cost: 484   maxlim: 3577   bits: 13/12
c ---[1635]---> Adder-cost: 308   maxlim: 5248   bits: 14/13
c ---[1634]---> Adder-cost: 492   maxlim: 5538   bits: 14/13
c ---[1633]---> Adder-cost: 306   maxlim: 3635   bits: 13/12
c ---[1632]---> Adder-cost: 456   maxlim: 4095   bits: 13/12
c ---[1631]---> Adder-cost: 326   maxlim: 5358   bits: 14/13
c ---[1630]---> Adder-cost: 473   maxlim: 5779   bits: 14/13
c ---[1629]---> Adder-cost: 253   maxlim: 3108   bits: 13/12
c ---[1628]---> Adder-cost: 528   maxlim: 3959   bits: 13/12
c ---[1627]---> Adder-cost: 314   maxlim: 5165   bits: 14/13
c ---[1626]---> Adder-cost: 513   maxlim: 4719   bits: 14/13
c ---[1625]---> Adder-cost: 326   maxlim: 5061   bits: 14/13
c ---[1624]---> Adder-cost: 509   maxlim: 3360   bits: 13/12
c ---[1623]---> Adder-cost: 292   maxlim: 5481   bits: 14/13
c ---[1622]---> Adder-cost: 463   maxlim: 4781   bits: 14/13
c ---[1621]---> Adder-cost: 294   maxlim: 4371   bits: 14/13
c ---[1620]---> Adder-cost: 496   maxlim: 6102   bits: 14/13
c ---[1619]---> Adder-cost: 299   maxlim: 3456   bits: 13/12
c ---[1618]---> Adder-cost: 511   maxlim: 3443   bits: 13/12
c ---[1617]---> Adder-cost: 336   maxlim: 5534   bits: 14/13
c ---[1616]---> Adder-cost: 473   maxlim: 4102   bits: 14/13
c ---[1615]---> Adder-cost: 313   maxlim: 4984   bits: 14/13
c ---[1614]---> Adder-cost: 501   maxlim: 4620   bits: 14/13
c ---[1613]---> Adder-cost: 260   maxlim: 4587   bits: 14/13
c ---[1612]---> Adder-cost: 475   maxlim: 4236   bits: 14/13
c ---[1611]---> Adder-cost: 312   maxlim: 4953   bits: 14/13
c ---[1610]---> Adder-cost: 486   maxlim: 3404   bits: 13/12
c ---[1609]---> Adder-cost: 303   maxlim: 6112   bits: 14/13
c ---[1608]---> Adder-cost: 512   maxlim: 4841   bits: 14/13
c ---[1607]---> Adder-cost: 277   maxlim: 4805   bits: 14/13
c ---[1606]---> Adder-cost: 508   maxlim: 4230   bits: 14/13
c ---[1605]---> Adder-cost: 305   maxlim: 4450   bits: 14/13
c ---[1604]---> Adder-cost: 484   maxlim: 5084   bits: 14/13
c ---[1603]---> Adder-cost: 310   maxlim: 4103   bits: 14/13
c ---[1602]---> Adder-cost: 515   maxlim: 5111   bits: 14/13
c ---[1601]---> Adder-cost: 330   maxlim: 4450   bits: 14/13
c ---[1600]---> Adder-cost: 511   maxlim: 6034   bits: 14/13
c ---[1599]---> Adder-cost: 294   maxlim: 3839   bits: 13/12
c ---[1598]---> Adder-cost: 480   maxlim: 6018   bits: 14/13
c ---[1597]---> Adder-cost: 320   maxlim: 4151   bits: 14/13
c ---[1596]---> Adder-cost: 514   maxlim: 5934   bits: 14/13
c ---[1595]---> Adder-cost: 287   maxlim: 3702   bits: 13/12
c ---[1594]---> Adder-cost: 516   maxlim: 5624   bits: 14/13
c ---[1593]---> Adder-cost: 270   maxlim: 3687   bits: 13/12
c ---[1592]---> Adder-cost: 516   maxlim: 4972   bits: 14/13
c ---[1591]---> Adder-cost: 314   maxlim: 4693   bits: 14/13
c ---[1590]---> Adder-cost: 479   maxlim: 4117   bits: 14/13
c ---[1589]---> Adder-cost: 302   maxlim: 5248   bits: 14/13
c ---[1588]---> Adder-cost: 502   maxlim: 3415   bits: 13/12
c ---[1587]---> Adder-cost: 322   maxlim: 5602   bits: 14/13
c ---[1586]---> Adder-cost: 520   maxlim: 4002   bits: 13/12
c ---[1585]---> Adder-cost: 304   maxlim: 5323   bits: 14/13
c ---[1584]---> Adder-cost: 495   maxlim: 3670   bits: 13/12
c ---[1583]---> Adder-cost: 264   maxlim: 5485   bits: 14/13
c ---[1582]---> Adder-cost: 514   maxlim: 5463   bits: 14/13
c ---[1581]---> Adder-cost: 278   maxlim: 4308   bits: 14/13
c ---[1580]---> Adder-cost: 496   maxlim: 4659   bits: 14/13
c ---[1579]---> Adder-cost: 248   maxlim: 4540   bits: 14/13
c ---[1578]---> Adder-cost: 508   maxlim: 5905   bits: 14/13
c ---[1577]---> Adder-cost: 324   maxlim: 4259   bits: 14/13
c ---[1576]---> Adder-cost: 474   maxlim: 4516   bits: 14/13
c ---[1575]---> Adder-cost: 278   maxlim: 5005   bits: 14/13
c ---[1574]---> Adder-cost: 489   maxlim: 4346   bits: 14/13
c ---[1573]---> Adder-cost: 245   maxlim: 4712   bits: 14/13
c ---[1572]---> Adder-cost: 503   maxlim: 4728   bits: 14/13
c ---[1571]---> Adder-cost: 301   maxlim: 5088   bits: 14/13
c ---[1570]---> Adder-cost: 491   maxlim: 4294   bits: 14/13
c ---[1569]---> Adder-cost: 298   maxlim: 5117   bits: 14/13
c ---[1568]---> Adder-cost: 498   maxlim: 3173   bits: 13/12
c ---[1567]---> Adder-cost: 279   maxlim: 6057   bits: 14/13
c ---[1566]---> Adder-cost: 457   maxlim: 4833   bits: 14/13
c ---[1565]---> Adder-cost: 273   maxlim: 3628   bits: 13/12
c ---[1564]---> Adder-cost: 486   maxlim: 4688   bits: 14/13
c ---[1563]---> Adder-cost: 310   maxlim: 4865   bits: 14/13
c ---[1562]---> Adder-cost: 486   maxlim: 3844   bits: 13/12
c ---[1561]---> Adder-cost: 240   maxlim: 5427   bits: 14/13
c ---[1560]---> Adder-cost: 508   maxlim: 3648   bits: 13/12
c ---[1559]---> Adder-cost: 191   maxlim: 5312   bits: 14/13
c ---[1558]---> Adder-cost: 494   maxlim: 5509   bits: 14/13
c ---[1557]---> Adder-cost: 304   maxlim: 4078   bits: 13/12
c ---[1556]---> Adder-cost: 512   maxlim: 3930   bits: 13/12
c ---[1555]---> Adder-cost: 302   maxlim: 5237   bits: 14/13
c ---[1554]---> Adder-cost: 497   maxlim: 4026   bits: 13/12
c ---[1553]---> Adder-cost: 310   maxlim: 4709   bits: 14/13
c ---[1552]---> Adder-cost: 470   maxlim: 5237   bits: 14/13
c ---[1551]---> Adder-cost: 229   maxlim: 3194   bits: 13/12
c ---[1550]---> Adder-cost: 500   maxlim: 3904   bits: 13/12
c ---[1549]---> Adder-cost: 281   maxlim: 5084   bits: 14/13
c ---[1548]---> Adder-cost: 486   maxlim: 4502   bits: 14/13
c ---[1547]---> Adder-cost: 305   maxlim: 5152   bits: 14/13
c ---[1546]---> Adder-cost: 517   maxlim: 3861   bits: 13/12
c ---[1545]---> Adder-cost: 238   maxlim: 6171   bits: 14/13
c ---[1544]---> Adder-cost: 510   maxlim: 3415   bits: 13/12
c ---[1543]---> Adder-cost: 290   maxlim: 6401   bits: 14/13
c ---[1542]---> Adder-cost: 504   maxlim: 4715   bits: 14/13
c ---[1541]---> Adder-cost: 278   maxlim: 4796   bits: 14/13
c ---[1540]---> Adder-cost: 512   maxlim: 5537   bits: 14/13
c ---[1539]---> Adder-cost: 312   maxlim: 3860   bits: 13/12
c ---[1538]---> Adder-cost: 499   maxlim: 5555   bits: 14/13
c ---[1537]---> Adder-cost: 233   maxlim: 4267   bits: 14/13
c ---[1536]---> Adder-cost: 478   maxlim: 4043   bits: 13/12
c ---[1535]---> Adder-cost: 306   maxlim: 5166   bits: 14/13
c ---[1534]---> Adder-cost: 519   maxlim: 6163   bits: 14/13
c ---[1533]---> Adder-cost: 320   maxlim: 3525   bits: 13/12
c ---[1532]---> Adder-cost: 495   maxlim: 4346   bits: 14/13
c ---[1531]---> Adder-cost: 330   maxlim: 5517   bits: 14/13
c ---[1530]---> Adder-cost: 487   maxlim: 4422   bits: 14/13
c ---[1529]---> Adder-cost: 310   maxlim: 4265   bits: 14/13
c ---[1528]---> Adder-cost: 457   maxlim: 4736   bits: 14/13
c ---[1527]---> Adder-cost: 250   maxlim: 4623   bits: 14/13
c ---[1526]---> Adder-cost: 463   maxlim: 4204   bits: 14/13
c ---[1525]---> Adder-cost: 233   maxlim: 4636   bits: 14/13
c ---[1524]---> Adder-cost: 483   maxlim: 5761   bits: 14/13
c ---[1523]---> Adder-cost: 258   maxlim: 3599   bits: 13/12
c ---[1522]---> Adder-cost: 465   maxlim: 5029   bits: 14/13
c ---[1521]---> Adder-cost: 276   maxlim: 4090   bits: 13/12
c ---[1520]---> Adder-cost: 502   maxlim: 5019   bits: 14/13
c ---[1519]---> Adder-cost: 306   maxlim: 4774   bits: 14/13
c ---[1518]---> Adder-cost: 508   maxlim: 3498   bits: 13/12
c ---[1517]---> Adder-cost: 253   maxlim: 5962   bits: 14/13
c ---[1516]---> Adder-cost: 509   maxlim: 4056   bits: 13/12
c ---[1515]---> Adder-cost: 298   maxlim: 5857   bits: 14/13
c ---[1514]---> Adder-cost: 495   maxlim: 5697   bits: 14/13
c ---[1513]---> Adder-cost: 264   maxlim: 4322   bits: 14/13
c ---[1512]---> Adder-cost: 509   maxlim: 5357   bits: 14/13
c ---[1511]---> Adder-cost: 296   maxlim: 4730   bits: 14/13
c ---[1510]---> Adder-cost: 531   maxlim: 5418   bits: 14/13
c ---[1509]---> Adder-cost: 261   maxlim: 4414   bits: 14/13
c ---[1508]---> Adder-cost: 514   maxlim: 5366   bits: 14/13
c ---[1507]---> Adder-cost: 227   maxlim: 4150   bits: 14/13
c ---[1506]---> Adder-cost: 493   maxlim: 5303   bits: 14/13
c ---[1505]---> Adder-cost: 282   maxlim: 4348   bits: 14/13
c ---[1504]---> Adder-cost: 491   maxlim: 4996   bits: 14/13
c ---[1503]---> Adder-cost: 267   maxlim: 4040   bits: 13/12
c ---[1502]---> Adder-cost: 505   maxlim: 3043   bits: 13/12
c ---[1501]---> Adder-cost: 264   maxlim: 5669   bits: 14/13
c ---[1500]---> Adder-cost: 447   maxlim: 5242   bits: 14/13
c ---[1499]---> Adder-cost: 286   maxlim: 4481   bits: 14/13
c ---[1498]---> Adder-cost: 479   maxlim: 4331   bits: 14/13
c ---[1497]---> Adder-cost: 318   maxlim: 4690   bits: 14/13
c ---[1496]---> Adder-cost: 486   maxlim: 4447   bits: 14/13
c ---[1495]---> Adder-cost: 298   maxlim: 4884   bits: 14/13
c ---[1494]---> Adder-cost: 506   maxlim: 4062   bits: 13/12
c ---[1493]---> Adder-cost: 293   maxlim: 5708   bits: 14/13
c ---[1492]---> Adder-cost: 483   maxlim: 6024   bits: 14/13
c ---[1491]---> Adder-cost: 284   maxlim: 4013   bits: 13/12
c ---[1490]---> Adder-cost: 518   maxlim: 6359   bits: 14/13
c ---[1489]---> Adder-cost: 318   maxlim: 3250   bits: 13/12
c ---[1488]---> Adder-cost: 470   maxlim: 3702   bits: 13/12
c ---[1487]---> Adder-cost: 262   maxlim: 5293   bits: 14/13
c ---[1486]---> Adder-cost: 493   maxlim: 5667   bits: 14/13
c ---[1485]---> Adder-cost: 316   maxlim: 3543   bits: 13/12
c ---[1484]---> Adder-cost: 489   maxlim: 5483   bits: 14/13
c ---[1483]---> Adder-cost: 272   maxlim: 3822   bits: 13/12
c ---[1482]---> Adder-cost: 479   maxlim: 4374   bits: 14/13
c ---[1481]---> Adder-cost: 265   maxlim: 4896   bits: 14/13
c ---[1480]---> Adder-cost: 478   maxlim: 5254   bits: 14/13
c ---[1479]---> Adder-cost: 288   maxlim: 3795   bits: 13/12
c ---[1478]---> Adder-cost: 516   maxlim: 4553   bits: 14/13
c ---[1477]---> Adder-cost: 284   maxlim: 5047   bits: 14/13
c ---[1476]---> Adder-cost: 496   maxlim: 4694   bits: 14/13
c ---[1475]---> Adder-cost: 321   maxlim: 4860   bits: 14/13
c ---[1474]---> Adder-cost: 525   maxlim: 4882   bits: 14/13
c ---[1473]---> Adder-cost: 330   maxlim: 5091   bits: 14/13
c ---[1472]---> Adder-cost: 476   maxlim: 3995   bits: 13/12
c ---[1471]---> Adder-cost: 244   maxlim: 5509   bits: 14/13
c ---[1470]---> Adder-cost: 502   maxlim: 4490   bits: 14/13
c ---[1469]---> Adder-cost: 301   maxlim: 5054   bits: 14/13
c ---[1468]---> Adder-cost: 534   maxlim: 5242   bits: 14/13
c ---[1467]---> Adder-cost: 322   maxlim: 4833   bits: 14/13
c ---[1466]---> Adder-cost: 524   maxlim: 5063   bits: 14/13
c ---[1465]---> Adder-cost: 240   maxlim: 4315   bits: 14/13
c ---[1464]---> Adder-cost: 534   maxlim: 5235   bits: 14/13
c ---[1463]---> Adder-cost: 324   maxlim: 4633   bits: 14/13
c ---[1462]---> Adder-cost: 527   maxlim: 4087   bits: 13/12
c ---[1461]---> Adder-cost: 324   maxlim: 4884   bits: 14/13
c ---[1460]---> Adder-cost: 480   maxlim: 4536   bits: 14/13
c ---[1459]---> Adder-cost: 284   maxlim: 5005   bits: 14/13
c ---[1458]---> Adder-cost: 493   maxlim: 4740   bits: 14/13
c ---[1457]---> Adder-cost: 304   maxlim: 5902   bits: 14/13
c ---[1456]---> Adder-cost: 538   maxlim: 5438   bits: 14/13
c ---[1455]---> Adder-cost: 325   maxlim: 5314   bits: 14/13
c ---[1454]---> Adder-cost: 531   maxlim: 4539   bits: 14/13
c ---[1453]---> Adder-cost: 226   maxlim: 4791   bits: 14/13
c ---[1452]---> Adder-cost: 542   maxlim: 5313   bits: 14/13
c ---[1451]---> Adder-cost: 300   maxlim: 5350   bits: 14/13
c ---[1450]---> Adder-cost: 526   maxlim: 4701   bits: 14/13
c ---[1449]---> Adder-cost: 316   maxlim: 5320   bits: 14/13
c ---[1448]---> Adder-cost: 509   maxlim: 4417   bits: 14/13
c ---[1447]---> Adder-cost: 244   maxlim: 4991   bits: 14/13
c ---[1446]---> Adder-cost: 486   maxlim: 4574   bits: 14/13
c ---[1445]---> Adder-cost: 262   maxlim: 4909   bits: 14/13
c ---[1444]---> Adder-cost: 508   maxlim: 5110   bits: 14/13
c ---[1443]---> Adder-cost: 330   maxlim: 4643   bits: 14/13
c ---[1442]---> Adder-cost: 522   maxlim: 4964   bits: 14/13
c ---[1441]---> Adder-cost: 233   maxlim: 4676   bits: 14/13
c ---[1440]---> Adder-cost: 525   maxlim: 3724   bits: 13/12
c ---[1439]---> Adder-cost: 328   maxlim: 5465   bits: 14/13
c ---[1438]---> Adder-cost: 492   maxlim: 4353   bits: 14/13
c ---[1437]---> Adder-cost: 328   maxlim: 4828   bits: 14/13
c ---[1436]---> Adder-cost: 504   maxlim: 4177   bits: 14/13
c ---[1435]---> Adder-cost: 248   maxlim: 5971   bits: 14/13
c ---[1434]---> Adder-cost: 536   maxlim: 5897   bits: 14/13
c ---[1433]---> Adder-cost: 276   maxlim: 4232   bits: 14/13
c ---[1432]---> Adder-cost: 504   maxlim: 4930   bits: 14/13
c ---[1431]---> Adder-cost: 306   maxlim: 4003   bits: 13/12
c ---[1430]---> Adder-cost: 535   maxlim: 5098   bits: 14/13
c ---[1429]---> Adder-cost: 299   maxlim: 5232   bits: 14/13
c ---[1428]---> Adder-cost: 471   maxlim: 6351   bits: 14/13
c ---[1427]---> Adder-cost: 290   maxlim: 3990   bits: 13/12
c ---[1426]---> Adder-cost: 522   maxlim: 5906   bits: 14/13
c ---[1425]---> Adder-cost: 326   maxlim: 3769   bits: 13/12
c ---[1424]---> Adder-cost: 511   maxlim: 3082   bits: 13/12
c ---[1423]---> Adder-cost: 257   maxlim: 6182   bits: 14/13
c ---[1422]---> Adder-cost: 525   maxlim: 4312   bits: 14/13
c ---[1421]---> Adder-cost: 343   maxlim: 4866   bits: 14/13
c ---[1420]---> Adder-cost: 501   maxlim: 4987   bits: 14/13
c ---[1419]---> Adder-cost: 286   maxlim: 4021   bits: 13/12
c ---[1418]---> Adder-cost: 525   maxlim: 6085   bits: 14/13
c ---[1417]---> Adder-cost: 286   maxlim: 3411   bits: 13/12
c ---[1416]---> Adder-cost: 515   maxlim: 4979   bits: 14/13
c ---[1415]---> Adder-cost: 256   maxlim: 4720   bits: 14/13
c ---[1414]---> Adder-cost: 482   maxlim: 4447   bits: 14/13
c ---[1413]---> Adder-cost: 310   maxlim: 5769   bits: 14/13
c ---[1412]---> Adder-cost: 521   maxlim: 3402   bits: 13/12
c ---[1411]---> Adder-cost: 266   maxlim: 5951   bits: 14/13
c ---[1410]---> Adder-cost: 522   maxlim: 5032   bits: 14/13
c ---[1409]---> Adder-cost: 273   maxlim: 5322   bits: 14/13
c ---[1408]---> Adder-cost: 529   maxlim: 5038   bits: 14/13
c ---[1407]---> Adder-cost: 309   maxlim: 5474   bits: 14/13
c ---[1406]---> Adder-cost: 503   maxlim: 4362   bits: 14/13
c ---[1405]---> Adder-cost: 265   maxlim: 4884   bits: 14/13
c ---[1404]---> Adder-cost: 517   maxlim: 4614   bits: 14/13
c ---[1403]---> Adder-cost: 237   maxlim: 5122   bits: 14/13
c ---[1402]---> Adder-cost: 530   maxlim: 4616   bits: 14/13
c ---[1401]---> Adder-cost: 295   maxlim: 5326   bits: 14/13
c ---[1400]---> Adder-cost: 510   maxlim: 4354   bits: 14/13
c ---[1399]---> Adder-cost: 302   maxlim: 5165   bits: 14/13
c ---[1398]---> Adder-cost: 549   maxlim: 5056   bits: 14/13
c ---[1397]---> Adder-cost: 306   maxlim: 5255   bits: 14/13
c ---[1396]---> Adder-cost: 509   maxlim: 5838   bits: 14/13
c ---[1395]---> Adder-cost: 332   maxlim: 3883   bits: 13/12
c ---[1394]---> Adder-cost: 487   maxlim: 6040   bits: 14/13
c ---[1393]---> Adder-cost: 338   maxlim: 3265   bits: 13/12
c ---[1392]---> Adder-cost: 464   maxlim: 3613   bits: 13/12
c ---[1391]---> Adder-cost: 238   maxlim: 5267   bits: 14/13
c ---[1390]---> Adder-cost: 525   maxlim: 4778   bits: 14/13
c ---[1389]---> Adder-cost: 255   maxlim: 5542   bits: 14/13
c ---[1388]---> Adder-cost: 502   maxlim: 3818   bits: 13/12
c ---[1387]---> Adder-cost: 289   maxlim: 5560   bits: 14/13
c ---[1386]---> Adder-cost: 525   maxlim: 5849   bits: 14/13
c ---[1385]---> Adder-cost: 326   maxlim: 3648   bits: 13/12
c ---[1384]---> Adder-cost: 530   maxlim: 5294   bits: 14/13
c ---[1383]---> Adder-cost: 337   maxlim: 4948   bits: 14/13
c ---[1382]---> Adder-cost: 508   maxlim: 5017   bits: 14/13
c ---[1381]---> Adder-cost: 265   maxlim: 4833   bits: 14/13
c ---[1380]---> Adder-cost: 515   maxlim: 5008   bits: 14/13
c ---[1379]---> Adder-cost: 335   maxlim: 4716   bits: 14/13
c ---[1378]---> Adder-cost: 512   maxlim: 4749   bits: 14/13
c ---[1377]---> Adder-cost: 286   maxlim: 4798   bits: 14/13
c ---[1376]---> Adder-cost: 508   maxlim: 4572   bits: 14/13
c ---[1375]---> Adder-cost: 259   maxlim: 5550   bits: 14/13
c ---[1374]---> Adder-cost: 545   maxlim: 4339   bits: 14/13
c ---[1373]---> Adder-cost: 340   maxlim: 5472   bits: 14/13
c ---[1372]---> Adder-cost: 508   maxlim: 6196   bits: 14/13
c ---[1371]---> Adder-cost: 309   maxlim: 3200   bits: 13/12
c ---[1370]---> Adder-cost: 527   maxlim: 5468   bits: 14/13
c ---[1369]---> Adder-cost: 276   maxlim: 4403   bits: 14/13
c ---[1368]---> Adder-cost: 516   maxlim: 4045   bits: 13/12
c ---[1367]---> Adder-cost: 318   maxlim: 5600   bits: 14/13
c ---[1366]---> Adder-cost: 510   maxlim: 5416   bits: 14/13
c ---[1365]---> Adder-cost: 354   maxlim: 5117   bits: 14/13
c ---[1364]---> Adder-cost: 527   maxlim: 5633   bits: 14/13
c ---[1363]---> Adder-cost: 246   maxlim: 4864   bits: 14/13
c ---[1362]---> Adder-cost: 541   maxlim: 5563   bits: 14/13
c ---[1361]---> Adder-cost: 332   maxlim: 3745   bits: 13/12
c ---[1360]---> Adder-cost: 528   maxlim: 4677   bits: 14/13
c ---[1359]---> Adder-cost: 242   maxlim: 5635   bits: 14/13
c ---[1358]---> Adder-cost: 477   maxlim: 2988   bits: 13/12
c ---[1357]---> Adder-cost: 296   maxlim: 5831   bits: 14/13
c ---[1356]---> Adder-cost: 508   maxlim: 4368   bits: 14/13
c ---[1355]---> Adder-cost: 273   maxlim: 4920   bits: 14/13
c ---[1354]---> Adder-cost: 521   maxlim: 4529   bits: 14/13
c ---[1353]---> Adder-cost: 291   maxlim: 4765   bits: 14/13
c ---[1352]---> Adder-cost: 507   maxlim: 3053   bits: 13/12
c ---[1351]---> Adder-cost: 302   maxlim: 6206   bits: 14/13
c ---[1350]---> Adder-cost: 526   maxlim: 3817   bits: 13/12
c ---[1349]---> Adder-cost: 236   maxlim: 5874   bits: 14/13
c ---[1348]---> Adder-cost: 470   maxlim: 5694   bits: 14/13
c ---[1347]---> Adder-cost: 299   maxlim: 3952   bits: 13/12
c ---[1346]---> Adder-cost: 504   maxlim: 5227   bits: 14/13
c ---[1345]---> Adder-cost: 258   maxlim: 4728   bits: 14/13
c ---[1344]---> Adder-cost: 481   maxlim: 5808   bits: 14/13
c ---[1343]---> Adder-cost: 285   maxlim: 3862   bits: 13/12
c ---[1342]---> Adder-cost: 496   maxlim: 4025   bits: 13/12
c ---[1341]---> Adder-cost: 238   maxlim: 6233   bits: 14/13
c ---[1340]---> Adder-cost: 490   maxlim: 4278   bits: 14/13
c ---[1339]---> Adder-cost: 247   maxlim: 5342   bits: 14/13
c ---[1338]---> Adder-cost: 536   maxlim: 4444   bits: 14/13
c ---[1337]---> Adder-cost: 285   maxlim: 4612   bits: 14/13
c ---[1336]---> Adder-cost: 510   maxlim: 5986   bits: 14/13
c ---[1335]---> Adder-cost: 183   maxlim: 4194   bits: 14/13
c ---[1334]---> Adder-cost: 505   maxlim: 4188   bits: 14/13
c ---[1333]---> Adder-cost: 278   maxlim: 5737   bits: 14/13
c ---[1332]---> Adder-cost: 506   maxlim: 4878   bits: 14/13
c ---[1331]---> Adder-cost: 314   maxlim: 5043   bits: 14/13
c ---[1330]---> Adder-cost: 478   maxlim: 6012   bits: 14/13
c ---[1329]---> Adder-cost: 286   maxlim: 3255   bits: 13/12
c ---[1328]---> Adder-cost: 514   maxlim: 5774   bits: 14/13
c ---[1327]---> Adder-cost: 261   maxlim: 4166   bits: 14/13
c ---[1326]---> Adder-cost: 490   maxlim: 4166   bits: 14/13
c ---[1325]---> Adder-cost: 223   maxlim: 5710   bits: 14/13
c ---[1324]---> Adder-cost: 510   maxlim: 4784   bits: 14/13
c ---[1323]---> Adder-cost: 304   maxlim: 5237   bits: 14/13
c ---[1322]---> Adder-cost: 534   maxlim: 6520   bits: 14/13
c ---[1321]---> Adder-cost: 200   maxlim: 3703   bits: 13/12
c ---[1320]---> Adder-cost: 515   maxlim: 4023   bits: 13/12
c ---[1319]---> Adder-cost: 266   maxlim: 5273   bits: 14/13
c ---[1318]---> Adder-cost: 519   maxlim: 5042   bits: 14/13
c ---[1317]---> Adder-cost: 223   maxlim: 4722   bits: 14/13
c ---[1316]---> Adder-cost: 512   maxlim: 4540   bits: 14/13
c ---[1315]---> Adder-cost: 316   maxlim: 4885   bits: 14/13
c ---[1314]---> Adder-cost: 486   maxlim: 3949   bits: 13/12
c ---[1313]---> Adder-cost: 326   maxlim: 5824   bits: 14/13
c ---[1312]---> Adder-cost: 517   maxlim: 4615   bits: 14/13
c ---[1311]---> Adder-cost: 242   maxlim: 5192   bits: 14/13
c ---[1310]---> Adder-cost: 508   maxlim: 5563   bits: 14/13
c ---[1309]---> Adder-cost: 310   maxlim: 3952   bits: 13/12
c ---[1308]---> Adder-cost: 523   maxlim: 5559   bits: 14/13
c ---[1307]---> Adder-cost: 318   maxlim: 3584   bits: 13/12
c ---[1306]---> Adder-cost: 508   maxlim: 4264   bits: 14/13
c ---[1305]---> Adder-cost: 301   maxlim: 6010   bits: 14/13
c ---[1304]---> Adder-cost: 489   maxlim: 4707   bits: 14/13
c ---[1303]---> Adder-cost: 292   maxlim: 4186   bits: 14/13
c ---[1302]---> Adder-cost: 534   maxlim: 4563   bits: 14/13
c ---[1301]---> Adder-cost: 242   maxlim: 4828   bits: 14/13
c ---[1300]---> Adder-cost: 490   maxlim: 5155   bits: 14/13
c ---[1299]---> Adder-cost: 236   maxlim: 4386   bits: 14/13
c ---[1298]---> Adder-cost: 490   maxlim: 5520   bits: 14/13
c ---[1297]---> Adder-cost: 296   maxlim: 4691   bits: 14/13
c ---[1296]---> Adder-cost: 542   maxlim: 4730   bits: 14/13
c ---[1295]---> Adder-cost: 281   maxlim: 5258   bits: 14/13
c ---[1294]---> Adder-cost: 479   maxlim: 3334   bits: 13/12
c ---[1293]---> Adder-cost: 251   maxlim: 5862   bits: 14/13
c ---[1292]---> Adder-cost: 519   maxlim: 3492   bits: 13/12
c ---[1291]---> Adder-cost: 323   maxlim: 5694   bits: 14/13
c ---[1290]---> Adder-cost: 516   maxlim: 4150   bits: 14/13
c ---[1289]---> Adder-cost: 306   maxlim: 5869   bits: 14/13
c ---[1288]---> Adder-cost: 525   maxlim: 5571   bits: 14/13
c ---[1287]---> Adder-cost: 320   maxlim: 4903   bits: 14/13
c ---[1286]---> Adder-cost: 516   maxlim: 5381   bits: 14/13
c ---[1285]---> Adder-cost: 270   maxlim: 4950   bits: 14/13
c ---[1284]---> Adder-cost: 514   maxlim: 5534   bits: 14/13
c ---[1283]---> Adder-cost: 279   maxlim: 4394   bits: 14/13
c ---[1282]---> Adder-cost: 535   maxlim: 5994   bits: 14/13
c ---[1281]---> Adder-cost: 303   maxlim: 3782   bits: 13/12
c ---[1280]---> Adder-cost: 515   maxlim: 6072   bits: 14/13
c ---[1279]---> Adder-cost: 255   maxlim: 4064   bits: 13/12
c ---[1278]---> Adder-cost: 512   maxlim: 4292   bits: 14/13
c ---[1277]---> Adder-cost: 199   maxlim: 5324   bits: 14/13
c ---[1276]---> Adder-cost: 481   maxlim: 4627   bits: 14/13
c ---[1275]---> Adder-cost: 316   maxlim: 4937   bits: 14/13
c ---[1274]---> Adder-cost: 553   maxlim: 4862   bits: 14/13
c ---[1273]---> Adder-cost: 345   maxlim: 4768   bits: 14/13
c ---[1272]---> Adder-cost: 494   maxlim: 5329   bits: 14/13
c ---[1271]---> Adder-cost: 213   maxlim: 4625   bits: 14/13
c ---[1270]---> Adder-cost: 501   maxlim: 3755   bits: 13/12
c ---[1269]---> Adder-cost: 322   maxlim: 5697   bits: 14/13
c ---[1268]---> Adder-cost: 477   maxlim: 5702   bits: 14/13
c ---[1267]---> Adder-cost: 315   maxlim: 4016   bits: 13/12
c ---[1266]---> Adder-cost: 523   maxlim: 4944   bits: 14/13
c ---[1265]---> Adder-cost: 349   maxlim: 5358   bits: 14/13
c ---[1264]---> Adder-cost: 485   maxlim: 5128   bits: 14/13
c ---[1263]---> Adder-cost: 319   maxlim: 5062   bits: 14/13
c ---[1262]---> Adder-cost: 495   maxlim: 4160   bits: 14/13
c ---[1261]---> Adder-cost: 301   maxlim: 5166   bits: 14/13
c ---[1260]---> Adder-cost: 497   maxlim: 4835   bits: 14/13
c ---[1259]---> Adder-cost: 195   maxlim: 4587   bits: 14/13
c ---[1258]---> Adder-cost: 505   maxlim: 5352   bits: 14/13
c ---[1257]---> Adder-cost: 269   maxlim: 4308   bits: 14/13
c ---[1256]---> Adder-cost: 531   maxlim: 3815   bits: 13/12
c ---[1255]---> Adder-cost: 338   maxlim: 5556   bits: 14/13
c ---[1254]---> Adder-cost: 521   maxlim: 5519   bits: 14/13
c ---[1253]---> Adder-cost: 354   maxlim: 3438   bits: 13/12
c ---[1252]---> Adder-cost: 501   maxlim: 4707   bits: 14/13
c ---[1251]---> Adder-cost: 310   maxlim: 5079   bits: 14/13
c ---[1250]---> Adder-cost: 496   maxlim: 5164   bits: 14/13
c ---[1249]---> Adder-cost: 230   maxlim: 4123   bits: 14/13
c ---[1248]---> Adder-cost: 474   maxlim: 6023   bits: 14/13
c ---[1247]---> Adder-cost: 258   maxlim: 3587   bits: 13/12
c ---[1246]---> Adder-cost: 493   maxlim: 4258   bits: 14/13
c ---[1245]---> Adder-cost: 218   maxlim: 5289   bits: 14/13
c ---[1244]---> Adder-cost: 541   maxlim: 4692   bits: 14/13
c ---[1243]---> Adder-cost: 336   maxlim: 4575   bits: 14/13
c ---[1242]---> Adder-cost: 513   maxlim: 5187   bits: 14/13
c ---[1241]---> Adder-cost: 233   maxlim: 4723   bits: 14/13
c ---[1240]---> Adder-cost: 476   maxlim: 5192   bits: 14/13
c ---[1239]---> Adder-cost: 245   maxlim: 5206   bits: 14/13
c ---[1238]---> Adder-cost: 517   maxlim: 4087   bits: 13/12
c ---[1237]---> Adder-cost: 322   maxlim: 5950   bits: 14/13
c ---[1236]---> Adder-cost: 497   maxlim: 4587   bits: 14/13
c ---[1235]---> Adder-cost: 312   maxlim: 5246   bits: 14/13
c ---[1234]---> Adder-cost: 521   maxlim: 4488   bits: 14/13
c ---[1233]---> Adder-cost: 257   maxlim: 5392   bits: 14/13
c ---[1232]---> Adder-cost: 524   maxlim: 3908   bits: 13/12
c ---[1231]---> Adder-cost: 284   maxlim: 6338   bits: 14/13
c ---[1230]---> Adder-cost: 504   maxlim: 3865   bits: 13/12
c ---[1229]---> Adder-cost: 278   maxlim: 5408   bits: 14/13
c ---[1228]---> Adder-cost: 471   maxlim: 4511   bits: 14/13
c ---[1227]---> Adder-cost: 242   maxlim: 4580   bits: 14/13
c ---[1226]---> Adder-cost: 487   maxlim: 4821   bits: 14/13
c ---[1225]---> Adder-cost: 303   maxlim: 4921   bits: 14/13
c ---[1224]---> Adder-cost: 508   maxlim: 4759   bits: 14/13
c ---[1223]---> Adder-cost: 324   maxlim: 5098   bits: 14/13
c ---[1222]---> Adder-cost: 534   maxlim: 6031   bits: 14/13
c ---[1221]---> Adder-cost: 260   maxlim: 3152   bits: 13/12
c ---[1220]---> Adder-cost: 515   maxlim: 4744   bits: 14/13
c ---[1219]---> Adder-cost: 291   maxlim: 4876   bits: 14/13
c ---[1218]---> Adder-cost: 502   maxlim: 3940   bits: 13/12
c ---[1217]---> Adder-cost: 336   maxlim: 5527   bits: 14/13
c ---[1216]---> Adder-cost: 495   maxlim: 5251   bits: 14/13
c ---[1215]---> Adder-cost: 314   maxlim: 4457   bits: 14/13
c ---[1214]---> Adder-cost: 508   maxlim: 4063   bits: 13/12
c ---[1213]---> Adder-cost: 312   maxlim: 5325   bits: 14/13
c ---[1212]---> Adder-cost: 496   maxlim: 5719   bits: 14/13
c ---[1211]---> Adder-cost: 300   maxlim: 3459   bits: 13/12
c ---[1210]---> Adder-cost: 504   maxlim: 5692   bits: 14/13
c ---[1209]---> Adder-cost: 317   maxlim: 4226   bits: 14/13
c ---[1208]---> Adder-cost: 534   maxlim: 4870   bits: 14/13
c ---[1207]---> Adder-cost: 315   maxlim: 5026   bits: 14/13
c ---[1206]---> Adder-cost: 508   maxlim: 4570   bits: 14/13
c ---[1205]---> Adder-cost: 317   maxlim: 5380   bits: 14/13
c ---[1204]---> Adder-cost: 532   maxlim: 4089   bits: 13/12
c ---[1203]---> Adder-cost: 356   maxlim: 5696   bits: 14/13
c ---[1202]---> Adder-cost: 499   maxlim: 5618   bits: 14/13
c ---[1201]---> Adder-cost: 263   maxlim: 4462   bits: 14/13
c ---[1200]---> Adder-cost: 520   maxlim: 5292   bits: 14/13
c ---[1199]---> Adder-cost: 251   maxlim: 4244   bits: 14/13
c ---[1198]---> Adder-cost: 514   maxlim: 5143   bits: 14/13
c ---[1197]---> Adder-cost: 272   maxlim: 4692   bits: 14/13
c ---[1196]---> Adder-cost: 511   maxlim: 5123   bits: 14/13
c ---[1195]---> Adder-cost: 292   maxlim: 4391   bits: 14/13
c ---[1194]---> Adder-cost: 500   maxlim: 5629   bits: 14/13
c ---[1193]---> Adder-cost: 288   maxlim: 4023   bits: 13/12
c ---[1192]---> Adder-cost: 551   maxlim: 5563   bits: 14/13
c ---[1191]---> Adder-cost: 302   maxlim: 4652   bits: 14/13
c ---[1190]---> Adder-cost: 492   maxlim: 4991   bits: 14/13
c ---[1189]---> Adder-cost: 270   maxlim: 4517   bits: 14/13
c ---[1188]---> Adder-cost: 497   maxlim: 4261   bits: 14/13
c ---[1187]---> Adder-cost: 253   maxlim: 5417   bits: 14/13
c ---[1186]---> Adder-cost: 528   maxlim: 5098   bits: 14/13
c ---[1185]---> Adder-cost: 273   maxlim: 4574   bits: 14/13
c ---[1184]---> Adder-cost: 515   maxlim: 5191   bits: 14/13
c ---[1183]---> Adder-cost: 272   maxlim: 5258   bits: 14/13
c ---[1182]---> Adder-cost: 521   maxlim: 5021   bits: 14/13
c ---[1181]---> Adder-cost: 298   maxlim: 5064   bits: 14/13
c ---[1180]---> Adder-cost: 545   maxlim: 3965   bits: 13/12
c ---[1179]---> Adder-cost: 336   maxlim: 5424   bits: 14/13
c ---[1178]---> Adder-cost: 557   maxlim: 4519   bits: 14/13
c ---[1177]---> Adder-cost: 306   maxlim: 5336   bits: 14/13
c ---[1176]---> Adder-cost: 518   maxlim: 5313   bits: 14/13
c ---[1175]---> Adder-cost: 304   maxlim: 4340   bits: 14/13
c ---[1174]---> Adder-cost: 540   maxlim: 4915   bits: 14/13
c ---[1173]---> Adder-cost: 314   maxlim: 5612   bits: 14/13
c ---[1172]---> Adder-cost: 491   maxlim: 5292   bits: 14/13
c ---[1171]---> Adder-cost: 271   maxlim: 3964   bits: 13/12
c ---[1170]---> Adder-cost: 515   maxlim: 5471   bits: 14/13
c ---[1169]---> Adder-cost: 248   maxlim: 3959   bits: 13/12
c ---[1168]---> Adder-cost: 501   maxlim: 4684   bits: 14/13
c ---[1167]---> Adder-cost: 322   maxlim: 5029   bits: 14/13
c ---[1166]---> Adder-cost: 487   maxlim: 5125   bits: 14/13
c ---[1165]---> Adder-cost: 306   maxlim: 4859   bits: 14/13
c ---[1164]---> Adder-cost: 511   maxlim: 5838   bits: 14/13
c ---[1163]---> Adder-cost: 329   maxlim: 4944   bits: 14/13
c ---[1162]---> Adder-cost: 520   maxlim: 4840   bits: 14/13
c ---[1161]---> Adder-cost: 263   maxlim: 5208   bits: 14/13
c ---[1160]---> Adder-cost: 474   maxlim: 5387   bits: 14/13
c ---[1159]---> Adder-cost: 273   maxlim: 4339   bits: 14/13
c ---[1158]---> Adder-cost: 489   maxlim: 5030   bits: 14/13
c ---[1157]---> Adder-cost: 333   maxlim: 5080   bits: 14/13
c ---[1156]---> Adder-cost: 496   maxlim: 5378   bits: 14/13
c ---[1155]---> Adder-cost: 295   maxlim: 4688   bits: 14/13
c ---[1154]---> Adder-cost: 513   maxlim: 5044   bits: 14/13
c ---[1153]---> Adder-cost: 217   maxlim: 4536   bits: 14/13
c ---[1152]---> Adder-cost: 507   maxlim: 5194   bits: 14/13
c ---[1151]---> Adder-cost: 336   maxlim: 5051   bits: 14/13
c ---[1150]---> Adder-cost: 514   maxlim: 4892   bits: 14/13
c ---[1149]---> Adder-cost: 302   maxlim: 5191   bits: 14/13
c ---[1148]---> Adder-cost: 507   maxlim: 4981   bits: 14/13
c ---[1147]---> Adder-cost: 282   maxlim: 4419   bits: 14/13
c ---[1146]---> Adder-cost: 499   maxlim: 4649   bits: 14/13
c ---[1145]---> Adder-cost: 257   maxlim: 5265   bits: 14/13
c ---[1144]---> Adder-cost: 508   maxlim: 4913   bits: 14/13
c ---[1143]---> Adder-cost: 260   maxlim: 4542   bits: 14/13
c ---[1142]---> Adder-cost: 530   maxlim: 3817   bits: 13/12
c ---[1141]---> Adder-cost: 279   maxlim: 5757   bits: 14/13
c ---[1140]---> Adder-cost: 500   maxlim: 5299   bits: 14/13
c ---[1139]---> Adder-cost: 239   maxlim: 4451   bits: 14/13
c ---[1138]---> Adder-cost: 492   maxlim: 4712   bits: 14/13
c ---[1137]---> Adder-cost: 323   maxlim: 5012   bits: 14/13
c ---[1136]---> Adder-cost: 508   maxlim: 5029   bits: 14/13
c ---[1135]---> Adder-cost: 239   maxlim: 4565   bits: 14/13
c ---[1134]---> Adder-cost: 493   maxlim: 4764   bits: 14/13
c ---[1133]---> Adder-cost: 314   maxlim: 4657   bits: 14/13
c ---[1132]---> Adder-cost: 538   maxlim: 5352   bits: 14/13
c ---[1131]---> Adder-cost: 265   maxlim: 4602   bits: 14/13
c ---[1130]---> Adder-cost: 487   maxlim: 4585   bits: 14/13
c ---[1129]---> Adder-cost: 286   maxlim: 4434   bits: 14/13
c ---[1128]---> Adder-cost: 503   maxlim: 4776   bits: 14/13
c ---[1127]---> Adder-cost: 268   maxlim: 5417   bits: 14/13
c ---[1126]---> Adder-cost: 484   maxlim: 5577   bits: 14/13
c ---[1125]---> Adder-cost: 197   maxlim: 4301   bits: 14/13
c ---[1124]---> Adder-cost: 516   maxlim: 4295   bits: 14/13
c ---[1123]---> Adder-cost: 280   maxlim: 5763   bits: 14/13
c ---[1122]---> Adder-cost: 525   maxlim: 4816   bits: 14/13
c ---[1121]---> Adder-cost: 333   maxlim: 4898   bits: 14/13
c ---[1120]---> Adder-cost: 519   maxlim: 5091   bits: 14/13
c ---[1119]---> Adder-cost: 316   maxlim: 4464   bits: 14/13
c ---[1118]---> Adder-cost: 511   maxlim: 5400   bits: 14/13
c ---[1117]---> Adder-cost: 247   maxlim: 4638   bits: 14/13
c ---[1116]---> Adder-cost: 502   maxlim: 5011   bits: 14/13
c ---[1115]---> Adder-cost: 212   maxlim: 5763   bits: 14/13
c ---[1114]---> Adder-cost: 516   maxlim: 4848   bits: 14/13
c ---[1113]---> Adder-cost: 316   maxlim: 4999   bits: 14/13
c ---[1112]---> Adder-cost: 478   maxlim: 4293   bits: 14/13
c ---[1111]---> Adder-cost: 269   maxlim: 5429   bits: 14/13
c ---[1110]---> Adder-cost: 511   maxlim: 4739   bits: 14/13
c ---[1109]---> Adder-cost: 352   maxlim: 4974   bits: 14/13
c ---[1108]---> Adder-cost: 499   maxlim: 4607   bits: 14/13
c ---[1107]---> Adder-cost: 302   maxlim: 5445   bits: 14/13
c ---[1106]---> Adder-cost: 495   maxlim: 4971   bits: 14/13
c ---[1105]---> Adder-cost: 310   maxlim: 4674   bits: 14/13
c ---[1104]---> Adder-cost: 532   maxlim: 5209   bits: 14/13
c ---[1103]---> Adder-cost: 311   maxlim: 5587   bits: 14/13
c ---[1102]---> Adder-cost: 506   maxlim: 5376   bits: 14/13
c ---[1101]---> Adder-cost: 317   maxlim: 4506   bits: 14/13
c ---[1100]---> Adder-cost: 495   maxlim: 4353   bits: 14/13
c ---[1099]---> Adder-cost: 224   maxlim: 5376   bits: 14/13
c ---[1098]---> Adder-cost: 496   maxlim: 4895   bits: 14/13
c ---[1097]---> Adder-cost: 258   maxlim: 4832   bits: 14/13
c ---[1096]---> Adder-cost: 504   maxlim: 5484   bits: 14/13
c ---[1095]---> Adder-cost: 273   maxlim: 5218   bits: 14/13
c ---[1094]---> Adder-cost: 496   maxlim: 5084   bits: 14/13
c ---[1093]---> Adder-cost: 282   maxlim: 5063   bits: 14/13
c ---[1092]---> Adder-cost: 506   maxlim: 5040   bits: 14/13
c ---[1091]---> Adder-cost: 266   maxlim: 4403   bits: 14/13
c ---[1090]---> Adder-cost: 505   maxlim: 4893   bits: 14/13
c ---[1089]---> Adder-cost: 318   maxlim: 4796   bits: 14/13
c ---[1088]---> Adder-cost: 492   maxlim: 5140   bits: 14/13
c ---[1087]---> Adder-cost: 309   maxlim: 4482   bits: 14/13
c ---[1085]---> BDD-cost:    1
c ---[1083]---> BDD-cost:    1
c ---[1081]---> BDD-cost:    1
c ---[1079]---> BDD-cost:    1
c ---[1077]---> BDD-cost:    1
c ---[1075]---> BDD-cost:    1
c ---[1073]---> BDD-cost:    1
c ---[1071]---> BDD-cost:    1
c ---[1069]---> BDD-cost:    1
c ---[1067]---> BDD-cost:    1
c ---[1065]---> BDD-cost:    1
c ---[1063]---> BDD-cost:    1
c ---[1061]---> BDD-cost:    1
c ---[1059]---> BDD-cost:    1
c ---[1057]---> BDD-cost:    1
c ---[1055]---> BDD-cost:    1
c ---[1053]---> BDD-cost:    1
c ---[1051]---> BDD-cost:    1
c ---[1049]---> BDD-cost:    1
c ---[1047]---> BDD-cost:    1
c ---[1045]---> BDD-cost:    1
c ---[1043]---> BDD-cost:    1
c ---[1041]---> BDD-cost:    1
c ---[1039]---> BDD-cost:    1
c ---[1037]---> BDD-cost:    1
c ---[1035]---> BDD-cost:    1
c ---[1033]---> BDD-cost:    1
c ---[1031]---> BDD-cost:    1
c ---[1029]---> BDD-cost:    1
c ---[1027]---> BDD-cost:    1
c ---[1025]---> BDD-cost:    1
c ---[1023]---> BDD-cost:    1
c ---[1021]---> BDD-cost:    1
c ---[1019]---> BDD-cost:    1
c ---[1017]---> BDD-cost:    1
c ---[1015]---> BDD-cost:    1
c ---[1013]---> BDD-cost:    1
c ---[1011]---> BDD-cost:    1
c ---[1009]---> BDD-cost:    1
c ---[1007]---> BDD-cost:    1
c ---[1005]---> BDD-cost:    1
c ---[1003]---> BDD-cost:    1
c ---[1001]---> BDD-cost:    1
c ---[ 999]---> BDD-cost:    1
c ---[ 997]---> BDD-cost:    1
c ---[ 995]---> BDD-cost:    1
c ---[ 993]---> BDD-cost:    1
c ---[ 991]---> BDD-cost:    1
c ---[ 989]---> BDD-cost:    1
c ---[ 987]---> BDD-cost:    1
c ---[ 985]---> BDD-cost:    1
c ---[ 983]---> BDD-cost:    1
c ---[ 981]---> BDD-cost:    1
c ---[ 979]---> BDD-cost:    1
c ---[ 977]---> BDD-cost:    1
c ---[ 975]---> BDD-cost:    1
c ---[ 973]---> BDD-cost:    1
c ---[ 971]---> BDD-cost:    1
c ---[ 969]---> BDD-cost:    1
c ---[ 967]---> BDD-cost:    1
c ---[ 965]---> BDD-cost:    1
c ---[ 963]---> BDD-cost:    1
c ---[ 961]---> BDD-cost:    1
c ---[ 959]---> BDD-cost:    1
c ---[ 958]---> Adder-cost: 213   maxlim: 246   bits: 9/8
c ---[ 957]---> Adder-cost: 151   maxlim: 231   bits: 9/8
c ---[ 956]---> Adder-cost: 219   maxlim: 283   bits: 10/9
c ---[ 955]---> Adder-cost: 147   maxlim: 209   bits: 9/8
c ---[ 954]---> Adder-cost: 234   maxlim: 357   bits: 10/9
c ---[ 953]---> Adder-cost: 145   maxlim: 178   bits: 9/8
c ---[ 952]---> Adder-cost: 222   maxlim: 275   bits: 10/9
c ---[ 951]---> Adder-cost: 141   maxlim: 217   bits: 9/8
c ---[ 950]---> Adder-cost: 219   maxlim: 316   bits: 10/9
c ---[ 949]---> Adder-cost: 143   maxlim: 191   bits: 9/8
c ---[ 948]---> Adder-cost: 250   maxlim: 212   bits: 9/8
c ---[ 947]---> Adder-cost: 141   maxlim: 306   bits: 10/9
c ---[ 946]---> Adder-cost: 218   maxlim: 288   bits: 10/9
c ---[ 945]---> Adder-cost: 140   maxlim: 202   bits: 9/8
c ---[ 944]---> Adder-cost: 230   maxlim: 262   bits: 10/9
c ---[ 943]---> Adder-cost: 121   maxlim: 258   bits: 10/9
c ---[ 942]---> Adder-cost: 216   maxlim: 260   bits: 10/9
c ---[ 941]---> Adder-cost: 148   maxlim: 234   bits: 9/8
c ---[ 940]---> Adder-cost: 225   maxlim: 277   bits: 10/9
c ---[ 939]---> Adder-cost: 118   maxlim: 259   bits: 10/9
c ---[ 938]---> Adder-cost: 227   maxlim: 265   bits: 10/9
c ---[ 937]---> Adder-cost: 152   maxlim: 256   bits: 10/9
c ---[ 936]---> Adder-cost: 200   maxlim: 215   bits: 9/8
c ---[ 935]---> Adder-cost: 114   maxlim: 259   bits: 10/9
c ---[ 934]---> Adder-cost: 225   maxlim: 225   bits: 9/8
c ---[ 933]---> Adder-cost: 118   maxlim: 292   bits: 10/9
c ---[ 932]---> Adder-cost: 238   maxlim: 244   bits: 9/8
c ---[ 931]---> Adder-cost: 97   maxlim: 292   bits: 10/9
c ---[ 930]---> Adder-cost: 242   maxlim: 277   bits: 10/9
c ---[ 929]---> Adder-cost: 159   maxlim: 204   bits: 9/8
c ---[ 928]---> Adder-cost: 230   maxlim: 224   bits: 9/8
c ---[ 927]---> Adder-cost: 171   maxlim: 249   bits: 9/8
c ---[ 926]---> Adder-cost: 205   maxlim: 289   bits: 10/9
c ---[ 925]---> Adder-cost: 152   maxlim: 247   bits: 9/8
c ---[ 924]---> Adder-cost: 222   maxlim: 218   bits: 9/8
c ---[ 923]---> Adder-cost: 123   maxlim: 270   bits: 10/9
c ---[ 922]---> Adder-cost: 236   maxlim: 284   bits: 10/9
c ---[ 921]---> Adder-cost: 133   maxlim: 264   bits: 10/9
c ---[ 920]---> Adder-cost: 226   maxlim: 202   bits: 9/8
c ---[ 919]---> Adder-cost: 84   maxlim: 265   bits: 10/9
c ---[ 918]---> Adder-cost: 229   maxlim: 207   bits: 9/8
c ---[ 917]---> Adder-cost: 148   maxlim: 324   bits: 10/9
c ---[ 916]---> Adder-cost: 212   maxlim: 260   bits: 10/9
c ---[ 915]---> Adder-cost: 161   maxlim: 217   bits: 9/8
c ---[ 914]---> Adder-cost: 252   maxlim: 293   bits: 10/9
c ---[ 913]---> Adder-cost: 110   maxlim: 225   bits: 9/8
c ---[ 912]---> Adder-cost: 264   maxlim: 359   bits: 10/9
c ---[ 911]---> Adder-cost: 157   maxlim: 196   bits: 9/8
c ---[ 910]---> Adder-cost: 247   maxlim: 249   bits: 9/8
c ---[ 909]---> Adder-cost: 162   maxlim: 296   bits: 10/9
c ---[ 908]---> Adder-cost: 230   maxlim: 254   bits: 9/8
c ---[ 907]---> Adder-cost: 112   maxlim: 269   bits: 10/9
c ---[ 906]---> Adder-cost: 244   maxlim: 206   bits: 9/8
c ---[ 905]---> Adder-cost: 125   maxlim: 298   bits: 10/9
c ---[ 904]---> Adder-cost: 209   maxlim: 188   bits: 9/8
c ---[ 903]---> Adder-cost: 152   maxlim: 333   bits: 10/9
c ---[ 902]---> Adder-cost: 228   maxlim: 201   bits: 9/8
c ---[ 901]---> Adder-cost: 123   maxlim: 285   bits: 10/9
c ---[ 900]---> Adder-cost: 234   maxlim: 355   bits: 10/9
c ---[ 899]---> Adder-cost: 153   maxlim: 185   bits: 9/8
c ---[ 898]---> Adder-cost: 237   maxlim: 245   bits: 9/8
c ---[ 897]---> Adder-cost: 82   maxlim: 229   bits: 9/8
c ---[ 896]---> Adder-cost: 245   maxlim: 231   bits: 9/8
c ---[ 895]---> Adder-cost: 166   maxlim: 309   bits: 10/9
c ---[ 894]---> Adder-cost: 197   maxlim: 262   bits: 10/9
c ---[ 893]---> Adder-cost: 142   maxlim: 265   bits: 10/9
c ---[ 892]---> Adder-cost: 236   maxlim: 294   bits: 10/9
c ---[ 891]---> Adder-cost: 82   maxlim: 230   bits: 9/8
c ---[ 890]---> Adder-cost: 255   maxlim: 273   bits: 10/9
c ---[ 889]---> Adder-cost: 109   maxlim: 281   bits: 10/9
c ---[ 888]---> Adder-cost: 249   maxlim: 294   bits: 10/9
c ---[ 887]---> Adder-cost: 181   maxlim: 248   bits: 9/8
c ---[ 886]---> Adder-cost: 218   maxlim: 251   bits: 9/8
c ---[ 885]---> Adder-cost: 51   maxlim: 283   bits: 10/9
c ---[ 884]---> Adder-cost: 233   maxlim: 264   bits: 10/9
c ---[ 883]---> Adder-cost: 166   maxlim: 273   bits: 10/9
c ---[ 882]---> Adder-cost: 223   maxlim: 194   bits: 9/8
c ---[ 881]---> Adder-cost: 132   maxlim: 291   bits: 10/9
c ---[ 880]---> Adder-cost: 217   maxlim: 327   bits: 10/9
c ---[ 879]---> Adder-cost: 97   maxlim: 203   bits: 9/8
c ---[ 878]---> Adder-cost: 233   maxlim: 348   bits: 10/9
c ---[ 877]---> Adder-cost: 153   maxlim: 165   bits: 9/8
c ---[ 876]---> Adder-cost: 237   maxlim: 342   bits: 10/9
c ---[ 875]---> Adder-cost: 150   maxlim: 152   bits: 9/8
c ---[ 874]---> Adder-cost: 214   maxlim: 309   bits: 10/9
c ---[ 873]---> Adder-cost: 133   maxlim: 174   bits: 9/8
c ---[ 872]---> Adder-cost: 208   maxlim: 257   bits: 10/9
c ---[ 871]---> Adder-cost: 133   maxlim: 228   bits: 9/8
c ---[ 870]---> Adder-cost: 206   maxlim: 192   bits: 9/8
c ---[ 869]---> Sorter-cost: 2473     Base: 2 3 2 11
c ---[ 868]---> Adder-cost: 225   maxlim: 313   bits: 10/9
c ---[ 867]---> Adder-cost: 121   maxlim: 199   bits: 9/8
c ---[ 866]---> Adder-cost: 225   maxlim: 224   bits: 9/8
c ---[ 865]---> Adder-cost: 151   maxlim: 302   bits: 10/9
c ---[ 864]---> Adder-cost: 217   maxlim: 327   bits: 10/9
c ---[ 863]---> Adder-cost: 143   maxlim: 164   bits: 9/8
c ---[ 862]---> Adder-cost: 234   maxlim: 218   bits: 9/8
c ---[ 861]---> Adder-cost: 134   maxlim: 289   bits: 10/9
c ---[ 860]---> Adder-cost: 234   maxlim: 259   bits: 10/9
c ---[ 859]---> Adder-cost: 146   maxlim: 280   bits: 10/9
c ---[ 858]---> Adder-cost: 210   maxlim: 180   bits: 9/8
c ---[ 857]---> Adder-cost: 134   maxlim: 305   bits: 10/9
c ---[ 856]---> Adder-cost: 237   maxlim: 266   bits: 10/9
c ---[ 855]---> Adder-cost: 135   maxlim: 241   bits: 9/8
c ---[ 854]---> Adder-cost: 204   maxlim: 354   bits: 10/9
c ---[ 853]---> Adder-cost: 100   maxlim: 178   bits: 9/8
c ---[ 852]---> Adder-cost: 223   maxlim: 186   bits: 9/8
c ---[ 851]---> Adder-cost: 121   maxlim: 310   bits: 10/9
c ---[ 850]---> Adder-cost: 228   maxlim: 226   bits: 9/8
c ---[ 849]---> Adder-cost: 137   maxlim: 278   bits: 10/9
c ---[ 848]---> Adder-cost: 222   maxlim: 253   bits: 9/8
c ---[ 847]---> Adder-cost: 160   maxlim: 258   bits: 10/9
c ---[ 846]---> Adder-cost: 209   maxlim: 232   bits: 9/8
c ---[ 845]---> Adder-cost: 115   maxlim: 282   bits: 10/9
c ---[ 844]---> Adder-cost: 221   maxlim: 179   bits: 9/8
c ---[ 843]---> Adder-cost: 95   maxlim: 347   bits: 10/9
c ---[ 842]---> Adder-cost: 233   maxlim: 265   bits: 10/9
c ---[ 841]---> Adder-cost: 146   maxlim: 271   bits: 10/9
c ---[ 840]---> Adder-cost: 228   maxlim: 234   bits: 9/8
c ---[ 839]---> Adder-cost: 132   maxlim: 246   bits: 9/8
c ---[ 838]---> Adder-cost: 216   maxlim: 280   bits: 10/9
c ---[ 837]---> Adder-cost: 159   maxlim: 229   bits: 9/8
c ---[ 836]---> Adder-cost: 249   maxlim: 283   bits: 10/9
c ---[ 835]---> Adder-cost: 138   maxlim: 244   bits: 9/8
c ---[ 834]---> Adder-cost: 225   maxlim: 346   bits: 10/9
c ---[ 833]---> Adder-cost: 142   maxlim: 204   bits: 9/8
c ---[ 832]---> Adder-cost: 230   maxlim: 337   bits: 10/9
c ---[ 831]---> Adder-cost: 156   maxlim: 231   bits: 9/8
c ---[ 830]---> Adder-cost: 252   maxlim: 335   bits: 10/9
c ---[ 829]---> Adder-cost: 169   maxlim: 202   bits: 9/8
c ---[ 828]---> Adder-cost: 234   maxlim: 313   bits: 10/9
c ---[ 827]---> Adder-cost: 82   maxlim: 201   bits: 9/8
c ---[ 826]---> Adder-cost: 242   maxlim: 282   bits: 10/9
c ---[ 825]---> Adder-cost: 134   maxlim: 257   bits: 10/9
c ---[ 824]---> Adder-cost: 257   maxlim: 226   bits: 9/8
c ---[ 823]---> Adder-cost: 79   maxlim: 290   bits: 10/9
c ---[ 822]---> Adder-cost: 237   maxlim: 185   bits: 9/8
c ---[ 821]---> Adder-cost: 57   maxlim: 313   bits: 10/9
c ---[ 820]---> Adder-cost: 239   maxlim: 213   bits: 9/8
c ---[ 819]---> Adder-cost: 109   maxlim: 305   bits: 10/9
c ---[ 818]---> Adder-cost: 233   maxlim: 195   bits: 9/8
c ---[ 817]---> Adder-cost: 132   maxlim: 311   bits: 10/9
c ---[ 816]---> Adder-cost: 262   maxlim: 308   bits: 10/9
c ---[ 815]---> Adder-cost: 131   maxlim: 236   bits: 9/8
c ---[ 814]---> Adder-cost: 254   maxlim: 260   bits: 10/9
c ---[ 813]---> Adder-cost: 164   maxlim: 250   bits: 9/8
c ---[ 812]---> Adder-cost: 250   maxlim: 330   bits: 10/9
c ---[ 811]---> Adder-cost: 131   maxlim: 236   bits: 9/8
c ---[ 810]---> Adder-cost: 238   maxlim: 245   bits: 9/8
c ---[ 809]---> Adder-cost: 134   maxlim: 279   bits: 10/9
c ---[ 808]---> Adder-cost: 251   maxlim: 246   bits: 9/8
c ---[ 807]---> Adder-cost: 108   maxlim: 254   bits: 9/8
c ---[ 806]---> Adder-cost: 252   maxlim: 261   bits: 10/9
c ---[ 805]---> Adder-cost: 156   maxlim: 284   bits: 10/9
c ---[ 804]---> Adder-cost: 253   maxlim: 232   bits: 9/8
c ---[ 803]---> Adder-cost: 111   maxlim: 288   bits: 10/9
c ---[ 802]---> Adder-cost: 227   maxlim: 173   bits: 9/8
c ---[ 801]---> Adder-cost: 136   maxlim: 339   bits: 10/9
c ---[ 800]---> Adder-cost: 226   maxlim: 278   bits: 10/9
c ---[ 799]---> Adder-cost: 119   maxlim: 189   bits: 9/8
c ---[ 798]---> Adder-cost: 238   maxlim: 260   bits: 10/9
c ---[ 797]---> Adder-cost: 158   maxlim: 269   bits: 10/9
c ---[ 796]---> Adder-cost: 239   maxlim: 210   bits: 9/8
c ---[ 795]---> Adder-cost: 103   maxlim: 304   bits: 10/9
c ---[ 794]---> Adder-cost: 221   maxlim: 193   bits: 9/8
c ---[ 793]---> Adder-cost: 138   maxlim: 302   bits: 10/9
c ---[ 792]---> Adder-cost: 244   maxlim: 316   bits: 10/9
c ---[ 791]---> Adder-cost: 125   maxlim: 217   bits: 9/8
c ---[ 790]---> Adder-cost: 245   maxlim: 210   bits: 9/8
c ---[ 789]---> Adder-cost: 169   maxlim: 300   bits: 10/9
c ---[ 788]---> Adder-cost: 228   maxlim: 224   bits: 9/8
c ---[ 787]---> Adder-cost: 113   maxlim: 262   bits: 10/9
c ---[ 786]---> Adder-cost: 232   maxlim: 303   bits: 10/9
c ---[ 785]---> Adder-cost: 111   maxlim: 163   bits: 9/8
c ---[ 784]---> Adder-cost: 245   maxlim: 205   bits: 9/8
c ---[ 783]---> Adder-cost: 152   maxlim: 290   bits: 10/9
c ---[ 782]---> Adder-cost: 250   maxlim: 250   bits: 9/8
c ---[ 781]---> Adder-cost: 132   maxlim: 289   bits: 10/9
c ---[ 780]---> Adder-cost: 233   maxlim: 199   bits: 9/8
c ---[ 779]---> Adder-cost: 148   maxlim: 357   bits: 10/9
c ---[ 778]---> Adder-cost: 250   maxlim: 182   bits: 9/8
c ---[ 777]---> Adder-cost: 140   maxlim: 365   bits: 10/9
c ---[ 776]---> Adder-cost: 236   maxlim: 264   bits: 10/9
c ---[ 775]---> Adder-cost: 92   maxlim: 263   bits: 10/9
c ---[ 774]---> Adder-cost: 245   maxlim: 314   bits: 10/9
c ---[ 773]---> Adder-cost: 119   maxlim: 209   bits: 9/8
c ---[ 772]---> Adder-cost: 254   maxlim: 321   bits: 10/9
c ---[ 771]---> Adder-cost: 130   maxlim: 230   bits: 9/8
c ---[ 770]---> Adder-cost: 221   maxlim: 221   bits: 9/8
c ---[ 769]---> Adder-cost: 136   maxlim: 291   bits: 10/9
c ---[ 768]---> Adder-cost: 255   maxlim: 354   bits: 10/9
c ---[ 767]---> Adder-cost: 124   maxlim: 186   bits: 9/8
c ---[ 766]---> Adder-cost: 261   maxlim: 236   bits: 9/8
c ---[ 765]---> Adder-cost: 162   maxlim: 313   bits: 10/9
c ---[ 764]---> Adder-cost: 223   maxlim: 243   bits: 9/8
c ---[ 763]---> Adder-cost: 123   maxlim: 236   bits: 9/8
c ---[ 762]---> Adder-cost: 234   maxlim: 264   bits: 10/9
c ---[ 761]---> Adder-cost: 152   maxlim: 257   bits: 10/9
c ---[ 760]---> Adder-cost: 231   maxlim: 233   bits: 9/8
c ---[ 759]---> Adder-cost: 131   maxlim: 255   bits: 9/8
c ---[ 758]---> Adder-cost: 247   maxlim: 323   bits: 10/9
c ---[ 757]---> Adder-cost: 141   maxlim: 201   bits: 9/8
c ---[ 756]---> Adder-cost: 246   maxlim: 288   bits: 10/9
c ---[ 755]---> Adder-cost: 171   maxlim: 217   bits: 9/8
c ---[ 754]---> Adder-cost: 248   maxlim: 279   bits: 10/9
c ---[ 753]---> Adder-cost: 116   maxlim: 264   bits: 10/9
c ---[ 752]---> Adder-cost: 240   maxlim: 192   bits: 9/8
c ---[ 751]---> Adder-cost: 152   maxlim: 337   bits: 10/9
c ---[ 750]---> Adder-cost: 253   maxlim: 222   bits: 9/8
c ---[ 749]---> Adder-cost: 156   maxlim: 327   bits: 10/9
c ---[ 748]---> Adder-cost: 252   maxlim: 323   bits: 10/9
c ---[ 747]---> Adder-cost: 146   maxlim: 236   bits: 9/8
c ---[ 746]---> Adder-cost: 263   maxlim: 301   bits: 10/9
c ---[ 745]---> Adder-cost: 134   maxlim: 262   bits: 10/9
c ---[ 744]---> Adder-cost: 260   maxlim: 299   bits: 10/9
c ---[ 743]---> Adder-cost: 168   maxlim: 249   bits: 9/8
c ---[ 742]---> Adder-cost: 247   maxlim: 297   bits: 10/9
c ---[ 741]---> Adder-cost: 105   maxlim: 231   bits: 9/8
c ---[ 740]---> Adder-cost: 249   maxlim: 295   bits: 10/9
c ---[ 739]---> Adder-cost: 176   maxlim: 242   bits: 9/8
c ---[ 738]---> Adder-cost: 257   maxlim: 285   bits: 10/9
c ---[ 737]---> Adder-cost: 100   maxlim: 213   bits: 9/8
c ---[ 736]---> Adder-cost: 230   maxlim: 160   bits: 9/8
c ---[ 735]---> Adder-cost: 126   maxlim: 321   bits: 10/9
c ---[ 734]---> Adder-cost: 246   maxlim: 291   bits: 10/9
c ---[ 733]---> Adder-cost: 174   maxlim: 246   bits: 9/8
c ---[ 732]---> Adder-cost: 250   maxlim: 242   bits: 9/8
c ---[ 731]---> Adder-cost: 125   maxlim: 256   bits: 10/9
c ---[ 730]---> Adder-cost: 232   maxlim: 242   bits: 9/8
c ---[ 729]---> Adder-cost: 94   maxlim: 273   bits: 10/9
c ---[ 728]---> Adder-cost: 261   maxlim: 217   bits: 9/8
c ---[ 727]---> Adder-cost: 135   maxlim: 325   bits: 10/9
c ---[ 726]---> Adder-cost: 243   maxlim: 346   bits: 10/9
c ---[ 725]---> Adder-cost: 124   maxlim: 215   bits: 9/8
c ---[ 724]---> Adder-cost: 231   maxlim: 368   bits: 10/9
c ---[ 723]---> Adder-cost: 136   maxlim: 166   bits: 9/8
c ---[ 722]---> Adder-cost: 255   maxlim: 206   bits: 9/8
c ---[ 721]---> Adder-cost: 111   maxlim: 294   bits: 10/9
c ---[ 720]---> Adder-cost: 239   maxlim: 323   bits: 10/9
c ---[ 719]---> Adder-cost: 161   maxlim: 186   bits: 9/8
c ---[ 718]---> Adder-cost: 214   maxlim: 309   bits: 10/9
c ---[ 717]---> Adder-cost: 145   maxlim: 208   bits: 9/8
c ---[ 716]---> Adder-cost: 203   maxlim: 242   bits: 9/8
c ---[ 715]---> Adder-cost: 114   maxlim: 271   bits: 10/9
c ---[ 714]---> Adder-cost: 255   maxlim: 296   bits: 10/9
c ---[ 713]---> Adder-cost: 150   maxlim: 210   bits: 9/8
c ---[ 712]---> Adder-cost: 253   maxlim: 259   bits: 10/9
c ---[ 711]---> Adder-cost: 138   maxlim: 277   bits: 10/9
c ---[ 709]---> Adder-cost: 259   maxlim: 535   bits: 10/10
c ---[ 708]---> Adder-cost: 251   maxlim: 272   bits: 10/9
c ---[ 707]---> Adder-cost: 124   maxlim: 287   bits: 10/9
c ---[ 706]---> Adder-cost: 253   maxlim: 222   bits: 9/8
c ---[ 705]---> Adder-cost: 143   maxlim: 308   bits: 10/9
c ---[ 704]---> Adder-cost: 272   maxlim: 249   bits: 9/8
c ---[ 703]---> Adder-cost: 69   maxlim: 281   bits: 10/9
c ---[ 702]---> Adder-cost: 260   maxlim: 294   bits: 10/9
c ---[ 701]---> Adder-cost: 121   maxlim: 270   bits: 10/9
c ---[ 700]---> Adder-cost: 236   maxlim: 283   bits: 10/9
c ---[ 699]---> Adder-cost: 125   maxlim: 239   bits: 9/8
c ---[ 698]---> Adder-cost: 251   maxlim: 293   bits: 10/9
c ---[ 697]---> Adder-cost: 142   maxlim: 255   bits: 9/8
c ---[ 696]---> Adder-cost: 243   maxlim: 226   bits: 9/8
c ---[ 695]---> Adder-cost: 142   maxlim: 269   bits: 10/9
c ---[ 694]---> Adder-cost: 240   maxlim: 251   bits: 9/8
c ---[ 693]---> Adder-cost: 98   maxlim: 279   bits: 10/9
c ---[ 692]---> Adder-cost: 264   maxlim: 251   bits: 9/8
c ---[ 691]---> Adder-cost: 160   maxlim: 342   bits: 10/9
c ---[ 690]---> Adder-cost: 271   maxlim: 298   bits: 10/9
c ---[ 689]---> Adder-cost: 138   maxlim: 299   bits: 10/9
c ---[ 688]---> Adder-cost: 250   maxlim: 241   bits: 9/8
c ---[ 687]---> Adder-cost: 109   maxlim: 277   bits: 10/9
c ---[ 686]---> Adder-cost: 264   maxlim: 296   bits: 10/9
c ---[ 685]---> Adder-cost: 144   maxlim: 303   bits: 10/9
c ---[ 684]---> Adder-cost: 270   maxlim: 268   bits: 10/9
c ---[ 683]---> Adder-cost: 165   maxlim: 290   bits: 10/9
c ---[ 682]---> Adder-cost: 242   maxlim: 244   bits: 9/8
c ---[ 681]---> Adder-cost: 77   maxlim: 276   bits: 10/9
c ---[ 680]---> Adder-cost: 242   maxlim: 260   bits: 10/9
c ---[ 679]---> Adder-cost: 154   maxlim: 265   bits: 10/9
c ---[ 678]---> Adder-cost: 269   maxlim: 279   bits: 10/9
c ---[ 677]---> Adder-cost: 122   maxlim: 264   bits: 10/9
c ---[ 676]---> Adder-cost: 264   maxlim: 282   bits: 10/9
c ---[ 675]---> Adder-cost: 147   maxlim: 252   bits: 9/8
c ---[ 674]---> Adder-cost: 243   maxlim: 207   bits: 9/8
c ---[ 673]---> Adder-cost: 31   maxlim: 303   bits: 10/9
c ---[ 672]---> Adder-cost: 244   maxlim: 241   bits: 9/8
c ---[ 671]---> Adder-cost: 111   maxlim: 265   bits: 10/9
c ---[ 670]---> Adder-cost: 265   maxlim: 225   bits: 9/8
c ---[ 669]---> Adder-cost: 168   maxlim: 339   bits: 10/9
c ---[ 668]---> Adder-cost: 244   maxlim: 338   bits: 10/9
c ---[ 667]---> Adder-cost: 116   maxlim: 225   bits: 9/8
c ---[ 666]---> Adder-cost: 246   maxlim: 284   bits: 10/9
c ---[ 665]---> Adder-cost: 118   maxlim: 206   bits: 9/8
c ---[ 664]---> Adder-cost: 254   maxlim: 280   bits: 10/9
c ---[ 663]---> Adder-cost: 176   maxlim: 293   bits: 10/9
c ---[ 662]---> Adder-cost: 260   maxlim: 366   bits: 10/9
c ---[ 661]---> Adder-cost: 166   maxlim: 209   bits: 9/8
c ---[ 660]---> Adder-cost: 240   maxlim: 326   bits: 10/9
c ---[ 659]---> Adder-cost: 157   maxlim: 211   bits: 9/8
c ---[ 658]---> Adder-cost: 234   maxlim: 152   bits: 9/8
c ---[ 657]---> Adder-cost: 131   maxlim: 364   bits: 10/9
c ---[ 656]---> Adder-cost: 253   maxlim: 242   bits: 9/8
c ---[ 655]---> Adder-cost: 168   maxlim: 267   bits: 10/9
c ---[ 654]---> Adder-cost: 232   maxlim: 276   bits: 10/9
c ---[ 653]---> Adder-cost: 135   maxlim: 223   bits: 9/8
c ---[ 652]---> Adder-cost: 235   maxlim: 343   bits: 10/9
c ---[ 651]---> Adder-cost: 161   maxlim: 182   bits: 9/8
c ---[ 650]---> Adder-cost: 256   maxlim: 279   bits: 10/9
c ---[ 649]---> Adder-cost: 160   maxlim: 261   bits: 10/9
c ---[ 648]---> Adder-cost: 270   maxlim: 245   bits: 9/8
c ---[ 647]---> Adder-cost: 158   maxlim: 324   bits: 10/9
c ---[ 646]---> Adder-cost: 255   maxlim: 182   bits: 9/8
c ---[ 645]---> Adder-cost: 128   maxlim: 337   bits: 10/9
c ---[ 644]---> Adder-cost: 267   maxlim: 282   bits: 10/9
c ---[ 643]---> Adder-cost: 157   maxlim: 294   bits: 10/9
c ---[ 642]---> Adder-cost: 254   maxlim: 288   bits: 10/9
c ---[ 641]---> Adder-cost: 166   maxlim: 301   bits: 10/9
c ---[ 640]---> Adder-cost: 258   maxlim: 246   bits: 9/8
c ---[ 639]---> Adder-cost: 128   maxlim: 273   bits: 10/9
c ---[ 638]---> Adder-cost: 255   maxlim: 257   bits: 10/9
c ---[ 637]---> Adder-cost: 132   maxlim: 288   bits: 10/9
c ---[ 636]---> Adder-cost: 255   maxlim: 258   bits: 10/9
c ---[ 635]---> Adder-cost: 117   maxlim: 298   bits: 10/9
c ---[ 634]---> Adder-cost: 254   maxlim: 234   bits: 9/8
c ---[ 633]---> Adder-cost: 85   maxlim: 298   bits: 10/9
c ---[ 632]---> Adder-cost: 261   maxlim: 282   bits: 10/9
c ---[ 631]---> Adder-cost: 143   maxlim: 294   bits: 10/9
c ---[ 630]---> Adder-cost: 243   maxlim: 330   bits: 10/9
c ---[ 629]---> Adder-cost: 155   maxlim: 213   bits: 9/8
c ---[ 628]---> Adder-cost: 264   maxlim: 357   bits: 10/9
c ---[ 627]---> Adder-cost: 108   maxlim: 161   bits: 9/8
c ---[ 626]---> Adder-cost: 233   maxlim: 200   bits: 9/8
c ---[ 625]---> Adder-cost: 129   maxlim: 290   bits: 10/9
c ---[ 624]---> Adder-cost: 251   maxlim: 268   bits: 10/9
c ---[ 623]---> Adder-cost: 147   maxlim: 304   bits: 10/9
c ---[ 622]---> Adder-cost: 258   maxlim: 198   bits: 9/8
c ---[ 621]---> Adder-cost: 144   maxlim: 323   bits: 10/9
c ---[ 620]---> Adder-cost: 249   maxlim: 336   bits: 10/9
c ---[ 619]---> Adder-cost: 141   maxlim: 193   bits: 9/8
c ---[ 618]---> Adder-cost: 251   maxlim: 298   bits: 10/9
c ---[ 617]---> Adder-cost: 138   maxlim: 273   bits: 10/9
c ---[ 616]---> Adder-cost: 249   maxlim: 285   bits: 10/9
c ---[ 615]---> Adder-cost: 140   maxlim: 266   bits: 10/9
c ---[ 614]---> Adder-cost: 266   maxlim: 286   bits: 10/9
c ---[ 613]---> Adder-cost: 178   maxlim: 255   bits: 9/8
c ---[ 612]---> Adder-cost: 249   maxlim: 266   bits: 10/9
c ---[ 611]---> Adder-cost: 130   maxlim: 263   bits: 10/9
c ---[ 610]---> Adder-cost: 247   maxlim: 259   bits: 10/9
c ---[ 609]---> Adder-cost: 128   maxlim: 303   bits: 10/9
c ---[ 608]---> Adder-cost: 253   maxlim: 241   bits: 9/8
c ---[ 607]---> Adder-cost: 141   maxlim: 301   bits: 10/9
c ---[ 606]---> Adder-cost: 248   maxlim: 354   bits: 10/9
c ---[ 605]---> Adder-cost: 122   maxlim: 166   bits: 9/8
c ---[ 604]---> Adder-cost: 284   maxlim: 304   bits: 10/9
c ---[ 603]---> Adder-cost: 151   maxlim: 246   bits: 9/8
c ---[ 602]---> Adder-cost: 247   maxlim: 216   bits: 9/8
c ---[ 601]---> Adder-cost: 160   maxlim: 317   bits: 10/9
c ---[ 600]---> Adder-cost: 253   maxlim: 307   bits: 10/9
c ---[ 599]---> Adder-cost: 142   maxlim: 279   bits: 10/9
c ---[ 598]---> Adder-cost: 264   maxlim: 311   bits: 10/9
c ---[ 597]---> Adder-cost: 144   maxlim: 273   bits: 10/9
c ---[ 596]---> Adder-cost: 254   maxlim: 316   bits: 10/9
c ---[ 595]---> Adder-cost: 161   maxlim: 201   bits: 9/8
c ---[ 594]---> Adder-cost: 249   maxlim: 258   bits: 10/9
c ---[ 593]---> Adder-cost: 167   maxlim: 316   bits: 10/9
c ---[ 592]---> Adder-cost: 242   maxlim: 155   bits: 9/8
c ---[ 591]---> Adder-cost: 112   maxlim: 332   bits: 10/9
c ---[ 590]---> Adder-cost: 253   maxlim: 235   bits: 9/8
c ---[ 589]---> Adder-cost: 154   maxlim: 280   bits: 10/9
c ---[ 588]---> Adder-cost: 253   maxlim: 254   bits: 9/8
c ---[ 587]---> Adder-cost: 121   maxlim: 262   bits: 10/9
c ---[ 586]---> Adder-cost: 251   maxlim: 162   bits: 9/8
c ---[ 585]---> Adder-cost: 136   maxlim: 351   bits: 10/9
c ---[ 584]---> Adder-cost: 250   maxlim: 211   bits: 9/8
c ---[ 583]---> Adder-cost: 106   maxlim: 324   bits: 10/9
c ---[ 582]---> Adder-cost: 247   maxlim: 319   bits: 10/9
c ---[ 581]---> Adder-cost: 149   maxlim: 217   bits: 9/8
c ---[ 580]---> Adder-cost: 247   maxlim: 298   bits: 10/9
c ---[ 579]---> Adder-cost: 117   maxlim: 258   bits: 10/9
c ---[ 578]---> Adder-cost: 234   maxlim: 323   bits: 10/9
c ---[ 577]---> Adder-cost: 155   maxlim: 214   bits: 9/8
c ---[ 576]---> Adder-cost: 268   maxlim: 222   bits: 9/8
c ---[ 575]---> Adder-cost: 113   maxlim: 348   bits: 10/9
c ---[ 574]---> Adder-cost: 260   maxlim: 238   bits: 9/8
c ---[ 573]---> Adder-cost: 123   maxlim: 298   bits: 10/9
c ---[ 572]---> Adder-cost: 247   maxlim: 244   bits: 9/8
c ---[ 571]---> Adder-cost: 148   maxlim: 257   bits: 10/9
c ---[ 570]---> Adder-cost: 266   maxlim: 342   bits: 10/9
c ---[ 569]---> Adder-cost: 145   maxlim: 226   bits: 9/8
c ---[ 568]---> Adder-cost: 256   maxlim: 225   bits: 9/8
c ---[ 567]---> Adder-cost: 124   maxlim: 326   bits: 10/9
c ---[ 566]---> Adder-cost: 220   maxlim: 273   bits: 10/9
c ---[ 565]---> Adder-cost: 93   maxlim: 281   bits: 10/9
c ---[ 564]---> Adder-cost: 248   maxlim: 344   bits: 10/9
c ---[ 563]---> Adder-cost: 98   maxlim: 168   bits: 9/8
c ---[ 562]---> Adder-cost: 258   maxlim: 332   bits: 10/9
c ---[ 561]---> Adder-cost: 176   maxlim: 225   bits: 9/8
c ---[ 560]---> Adder-cost: 270   maxlim: 226   bits: 9/8
c ---[ 559]---> Adder-cost: 121   maxlim: 330   bits: 10/9
c ---[ 558]---> Adder-cost: 270   maxlim: 269   bits: 10/9
c ---[ 557]---> Adder-cost: 143   maxlim: 289   bits: 10/9
c ---[ 556]---> Adder-cost: 256   maxlim: 381   bits: 10/9
c ---[ 555]---> Adder-cost: 162   maxlim: 194   bits: 9/8
c ---[ 554]---> Adder-cost: 247   maxlim: 224   bits: 9/8
c ---[ 553]---> Adder-cost: 103   maxlim: 290   bits: 10/9
c ---[ 552]---> Adder-cost: 248   maxlim: 278   bits: 10/9
c ---[ 551]---> Adder-cost: 154   maxlim: 267   bits: 10/9
c ---[ 550]---> Adder-cost: 270   maxlim: 254   bits: 9/8
c ---[ 549]---> Adder-cost: 101   maxlim: 270   bits: 10/9
c ---[ 548]---> Adder-cost: 253   maxlim: 214   bits: 9/8
c ---[ 547]---> Adder-cost: 114   maxlim: 325   bits: 10/9
c ---[ 546]---> Adder-cost: 250   maxlim: 256   bits: 10/9
c ---[ 545]---> Adder-cost: 89   maxlim: 288   bits: 10/9
c ---[ 544]---> Adder-cost: 270   maxlim: 318   bits: 10/9
c ---[ 543]---> Adder-cost: 167   maxlim: 211   bits: 9/8
c ---[ 542]---> Adder-cost: 258   maxlim: 304   bits: 10/9
c ---[ 541]---> Adder-cost: 154   maxlim: 202   bits: 9/8
c ---[ 540]---> Adder-cost: 288   maxlim: 234   bits: 9/8
c ---[ 539]---> Adder-cost: 190   maxlim: 339   bits: 10/9
c ---[ 538]---> Adder-cost: 253   maxlim: 266   bits: 10/9
c ---[ 537]---> Adder-cost: 114   maxlim: 232   bits: 9/8
c ---[ 536]---> Adder-cost: 247   maxlim: 259   bits: 10/9
c ---[ 535]---> Adder-cost: 154   maxlim: 266   bits: 10/9
c ---[ 534]---> Adder-cost: 250   maxlim: 289   bits: 10/9
c ---[ 533]---> Adder-cost: 87   maxlim: 241   bits: 9/8
c ---[ 532]---> Adder-cost: 266   maxlim: 307   bits: 10/9
c ---[ 531]---> Adder-cost: 134   maxlim: 261   bits: 10/9
c ---[ 530]---> Adder-cost: 245   maxlim: 267   bits: 10/9
c ---[ 529]---> Adder-cost: 132   maxlim: 287   bits: 10/9
c ---[ 528]---> Adder-cost: 253   maxlim: 177   bits: 9/8
c ---[ 527]---> Adder-cost: 158   maxlim: 334   bits: 10/9
c ---[ 526]---> Adder-cost: 243   maxlim: 186   bits: 9/8
c ---[ 525]---> Adder-cost: 121   maxlim: 322   bits: 10/9
c ---[ 524]---> Adder-cost: 264   maxlim: 226   bits: 9/8
c ---[ 523]---> Adder-cost: 154   maxlim: 333   bits: 10/9
c ---[ 522]---> Adder-cost: 247   maxlim: 311   bits: 10/9
c ---[ 521]---> Adder-cost: 98   maxlim: 271   bits: 10/9
c ---[ 520]---> Adder-cost: 286   maxlim: 300   bits: 10/9
c ---[ 519]---> Adder-cost: 190   maxlim: 277   bits: 10/9
c ---[ 518]---> Adder-cost: 244   maxlim: 320   bits: 10/9
c ---[ 517]---> Adder-cost: 147   maxlim: 234   bits: 9/8
c ---[ 516]---> Adder-cost: 232   maxlim: 345   bits: 10/9
c ---[ 515]---> Adder-cost: 115   maxlim: 199   bits: 9/8
c ---[ 514]---> Adder-cost: 242   maxlim: 343   bits: 10/9
c ---[ 513]---> Adder-cost: 152   maxlim: 222   bits: 9/8
c ---[ 512]---> Adder-cost: 266   maxlim: 240   bits: 9/8
c ---[ 511]---> Adder-cost: 176   maxlim: 297   bits: 10/9
c ---[ 510]---> Adder-cost: 260   maxlim: 253   bits: 9/8
c ---[ 509]---> Adder-cost: 158   maxlim: 280   bits: 10/9
c ---[ 508]---> Adder-cost: 242   maxlim: 279   bits: 10/9
c ---[ 507]---> Adder-cost: 144   maxlim: 257   bits: 10/9
c ---[ 506]---> Adder-cost: 259   maxlim: 306   bits: 10/9
c ---[ 505]---> Adder-cost: 136   maxlim: 249   bits: 9/8
c ---[ 504]---> Adder-cost: 257   maxlim: 199   bits: 9/8
c ---[ 503]---> Adder-cost: 29   maxlim: 327   bits: 10/9
c ---[ 502]---> Adder-cost: 252   maxlim: 312   bits: 10/9
c ---[ 501]---> Adder-cost: 144   maxlim: 226   bits: 9/8
c ---[ 500]---> Adder-cost: 246   maxlim: 276   bits: 10/9
c ---[ 499]---> Adder-cost: 157   maxlim: 302   bits: 10/9
c ---[ 498]---> Adder-cost: 253   maxlim: 288   bits: 10/9
c ---[ 497]---> Adder-cost: 129   maxlim: 280   bits: 10/9
c ---[ 496]---> Adder-cost: 257   maxlim: 222   bits: 9/8
c ---[ 495]---> Adder-cost: 147   maxlim: 296   bits: 10/9
c ---[ 494]---> Adder-cost: 247   maxlim: 265   bits: 10/9
c ---[ 493]---> Adder-cost: 99   maxlim: 257   bits: 10/9
c ---[ 492]---> Adder-cost: 260   maxlim: 303   bits: 10/9
c ---[ 491]---> Adder-cost: 150   maxlim: 235   bits: 9/8
c ---[ 490]---> Adder-cost: 262   maxlim: 205   bits: 9/8
c ---[ 489]---> Adder-cost: 135   maxlim: 321   bits: 10/9
c ---[ 488]---> Adder-cost: 228   maxlim: 313   bits: 10/9
c ---[ 487]---> Adder-cost: 56   maxlim: 185   bits: 9/8
c ---[ 486]---> Adder-cost: 246   maxlim: 273   bits: 10/9
c ---[ 485]---> Adder-cost: 126   maxlim: 276   bits: 10/9
c ---[ 484]---> Adder-cost: 261   maxlim: 290   bits: 10/9
c ---[ 483]---> Adder-cost: 128   maxlim: 230   bits: 9/8
c ---[ 482]---> Adder-cost: 247   maxlim: 348   bits: 10/9
c ---[ 481]---> Adder-cost: 104   maxlim: 190   bits: 9/8
c ---[ 480]---> Adder-cost: 255   maxlim: 240   bits: 9/8
c ---[ 479]---> Adder-cost: 146   maxlim: 289   bits: 10/9
c ---[ 478]---> Adder-cost: 248   maxlim: 267   bits: 10/9
c ---[ 477]---> Adder-cost: 145   maxlim: 248   bits: 9/8
c ---[ 476]---> Adder-cost: 244   maxlim: 290   bits: 10/9
c ---[ 475]---> Adder-cost: 131   maxlim: 262   bits: 10/9
c ---[ 474]---> Adder-cost: 266   maxlim: 300   bits: 10/9
c ---[ 473]---> Adder-cost: 166   maxlim: 279   bits: 10/9
c ---[ 472]---> Adder-cost: 276   maxlim: 220   bits: 9/8
c ---[ 471]---> Adder-cost: 166   maxlim: 341   bits: 10/9
c ---[ 470]---> Adder-cost: 253   maxlim: 254   bits: 9/8
c ---[ 469]---> Adder-cost: 141   maxlim: 290   bits: 10/9
c ---[ 468]---> Adder-cost: 257   maxlim: 254   bits: 9/8
c ---[ 467]---> Adder-cost: 162   maxlim: 295   bits: 10/9
c ---[ 466]---> Adder-cost: 269   maxlim: 217   bits: 9/8
c ---[ 465]---> Adder-cost: 140   maxlim: 354   bits: 10/9
c ---[ 464]---> Adder-cost: 238   maxlim: 211   bits: 9/8
c ---[ 463]---> Adder-cost: 144   maxlim: 304   bits: 10/9
c ---[ 462]---> Adder-cost: 229   maxlim: 246   bits: 9/8
c ---[ 461]---> Adder-cost: 145   maxlim: 255   bits: 9/8
c ---[ 460]---> Adder-cost: 230   maxlim: 273   bits: 10/9
c ---[ 459]---> Adder-cost: 108   maxlim: 271   bits: 10/9
c ---[ 458]---> Adder-cost: 241   maxlim: 261   bits: 10/9
c ---[ 457]---> Adder-cost: 126   maxlim: 290   bits: 10/9
c ---[ 456]---> Adder-cost: 254   maxlim: 342   bits: 10/9
c ---[ 455]---> Adder-cost: 96   maxlim: 166   bits: 9/8
c ---[ 454]---> Adder-cost: 236   maxlim: 260   bits: 10/9
c ---[ 453]---> Adder-cost: 114   maxlim: 275   bits: 10/9
c ---[ 452]---> Adder-cost: 249   maxlim: 208   bits: 9/8
c ---[ 451]---> Adder-cost: 172   maxlim: 313   bits: 10/9
c ---[ 450]---> Adder-cost: 250   maxlim: 296   bits: 10/9
c ---[ 449]---> Adder-cost: 126   maxlim: 247   bits: 9/8
c ---[ 448]---> Adder-cost: 259   maxlim: 226   bits: 9/8
c ---[ 447]---> Adder-cost: 139   maxlim: 292   bits: 10/9
c ---[ 446]---> Adder-cost: 214   maxlim: 316   bits: 10/9
c ---[ 445]---> Adder-cost: 92   maxlim: 190   bits: 9/8
c ---[ 444]---> Adder-cost: 250   maxlim: 314   bits: 10/9
c ---[ 443]---> Adder-cost: 152   maxlim: 235   bits: 9/8
c ---[ 442]---> Adder-cost: 258   maxlim: 272   bits: 10/9
c ---[ 441]---> Adder-cost: 170   maxlim: 281   bits: 10/9
c ---[ 440]---> Adder-cost: 260   maxlim: 255   bits: 9/8
c ---[ 439]---> Adder-cost: 170   maxlim: 298   bits: 10/9
c ---[ 438]---> Adder-cost: 268   maxlim: 225   bits: 9/8
c ---[ 437]---> Adder-cost: 132   maxlim: 320   bits: 10/9
c ---[ 436]---> Adder-cost: 274   maxlim: 308   bits: 10/9
c ---[ 435]---> Adder-cost: 160   maxlim: 255   bits: 9/8
c ---[ 434]---> Adder-cost: 255   maxlim: 295   bits: 10/9
c ---[ 433]---> Adder-cost: 103   maxlim: 235   bits: 9/8
c ---[ 432]---> Adder-cost: 272   maxlim: 284   bits: 10/9
c ---[ 431]---> Adder-cost: 157   maxlim: 266   bits: 10/9
c ---[ 430]---> Adder-cost: 240   maxlim: 290   bits: 10/9
c ---[ 429]---> Adder-cost: 107   maxlim: 242   bits: 9/8
c ---[ 428]---> Adder-cost: 264   maxlim: 315   bits: 10/9
c ---[ 427]---> Adder-cost: 151   maxlim: 222   bits: 9/8
c ---[ 426]---> Adder-cost: 264   maxlim: 320   bits: 10/9
c ---[ 425]---> Adder-cost: 148   maxlim: 247   bits: 9/8
c ---[ 424]---> Adder-cost: 238   maxlim: 284   bits: 10/9
c ---[ 423]---> Adder-cost: 132   maxlim: 243   bits: 9/8
c ---[ 422]---> Adder-cost: 272   maxlim: 233   bits: 9/8
c ---[ 421]---> Adder-cost: 128   maxlim: 302   bits: 10/9
c ---[ 420]---> Adder-cost: 245   maxlim: 289   bits: 10/9
c ---[ 419]---> Adder-cost: 117   maxlim: 249   bits: 9/8
c ---[ 418]---> Adder-cost: 271   maxlim: 286   bits: 10/9
c ---[ 417]---> Adder-cost: 164   maxlim: 299   bits: 10/9
c ---[ 416]---> Adder-cost: 250   maxlim: 272   bits: 10/9
c ---[ 415]---> Adder-cost: 103   maxlim: 288   bits: 10/9
c ---[ 414]---> Adder-cost: 246   maxlim: 220   bits: 9/8
c ---[ 413]---> Adder-cost: 93   maxlim: 300   bits: 10/9
c ---[ 412]---> Adder-cost: 278   maxlim: 253   bits: 9/8
c ---[ 411]---> Adder-cost: 178   maxlim: 296   bits: 10/9
c ---[ 410]---> Adder-cost: 252   maxlim: 297   bits: 10/9
c ---[ 409]---> Adder-cost: 168   maxlim: 240   bits: 9/8
c ---[ 408]---> Adder-cost: 261   maxlim: 263   bits: 10/9
c ---[ 407]---> Adder-cost: 156   maxlim: 324   bits: 10/9
c ---[ 406]---> Adder-cost: 238   maxlim: 291   bits: 10/9
c ---[ 405]---> Adder-cost: 129   maxlim: 225   bits: 9/8
c ---[ 404]---> Adder-cost: 268   maxlim: 312   bits: 10/9
c ---[ 403]---> Adder-cost: 146   maxlim: 210   bits: 9/8
c ---[ 402]---> Adder-cost: 247   maxlim: 256   bits: 10/9
c ---[ 401]---> Adder-cost: 102   maxlim: 287   bits: 10/9
c ---[ 400]---> Adder-cost: 258   maxlim: 291   bits: 10/9
c ---[ 399]---> Adder-cost: 142   maxlim: 264   bits: 10/9
c ---[ 398]---> Adder-cost: 271   maxlim: 341   bits: 10/9
c ---[ 397]---> Adder-cost: 160   maxlim: 263   bits: 10/9
c ---[ 396]---> Adder-cost: 261   maxlim: 280   bits: 10/9
c ---[ 395]---> Adder-cost: 136   maxlim: 281   bits: 10/9
c ---[ 394]---> Adder-cost: 252   maxlim: 299   bits: 10/9
c ---[ 393]---> Adder-cost: 148   maxlim: 239   bits: 9/8
c ---[ 392]---> Adder-cost: 244   maxlim: 275   bits: 10/9
c ---[ 391]---> Adder-cost: 120   maxlim: 287   bits: 10/9
c ---[ 390]---> Adder-cost: 262   maxlim: 308   bits: 10/9
c ---[ 389]---> Adder-cost: 151   maxlim: 254   bits: 9/8
c ---[ 388]---> Adder-cost: 267   maxlim: 276   bits: 10/9
c ---[ 387]---> Adder-cost: 143   maxlim: 256   bits: 10/9
c ---[ 386]---> Adder-cost: 252   maxlim: 281   bits: 10/9
c ---[ 385]---> Adder-cost: 138   maxlim: 290   bits: 10/9
c ---[ 384]---> Adder-cost: 237   maxlim: 275   bits: 10/9
c ---[ 383]---> Adder-cost: 122   maxlim: 287   bits: 10/9
c ---[ 382]---> Adder-cost: 248   maxlim: 290   bits: 10/9
c ---[ 381]---> Adder-cost: 155   maxlim: 231   bits: 9/8
c ---[ 380]---> Adder-cost: 266   maxlim: 256   bits: 10/9
c ---[ 379]---> Adder-cost: 174   maxlim: 297   bits: 10/9
c ---[ 378]---> Adder-cost: 240   maxlim: 273   bits: 10/9
c ---[ 377]---> Adder-cost: 164   maxlim: 251   bits: 9/8
c ---[ 376]---> Adder-cost: 253   maxlim: 210   bits: 9/8
c ---[ 375]---> Adder-cost: 142   maxlim: 319   bits: 10/9
c ---[ 374]---> Adder-cost: 247   maxlim: 292   bits: 10/9
c ---[ 373]---> Adder-cost: 172   maxlim: 245   bits: 9/8
c ---[ 372]---> Adder-cost: 235   maxlim: 262   bits: 10/9
c ---[ 371]---> Adder-cost: 106   maxlim: 277   bits: 10/9
c ---[ 370]---> Adder-cost: 258   maxlim: 266   bits: 10/9
c ---[ 369]---> Adder-cost: 139   maxlim: 268   bits: 10/9
c ---[ 368]---> Adder-cost: 229   maxlim: 255   bits: 9/8
c ---[ 367]---> Adder-cost: 142   maxlim: 268   bits: 10/9
c ---[ 366]---> Adder-cost: 231   maxlim: 299   bits: 10/9
c ---[ 365]---> Adder-cost: 79   maxlim: 251   bits: 9/8
c ---[ 364]---> Adder-cost: 241   maxlim: 253   bits: 9/8
c ---[ 363]---> Adder-cost: 98   maxlim: 245   bits: 9/8
c ---[ 362]---> Adder-cost: 277   maxlim: 252   bits: 9/8
c ---[ 361]---> Adder-cost: 85   maxlim: 316   bits: 10/9
c ---[ 360]---> Adder-cost: 260   maxlim: 318   bits: 10/9
c ---[ 359]---> Adder-cost: 148   maxlim: 233   bits: 9/8
c ---[ 358]---> Adder-cost: 260   maxlim: 231   bits: 9/8
c ---[ 357]---> Adder-cost: 104   maxlim: 329   bits: 10/9
c ---[ 355]---> Adder-cost: 240   maxlim: 543   bits: 10/10
c ---[ 354]---> Adder-cost: 263   maxlim: 284   bits: 10/9
c ---[ 353]---> Adder-cost: 151   maxlim: 246   bits: 9/8
c ---[ 352]---> Adder-cost: 260   maxlim: 307   bits: 10/9
c ---[ 351]---> Adder-cost: 166   maxlim: 254   bits: 9/8
c ---[ 350]---> Adder-cost: 244   maxlim: 279   bits: 10/9
c ---[ 349]---> Adder-cost: 136   maxlim: 323   bits: 10/9
c ---[ 348]---> Adder-cost: 236   maxlim: 261   bits: 10/9
c ---[ 347]---> Adder-cost: 156   maxlim: 282   bits: 10/9
c ---[ 346]---> Adder-cost: 241   maxlim: 239   bits: 9/8
c ---[ 345]---> Adder-cost: 172   maxlim: 302   bits: 10/9
c ---[ 344]---> Adder-cost: 230   maxlim: 273   bits: 10/9
c ---[ 343]---> Adder-cost: 123   maxlim: 269   bits: 10/9
c ---[ 342]---> Adder-cost: 252   maxlim: 244   bits: 9/8
c ---[ 341]---> Adder-cost: 117   maxlim: 316   bits: 10/9
c ---[ 340]---> Adder-cost: 237   maxlim: 289   bits: 10/9
c ---[ 339]---> Adder-cost: 144   maxlim: 250   bits: 9/8
c ---[ 338]---> Adder-cost: 259   maxlim: 294   bits: 10/9
c ---[ 337]---> Adder-cost: 179   maxlim: 312   bits: 10/9
c ---[ 336]---> Adder-cost: 250   maxlim: 304   bits: 10/9
c ---[ 335]---> Adder-cost: 155   maxlim: 250   bits: 9/8
c ---[ 334]---> Adder-cost: 236   maxlim: 229   bits: 9/8
c ---[ 333]---> Adder-cost: 150   maxlim: 308   bits: 10/9
c ---[ 332]---> Adder-cost: 234   maxlim: 272   bits: 10/9
c ---[ 331]---> Adder-cost: 172   maxlim: 265   bits: 10/9
c ---[ 330]---> Adder-cost: 246   maxlim: 313   bits: 10/9
c ---[ 329]---> Adder-cost: 148   maxlim: 287   bits: 10/9
c ---[ 328]---> Adder-cost: 263   maxlim: 291   bits: 10/9
c ---[ 327]---> Adder-cost: 75   maxlim: 275   bits: 10/9
c ---[ 326]---> Adder-cost: 235   maxlim: 283   bits: 10/9
c ---[ 325]---> Adder-cost: 147   maxlim: 241   bits: 9/8
c ---[ 324]---> Adder-cost: 247   maxlim: 262   bits: 10/9
c ---[ 323]---> Adder-cost: 114   maxlim: 277   bits: 10/9
c ---[ 322]---> Adder-cost: 243   maxlim: 293   bits: 10/9
c ---[ 321]---> Adder-cost: 148   maxlim: 242   bits: 9/8
c ==================================[MINISAT+]==================================
c | Conflicts | Original         | Learnt                           | Progress |
c |           | Clauses Literals |     Max Clauses Literals     LPC |          |
c ==============================================================================
c |         0 | 2548900  9082565 |  849633       0        0    -nan |  0.000 % |
c |       101 | 2548900  9082565 |  934596     101      506     5.0 |  1.847 % |
c |       251 | 2548900  9082565 | 1028055     251     1352     5.4 |  1.847 % |
c |       476 | 2548900  9082565 | 1130861     476     5072    10.7 |  1.847 % |
c |       813 | 2548900  9082565 | 1243947     813    10820    13.3 |  1.847 % |
c |      1319 | 2548900  9082565 | 1368342    1319    38890    29.5 |  1.847 % |
c |      2078 | 2548900  9082565 | 1505176    2078    48768    23.5 |  1.847 % |
c |      3217 | 2548900  9082565 | 1655694    3217    83892    26.1 |  1.847 % |
c |      4925 | 2548900  9082565 | 1821263    4925   136200    27.7 |  1.847 % |
c |      7491 | 2548900  9082565 | 2003390    7491   195411    26.1 |  1.847 % |
c |     11335 | 2548900  9082565 | 2203729   11335   296497    26.2 |  1.847 % |
c |     17101 | 2548900  9082565 | 2424102   17101   487304    28.5 |  1.847 % |
c |     25750 | 2548900  9082565 | 2666512   25750   767519    29.8 |  1.847 % |
c |     38724 | 2548900  9082565 | 2933163   38724  1262699    32.6 |  1.847 % |
c |     58185 | 2548900  9082565 | 3226479   58185  2028200    34.9 |  1.847 % |
c |     87377 | 2548900  9082565 | 3549127   87377  2849457    32.6 |  1.847 % |
c |    131167 | 2548900  9082565 | 3904040  131167  4656254    35.5 |  1.847 % |
c |    196852 | 2548900  9082565 | 4294444  196852  6984814    35.5 |  1.847 % |
c |    295378 | 2548900  9082565 | 4723889  295378 10216976    34.6 |  1.847 % |
c |    443171 | 2548900  9082565 | 5196278  443171 16915842    38.2 |  1.847 % |
c |    664854 | 2548900  9082565 | 5715905  664854 24892994    37.4 |  1.847 % |
c |    997380 | 2548900  9082565 | 6287496  997380 37964440    38.1 |  1.847 % |
c |   1496168 | 2548900  9082565 | 6916246 1496168 62385879    41.7 |  1.847 % |
c ==============================================================================
c [1mFound solution: -1[0m
c [1mOptimal solution: -1[0m
s OPTIMUM FOUND
v Z -O1_65 -t1_385 O1_66 t1_386 O1_67 t1_387 -O1_68 -t1_388 -O1_69 -t1_389 O1_70 t1_390 O1_71 t1_391 -O1_72 -t1_392 O1_73 t1_393 -O1_74 -t1_394 -O1_75 -t1_395 -O1_76 -t1_396 -O1_77 -t1_397 -O1_78 -t1_398 -O1_79 -t1_399 O1_80 t1_400 -O1_81 -t1_401 -O1_82 -t1_402 O1_83 t1_403 O1_84 t1_404 -O1_85 -t1_405 O1_86 t1_406 O1_87 t1_407 -O1_88 -t1_408 -O1_89 -t1_409 O1_90 t1_410 -O1_91 -t1_411 O1_92 t1_412 -O1_93 -t1_413 O1_94 t1_414 O1_95 t1_415 -O1_96 -t1_416 O1_97 t1_417 -O1_98 -t1_418 -O1_99 -t1_419 -O1_100 -t1_420 -O1_101 -t1_421 O1_102 t1_422 -O1_103 -t1_423 O1_104 t1_424 O1_105 t1_425 O1_106 t1_426 -O1_107 -t1_427 O1_108 t1_428 -O1_109 -t1_429 -O1_110 -t1_430 -O1_111 -t1_431 O1_112 t1_432 O1_113 t1_433 O1_114 t1_434 O1_115 t1_435 -O1_116 -t1_436 O1_117 t1_437 -O1_118 -t1_438 O1_119 t1_439 O1_120 t1_440 O1_121 t1_441 O1_122 t1_442 -O1_123 -t1_443 -O1_124 -t1_444 -O1_125 -t1_445 -O1_126 -t1_446 -O1_127 -t1_447 -O1_128 -t1_448 -t1_129 -I_1 I_2 -I_3 I_4 I_5 I_6 -I_7 -I_8 -I_9 I_10 I_11 I_12 -I_13 -I_14 -I_15 -I_16 -I_17 -I_18 -I_19 I_20 -I_21 -I_22 -I_23 -I_24 -I_25 -I_26 -I_27 -I_28 I_29 -I_30 I_31 -I_32 -I_33 I_34 -I_35 I_36 -I_37 -I_38 -I_39 -I_40 -I_41 -I_42 -I_43 -I_44 I_45 -I_46 -I_47 -I_48 -I_49 -I_50 -I_51 I_52 -I_53 -I_54 -I_55 -I_56 -I_57 I_58 I_59 -I_60 -I_61 -I_62 -I_63 -I_64 -t1_130 t1_131 t1_132 t1_133 -t1_134 t1_135 t1_136 -t1_137 -t1_138 -t1_139 t1_140 -t1_141 -t1_142 t1_143 -t1_144 -t1_145 -t1_146 -t1_147 -t1_148 -t1_149 -t1_150 t1_151 t1_152 t1_153 -t1_154 -t1_155 -t1_156 -t1_157 t1_158 -t1_159 t1_160 t1_161 t1_162 t1_163 t1_164 t1_165 -t1_166 -t1_167 t1_168 t1_169 t1_170 t1_171 t1_172 -t1_173 -t1_174 t1_175 -t1_176 t1_177 -t1_178 -t1_179 -t1_180 t1_181 t1_182 -t1_183 -t1_184 -t1_185 -t1_186 -t1_187 -t1_188 t1_189 t1_190 t1_191 t1_192 t1_193 t1_194 t1_195 -t1_196 -t1_197 -t1_198 t1_199 -t1_200 -t1_201 -t1_202 t1_203 -t1_204 t1_205 -t1_206 -t1_207 -t1_208 t1_209 t1_210 t1_211 -t1_212 t1_213 -t1_214 -t1_215 t1_216 -t1_217 t1_218 -t1_219 -t1_220 t1_221 t1_222 t1_223 -t1_224 -t1_225 t1_226 t1_227 -t1_228 -t1_229 t1_230 t1_231 t1_232 -t1_233 -t1_234 t1_235 -t1_236 t1_237 -t1_238 -t1_239 t1_240 -t1_241 -t1_242 -t1_243 t1_244 -t1_245 t1_246 t1_247 -t1_248 t1_249 -t1_250 t1_251 -t1_252 t1_253 t1_254 t1_255 -t1_256 t1_257 -t1_258 -t1_259 t1_260 t1_261 -t1_262 -t1_263 -t1_264 -t1_265 -t1_266 t1_267 -t1_268 t1_269 -t1_270 t1_271 -t1_272 t1_273 -t1_274 t1_275 t1_276 -t1_277 t1_278 t1_279 -t1_280 -t1_281 t1_282 t1_283 t1_284 -t1_285 t1_286 t1_287 -t1_288 -t1_289 -t1_290 t1_291 -t1_292 -t1_293 -t1_294 t1_295 -t1_296 -t1_297 -t1_298 t1_299 t1_300 -t1_301 t1_302 t1_303 t1_304 -t1_305 -t1_306 -t1_307 -t1_308 t1_309 -t1_310 t1_311 -t1_312 t1_313 t1_314 t1_315 t1_316 -t1_317 t1_318 t1_319 t1_320 -t1_321 -t1_322 -t1_323 t1_324 -t1_325 -t1_326 t1_327 t1_328 -t1_329 -t1_330 t1_331 t1_332 t1_333 t1_334 t1_335 -t1_336 t1_337 t1_338 -t1_339 t1_340 t1_341 t1_342 t1_343 t1_344 -t1_345 t1_346 -t1_347 t1_348 t1_349 -t1_350 t1_351 t1_352 -t1_353 t1_354 -t1_355 t1_356 t1_357 -t1_358 t1_359 t1_360 -t1_361 -t1_362 t1_363 -t1_364 t1_365 t1_366 t1_367 t1_368 t1_369 -t1_370 t1_371 -t1_372 t1_373 t1_374 -t1_375 -t1_376 -t1_377 t1_378 -t1_379 t1_380 t1_381 t1_382 t1_383 -t1_384 -O2_65 -t2_385 O2_66 t2_386 O2_67 t2_387 -O2_68 -t2_388 O2_69 t2_389 O2_70 t2_390 -O2_71 -t2_391 -O2_72 -t2_392 O2_73 t2_393 -O2_74 -t2_394 -O2_75 -t2_395 -O2_76 -t2_396 -O2_77 -t2_397 -O2_78 -t2_398 -O2_79 -t2_399 O2_80 t2_400 O2_81 t2_401 -O2_82 -t2_402 O2_83 t2_403 O2_84 t2_404 -O2_85 -t2_405 O2_86 t2_406 O2_87 t2_407 -O2_88 -t2_408 -O2_89 -t2_409 O2_90 t2_410 -O2_91 -t2_411 O2_92 t2_412 -O2_93 -t2_413 O2_94 t2_414 O2_95 t2_415 -O2_96 -t2_416 O2_97 t2_417 -O2_98 -t2_418 -O2_99 -t2_419 O2_100 t2_420 O2_101 t2_421 O2_102 t2_422 -O2_103 -t2_423 O2_104 t2_424 O2_105 t2_425 O2_106 t2_426 -O2_107 -t2_427 O2_108 t2_428 -O2_109 -t2_429 -O2_110 -t2_430 -O2_111 -t2_431 O2_112 t2_432 -O2_113 -t2_433 O2_114 t2_434 O2_115 t2_435 -O2_116 -t2_436 -O2_117 -t2_437 -O2_118 -t2_438 O2_119 t2_439 O2_120 t2_440 O2_121 t2_441 O2_122 t2_442 -O2_123 -t2_443 -O2_124 -t2_444 -O2_125 -t2_445 -O2_126 -t2_446 -O2_127 -t2_447 -O2_128 -t2_448 -t2_129 -t2_130 t2_131 t2_132 t2_133 -t2_134 t2_135 t2_136 -t2_137 -t2_138 -t2_139 t2_140 -t2_141 -t2_142 t2_143 -t2_144 -t2_145 -t2_146 -t2_147 -t2_148 -t2_149 -t2_150 t2_151 t2_152 t2_153 -t2_154 -t2_155 -t2_156 -t2_157 t2_158 -t2_159 t2_160 t2_161 t2_162 t2_163 t2_164 t2_165 -t2_166 -t2_167 t2_168 t2_169 t2_170 t2_171 t2_172 -t2_173 -t2_174 t2_175 -t2_176 t2_177 -t2_178 -t2_179 -t2_180 t2_181 t2_182 -t2_183 -t2_184 -t2_185 -t2_186 -t2_187 -t2_188 -t2_189 t2_190 t2_191 t2_192 -t2_193 t2_194 -t2_195 -t2_196 -t2_197 -t2_198 t2_199 -t2_200 -t2_201 -t2_202 t2_203 -t2_204 t2_205 -t2_206 -t2_207 -t2_208 t2_209 t2_210 t2_211 -t2_212 t2_213 -t2_214 -t2_215 t2_216 -t2_217 t2_218 -t2_219 -t2_220 t2_221 t2_222 t2_223 -t2_224 t2_225 t2_226 t2_227 t2_228 -t2_229 t2_230 t2_231 t2_232 -t2_233 -t2_234 t2_235 -t2_236 -t2_237 -t2_238 -t2_239 t2_240 -t2_241 -t2_242 -t2_243 t2_244 -t2_245 t2_246 t2_247 -t2_248 t2_249 -t2_250 t2_251 -t2_252 t2_253 t2_254 t2_255 -t2_256 t2_257 -t2_258 -t2_259 t2_260 t2_261 t2_262 -t2_263 -t2_264 -t2_265 -t2_266 t2_267 -t2_268 t2_269 -t2_270 t2_271 -t2_272 t2_273 -t2_274 t2_275 t2_276 -t2_277 t2_278 t2_279 -t2_280 t2_281 t2_282 t2_283 t2_284 -t2_285 t2_286 -t2_287 t2_288 -t2_289 t2_290 -t2_291 -t2_292 -t2_293 -t2_294 t2_295 -t2_296 t2_297 -t2_298 t2_299 t2_300 -t2_301 t2_302 t2_303 t2_304 -t2_305 -t2_306 -t2_307 -t2_308 t2_309 -t2_310 t2_311 -t2_312 t2_313 -t2_314 t2_315 t2_316 t2_317 t2_318 t2_319 t2_320 -t2_321 -t2_322 -t2_323 t2_324 -t2_325 -t2_326 t2_327 t2_328 -t2_329 -t2_330 t2_331 t2_332 t2_333 -t2_334 t2_335 -t2_336 t2_337 t2_338 t2_339 t2_340 t2_341 t2_342 t2_343 t2_344 -t2_345 t2_346 -t2_347 t2_348 t2_349 -t2_350 t2_351 t2_352 -t2_353 t2_354 -t2_355 t2_356 t2_357 t2_358 t2_359 t2_360 t2_361 -t2_362 t2_363 -t2_364 t2_365 -t2_366 -t2_367 t2_368 t2_369 -t2_370 t2_371 -t2_372 t2_373 t2_374 -t2_375 -t2_376 -t2_377 t2_378 -t2_379 t2_380 t2_381 -t2_382 t2_383 -t2_384 -M_0 -M_1 -M_2 -M_3 M_4 -M_5 M_6 -M_7 -M_8 -M_9 -M_10 -M_11 -M_12 -M_13 -M_14 -M_15 M_16 -M_17 -M_18 -M_19 -M_20 -M_21 -M_22 -M_23 -M_24 -M_25 -M_26 -M_27 -M_28 -M_29 -M_30 -M_31 -M_32 -M_33 -M_34 M_35 M_36 -M_37 -M_38 -M_39 -M_40 -M_41 -M_42 -M_43 -M_44 -M_45 -M_46 -M_47 M_48 -M_49 -M_50 -M_51 M_52 -M_53 -M_54 -M_55 -M_56 -M_57 -M_58 -M_59 -M_60 -M_61 -M_62 -M_63
c _______________________________________________________________________________
c 
c restarts              : 23
c conflicts             : 1497379        (618 /sec)
c decisions             : 3147958        (1299 /sec)
c propagations          : 0              (0 /sec)
c inspects              : 0              (0 /sec)
c CPU time              : 2422.75 s
c _______________________________________________________________________________
