WARNING! DIMACS header mismatch: wrong number of variables.
WARNING! DIMACS header mismatch: wrong number of clauses.
WARNING: for repeatability, setting FPU to use double precision
============================[ Problem Statistics ]=============================
|                                                                             |
|  Number of variables:          9769                                         |
|  Number of clauses:           36194                                         |
|  Parse time:                   0.01 s                                       |
|                                                                             |
============================[ Search Statistics ]==============================
| Conflicts |          ORIGINAL         |          LEARNT          | Progress |
|           |    Vars  Clauses Literals |    Limit  Clauses Lit/Cl |          |
===============================================================================
|       100 |    9768    35895   216641 |    13161      100      5 |  0.010 % |
|       250 |    9761    35895   216641 |    14477      243     10 |  0.082 % |
|       475 |    9761    35881   216599 |    15925      461      8 |  0.082 % |
|       812 |    9747    35863   216545 |    17517      775      7 |  0.225 % |
|      1318 |    9736    35839   216473 |    19269     1258      8 |  0.338 % |
|      2077 |    9717    35793   216335 |    21196     1975      8 |  0.532 % |
|      3216 |    9715    35789   216323 |    23316     3110      8 |  0.553 % |
|      4924 |    9715    35789   216323 |    25648     4818     10 |  0.553 % |
|      7486 |    9715    35789   216323 |    28212     7380     12 |  0.553 % |
|     11330 |    9715    35789   216323 |    31034    11224     16 |  0.553 % |
|     17096 |    9715    35789   216323 |    34137    16990     24 |  0.553 % |
|     25745 |    9715    35789   216323 |    37551    25639     33 |  0.553 % |
|     38719 |    9714    35787   216317 |    41306    17350     30 |  0.563 % |
|     58180 |    9714    35787   216317 |    45437    36811     31 |  0.563 % |
|     87372 |    9714    35787   216317 |    49980    38291     29 |  0.563 % |
|    131161 |    9594    35136   214244 |    54978    49404     30 |  1.791 % |
|    196845 |    9594    35136   214244 |    60476    41237     21 |  1.792 % |
|    295371 |    9589    35122   214210 |    66524    52250     25 |  1.843 % |
|    443160 |    9589    35122   214210 |    73176    55207     45 |  1.843 % |
|    664843 |    9580    34859   211890 |    80494    59595     22 |  1.935 % |
|    997368 |    9576    34850   211865 |    88543    79392     34 |  1.976 % |
|   1496156 |    9570    34837   211828 |    97398    21525     14 |  2.037 % |
|   2244338 |    9528    34581   210926 |   107138    60891     29 |  2.467 % |
|   3366612 |    9487    34348   210111 |   117852    30635     17 |  2.887 % |
===============================================================================
restarts              : 7931
conflicts             : 4421892        (23939 /sec)
decisions             : 16058098       (0.00 % random) (86934 /sec)
propagations          : 644558112      (3489463 /sec)
conflict literals     : 120714261      (40.48 % deleted)
Memory used           : 48.00 MB
CPU time              : 184.716 s

UNSATISFIABLE
