ABC command line: "r /home/users/nianze/threslogic/threABC/exp/benchmark/b14.blif; source /home/users/nianze/threslogic/threABC/exp/tcl/exp_blif.tcl".

[INFO] Make circuit combinational 
[INFO] Perform fraig 
[INFO] Synthesize threshold logic circuit by tech map 
Finished matching 22770 functions. Time =     4.79 sec
[1;37mitc/b14 [0m : i/o =    277/    299  [1;36mand =    7034[0m  [1;35mlev =   62[0m [1;35m(24.09)[0m  mem = 0.09 MB
Mapping (K=8)  :  [1;33mlut =   2680[0m  [1;32medge =    9282[0m  [1;31mlev =   13[0m [1;31m(8.34)[0m  mem = 0.08 MB
[INFO] Write out synthesized circuit as a blif file 
File compTH_1.blif is written.
Write out threshold network as blif file...
blif gen time  =     0.00 sec
[INFO] Collapse the synthesized circuit 
collapse time :  =     0.01 sec
[INFO] Write out collapsed circuit as a blif file 
File compTH_2.blif is written.
Write out threshold network as blif file...
blif gen time  =     0.01 sec
[INFO] Perform cec over two blif files 
elapse: 9.63 seconds, total: 9.63 seconds
Networks are equivalent.
elapse: 0.86 seconds, total: 10.48 seconds
