WARNING! DIMACS header mismatch: wrong number of variables.
WARNING! DIMACS header mismatch: wrong number of clauses.
WARNING: for repeatability, setting FPU to use double precision
============================[ Problem Statistics ]=============================
|                                                                             |
|  Number of variables:          9769                                         |
|  Number of clauses:           30688                                         |
|  Parse time:                   0.01 s                                       |
|                                                                             |
============================[ Search Statistics ]==============================
| Conflicts |          ORIGINAL         |          LEARNT          | Progress |
|           |    Vars  Clauses Literals |    Limit  Clauses Lit/Cl |          |
===============================================================================
|       100 |    9768    30389   142752 |    11142      100      9 |  0.010 % |
|       250 |    9768    30389   142752 |    12256      250      6 |  0.010 % |
|       475 |    9767    30387   142746 |    13482      473      8 |  0.020 % |
|       812 |    9746    30349   142632 |    14830      770      7 |  0.235 % |
|      1318 |    9719    30299   142482 |    16313     1221      7 |  0.512 % |
|      2077 |    9714    30281   142428 |    17945     1966     11 |  0.563 % |
|      3216 |    9714    30281   142428 |    19739     3105     10 |  0.563 % |
|      4924 |    9713    30279   142422 |    21713     4811     10 |  0.574 % |
|      7486 |    9713    30279   142422 |    23885     7373     12 |  0.573 % |
|     11330 |    9713    30279   142422 |    26273    11217     15 |  0.574 % |
|     17096 |    9713    30279   142422 |    28901    16983     20 |  0.573 % |
|     25745 |    9713    30279   142422 |    31791    25632     21 |  0.574 % |
|     38719 |    9713    30279   142422 |    34970    22610     21 |  0.573 % |
|     58180 |    9615    29678   140527 |    38467    22227     28 |  1.576 % |
|     87372 |    9590    29467   139501 |    42314    29260     20 |  1.832 % |
|    131161 |    9586    29455   139473 |    46545    19767     19 |  1.873 % |
|    196845 |    9582    29443   139445 |    51200    23872     16 |  1.914 % |
|    295371 |    9577    29431   139413 |    56320    18585     24 |  1.965 % |
|    443160 |    9540    29215   138548 |    61952    47119     21 |  2.344 % |
|    664843 |    9538    29211   138536 |    68147    44443     17 |  2.365 % |
|    997368 |    9480    28858   136970 |    74962    19699     24 |  2.959 % |
|   1496156 |    9461    28534   135604 |    82458    57610     21 |  3.153 % |
|   2244338 |    9088    24667   115029 |    90704    34027     20 |  6.972 % |
===============================================================================
restarts              : 4095
conflicts             : 2270348        (31624 /sec)
decisions             : 10382413       (0.00 % random) (144616 /sec)
propagations          : 373569832      (5203440 /sec)
conflict literals     : 56359433       (39.91 % deleted)
Memory used           : 40.00 MB
CPU time              : 71.7929 s

UNSATISFIABLE
