WARNING! DIMACS header mismatch: wrong number of variables.
WARNING! DIMACS header mismatch: wrong number of clauses.
WARNING: for repeatability, setting FPU to use double precision
============================[ Problem Statistics ]=============================
|                                                                             |
|  Number of variables:         15244                                         |
|  Number of clauses:           49697                                         |
|  Parse time:                   0.01 s                                       |
|                                                                             |
============================[ Search Statistics ]==============================
| Conflicts |          ORIGINAL         |          LEARNT          | Progress |
|           |    Vars  Clauses Literals |    Limit  Clauses Lit/Cl |          |
===============================================================================
|       100 |   15243    49178   226823 |    18031      100      3 |  0.007 % |
|       250 |   15243    49178   226823 |    19835      250      4 |  0.007 % |
|       475 |   15238    49176   226817 |    21818      469      6 |  0.039 % |
|       812 |   15238    49168   226793 |    24000      802      5 |  0.039 % |
|      1318 |   15229    49150   226739 |    26400     1290      5 |  0.098 % |
|      2077 |   15200    49094   226571 |    29040     1992      6 |  0.289 % |
|      3216 |   15188    49068   226493 |    31944     3100      6 |  0.367 % |
|      4924 |   15172    49036   226397 |    35139     4761      6 |  0.472 % |
|      7486 |   15165    49022   226355 |    38653     7274      7 |  0.518 % |
|     11330 |   15160    49012   226325 |    42518    11007     11 |  0.551 % |
|     17096 |   15100    47926   219298 |    46770    14295     13 |  0.945 % |
|     25745 |   15066    47781   218833 |    51447    22814     21 |  1.168 % |
|     38719 |   15063    47765   218791 |    56591    35784     22 |  1.187 % |
|     58180 |   15063    47765   218791 |    62251    55245     30 |  1.187 % |
|     87372 |   14967    47355   215830 |    68476    34783     30 |  1.817 % |
===============================================================================
restarts              : 285
conflicts             : 108288         (11560 /sec)
decisions             : 3362858        (0.00 % random) (358987 /sec)
propagations          : 58562527       (6251586 /sec)
conflict literals     : 3741812        (43.38 % deleted)
Memory used           : 30.00 MB
CPU time              : 9.36763 s

UNSATISFIABLE
