WARNING! DIMACS header mismatch: wrong number of variables.
WARNING! DIMACS header mismatch: wrong number of clauses.
WARNING: for repeatability, setting FPU to use double precision
============================[ Problem Statistics ]=============================
|                                                                             |
|  Number of variables:         15244                                         |
|  Number of clauses:           52278                                         |
|  Parse time:                   0.02 s                                       |
|                                                                             |
============================[ Search Statistics ]==============================
| Conflicts |          ORIGINAL         |          LEARNT          | Progress |
|           |    Vars  Clauses Literals |    Limit  Clauses Lit/Cl |          |
===============================================================================
|       100 |   15243    51759   262332 |    18978      100      3 |  0.007 % |
|       250 |   15243    51759   262332 |    20876      250      4 |  0.007 % |
|       475 |   15243    51759   262332 |    22963      475      4 |  0.007 % |
|       812 |   15239    51757   262326 |    25260      807      8 |  0.033 % |
|      1318 |   15235    51743   262284 |    27786     1302      7 |  0.059 % |
|      2077 |   15209    51691   262128 |    30564     2009      7 |  0.230 % |
|      3216 |   15176    51627   261936 |    33621     3083      7 |  0.446 % |
|      4924 |   15173    51619   261912 |    36983     4784      7 |  0.466 % |
|      7486 |   15169    51611   261888 |    40681     7309      8 |  0.492 % |
|     11330 |   15166    51605   261870 |    44749    11062     11 |  0.512 % |
|     17096 |   15007    49405   249917 |    49224    12464     11 |  1.555 % |
|     25745 |   14925    49214   249442 |    54147    20997     27 |  2.093 % |
|     38719 |   14845    48917   248594 |    59562    33842     46 |  2.617 % |
|     58180 |   14789    48447   246111 |    65518    48129     43 |  2.985 % |
|     87372 |   14774    48051   243591 |    72070    28310     35 |  3.084 % |
===============================================================================
restarts              : 304
conflicts             : 114033         (11565 /sec)
decisions             : 3065999        (0.00 % random) (310936 /sec)
propagations          : 54400374       (5516978 /sec)
conflict literals     : 5165143        (40.12 % deleted)
Memory used           : 34.00 MB
CPU time              : 9.86054 s

UNSATISFIABLE
