WARNING! DIMACS header mismatch: wrong number of variables.
WARNING! DIMACS header mismatch: wrong number of clauses.
WARNING: for repeatability, setting FPU to use double precision
============================[ Problem Statistics ]=============================
|                                                                             |
|  Number of variables:         47920                                         |
|  Number of clauses:          173708                                         |
|  Parse time:                   0.10 s                                       |
|                                                                             |
============================[ Search Statistics ]==============================
| Conflicts |          ORIGINAL         |          LEARNT          | Progress |
|           |    Vars  Clauses Literals |    Limit  Clauses Lit/Cl |          |
===============================================================================
|       100 |   47919   172196  1019210 |    63138      100      4 |  0.002 % |
|       250 |   47919   172196  1019210 |    69452      250      4 |  0.002 % |
|       475 |   47919   172196  1019210 |    76397      475      4 |  0.002 % |
|       812 |   47919   172196  1019210 |    84037      812      4 |  0.002 % |
|      1318 |   47918   172194  1019204 |    92441     1316      5 |  0.004 % |
|      2077 |   47918   172194  1019204 |   101685     2075      5 |  0.004 % |
|      3216 |   47916   172190  1019192 |   111853     3204      5 |  0.008 % |
|      4924 |   47902   172162  1019108 |   123039     4884      5 |  0.038 % |
|      7486 |   47894   172146  1019060 |   135343     7430      8 |  0.054 % |
|     11330 |   47878   172114  1018964 |   148877    11238      7 |  0.088 % |
|     17096 |   47854   172066  1018820 |   163765    16916      8 |  0.138 % |
|     25745 |   47838   172034  1018724 |   180141    25421      8 |  0.171 % |
|     38719 |   47809   171984  1018574 |   198155    37917     35 |  0.232 % |
|     58180 |   47729   171822  1018088 |   217971    56435     51 |  0.399 % |
|     87372 |   47574   171540  1017242 |   239768    83629     48 |  0.722 % |
|    131161 |   47517   171396  1016810 |   263745   124877     70 |  0.841 % |
|    196845 |   47472   171318  1016576 |   290119   188099    100 |  0.935 % |
|    295371 |   47398   171168  1016126 |   319131   279839    130 |  1.089 % |
===============================================================================
restarts              : 764
conflicts             : 312133         (3082 /sec)
decisions             : 24316099       (0.00 % random) (240089 /sec)
propagations          : 409048124      (4038796 /sec)
conflict literals     : 37824480       (14.71 % deleted)
Memory used           : 238.00 MB
CPU time              : 101.28 s

UNSATISFIABLE
