WARNING! DIMACS header mismatch: wrong number of variables.
WARNING! DIMACS header mismatch: wrong number of clauses.
WARNING: for repeatability, setting FPU to use double precision
============================[ Problem Statistics ]=============================
|                                                                             |
|  Number of variables:         47920                                         |
|  Number of clauses:          154684                                         |
|  Parse time:                   0.03 s                                       |
|                                                                             |
============================[ Search Statistics ]==============================
| Conflicts |          ORIGINAL         |          LEARNT          | Progress |
|           |    Vars  Clauses Literals |    Limit  Clauses Lit/Cl |          |
===============================================================================
|       100 |   47919   153172   720322 |    56163      100      4 |  0.002 % |
|       250 |   47919   153172   720322 |    61779      250      3 |  0.002 % |
|       475 |   47919   153172   720322 |    67957      475      4 |  0.002 % |
|       812 |   47919   153172   720322 |    74753      812      4 |  0.002 % |
|      1318 |   47919   153172   720322 |    82228     1318      4 |  0.002 % |
|      2077 |   47917   153168   720310 |    90451     2073      6 |  0.006 % |
|      3216 |   47914   153166   720304 |    99496     3208      5 |  0.013 % |
|      4924 |   47898   153132   720202 |   109445     4883      6 |  0.046 % |
|      7486 |   47889   153112   720142 |   120390     7413      6 |  0.065 % |
|     11330 |   47865   153064   719998 |   132429    11203      7 |  0.115 % |
|     17096 |   47847   153030   719896 |   145672    16910      7 |  0.152 % |
|     25745 |   47825   152984   719758 |   160239    25356      8 |  0.198 % |
|     38719 |   47783   152900   719506 |   176263    37863     10 |  0.286 % |
|     58180 |   47679   152692   718882 |   193890    56059     27 |  0.503 % |
|     87372 |   47571   152480   718246 |   213279    83692     52 |  0.728 % |
|    131161 |   47552   152446   718144 |   234607   126729    108 |  0.768 % |
|    196845 |   47468   152336   717814 |   258067   189736    138 |  0.943 % |
===============================================================================
restarts              : 619
conflicts             : 260186         (3611 /sec)
decisions             : 23092684       (0.00 % random) (320496 /sec)
propagations          : 370948713      (5148282 /sec)
conflict literals     : 34754898       (16.05 % deleted)
Memory used           : 236.00 MB
CPU time              : 72.0529 s

UNSATISFIABLE
