ABC command line: "r /home/users/nianze/threslogic/threABC/exp/benchmark/b18.blif; source /home/users/nianze/threslogic/threABC/exp/tcl/exp_aig.tcl".

[INFO] Make circuit combinational 
[INFO] Perform fraig 
[INFO] Synthesize threshold logic circuit by tech map 
Finished matching 69791 functions. Time =    13.43 sec
[1;37mitc/b18/b18[0m : i/o =   3357/   3343  [1;36mand =  100491[0m  [1;35mlev =  129[0m [1;35m(34.80)[0m  mem = 1.25 MB
Mapping (K=8)  :  [1;33mlut =  36370[0m  [1;32medge =  131849[0m  [1;31mlev =   43[0m [1;31m(16.27)[0m  mem = 1.19 MB
[INFO] Write out synthesized circuit as an AIG file 
  > Ntk2Mux : create pio ...
  > Ntk2Mux : create mux (dynamic = yes , ahead = no) ...
  > Ntk2Mux : connect Po ...
Current network is replaced
mux convert time  =     0.08 sec
[INFO] Collapse the synthesized circuit 
collapse time :  =     0.13 sec
[INFO] Write out collapsed circuit as an AIG file 
  > Ntk2Mux : create pio ...
  > Ntk2Mux : create mux (dynamic = yes , ahead = no) ...
  > Ntk2Mux : connect Po ...
Current network is replaced
mux convert time  =     0.12 sec
[INFO] Perform cec over two AIG files 
elapse: 86.56 seconds, total: 86.56 seconds
Networks are equivalent.
elapse: 64.09 seconds, total: 150.65 seconds
