ABC command line: "r /home/users/nianze/threslogic/threABC/exp/benchmark/b18.blif; source /home/users/nianze/threslogic/threABC/exp/tcl/exp_blif_i.tcl".

[INFO] Make circuit combinational 
[INFO] Perform fraig 
[INFO] Synthesize threshold logic circuit by tech map 
Finished matching 69791 functions. Time =    12.73 sec
[1;37mitc/b18/b18[0m : i/o =   3357/   3343  [1;36mand =  100491[0m  [1;35mlev =  129[0m [1;35m(34.80)[0m  mem = 1.25 MB
Mapping (K=8)  :  [1;33mlut =  36370[0m  [1;32medge =  131849[0m  [1;31mlev =   43[0m [1;31m(16.27)[0m  mem = 1.19 MB
[INFO] Write out synthesized circuit as a blif file 
File compTH_1.blif is written.
Write out threshold network as blif file...
blif gen time  =     0.06 sec
[INFO] Iteratively collapse the synthesized circuit 
collapse time :  =     2.29 sec
[INFO] Write out collapsed circuit as a blif file 
File compTH_2.blif is written.
Write out threshold network as blif file...
blif gen time  =     0.09 sec
[INFO] Perform cec over two blif files 
elapse: 81.93 seconds, total: 81.93 seconds
Networks are equivalent.
elapse: 50.26 seconds, total: 132.20 seconds
