ABC command line: "r /home/users/nianze/threslogic/threABC/exp/benchmark/b19.blif; source /home/users/nianze/threslogic/threABC/exp/tcl/exp_blif.tcl".

[INFO] Make circuit combinational 
[INFO] Perform fraig 
[INFO] Synthesize threshold logic circuit by tech map 
Finished matching 156556 functions. Time =    20.48 sec
[1;37mitc/b19/b19[0m : i/o =   6666/   6669  [1;36mand =  198462[0m  [1;35mlev =  134[0m [1;35m(34.65)[0m  mem = 2.48 MB
Mapping (K=8)  :  [1;33mlut =  72362[0m  [1;32medge =  262169[0m  [1;31mlev =   46[0m [1;31m(16.53)[0m  mem = 2.36 MB
[INFO] Write out synthesized circuit as a blif file 
File compTH_1.blif is written.
Write out threshold network as blif file...
blif gen time  =     0.13 sec
[INFO] Collapse the synthesized circuit 
collapse time :  =     0.26 sec
[INFO] Write out collapsed circuit as a blif file 
File compTH_2.blif is written.
Write out threshold network as blif file...
blif gen time  =     0.21 sec
[INFO] Perform cec over two blif files 
elapse: 194.54 seconds, total: 194.54 seconds
Networks are equivalent.
elapse: 268.85 seconds, total: 463.39 seconds
