ABC command line: "r /home/users/nianze/threslogic/threABC/exp/benchmark/b19.blif; source /home/users/nianze/threslogic/threABC/exp/tcl/exp_aig.tcl".

[INFO] Make circuit combinational 
[INFO] Perform fraig 
[INFO] Synthesize threshold logic circuit by tech map 
Finished matching 156556 functions. Time =    21.35 sec
[1;37mitc/b19/b19[0m : i/o =   6666/   6669  [1;36mand =  198462[0m  [1;35mlev =  134[0m [1;35m(34.65)[0m  mem = 2.48 MB
Mapping (K=8)  :  [1;33mlut =  72362[0m  [1;32medge =  262169[0m  [1;31mlev =   46[0m [1;31m(16.53)[0m  mem = 2.36 MB
[INFO] Write out synthesized circuit as an AIG file 
  > Ntk2Mux : create pio ...
  > Ntk2Mux : create mux (dynamic = yes , ahead = no) ...
  > Ntk2Mux : connect Po ...
Current network is replaced
mux convert time  =     0.24 sec
[INFO] Collapse the synthesized circuit 
collapse time :  =     0.26 sec
[INFO] Write out collapsed circuit as an AIG file 
  > Ntk2Mux : create pio ...
  > Ntk2Mux : create mux (dynamic = yes , ahead = no) ...
  > Ntk2Mux : connect Po ...
Current network is replaced
mux convert time  =     0.31 sec
[INFO] Perform cec over two AIG files 
elapse: 193.60 seconds, total: 193.60 seconds
Networks are equivalent.
elapse: 260.82 seconds, total: 454.43 seconds
