ABC command line: "r /home/users/nianze/threslogic/threABC/exp/benchmark/b19.blif; source /home/users/nianze/threslogic/threABC/exp/tcl/exp_aig_i.tcl".

[INFO] Make circuit combinational 
[INFO] Perform fraig 
[INFO] Synthesize threshold logic circuit by tech map 
Finished matching 156556 functions. Time =    20.22 sec
[1;37mitc/b19/b19[0m : i/o =   6666/   6669  [1;36mand =  198462[0m  [1;35mlev =  134[0m [1;35m(34.65)[0m  mem = 2.48 MB
Mapping (K=8)  :  [1;33mlut =  72362[0m  [1;32medge =  262169[0m  [1;31mlev =   46[0m [1;31m(16.53)[0m  mem = 2.36 MB
[INFO] Write out synthesized circuit as an AIG file 
  > Ntk2Mux : create pio ...
  > Ntk2Mux : create mux (dynamic = yes , ahead = no) ...
  > Ntk2Mux : connect Po ...
Current network is replaced
mux convert time  =     0.27 sec
[INFO] Iteratively collapse the synthesized circuit 
collapse time :  =     6.74 sec
[INFO] Write out collapsed circuit as an AIG file 
  > Ntk2Mux : create pio ...
  > Ntk2Mux : create mux (dynamic = yes , ahead = no) ...
  > Ntk2Mux : connect Po ...
Current network is replaced
mux convert time  =     0.34 sec
[INFO] Perform cec over two AIG files 
elapse: 205.86 seconds, total: 205.86 seconds
Networks are equivalent.
elapse: 272.99 seconds, total: 478.85 seconds
