WARNING! DIMACS header mismatch: wrong number of variables.
WARNING! DIMACS header mismatch: wrong number of clauses.
WARNING: for repeatability, setting FPU to use double precision
============================[ Problem Statistics ]=============================
|                                                                             |
|  Number of variables:         20083                                         |
|  Number of clauses:           72236                                         |
|  Parse time:                   0.02 s                                       |
|                                                                             |
============================[ Search Statistics ]==============================
| Conflicts |          ORIGINAL         |          LEARNT          | Progress |
|           |    Vars  Clauses Literals |    Limit  Clauses Lit/Cl |          |
===============================================================================
|       100 |   20082    71724   397483 |    26298      100      4 |  0.005 % |
|       250 |   20082    71724   397483 |    28928      250      4 |  0.005 % |
|       475 |   20082    71724   397483 |    31821      475      5 |  0.005 % |
|       812 |   20082    71724   397483 |    35003      812      6 |  0.005 % |
|      1318 |   20082    71724   397483 |    38504     1318      7 |  0.005 % |
|      2077 |   20082    71724   397483 |    42354     2077      7 |  0.005 % |
|      3216 |   20082    71724   397483 |    46589     3216      8 |  0.005 % |
|      4924 |   20080    71720   397471 |    51248     4919      8 |  0.015 % |
|      7486 |   20077    71716   397459 |    56373     7466      8 |  0.030 % |
|     11330 |   20076    71712   397447 |    62011    11265     10 |  0.035 % |
|     17096 |   20073    71706   397429 |    68212    16923     11 |  0.050 % |
|     25745 |   20072    71704   397423 |    75033    25566     14 |  0.055 % |
|     38719 |   20056    71672   397327 |    82536    37079     20 |  0.134 % |
|     58180 |   20052    71664   397303 |    90790    56170     21 |  0.154 % |
|     87372 |   20049    71660   397291 |    99869    85308     23 |  0.169 % |
|    131161 |   20049    71658   397285 |   109856    48037     28 |  0.169 % |
|    196845 |   20047    71654   397273 |   120842    23375     18 |  0.179 % |
|    295371 |   20045    71650   397261 |   132926    26755     18 |  0.189 % |
|    443160 |   20038    71636   397219 |   146219    68047     36 |  0.224 % |
|    664843 |   20033    71626   397189 |   160841    52637     19 |  0.249 % |
===============================================================================
restarts              : 2044
conflicts             : 940822         (16387 /sec)
decisions             : 10031191       (0.00 % random) (174721 /sec)
propagations          : 271666233      (4731808 /sec)
conflict literals     : 33297444       (24.55 % deleted)
Memory used           : 78.00 MB
CPU time              : 57.4128 s

UNSATISFIABLE
