WARNING! DIMACS header mismatch: wrong number of variables.
WARNING! DIMACS header mismatch: wrong number of clauses.
WARNING: for repeatability, setting FPU to use double precision
============================[ Problem Statistics ]=============================
|                                                                             |
|  Number of variables:         20083                                         |
|  Number of clauses:           65659                                         |
|  Parse time:                   0.02 s                                       |
|                                                                             |
============================[ Search Statistics ]==============================
| Conflicts |          ORIGINAL         |          LEARNT          | Progress |
|           |    Vars  Clauses Literals |    Limit  Clauses Lit/Cl |          |
===============================================================================
|       100 |   20082    65147   320332 |    23887      100      3 |  0.005 % |
|       250 |   20082    65147   320332 |    26275      250      4 |  0.005 % |
|       475 |   20081    65145   320326 |    28903      473      7 |  0.010 % |
|       812 |   20081    65145   320326 |    31793      810      6 |  0.010 % |
|      1318 |   20081    65145   320326 |    34973     1316      6 |  0.010 % |
|      2077 |   20081    65145   320326 |    38470     2075      8 |  0.010 % |
|      3216 |   20081    65145   320326 |    42317     3214      8 |  0.010 % |
|      4924 |   20079    65141   320314 |    46549     4873      7 |  0.020 % |
|      7486 |   20077    65137   320302 |    51204     7398      8 |  0.030 % |
|     11330 |   20073    65129   320278 |    56324    11212      9 |  0.050 % |
|     17096 |   20069    65121   320254 |    61957    16729     12 |  0.070 % |
|     25745 |   20059    65101   320194 |    68153    25146     21 |  0.120 % |
|     38719 |   20059    65101   320194 |    74968    38120     20 |  0.120 % |
|     58180 |   20057    65097   320182 |    82465    57561     20 |  0.129 % |
|     87372 |   20057    65097   320182 |    90711    26135     14 |  0.130 % |
|    131161 |   20052    65087   320152 |    99782    69797     22 |  0.154 % |
|    196845 |   20047    65077   320122 |   109761    59372     29 |  0.179 % |
|    295371 |   20038    65059   320068 |   120737    72188     28 |  0.224 % |
|    443160 |   20028    65039   320008 |   132811    30000     40 |  0.274 % |
|    664843 |   20020    65023   319960 |   146092    38589     17 |  0.314 % |
|    997368 |   20007    64997   319882 |   160701   134012     34 |  0.378 % |
|   1496156 |   19928    64337   316055 |   176771    84684     20 |  0.772 % |
===============================================================================
restarts              : 3059
conflicts             : 1537978        (18948 /sec)
decisions             : 13507633       (0.00 % random) (166416 /sec)
propagations          : 388694224      (4788780 /sec)
conflict literals     : 53438948       (24.41 % deleted)
Memory used           : 79.00 MB
CPU time              : 81.1677 s

UNSATISFIABLE
