WARNING! DIMACS header mismatch: wrong number of variables.
WARNING! DIMACS header mismatch: wrong number of clauses.
WARNING: for repeatability, setting FPU to use double precision
============================[ Problem Statistics ]=============================
|                                                                             |
|  Number of variables:         20083                                         |
|  Number of clauses:           65442                                         |
|  Parse time:                   0.02 s                                       |
|                                                                             |
============================[ Search Statistics ]==============================
| Conflicts |          ORIGINAL         |          LEARNT          | Progress |
|           |    Vars  Clauses Literals |    Limit  Clauses Lit/Cl |          |
===============================================================================
|       100 |   20082    64930   320575 |    23807      100      4 |  0.005 % |
|       250 |   20082    64930   320575 |    26188      250      4 |  0.005 % |
|       475 |   20082    64930   320575 |    28807      475      4 |  0.005 % |
|       812 |   20082    64930   320575 |    31688      812      6 |  0.005 % |
|      1318 |   20082    64930   320575 |    34856     1318      8 |  0.005 % |
|      2077 |   20080    64926   320563 |    38342     2064      8 |  0.015 % |
|      3216 |   20079    64924   320557 |    42176     3194      7 |  0.020 % |
|      4924 |   20077    64920   320545 |    46394     4833      7 |  0.030 % |
|      7486 |   20071    64912   320521 |    51033     7321      8 |  0.060 % |
|     11330 |   20067    64900   320485 |    56137    11044     10 |  0.080 % |
|     17096 |   20063    64894   320467 |    61750    16652     10 |  0.100 % |
|     25745 |   20059    64884   320437 |    67926    25147     11 |  0.120 % |
|     38719 |   20059    64884   320437 |    74718    38121     16 |  0.120 % |
|     58180 |   20059    64884   320437 |    82190    57582     25 |  0.120 % |
|     87372 |   20056    64878   320419 |    90409    26438     17 |  0.134 % |
|    131161 |   20056    64878   320419 |    99450    70227     20 |  0.134 % |
|    196845 |   20054    64874   320407 |   109395    61252     34 |  0.144 % |
|    295371 |   20050    64866   320383 |   120335    76257     30 |  0.164 % |
|    443160 |   20044    64854   320347 |   132368    31286     21 |  0.194 % |
|    664843 |   20015    64798   320179 |   145605    40699     24 |  0.339 % |
|    997368 |   19741    62922   310782 |   160166    92395     25 |  1.703 % |
===============================================================================
restarts              : 2046
conflicts             : 1019187        (17556 /sec)
decisions             : 10446984       (0.00 % random) (179959 /sec)
propagations          : 282261761      (4862210 /sec)
conflict literals     : 33907252       (26.28 % deleted)
Memory used           : 78.00 MB
CPU time              : 58.0521 s

UNSATISFIABLE
