WARNING! DIMACS header mismatch: wrong number of variables.
WARNING! DIMACS header mismatch: wrong number of clauses.
WARNING: for repeatability, setting FPU to use double precision
============================[ Problem Statistics ]=============================
|                                                                             |
|  Number of variables:         20083                                         |
|  Number of clauses:           76894                                         |
|  Parse time:                   0.03 s                                       |
|                                                                             |
============================[ Search Statistics ]==============================
| Conflicts |          ORIGINAL         |          LEARNT          | Progress |
|           |    Vars  Clauses Literals |    Limit  Clauses Lit/Cl |          |
===============================================================================
|       100 |   20082    76382   473323 |    28006      100      4 |  0.005 % |
|       250 |   20082    76382   473323 |    30807      250      4 |  0.005 % |
|       475 |   20082    76382   473323 |    33888      475      5 |  0.005 % |
|       812 |   20082    76382   473323 |    37276      812      6 |  0.005 % |
|      1318 |   20082    76382   473323 |    41004     1318      6 |  0.005 % |
|      2077 |   20081    76380   473317 |    45105     2075      6 |  0.010 % |
|      3216 |   20081    76380   473317 |    49615     3214      6 |  0.010 % |
|      4924 |   20081    76380   473317 |    54577     4922      7 |  0.010 % |
|      7486 |   20081    76380   473317 |    60034     7484      7 |  0.010 % |
|     11330 |   20080    76378   473311 |    66038    11291      9 |  0.015 % |
|     17096 |   20076    76372   473293 |    72642    17038      9 |  0.035 % |
|     25745 |   20068    76354   473239 |    79906    25291     16 |  0.075 % |
|     38719 |   20060    76338   473191 |    87897    37407     18 |  0.115 % |
|     58180 |   20059    76336   473185 |    96686    56856     22 |  0.120 % |
|     87372 |   20053    76324   473149 |   106355    85837     30 |  0.149 % |
|    131161 |   20052    76322   473143 |   116991    45146     19 |  0.154 % |
|    196845 |   20050    76320   473137 |   128690   110705     29 |  0.164 % |
|    295371 |   20044    76306   473095 |   141559    96800     29 |  0.194 % |
|    443160 |   20031    76280   473017 |   155715   129575     35 |  0.259 % |
|    664843 |   20021    76260   472957 |   171286    74661     34 |  0.309 % |
|    997368 |   19990    76198   472771 |   188415   119063     35 |  0.463 % |
|   1496156 |   19922    76064   472369 |   207256   122011     26 |  0.802 % |
===============================================================================
restarts              : 4093
conflicts             : 2108775        (17668 /sec)
decisions             : 16327849       (0.00 % random) (136799 /sec)
propagations          : 520570299      (4361478 /sec)
conflict literals     : 84285898       (25.54 % deleted)
Memory used           : 130.00 MB
CPU time              : 119.356 s

UNSATISFIABLE
