WARNING! DIMACS header mismatch: wrong number of variables.
WARNING! DIMACS header mismatch: wrong number of clauses.
WARNING: for repeatability, setting FPU to use double precision
============================[ Problem Statistics ]=============================
|                                                                             |
|  Number of variables:         29860                                         |
|  Number of clauses:           97262                                         |
|  Parse time:                   0.03 s                                       |
|                                                                             |
============================[ Search Statistics ]==============================
| Conflicts |          ORIGINAL         |          LEARNT          | Progress |
|           |    Vars  Clauses Literals |    Limit  Clauses Lit/Cl |          |
===============================================================================
|       100 |   29859    96505   481846 |    35385      100      4 |  0.003 % |
|       250 |   29859    96505   481846 |    38923      250      4 |  0.003 % |
|       475 |   29859    96505   481846 |    42816      475      4 |  0.003 % |
|       812 |   29859    96505   481846 |    47097      812      7 |  0.003 % |
|      1318 |   29859    96505   481846 |    51807     1318      7 |  0.003 % |
|      2077 |   29858    96503   481840 |    56988     2075      7 |  0.007 % |
|      3216 |   29858    96503   481840 |    62686     3214      7 |  0.007 % |
|      4924 |   29858    96503   481840 |    68955     4922      7 |  0.007 % |
|      7486 |   29857    96501   481834 |    75851     7477      7 |  0.010 % |
|     11330 |   29857    96501   481834 |    83436    11321      8 |  0.010 % |
|     17096 |   29856    96499   481828 |    91780    17079      9 |  0.013 % |
|     25745 |   29855    96497   481822 |   100958    25700      9 |  0.017 % |
|     38719 |   29852    96491   481804 |   111053    38282     11 |  0.027 % |
|     58180 |   29836    96459   481708 |   122159    54519     13 |  0.080 % |
|     87372 |   29833    96453   481690 |   134375    83035     18 |  0.090 % |
|    131161 |   29833    96453   481690 |   147812   126824     21 |  0.090 % |
|    196845 |   29814    96415   481576 |   162593    71434     23 |  0.154 % |
|    295371 |   29788    96363   481420 |   178853    36538     13 |  0.241 % |
|    443160 |   29771    96329   481318 |   196738    32787     18 |  0.298 % |
|    664843 |   29737    96261   481114 |   216412    79514     32 |  0.412 % |
|    997368 |   29711    96209   480958 |   238053    44270     26 |  0.499 % |
===============================================================================
restarts              : 2557
conflicts             : 1331816        (11750 /sec)
decisions             : 18380380       (0.00 % random) (162158 /sec)
propagations          : 466492527      (4115552 /sec)
conflict literals     : 56075683       (21.06 % deleted)
Memory used           : 158.00 MB
CPU time              : 113.349 s

UNSATISFIABLE
