WARNING! DIMACS header mismatch: wrong number of variables.
WARNING! DIMACS header mismatch: wrong number of clauses.
WARNING: for repeatability, setting FPU to use double precision
============================[ Problem Statistics ]=============================
|                                                                             |
|  Number of variables:         29860                                         |
|  Number of clauses:          110176                                         |
|  Parse time:                   0.04 s                                       |
|                                                                             |
============================[ Search Statistics ]==============================
| Conflicts |          ORIGINAL         |          LEARNT          | Progress |
|           |    Vars  Clauses Literals |    Limit  Clauses Lit/Cl |          |
===============================================================================
|       100 |   29859   109419   645661 |    40120      100      4 |  0.003 % |
|       250 |   29859   109419   645661 |    44132      250      4 |  0.003 % |
|       475 |   29859   109419   645661 |    48545      475      4 |  0.003 % |
|       812 |   29859   109419   645661 |    53400      812      5 |  0.003 % |
|      1318 |   29859   109419   645661 |    58740     1318      6 |  0.003 % |
|      2077 |   29858   109417   645655 |    64614     2071      6 |  0.007 % |
|      3216 |   29858   109417   645655 |    71075     3210      7 |  0.007 % |
|      4924 |   29858   109417   645655 |    78183     4918      7 |  0.007 % |
|      7486 |   29858   109417   645655 |    86001     7480      9 |  0.007 % |
|     11330 |   29858   109417   645655 |    94601    11324     10 |  0.007 % |
|     17096 |   29858   109417   645655 |   104061    17090     12 |  0.007 % |
|     25745 |   29855   109411   645637 |   114467    25690     11 |  0.017 % |
|     38719 |   29854   109409   645631 |   125914    38538     11 |  0.020 % |
|     58180 |   29845   109391   645577 |   138506    56341     19 |  0.050 % |
|     87372 |   29836   109373   645523 |   152356    79902     22 |  0.080 % |
|    131161 |   29827   109355   645469 |   167592   123329     23 |  0.111 % |
|    196845 |   29821   109343   645433 |   184351    48260     17 |  0.131 % |
|    295371 |   29809   109319   645361 |   202786   145938     30 |  0.171 % |
|    443160 |   29768   109237   645115 |   223065   120122     36 |  0.308 % |
|    664843 |   29758   109217   645055 |   245372   151411     32 |  0.342 % |
|    997368 |   29745   109191   644977 |   269909    55941     30 |  0.385 % |
===============================================================================
restarts              : 2299
conflicts             : 1206380        (12173 /sec)
decisions             : 16067785       (0.00 % random) (162130 /sec)
propagations          : 431904904      (4358090 /sec)
conflict literals     : 55383352       (20.77 % deleted)
Memory used           : 159.00 MB
CPU time              : 99.1042 s

UNSATISFIABLE
