ABC command line: "r /home/users/nianze/threslogic/threABC/exp/benchmark/c6288.blif; source /home/users/nianze/threslogic/threABC/exp/tcl/exp_aig.tcl".

[INFO] Make circuit combinational 
Error: The network is already combinational.
[INFO] Perform fraig 
[INFO] Synthesize threshold logic circuit by tech map 
Finished matching 9415 functions. Time =     3.07 sec
[1;37mbenchmarks/iscas85/c6288[0m : i/o =     32/     32  [1;36mand =    4158[0m  [1;35mlev =   88[0m [1;35m(51.72)[0m  mem = 0.05 MB
Mapping (K=8)  :  [1;33mlut =   1424[0m  [1;32medge =    4848[0m  [1;31mlev =   29[0m [1;31m(21.00)[0m  mem = 0.05 MB
[INFO] Write out synthesized circuit as an AIG file 
  > Ntk2Mux : create pio ...
  > Ntk2Mux : create mux (dynamic = yes , ahead = no) ...
  > Ntk2Mux : connect Po ...
Current network is replaced
mux convert time  =     0.00 sec
[INFO] Collapse the synthesized circuit 
collapse time :  =     0.00 sec
[INFO] Write out collapsed circuit as an AIG file 
  > Ntk2Mux : create pio ...
  > Ntk2Mux : create mux (dynamic = yes , ahead = no) ...
  > Ntk2Mux : connect Po ...
Current network is replaced
mux convert time  =     0.00 sec
[INFO] Perform cec over two AIG files 
elapse: 5.18 seconds, total: 5.18 seconds
Networks are equivalent.
elapse: 0.91 seconds, total: 6.09 seconds
