ABC command line: "r /home/users/nianze/threslogic/threABC/exp/benchmark/c7552.blif; source /home/users/nianze/threslogic/threABC/exp/tcl/exp_blif.tcl".

[INFO] Make circuit combinational 
Error: The network is already combinational.
[INFO] Perform fraig 
[INFO] Synthesize threshold logic circuit by tech map 
Finished matching 12437 functions. Time =     2.66 sec
[1;37mbenchmarks/iscas85/c7552[0m : i/o =    207/    108  [1;36mand =    2158[0m  [1;35mlev =   29[0m [1;35m(9.93)[0m  mem = 0.03 MB
Mapping (K=7)  :  [1;33mlut =    950[0m  [1;32medge =    3013[0m  [1;31mlev =   10[0m [1;31m(4.27)[0m  mem = 0.03 MB
[INFO] Write out synthesized circuit as a blif file 
File compTH_1.blif is written.
Write out threshold network as blif file...
blif gen time  =     0.00 sec
[INFO] Collapse the synthesized circuit 
collapse time :  =     0.00 sec
[INFO] Write out collapsed circuit as a blif file 
File compTH_2.blif is written.
Write out threshold network as blif file...
blif gen time  =     0.00 sec
[INFO] Perform cec over two blif files 
elapse: 4.06 seconds, total: 4.06 seconds
Networks are equivalent.
elapse: 0.18 seconds, total: 4.25 seconds
