ABC command line: "r /home/users/nianze/threslogic/threABC/exp/benchmark/s35932.blif; source /home/users/nianze/threslogic/threABC/exp/tcl/exp_blif_i.tcl".

[INFO] Make circuit combinational 
[INFO] Perform fraig 
[INFO] Synthesize threshold logic circuit by tech map 
Finished matching 243 functions. Time =     0.03 sec
[1;37m../DATA/s35932.bench[0m : i/o =   1763/   2048  [1;36mand =    9628[0m  [1;35mlev =   13[0m [1;35m(2.61)[0m  mem = 0.17 MB
Mapping (K=6)  :  [1;33mlut =   5878[0m  [1;32medge =   15506[0m  [1;31mlev =    5[0m [1;31m(1.63)[0m  mem = 0.16 MB
[INFO] Write out synthesized circuit as a blif file 
File compTH_1.blif is written.
Write out threshold network as blif file...
blif gen time  =     0.01 sec
[INFO] Iteratively collapse the synthesized circuit 
collapse time :  =     0.12 sec
[INFO] Write out collapsed circuit as a blif file 
File compTH_2.blif is written.
Write out threshold network as blif file...
blif gen time  =     0.01 sec
[INFO] Perform cec over two blif files 
elapse: 1.95 seconds, total: 1.95 seconds
Networks are equivalent.
elapse: 0.73 seconds, total: 2.67 seconds
