ABC command line: "r /home/users/nianze/threslogic/threABC/exp/benchmark/s35932.blif; source /home/users/nianze/threslogic/threABC/exp/tcl/exp_aig.tcl".

[INFO] Make circuit combinational 
[INFO] Perform fraig 
[INFO] Synthesize threshold logic circuit by tech map 
Finished matching 243 functions. Time =     0.03 sec
[1;37m../DATA/s35932.bench[0m : i/o =   1763/   2048  [1;36mand =    9628[0m  [1;35mlev =   13[0m [1;35m(2.61)[0m  mem = 0.17 MB
Mapping (K=6)  :  [1;33mlut =   5878[0m  [1;32medge =   15506[0m  [1;31mlev =    5[0m [1;31m(1.63)[0m  mem = 0.16 MB
[INFO] Write out synthesized circuit as an AIG file 
  > Ntk2Mux : create pio ...
  > Ntk2Mux : create mux (dynamic = yes , ahead = no) ...
  > Ntk2Mux : connect Po ...
Current network is replaced
mux convert time  =     0.01 sec
[INFO] Collapse the synthesized circuit 
collapse time :  =     0.01 sec
[INFO] Write out collapsed circuit as an AIG file 
  > Ntk2Mux : create pio ...
  > Ntk2Mux : create mux (dynamic = yes , ahead = no) ...
  > Ntk2Mux : connect Po ...
Current network is replaced
mux convert time  =     0.01 sec
[INFO] Perform cec over two AIG files 
elapse: 1.89 seconds, total: 1.89 seconds
Networks are equivalent.
elapse: 0.55 seconds, total: 2.44 seconds
