WARNING! DIMACS header mismatch: wrong number of variables.
WARNING! DIMACS header mismatch: wrong number of clauses.
WARNING: for repeatability, setting FPU to use double precision
============================[ Problem Statistics ]=============================
|                                                                             |
|  Number of variables:         24790                                         |
|  Number of clauses:           59025                                         |
|  Parse time:                   0.01 s                                       |
|                                                                             |
============================[ Search Statistics ]==============================
| Conflicts |          ORIGINAL         |          LEARNT          | Progress |
|           |    Vars  Clauses Literals |    Limit  Clauses Lit/Cl |          |
===============================================================================
|       100 |   24789    57283   218713 |    21003      100      4 |  0.004 % |
|       250 |   24775    57265   218659 |    23104      227     27 |  0.061 % |
|       475 |   24767    57245   218599 |    25414      430     17 |  0.093 % |
|       812 |   24747    57199   218461 |    27956      705     12 |  0.173 % |
|      1318 |   24695    57101   218167 |    30751     1093     11 |  0.383 % |
|      2077 |   24655    57027   217945 |    33826     1765      9 |  0.545 % |
|      3216 |   24611    56937   217675 |    37209     2815     10 |  0.722 % |
|      4924 |   24546    56797   217255 |    40930     4360      9 |  0.984 % |
|      7486 |   24389    56503   216373 |    45023     6586      9 |  1.618 % |
|     11330 |   24309    56323   215833 |    49525     9986     10 |  1.940 % |
|     17096 |   24197    56107   215185 |    54478    15173     10 |  2.392 % |
|     25745 |   24087    55895   214549 |    59926    22986     11 |  2.836 % |
|     38719 |   23866    55439   213181 |    65918    33884     12 |  3.727 % |
|     58180 |   23543    54823   211333 |    72510    47956     19 |  5.030 % |
===============================================================================
restarts              : 220
conflicts             : 70362          (6355 /sec)
decisions             : 8546943        (0.00 % random) (771954 /sec)
propagations          : 53022668       (4788973 /sec)
conflict literals     : 1223484        (17.31 % deleted)
Memory used           : 18.00 MB
CPU time              : 11.0718 s

UNSATISFIABLE
