WARNING! DIMACS header mismatch: wrong number of variables.
WARNING! DIMACS header mismatch: wrong number of clauses.
WARNING: for repeatability, setting FPU to use double precision
============================[ Problem Statistics ]=============================
|                                                                             |
|  Number of variables:         24790                                         |
|  Number of clauses:           59649                                         |
|  Parse time:                   0.02 s                                       |
|                                                                             |
============================[ Search Statistics ]==============================
| Conflicts |          ORIGINAL         |          LEARNT          | Progress |
|           |    Vars  Clauses Literals |    Limit  Clauses Lit/Cl |          |
===============================================================================
|       100 |   24789    57907   222390 |    21232      100      4 |  0.004 % |
|       250 |   24776    57885   222324 |    23355      226     27 |  0.056 % |
|       475 |   24773    57875   222294 |    25691      430     17 |  0.069 % |
|       812 |   24769    57871   222282 |    28260      752     13 |  0.085 % |
|      1318 |   24724    57785   222024 |    31086     1164     10 |  0.266 % |
|      2077 |   24679    57687   221730 |    34195     1805     11 |  0.448 % |
|      3216 |   24606    57541   221292 |    37614     2738     10 |  0.742 % |
|      4924 |   24558    57457   221040 |    41376     4311      9 |  0.936 % |
|      7486 |   24508    57345   220704 |    45513     6746     11 |  1.138 % |
|     11330 |   24417    57175   220194 |    50065    10272     11 |  1.505 % |
|     17096 |   24271    56877   219300 |    55071    15423     12 |  2.094 % |
|     25745 |   24091    56523   218238 |    60578    22924     12 |  2.820 % |
|     38719 |   23860    56081   216912 |    66636    33887     16 |  3.752 % |
|     58180 |   23549    55427   214950 |    73300    48134     20 |  5.006 % |
===============================================================================
restarts              : 235
conflicts             : 74442          (7041 /sec)
decisions             : 8420043        (0.00 % random) (796429 /sec)
propagations          : 50777052       (4802865 /sec)
conflict literals     : 1367893        (17.08 % deleted)
Memory used           : 18.00 MB
CPU time              : 10.5722 s

UNSATISFIABLE
