ABC command line: "r /home/users/nianze/threslogic/threABC/exp/benchmark/s38417.blif; source /home/users/nianze/threslogic/threABC/exp/tcl/exp_blif_i.tcl".

[INFO] Make circuit combinational 
[INFO] Perform fraig 
[INFO] Synthesize threshold logic circuit by tech map 
Finished matching 6953 functions. Time =     0.98 sec
[1;37m../DATA/s38417.bench[0m : i/o =   1664/   1742  [1;36mand =   11318[0m  [1;35mlev =   26[0m [1;35m(6.71)[0m  mem = 0.18 MB
Mapping (K=8)  :  [1;33mlut =   4857[0m  [1;32medge =   16143[0m  [1;31mlev =    8[0m [1;31m(3.36)[0m  mem = 0.15 MB
[INFO] Write out synthesized circuit as a blif file 
File compTH_1.blif is written.
Write out threshold network as blif file...
blif gen time  =     0.01 sec
[INFO] Iteratively collapse the synthesized circuit 
collapse time :  =     0.21 sec
[INFO] Write out collapsed circuit as a blif file 
File compTH_2.blif is written.
Write out threshold network as blif file...
blif gen time  =     0.01 sec
[INFO] Perform cec over two blif files 
elapse: 4.70 seconds, total: 4.70 seconds
Networks are equivalent.
elapse: 0.45 seconds, total: 5.15 seconds
