ABC command line: "r /home/users/nianze/threslogic/threABC/exp/benchmark/s38584.blif; source /home/users/nianze/threslogic/threABC/exp/tcl/exp_blif_i.tcl".

[INFO] Make circuit combinational 
[INFO] Perform fraig 
[INFO] Synthesize threshold logic circuit by tech map 
Finished matching 7877 functions. Time =     1.35 sec
[1;37m../DATA/s38584.bench[0m : i/o =   1464/   1730  [1;36mand =   13792[0m  [1;35mlev =   29[0m [1;35m(7.07)[0m  mem = 0.21 MB
Mapping (K=8)  :  [1;33mlut =   4391[0m  [1;32medge =   18167[0m  [1;31mlev =    8[0m [1;31m(3.39)[0m  mem = 0.17 MB
[INFO] Write out synthesized circuit as a blif file 
File compTH_1.blif is written.
Write out threshold network as blif file...
blif gen time  =     0.01 sec
[INFO] Iteratively collapse the synthesized circuit 
collapse time :  =     0.16 sec
[INFO] Write out collapsed circuit as a blif file 
File compTH_2.blif is written.
Write out threshold network as blif file...
blif gen time  =     0.01 sec
[INFO] Perform cec over two blif files 
elapse: 5.36 seconds, total: 5.36 seconds
Networks are equivalent.
elapse: 0.62 seconds, total: 5.98 seconds
