c Parsing PB file...
c Converting 673 PB-constraints to clauses...
c   -- Unit propagations: (none)
c   -- Detecting intervals from adjacent constraints: ################################################################
c   -- Clauses(.)/Splits(s): .................................................................................................................................................................
c ---[ 671]---> BDD-cost:    1
c ---[ 669]---> BDD-cost:    1
c ---[ 667]---> BDD-cost:    1
c ---[ 665]---> BDD-cost:    1
c ---[ 663]---> BDD-cost:    1
c ---[ 661]---> BDD-cost:    1
c ---[ 659]---> BDD-cost:    1
c ---[ 657]---> BDD-cost:    1
c ---[ 655]---> BDD-cost:    1
c ---[ 653]---> BDD-cost:    1
c ---[ 651]---> BDD-cost:    1
c ---[ 649]---> BDD-cost:    1
c ---[ 647]---> BDD-cost:    1
c ---[ 645]---> BDD-cost:    1
c ---[ 643]---> BDD-cost:    1
c ---[ 641]---> BDD-cost:    1
c ---[ 639]---> BDD-cost:    1
c ---[ 637]---> BDD-cost:    1
c ---[ 635]---> BDD-cost:    1
c ---[ 633]---> BDD-cost:    1
c ---[ 631]---> BDD-cost:    1
c ---[ 629]---> BDD-cost:    1
c ---[ 627]---> BDD-cost:    1
c ---[ 625]---> BDD-cost:    1
c ---[ 623]---> BDD-cost:    1
c ---[ 621]---> BDD-cost:    1
c ---[ 619]---> BDD-cost:    1
c ---[ 617]---> BDD-cost:    1
c ---[ 615]---> BDD-cost:    1
c ---[ 613]---> BDD-cost:    1
c ---[ 611]---> BDD-cost:    1
c ---[ 609]---> BDD-cost:    1
c ---[ 608]---> Adder-cost: 230   maxlim: 2296   bits: 13/12
c ---[ 607]---> Adder-cost: 161   maxlim: 1805   bits: 12/11
c ---[ 606]---> Adder-cost: 200   maxlim: 634   bits: 11/10
c ---[ 605]---> Adder-cost: 118   maxlim: 2717   bits: 13/12
c ---[ 604]---> Adder-cost: 224   maxlim: 2109   bits: 13/12
c ---[ 603]---> Adder-cost: 137   maxlim: 1544   bits: 12/11
c ---[ 602]---> Adder-cost: 244   maxlim: 2134   bits: 13/12
c ---[ 601]---> Adder-cost: 165   maxlim: 1835   bits: 12/11
c ---[ 600]---> Adder-cost: 251   maxlim: 2292   bits: 13/12
c ---[ 599]---> Adder-cost: 152   maxlim: 2327   bits: 13/12
c ---[ 598]---> Adder-cost: 236   maxlim: 1710   bits: 12/11
c ---[ 597]---> Adder-cost: 149   maxlim: 1647   bits: 12/11
c ---[ 596]---> Adder-cost: 252   maxlim: 2102   bits: 13/12
c ---[ 595]---> Adder-cost: 144   maxlim: 1696   bits: 12/11
c ---[ 594]---> Adder-cost: 231   maxlim: 1933   bits: 12/11
c ---[ 593]---> Adder-cost: 127   maxlim: 1482   bits: 12/11
c ---[ 592]---> Sorter-cost: 2460     Base: 2 3 2 2 2 2 2
c ---[ 591]---> Sorter-cost: 1738     Base: 2 3 2 2 2 2 2
c ---[ 590]---> Adder-cost: 250   maxlim: 2608   bits: 13/12
c ---[ 589]---> Adder-cost: 153   maxlim: 1491   bits: 12/11
c ---[ 588]---> Adder-cost: 245   maxlim: 2214   bits: 13/12
c ---[ 587]---> Adder-cost: 145   maxlim: 1383   bits: 12/11
c ---[ 586]---> Adder-cost: 257   maxlim: 2182   bits: 13/12
c ---[ 585]---> Adder-cost: 163   maxlim: 1523   bits: 12/11
c ---[ 584]---> Adder-cost: 231   maxlim: 1427   bits: 12/11
c ---[ 583]---> Adder-cost: 122   maxlim: 2437   bits: 13/12
c ---[ 582]---> Adder-cost: 262   maxlim: 2142   bits: 13/12
c ---[ 581]---> Adder-cost: 181   maxlim: 1951   bits: 12/11
c ---[ 580]---> Adder-cost: 252   maxlim: 2280   bits: 13/12
c ---[ 579]---> Adder-cost: 150   maxlim: 1734   bits: 12/11
c ---[ 578]---> Adder-cost: 255   maxlim: 2005   bits: 12/11
c ---[ 577]---> Adder-cost: 164   maxlim: 2424   bits: 13/12
c ---[ 576]---> Adder-cost: 236   maxlim: 2892   bits: 13/12
c ---[ 575]---> Adder-cost: 157   maxlim: 1585   bits: 12/11
c ---[ 574]---> Adder-cost: 235   maxlim: 1982   bits: 12/11
c ---[ 573]---> Adder-cost: 129   maxlim: 2226   bits: 13/12
c ---[ 572]---> Adder-cost: 245   maxlim: 1927   bits: 12/11
c ---[ 571]---> Adder-cost: 139   maxlim: 1969   bits: 12/11
c ---[ 570]---> Adder-cost: 245   maxlim: 1536   bits: 12/11
c ---[ 569]---> Adder-cost: 166   maxlim: 2387   bits: 13/12
c ---[ 568]---> Adder-cost: 218   maxlim: 1745   bits: 12/11
c ---[ 567]---> Adder-cost: 132   maxlim: 2118   bits: 13/12
c ---[ 566]---> Adder-cost: 242   maxlim: 1716   bits: 12/11
c ---[ 565]---> Adder-cost: 158   maxlim: 2685   bits: 13/12
c ---[ 564]---> Adder-cost: 233   maxlim: 2498   bits: 13/12
c ---[ 563]---> Adder-cost: 119   maxlim: 1219   bits: 12/11
c ---[ 562]---> Adder-cost: 241   maxlim: 2312   bits: 13/12
c ---[ 561]---> Adder-cost: 125   maxlim: 1607   bits: 12/11
c ---[ 560]---> Adder-cost: 245   maxlim: 3519   bits: 13/12
c ---[ 559]---> Adder-cost: 134   maxlim: 928   bits: 11/10
c ---[ 558]---> Adder-cost: 266   maxlim: 2207   bits: 13/12
c ---[ 557]---> Adder-cost: 168   maxlim: 2278   bits: 13/12
c ---[ 556]---> Adder-cost: 233   maxlim: 3142   bits: 13/12
c ---[ 555]---> Adder-cost: 136   maxlim: 932   bits: 11/10
c ---[ 554]---> Adder-cost: 234   maxlim: 894   bits: 11/10
c ---[ 553]---> Adder-cost: 137   maxlim: 2408   bits: 13/12
c ---[ 552]---> Adder-cost: 235   maxlim: 1976   bits: 12/11
c ---[ 551]---> Sorter-cost: 2504     Base: 2 2 2 2 2 3 2 13
c ---[ 550]---> Adder-cost: 224   maxlim: 1482   bits: 12/11
c ---[ 549]---> Adder-cost: 140   maxlim: 2307   bits: 13/12
c ---[ 548]---> Adder-cost: 269   maxlim: 2202   bits: 13/12
c ---[ 547]---> Adder-cost: 186   maxlim: 2411   bits: 13/12
c ---[ 546]---> Adder-cost: 233   maxlim: 2116   bits: 13/12
c ---[ 545]---> Adder-cost: 152   maxlim: 2149   bits: 13/12
c ---[ 544]---> Adder-cost: 246   maxlim: 2134   bits: 13/12
c ---[ 543]---> Adder-cost: 165   maxlim: 1835   bits: 12/11
c ---[ 542]---> Adder-cost: 252   maxlim: 2292   bits: 13/12
c ---[ 541]---> Adder-cost: 152   maxlim: 2327   bits: 13/12
c ---[ 540]---> Adder-cost: 236   maxlim: 1710   bits: 12/11
c ---[ 539]---> Adder-cost: 149   maxlim: 1647   bits: 12/11
c ---[ 538]---> Adder-cost: 252   maxlim: 2102   bits: 13/12
c ---[ 537]---> Adder-cost: 144   maxlim: 1696   bits: 12/11
c ---[ 536]---> Adder-cost: 231   maxlim: 1933   bits: 12/11
c ---[ 535]---> Adder-cost: 127   maxlim: 1482   bits: 12/11
c ---[ 534]---> Sorter-cost: 2460     Base: 2 3 2 2 2 2 2
c ---[ 533]---> Sorter-cost: 1738     Base: 2 3 2 2 2 2 2
c ---[ 532]---> Adder-cost: 250   maxlim: 2608   bits: 13/12
c ---[ 531]---> Adder-cost: 153   maxlim: 1491   bits: 12/11
c ---[ 530]---> Adder-cost: 246   maxlim: 2214   bits: 13/12
c ---[ 529]---> Adder-cost: 145   maxlim: 1383   bits: 12/11
c ---[ 528]---> Adder-cost: 257   maxlim: 2182   bits: 13/12
c ---[ 527]---> Adder-cost: 163   maxlim: 1523   bits: 12/11
c ---[ 526]---> Adder-cost: 231   maxlim: 1427   bits: 12/11
c ---[ 525]---> Adder-cost: 122   maxlim: 2437   bits: 13/12
c ---[ 524]---> Adder-cost: 264   maxlim: 2142   bits: 13/12
c ---[ 523]---> Adder-cost: 181   maxlim: 1951   bits: 12/11
c ---[ 522]---> Adder-cost: 254   maxlim: 2280   bits: 13/12
c ---[ 521]---> Adder-cost: 150   maxlim: 1734   bits: 12/11
c ---[ 520]---> Adder-cost: 258   maxlim: 2005   bits: 12/11
c ---[ 519]---> Adder-cost: 164   maxlim: 2424   bits: 13/12
c ---[ 518]---> Adder-cost: 236   maxlim: 2892   bits: 13/12
c ---[ 517]---> Adder-cost: 157   maxlim: 1585   bits: 12/11
c ---[ 516]---> Adder-cost: 237   maxlim: 1982   bits: 12/11
c ---[ 515]---> Adder-cost: 129   maxlim: 2226   bits: 13/12
c ---[ 514]---> Adder-cost: 245   maxlim: 1927   bits: 12/11
c ---[ 513]---> Adder-cost: 139   maxlim: 1969   bits: 12/11
c ---[ 512]---> Adder-cost: 246   maxlim: 1536   bits: 12/11
c ---[ 511]---> Adder-cost: 166   maxlim: 2387   bits: 13/12
c ---[ 510]---> Adder-cost: 221   maxlim: 1745   bits: 12/11
c ---[ 509]---> Adder-cost: 132   maxlim: 2118   bits: 13/12
c ---[ 508]---> Adder-cost: 242   maxlim: 1716   bits: 12/11
c ---[ 507]---> Adder-cost: 158   maxlim: 2685   bits: 13/12
c ---[ 506]---> Adder-cost: 233   maxlim: 2498   bits: 13/12
c ---[ 505]---> Adder-cost: 119   maxlim: 1219   bits: 12/11
c ---[ 504]---> Adder-cost: 241   maxlim: 2312   bits: 13/12
c ---[ 503]---> Adder-cost: 125   maxlim: 1607   bits: 12/11
c ---[ 502]---> Adder-cost: 245   maxlim: 3519   bits: 13/12
c ---[ 501]---> Adder-cost: 134   maxlim: 928   bits: 11/10
c ---[ 500]---> Adder-cost: 268   maxlim: 2207   bits: 13/12
c ---[ 499]---> Adder-cost: 168   maxlim: 2278   bits: 13/12
c ---[ 498]---> Adder-cost: 233   maxlim: 3142   bits: 13/12
c ---[ 497]---> Adder-cost: 136   maxlim: 932   bits: 11/10
c ---[ 496]---> Adder-cost: 234   maxlim: 894   bits: 11/10
c ---[ 495]---> Adder-cost: 137   maxlim: 2408   bits: 13/12
c ---[ 494]---> Adder-cost: 235   maxlim: 1976   bits: 12/11
c ---[ 493]---> Sorter-cost: 2504     Base: 2 2 2 2 2 3 2 13
c ---[ 492]---> Adder-cost: 224   maxlim: 1482   bits: 12/11
c ---[ 491]---> Adder-cost: 140   maxlim: 2307   bits: 13/12
c ---[ 490]---> Adder-cost: 269   maxlim: 2202   bits: 13/12
c ---[ 489]---> Adder-cost: 186   maxlim: 2411   bits: 13/12
c ---[ 488]---> Adder-cost: 233   maxlim: 2116   bits: 13/12
c ---[ 487]---> Adder-cost: 152   maxlim: 2149   bits: 13/12
c ---[ 486]---> Adder-cost: 207   maxlim: 1752   bits: 12/11
c ---[ 485]---> Adder-cost: 130   maxlim: 1404   bits: 12/11
c ---[ 484]---> Adder-cost: 206   maxlim: 2275   bits: 13/12
c ---[ 483]---> Adder-cost: 122   maxlim: 2029   bits: 12/11
c ---[ 482]---> Adder-cost: 224   maxlim: 2017   bits: 12/11
c ---[ 481]---> Adder-cost: 131   maxlim: 1856   bits: 12/11
c ---[ 480]---> Adder-cost: 254   maxlim: 2102   bits: 13/12
c ---[ 479]---> Adder-cost: 144   maxlim: 1696   bits: 12/11
c ---[ 478]---> Adder-cost: 233   maxlim: 1933   bits: 12/11
c ---[ 477]---> Adder-cost: 127   maxlim: 1482   bits: 12/11
c ---[ 476]---> Sorter-cost: 2460     Base: 2 3 2 2 2 2 2
c ---[ 475]---> Sorter-cost: 1738     Base: 2 3 2 2 2 2 2
c ---[ 474]---> Adder-cost: 250   maxlim: 2608   bits: 13/12
c ---[ 473]---> Adder-cost: 153   maxlim: 1491   bits: 12/11
c ---[ 472]---> Adder-cost: 246   maxlim: 2214   bits: 13/12
c ---[ 471]---> Adder-cost: 145   maxlim: 1383   bits: 12/11
c ---[ 470]---> Adder-cost: 257   maxlim: 2182   bits: 13/12
c ---[ 469]---> Adder-cost: 163   maxlim: 1523   bits: 12/11
c ---[ 468]---> Adder-cost: 233   maxlim: 1427   bits: 12/11
c ---[ 467]---> Adder-cost: 122   maxlim: 2437   bits: 13/12
c ---[ 466]---> Adder-cost: 264   maxlim: 2142   bits: 13/12
c ---[ 465]---> Adder-cost: 181   maxlim: 1951   bits: 12/11
c ---[ 464]---> Adder-cost: 257   maxlim: 2280   bits: 13/12
c ---[ 463]---> Adder-cost: 150   maxlim: 1734   bits: 12/11
c ---[ 462]---> Adder-cost: 258   maxlim: 2005   bits: 12/11
c ---[ 461]---> Adder-cost: 164   maxlim: 2424   bits: 13/12
c ---[ 460]---> Adder-cost: 236   maxlim: 2892   bits: 13/12
c ---[ 459]---> Adder-cost: 157   maxlim: 1585   bits: 12/11
c ---[ 458]---> Adder-cost: 241   maxlim: 1982   bits: 12/11
c ---[ 457]---> Adder-cost: 129   maxlim: 2226   bits: 13/12
c ---[ 456]---> Adder-cost: 246   maxlim: 1927   bits: 12/11
c ---[ 455]---> Adder-cost: 139   maxlim: 1969   bits: 12/11
c ---[ 454]---> Adder-cost: 249   maxlim: 1536   bits: 12/11
c ---[ 453]---> Adder-cost: 166   maxlim: 2387   bits: 13/12
c ---[ 452]---> Adder-cost: 224   maxlim: 1745   bits: 12/11
c ---[ 451]---> Adder-cost: 132   maxlim: 2118   bits: 13/12
c ---[ 450]---> Adder-cost: 244   maxlim: 1716   bits: 12/11
c ---[ 449]---> Adder-cost: 158   maxlim: 2685   bits: 13/12
c ---[ 448]---> Adder-cost: 234   maxlim: 2498   bits: 13/12
c ---[ 447]---> Adder-cost: 119   maxlim: 1219   bits: 12/11
c ---[ 446]---> Adder-cost: 241   maxlim: 2312   bits: 13/12
c ---[ 445]---> Adder-cost: 125   maxlim: 1607   bits: 12/11
c ---[ 444]---> Adder-cost: 245   maxlim: 3519   bits: 13/12
c ---[ 443]---> Adder-cost: 134   maxlim: 928   bits: 11/10
c ---[ 442]---> Adder-cost: 268   maxlim: 2207   bits: 13/12
c ---[ 441]---> Adder-cost: 168   maxlim: 2278   bits: 13/12
c ---[ 440]---> Adder-cost: 233   maxlim: 3142   bits: 13/12
c ---[ 439]---> Adder-cost: 136   maxlim: 932   bits: 11/10
c ---[ 438]---> Adder-cost: 237   maxlim: 894   bits: 11/10
c ---[ 437]---> Adder-cost: 137   maxlim: 2408   bits: 13/12
c ---[ 436]---> Adder-cost: 235   maxlim: 1976   bits: 12/11
c ---[ 435]---> Sorter-cost: 2504     Base: 2 2 2 2 2 3 2 13
c ---[ 434]---> Adder-cost: 224   maxlim: 1482   bits: 12/11
c ---[ 433]---> Adder-cost: 140   maxlim: 2307   bits: 13/12
c ---[ 432]---> Adder-cost: 269   maxlim: 2202   bits: 13/12
c ---[ 431]---> Adder-cost: 186   maxlim: 2411   bits: 13/12
c ---[ 430]---> Adder-cost: 233   maxlim: 2116   bits: 13/12
c ---[ 429]---> Adder-cost: 152   maxlim: 2149   bits: 13/12
c ---[ 428]---> Adder-cost: 207   maxlim: 1752   bits: 12/11
c ---[ 427]---> Adder-cost: 130   maxlim: 1404   bits: 12/11
c ---[ 426]---> Adder-cost: 206   maxlim: 2275   bits: 13/12
c ---[ 425]---> Adder-cost: 122   maxlim: 2029   bits: 12/11
c ---[ 424]---> Adder-cost: 224   maxlim: 2017   bits: 12/11
c ---[ 423]---> Adder-cost: 131   maxlim: 1856   bits: 12/11
c ---[ 422]---> Adder-cost: 225   maxlim: 1510   bits: 12/11
c ---[ 421]---> Adder-cost: 141   maxlim: 2350   bits: 13/12
c ---[ 420]---> Adder-cost: 224   maxlim: 1506   bits: 12/11
c ---[ 419]---> Adder-cost: 134   maxlim: 2629   bits: 13/12
c ---[ 418]---> Adder-cost: 237   maxlim: 2176   bits: 13/12
c ---[ 417]---> Adder-cost: 137   maxlim: 2082   bits: 13/12
c ---[ 415]---> BDD-cost:    1
c ---[ 413]---> BDD-cost:    1
c ---[ 411]---> BDD-cost:    1
c ---[ 409]---> BDD-cost:    1
c ---[ 407]---> BDD-cost:    1
c ---[ 405]---> BDD-cost:    1
c ---[ 403]---> BDD-cost:    1
c ---[ 401]---> BDD-cost:    1
c ---[ 399]---> BDD-cost:    1
c ---[ 397]---> BDD-cost:    1
c ---[ 395]---> BDD-cost:    1
c ---[ 393]---> BDD-cost:    1
c ---[ 391]---> BDD-cost:    1
c ---[ 389]---> BDD-cost:    1
c ---[ 387]---> BDD-cost:    1
c ---[ 385]---> BDD-cost:    1
c ---[ 383]---> BDD-cost:    1
c ---[ 381]---> BDD-cost:    1
c ---[ 379]---> BDD-cost:    1
c ---[ 377]---> BDD-cost:    1
c ---[ 375]---> BDD-cost:    1
c ---[ 373]---> BDD-cost:    1
c ---[ 371]---> BDD-cost:    1
c ---[ 369]---> BDD-cost:    1
c ---[ 367]---> BDD-cost:    1
c ---[ 365]---> BDD-cost:    1
c ---[ 363]---> BDD-cost:    1
c ---[ 361]---> BDD-cost:    1
c ---[ 359]---> BDD-cost:    1
c ---[ 357]---> BDD-cost:    1
c ---[ 355]---> BDD-cost:    1
c ---[ 353]---> BDD-cost:    1
c ---[ 352]---> Adder-cost: 81   maxlim: 135   bits: 9/8
c ---[ 351]---> Sorter-cost: 1359     Base: 2 2 3
c ---[ 350]---> Sorter-cost: 1036     Base: 2 3
c ---[ 349]---> Sorter-cost:  831     Base: 3 2 13
c ---[ 348]---> Sorter-cost: 1016     Base: 2 2 3
c ---[ 347]---> Sorter-cost:  764     Base: 2 2 3
c ---[ 346]---> Sorter-cost: 1218     Base: 2 2 3
c ---[ 345]---> Sorter-cost:  841     Base: 2 2 3
c ---[ 344]---> Sorter-cost: 1347     Base: 3 3 5
c ---[ 343]---> Sorter-cost:  971     Base: 3 3 5
c ---[ 342]---> Adder-cost: 98   maxlim: 99   bits: 8/7
c ---[ 341]---> Adder-cost: 83   maxlim: 94   bits: 8/7
c ---[ 340]---> Sorter-cost: 1327     Base: 2 2 3
c ---[ 339]---> Sorter-cost:  972     Base: 2 2 3
c ---[ 338]---> Adder-cost: 91   maxlim: 113   bits: 8/7
c ---[ 337]---> Adder-cost: 49   maxlim: 82   bits: 8/7
c ---[ 336]---> Sorter-cost: 1079     Base: 2 3 2
c ---[ 335]---> Sorter-cost:  726     Base: 2 3 2
c ---[ 334]---> Sorter-cost: 1161     Base: 3 3 17
c ---[ 333]---> Sorter-cost:  906     Base: 3 3
c ---[ 332]---> Adder-cost: 116   maxlim: 131   bits: 9/8
c ---[ 331]---> Sorter-cost: 1394     Base: 3 3
c ---[ 330]---> Adder-cost: 114   maxlim: 126   bits: 8/7
c ---[ 329]---> Adder-cost: 69   maxlim: 89   bits: 8/7
c ---[ 328]---> Sorter-cost: 1028     Base: 2 3 2
c ---[ 327]---> Sorter-cost:  946     Base: 2 3 11
c ---[ 326]---> Adder-cost: 98   maxlim: 122   bits: 8/7
c ---[ 325]---> Sorter-cost: 1186     Base: 3 2 2
c ---[ 324]---> Sorter-cost: 1185     Base: 2 2 2 17
c ---[ 323]---> Sorter-cost: 1151     Base: 2 2 3
c ---[ 322]---> Sorter-cost: 1299     Base: 3 3 13
c ---[ 321]---> Sorter-cost:  756     Base: 3 3 5
c ---[ 320]---> Sorter-cost: 1307     Base: 3 3 17
c ---[ 319]---> Sorter-cost: 1091     Base: 3 3
c ---[ 318]---> Adder-cost: 97   maxlim: 118   bits: 8/7
c ---[ 317]---> Adder-cost: 58   maxlim: 129   bits: 9/8
c ---[ 316]---> Adder-cost: 93   maxlim: 112   bits: 8/7
c ---[ 315]---> Adder-cost: 71   maxlim: 115   bits: 8/7
c ---[ 314]---> Adder-cost: 87   maxlim: 87   bits: 8/7
c ---[ 313]---> Sorter-cost: 1081     Base: 2 2 2 17
c ---[ 312]---> Adder-cost: 106   maxlim: 105   bits: 8/7
c ---[ 311]---> Sorter-cost: 1296     Base: 2 2 3
c ---[ 310]---> Sorter-cost: 1265     Base: 2 2 3
c ---[ 309]---> Sorter-cost:  971     Base: 2 3 2 13
c ---[ 308]---> Sorter-cost: 1086     Base: 2 2 2 17
c ---[ 307]---> Sorter-cost:  815     Base: 2 2 2
c ---[ 306]---> Sorter-cost: 1135     Base: 2 3 11
c ---[ 305]---> Sorter-cost:  828     Base: 2 3 2
c ---[ 304]---> Sorter-cost: 1222     Base: 2 5 7
c ---[ 303]---> Sorter-cost:  758     Base: 2 5
c ---[ 302]---> Sorter-cost: 1429     Base: 2 3 2
c ---[ 301]---> Sorter-cost: 1033     Base: 2 3 2
c ---[ 300]---> Sorter-cost: 1022     Base: 2 2 2 11
c ---[ 299]---> Sorter-cost:  825     Base: 2 2 2
c ---[ 298]---> Sorter-cost:  954     Base: 3 3
c ---[ 297]---> Sorter-cost:  648     Base: 3 3 5
c ---[ 296]---> Sorter-cost: 1042     Base: 2 3 2
c ---[ 295]---> Sorter-cost:  716     Base: 2 3 2 11
c ---[ 294]---> Sorter-cost: 1030     Base: 2 3 2
c ---[ 293]---> Sorter-cost:  865     Base: 3 2 2 11
c ---[ 292]---> Adder-cost: 121   maxlim: 128   bits: 9/8
c ---[ 291]---> Adder-cost: 70   maxlim: 143   bits: 9/8
c ---[ 290]---> Sorter-cost: 1265     Base: 3 3 7
c ---[ 289]---> Sorter-cost:  897     Base: 3 3 7
c ---[ 288]---> Sorter-cost: 1230     Base: 2 2 3
c ---[ 287]---> Sorter-cost:  841     Base: 2 2 3
c ---[ 286]---> Sorter-cost: 1353     Base: 3 3 5
c ---[ 285]---> Sorter-cost:  971     Base: 3 3 5
c ---[ 284]---> Adder-cost: 115   maxlim: 99   bits: 8/7
c ---[ 283]---> Adder-cost: 83   maxlim: 94   bits: 8/7
c ---[ 282]---> Sorter-cost: 1333     Base: 2 2 3
c ---[ 281]---> Sorter-cost:  972     Base: 2 2 3
c ---[ 280]---> Adder-cost: 101   maxlim: 113   bits: 8/7
c ---[ 279]---> Adder-cost: 49   maxlim: 82   bits: 8/7
c ---[ 278]---> Sorter-cost: 1099     Base: 2 3 2
c ---[ 277]---> Sorter-cost:  726     Base: 2 3 2
c ---[ 276]---> Sorter-cost: 1163     Base: 3 3 17
c ---[ 275]---> Sorter-cost:  906     Base: 3 3
c ---[ 274]---> Adder-cost: 130   maxlim: 131   bits: 9/8
c ---[ 273]---> Sorter-cost: 1398     Base: 3 3
c ---[ 272]---> Adder-cost: 127   maxlim: 126   bits: 8/7
c ---[ 271]---> Adder-cost: 69   maxlim: 89   bits: 8/7
c ---[ 270]---> Sorter-cost: 1028     Base: 2 3 2
c ---[ 269]---> Sorter-cost:  946     Base: 2 3 11
c ---[ 268]---> Adder-cost: 127   maxlim: 122   bits: 8/7
c ---[ 267]---> Sorter-cost: 1190     Base: 3 2 2
c ---[ 266]---> Sorter-cost: 1189     Base: 2 2 2 17
c ---[ 265]---> Sorter-cost: 1151     Base: 2 2 3
c ---[ 264]---> Sorter-cost: 1303     Base: 3 3 13
c ---[ 263]---> Sorter-cost:  756     Base: 3 3 5
c ---[ 262]---> Sorter-cost: 1315     Base: 3 3 17
c ---[ 261]---> Sorter-cost: 1091     Base: 3 3
c ---[ 260]---> Adder-cost: 108   maxlim: 118   bits: 8/7
c ---[ 259]---> Adder-cost: 58   maxlim: 129   bits: 9/8
c ---[ 258]---> Adder-cost: 125   maxlim: 112   bits: 8/7
c ---[ 257]---> Adder-cost: 71   maxlim: 115   bits: 8/7
c ---[ 256]---> Adder-cost: 109   maxlim: 87   bits: 8/7
c ---[ 255]---> Sorter-cost: 1081     Base: 2 2 2 17
c ---[ 254]---> Adder-cost: 123   maxlim: 105   bits: 8/7
c ---[ 253]---> Sorter-cost: 1298     Base: 2 2 3
c ---[ 252]---> Sorter-cost: 1271     Base: 2 2 3
c ---[ 251]---> Sorter-cost:  971     Base: 2 3 2 13
c ---[ 250]---> Sorter-cost: 1092     Base: 2 2 2 17
c ---[ 249]---> Sorter-cost:  815     Base: 2 2 2
c ---[ 248]---> Sorter-cost: 1137     Base: 2 3 11
c ---[ 247]---> Sorter-cost:  828     Base: 2 3 2
c ---[ 246]---> Sorter-cost: 1226     Base: 2 5 7
c ---[ 245]---> Sorter-cost:  758     Base: 2 5
c ---[ 244]---> Sorter-cost: 1435     Base: 2 3 2
c ---[ 243]---> Sorter-cost: 1033     Base: 2 3 2
c ---[ 242]---> Sorter-cost: 1028     Base: 2 2 2 11
c ---[ 241]---> Sorter-cost:  825     Base: 2 2 2
c ---[ 240]---> Sorter-cost:  964     Base: 3 3
c ---[ 239]---> Sorter-cost:  648     Base: 3 3 5
c ---[ 238]---> Sorter-cost: 1060     Base: 2 3 2
c ---[ 237]---> Sorter-cost:  716     Base: 2 3 2 11
c ---[ 236]---> Sorter-cost: 1032     Base: 2 3 2
c ---[ 235]---> Sorter-cost:  865     Base: 3 2 2 11
c ---[ 234]---> Adder-cost: 138   maxlim: 128   bits: 9/8
c ---[ 233]---> Adder-cost: 72   maxlim: 143   bits: 9/8
c ---[ 232]---> Sorter-cost: 1271     Base: 3 3 7
c ---[ 231]---> Sorter-cost:  897     Base: 3 3 7
c ---[ 230]---> Sorter-cost: 1130     Base: 2 2 2
c ---[ 229]---> Sorter-cost:  800     Base: 2 2 2
c ---[ 228]---> Sorter-cost: 1063     Base: 2 2 3
c ---[ 227]---> Sorter-cost:  747     Base: 2 2 3
c ---[ 226]---> Adder-cost: 111   maxlim: 117   bits: 8/7
c ---[ 225]---> Adder-cost: 65   maxlim: 110   bits: 8/7
c ---[ 224]---> Sorter-cost: 1339     Base: 2 2 3
c ---[ 223]---> Sorter-cost:  972     Base: 2 2 3
c ---[ 222]---> Adder-cost: 101   maxlim: 113   bits: 8/7
c ---[ 221]---> Adder-cost: 49   maxlim: 82   bits: 8/7
c ---[ 220]---> Sorter-cost: 1107     Base: 2 3 2
c ---[ 219]---> Sorter-cost:  726     Base: 2 3 2
c ---[ 218]---> Sorter-cost: 1163     Base: 3 3 17
c ---[ 217]---> Sorter-cost:  906     Base: 3 3
c ---[ 216]---> Adder-cost: 130   maxlim: 131   bits: 9/8
c ---[ 215]---> Sorter-cost: 1402     Base: 3 3
c ---[ 214]---> Adder-cost: 127   maxlim: 126   bits: 8/7
c ---[ 213]---> Adder-cost: 69   maxlim: 89   bits: 8/7
c ---[ 212]---> Sorter-cost: 1028     Base: 2 3 2
c ---[ 211]---> Sorter-cost:  946     Base: 2 3 11
c ---[ 210]---> Adder-cost: 127   maxlim: 122   bits: 8/7
c ---[ 209]---> Sorter-cost: 1194     Base: 3 2 2
c ---[ 208]---> Sorter-cost: 1189     Base: 2 2 2 17
c ---[ 207]---> Sorter-cost: 1151     Base: 2 2 3
c ---[ 206]---> Sorter-cost: 1305     Base: 3 3 13
c ---[ 205]---> Sorter-cost:  756     Base: 3 3 5
c ---[ 204]---> Sorter-cost: 1315     Base: 3 3 17
c ---[ 203]---> Sorter-cost: 1091     Base: 3 3
c ---[ 202]---> Adder-cost: 108   maxlim: 118   bits: 8/7
c ---[ 201]---> Adder-cost: 58   maxlim: 129   bits: 9/8
c ---[ 200]---> Adder-cost: 125   maxlim: 112   bits: 8/7
c ---[ 199]---> Adder-cost: 71   maxlim: 115   bits: 8/7
c ---[ 198]---> Adder-cost: 109   maxlim: 87   bits: 8/7
c ---[ 197]---> Sorter-cost: 1083     Base: 2 2 2 17
c ---[ 196]---> Adder-cost: 123   maxlim: 105   bits: 8/7
c ---[ 195]---> Sorter-cost: 1300     Base: 2 2 3
c ---[ 194]---> Sorter-cost: 1273     Base: 2 2 3
c ---[ 193]---> Sorter-cost:  971     Base: 2 3 2 13
c ---[ 192]---> Sorter-cost: 1098     Base: 2 2 2 17
c ---[ 191]---> Sorter-cost:  815     Base: 2 2 2
c ---[ 190]---> Sorter-cost: 1141     Base: 2 3 11
c ---[ 189]---> Sorter-cost:  828     Base: 2 3 2
c ---[ 188]---> Sorter-cost: 1226     Base: 2 5 7
c ---[ 187]---> Sorter-cost:  758     Base: 2 5
c ---[ 186]---> Sorter-cost: 1435     Base: 2 3 2
c ---[ 185]---> Sorter-cost: 1033     Base: 2 3 2
c ---[ 184]---> Sorter-cost: 1028     Base: 2 2 2 11
c ---[ 183]---> Sorter-cost:  825     Base: 2 2 2
c ---[ 182]---> Sorter-cost:  966     Base: 3 3
c ---[ 181]---> Sorter-cost:  648     Base: 3 3 5
c ---[ 180]---> Sorter-cost: 1060     Base: 2 3 2
c ---[ 179]---> Sorter-cost:  716     Base: 2 3 2 11
c ---[ 178]---> Sorter-cost: 1036     Base: 2 3 2
c ---[ 177]---> Sorter-cost:  865     Base: 3 2 2 11
c ---[ 176]---> Adder-cost: 138   maxlim: 128   bits: 9/8
c ---[ 175]---> Adder-cost: 72   maxlim: 143   bits: 9/8
c ---[ 174]---> Sorter-cost: 1271     Base: 3 3 7
c ---[ 173]---> Sorter-cost:  897     Base: 3 3 7
c ---[ 172]---> Sorter-cost: 1132     Base: 2 2 2
c ---[ 171]---> Sorter-cost:  800     Base: 2 2 2
c ---[ 170]---> Sorter-cost: 1065     Base: 2 2 3
c ---[ 169]---> Sorter-cost:  747     Base: 2 2 3
c ---[ 168]---> Adder-cost: 111   maxlim: 117   bits: 8/7
c ---[ 167]---> Adder-cost: 65   maxlim: 110   bits: 8/7
c ---[ 166]---> Sorter-cost: 1164     Base: 3 2 2
c ---[ 165]---> Sorter-cost: 1330     Base: 2 3 11
c ---[ 164]---> Sorter-cost: 1008     Base: 2 3 2
c ---[ 163]---> Sorter-cost:  895     Base: 2 3 2
c ---[ 162]---> Adder-cost: 123   maxlim: 128   bits: 9/8
c ---[ 161]---> Sorter-cost: 1424     Base: 3 3 13
c ==================================[MINISAT+]==================================
c | Conflicts | Original         | Learnt                           | Progress |
c |           | Clauses Literals |     Max Clauses Literals     LPC |          |
c ==============================================================================
c |         0 |  630628  1805697 |  210209       0        0    -nan |  0.000 % |
c |       100 |  630628  1805697 |  231229     100      576     5.8 |  0.860 % |
c |       250 |  630628  1805697 |  254352     250     5904    23.6 |  0.860 % |
c |       476 |  630628  1805697 |  279788     476    19744    41.5 |  0.860 % |
c |       813 |  630628  1805697 |  307766     813    25741    31.7 |  0.860 % |
c |      1320 |  630628  1805697 |  338543    1320    37210    28.2 |  0.860 % |
c |      2079 |  630628  1805697 |  372398    2079    55090    26.5 |  0.860 % |
c |      3219 |  630628  1805697 |  409637    3219    86047    26.7 |  0.860 % |
c |      4929 |  630628  1805697 |  450601    4929   122244    24.8 |  0.860 % |
c |      7491 |  630628  1805697 |  495661    7491   200422    26.8 |  0.860 % |
c ==============================================================================
c [1mFound solution: -1[0m
c [1mOptimal solution: -1[0m
s OPTIMUM FOUND
v Z -O1_33 -t1_129 O1_34 t1_130 -O1_35 -t1_131 O1_36 t1_132 O1_37 t1_133 O1_38 t1_134 -O1_39 -t1_135 O1_40 t1_136 O1_41 t1_137 -O1_42 -t1_138 O1_43 t1_139 -O1_44 -t1_140 -O1_45 -t1_141 -O1_46 -t1_142 O1_47 t1_143 -O1_48 -t1_144 O1_49 t1_145 -O1_50 -t1_146 O1_51 t1_147 -O1_52 -t1_148 O1_53 t1_149 -O1_54 -t1_150 -O1_55 -t1_151 -O1_56 -t1_152 -O1_57 -t1_153 O1_58 t1_154 O1_59 t1_155 O1_60 t1_156 O1_61 t1_157 O1_62 t1_158 -O1_63 -t1_159 O1_64 t1_160 t1_65 -I_1 -I_2 -I_3 -I_4 -I_5 -I_6 -I_7 -I_8 I_9 I_10 -I_11 -I_12 -I_13 -I_14 I_15 I_16 -I_17 -I_18 -I_19 -I_20 -I_21 -I_22 -I_23 I_24 -I_25 -I_26 -I_27 -I_28 I_29 -I_30 -I_31 -I_32 t1_66 t1_67 -t1_68 t1_69 -t1_70 -t1_71 t1_72 -t1_73 t1_74 -t1_75 t1_76 -t1_77 -t1_78 -t1_79 t1_80 t1_81 t1_82 -t1_83 -t1_84 t1_85 -t1_86 t1_87 t1_88 t1_89 t1_90 t1_91 -t1_92 -t1_93 t1_94 -t1_95 -t1_96 t1_97 t1_98 -t1_99 -t1_100 t1_101 -t1_102 t1_103 t1_104 t1_105 t1_106 t1_107 t1_108 -t1_109 t1_110 -t1_111 t1_112 -t1_113 t1_114 -t1_115 t1_116 t1_117 t1_118 t1_119 t1_120 -t1_121 t1_122 -t1_123 -t1_124 t1_125 t1_126 -t1_127 -t1_128 -O2_33 -t2_129 O2_34 t2_130 -O2_35 -t2_131 O2_36 t2_132 O2_37 t2_133 O2_38 t2_134 -O2_39 -t2_135 O2_40 t2_136 -O2_41 -t2_137 -O2_42 -t2_138 O2_43 t2_139 -O2_44 -t2_140 -O2_45 -t2_141 -O2_46 -t2_142 O2_47 t2_143 -O2_48 -t2_144 O2_49 t2_145 O2_50 t2_146 O2_51 t2_147 -O2_52 -t2_148 O2_53 t2_149 -O2_54 -t2_150 -O2_55 -t2_151 -O2_56 -t2_152 -O2_57 -t2_153 O2_58 t2_154 O2_59 t2_155 O2_60 t2_156 O2_61 t2_157 O2_62 t2_158 -O2_63 -t2_159 -O2_64 -t2_160 t2_65 t2_66 t2_67 -t2_68 t2_69 -t2_70 -t2_71 t2_72 -t2_73 t2_74 -t2_75 t2_76 -t2_77 -t2_78 -t2_79 t2_80 t2_81 t2_82 -t2_83 -t2_84 t2_85 -t2_86 t2_87 t2_88 t2_89 t2_90 t2_91 -t2_92 -t2_93 t2_94 -t2_95 -t2_96 t2_97 t2_98 t2_99 -t2_100 t2_101 -t2_102 t2_103 t2_104 t2_105 t2_106 t2_107 t2_108 -t2_109 t2_110 -t2_111 t2_112 -t2_113 t2_114 -t2_115 t2_116 t2_117 t2_118 t2_119 t2_120 -t2_121 t2_122 -t2_123 -t2_124 t2_125 t2_126 -t2_127 -t2_128 -M_0 -M_1 -M_2 -M_3 -M_4 -M_5 -M_6 -M_7 M_8 -M_9 -M_10 -M_11 -M_12 -M_13 -M_14 -M_15 -M_16 M_17 -M_18 -M_19 -M_20 -M_21 -M_22 -M_23 -M_24 -M_25 -M_26 -M_27 -M_28 -M_29 -M_30 M_31
c _______________________________________________________________________________
c 
c restarts              : 10
c conflicts             : 8042           (589 /sec)
c decisions             : 109931         (8050 /sec)
c propagations          : 0              (0 /sec)
c inspects              : 0              (0 /sec)
c CPU time              : 13.6567 s
c _______________________________________________________________________________
