c Parsing PB file...
c Converting 801 PB-constraints to clauses...
c   -- Unit propagations: (none)
c   -- Detecting intervals from adjacent constraints: ################################################################
c   -- Clauses(.)/Splits(s): .................................................................................................................................................................
c ---[ 799]---> BDD-cost:    1
c ---[ 797]---> BDD-cost:    1
c ---[ 795]---> BDD-cost:    1
c ---[ 793]---> BDD-cost:    1
c ---[ 791]---> BDD-cost:    1
c ---[ 789]---> BDD-cost:    1
c ---[ 787]---> BDD-cost:    1
c ---[ 785]---> BDD-cost:    1
c ---[ 783]---> BDD-cost:    1
c ---[ 781]---> BDD-cost:    1
c ---[ 779]---> BDD-cost:    1
c ---[ 777]---> BDD-cost:    1
c ---[ 775]---> BDD-cost:    1
c ---[ 773]---> BDD-cost:    1
c ---[ 771]---> BDD-cost:    1
c ---[ 769]---> BDD-cost:    1
c ---[ 767]---> BDD-cost:    1
c ---[ 765]---> BDD-cost:    1
c ---[ 763]---> BDD-cost:    1
c ---[ 761]---> BDD-cost:    1
c ---[ 759]---> BDD-cost:    1
c ---[ 757]---> BDD-cost:    1
c ---[ 755]---> BDD-cost:    1
c ---[ 753]---> BDD-cost:    1
c ---[ 751]---> BDD-cost:    1
c ---[ 749]---> BDD-cost:    1
c ---[ 747]---> BDD-cost:    1
c ---[ 745]---> BDD-cost:    1
c ---[ 743]---> BDD-cost:    1
c ---[ 741]---> BDD-cost:    1
c ---[ 739]---> BDD-cost:    1
c ---[ 737]---> BDD-cost:    1
c ---[ 736]---> Adder-cost: 218   maxlim: 2575   bits: 13/12
c ---[ 735]---> Adder-cost: 105   maxlim: 1683   bits: 12/11
c ---[ 734]---> Adder-cost: 240   maxlim: 1475   bits: 12/11
c ---[ 733]---> Adder-cost: 113   maxlim: 3147   bits: 13/12
c ---[ 732]---> Sorter-cost: 2355     Base: 2 2 2 2 3 2 2 5
c ---[ 731]---> Sorter-cost: 1740     Base: 2 2 2 2 3 2 2
c ---[ 730]---> Adder-cost: 228   maxlim: 2439   bits: 13/12
c ---[ 729]---> Adder-cost: 127   maxlim: 1677   bits: 12/11
c ---[ 728]---> Adder-cost: 219   maxlim: 1243   bits: 12/11
c ---[ 727]---> Adder-cost: 120   maxlim: 2551   bits: 13/12
c ---[ 726]---> Adder-cost: 265   maxlim: 1985   bits: 12/11
c ---[ 725]---> Adder-cost: 139   maxlim: 2061   bits: 13/12
c ---[ 724]---> Adder-cost: 215   maxlim: 1765   bits: 12/11
c ---[ 723]---> Adder-cost: 143   maxlim: 1560   bits: 12/11
c ---[ 722]---> Adder-cost: 256   maxlim: 2534   bits: 13/12
c ---[ 721]---> Adder-cost: 155   maxlim: 1996   bits: 12/11
c ---[ 720]---> Adder-cost: 257   maxlim: 2095   bits: 13/12
c ---[ 719]---> Adder-cost: 142   maxlim: 2720   bits: 13/12
c ---[ 718]---> Adder-cost: 216   maxlim: 1214   bits: 12/11
c ---[ 717]---> Adder-cost: 113   maxlim: 1949   bits: 12/11
c ---[ 716]---> Adder-cost: 244   maxlim: 1893   bits: 12/11
c ---[ 715]---> Adder-cost: 130   maxlim: 1469   bits: 12/11
c ---[ 714]---> Adder-cost: 242   maxlim: 1385   bits: 12/11
c ---[ 713]---> Adder-cost: 142   maxlim: 2202   bits: 13/12
c ---[ 712]---> Adder-cost: 258   maxlim: 1445   bits: 12/11
c ---[ 711]---> Adder-cost: 117   maxlim: 2997   bits: 13/12
c ---[ 710]---> Adder-cost: 247   maxlim: 2057   bits: 13/12
c ---[ 709]---> Adder-cost: 159   maxlim: 1890   bits: 12/11
c ---[ 708]---> Adder-cost: 220   maxlim: 2345   bits: 13/12
c ---[ 707]---> Adder-cost: 137   maxlim: 1196   bits: 12/11
c ---[ 706]---> Adder-cost: 236   maxlim: 1443   bits: 12/11
c ---[ 705]---> Adder-cost: 150   maxlim: 2568   bits: 13/12
c ---[ 704]---> Adder-cost: 234   maxlim: 1162   bits: 12/11
c ---[ 703]---> Adder-cost: 116   maxlim: 2445   bits: 13/12
c ---[ 702]---> Adder-cost: 241   maxlim: 2201   bits: 13/12
c ---[ 701]---> Sorter-cost: 2575     Base: 2 2 2 3 2 2 2
c ---[ 700]---> Adder-cost: 199   maxlim: 1799   bits: 12/11
c ---[ 699]---> Adder-cost: 137   maxlim: 1238   bits: 12/11
c ---[ 698]---> Adder-cost: 258   maxlim: 1862   bits: 12/11
c ---[ 697]---> Adder-cost: 153   maxlim: 2548   bits: 13/12
c ---[ 696]---> Adder-cost: 253   maxlim: 2129   bits: 13/12
c ---[ 695]---> Adder-cost: 152   maxlim: 2400   bits: 13/12
c ---[ 694]---> Adder-cost: 224   maxlim: 1971   bits: 12/11
c ---[ 693]---> Adder-cost: 131   maxlim: 1561   bits: 12/11
c ---[ 692]---> Adder-cost: 256   maxlim: 2609   bits: 13/12
c ---[ 691]---> Adder-cost: 156   maxlim: 1952   bits: 12/11
c ---[ 690]---> Adder-cost: 230   maxlim: 1714   bits: 12/11
c ---[ 689]---> Adder-cost: 132   maxlim: 2417   bits: 13/12
c ---[ 688]---> Adder-cost: 241   maxlim: 2121   bits: 13/12
c ---[ 687]---> Sorter-cost: 2694     Base: 3 2 2 3 2 2 17
c ---[ 686]---> Adder-cost: 231   maxlim: 1588   bits: 12/11
c ---[ 685]---> Adder-cost: 151   maxlim: 2462   bits: 13/12
c ---[ 684]---> Adder-cost: 253   maxlim: 2296   bits: 13/12
c ---[ 683]---> Adder-cost: 127   maxlim: 2170   bits: 13/12
c ---[ 682]---> Sorter-cost: 2336     Base: 2 2 3 2 3 2 13
c ---[ 681]---> Sorter-cost: 2057     Base: 2 3 2 2 3 2 5
c ---[ 680]---> Sorter-cost: 2561     Base: 2 2 2 3 2 2 13
c ---[ 679]---> Sorter-cost: 1962     Base: 2 2 2 3 2 2 2
c ---[ 678]---> Adder-cost: 236   maxlim: 3298   bits: 13/12
c ---[ 677]---> Adder-cost: 152   maxlim: 840   bits: 11/10
c ---[ 676]---> Adder-cost: 220   maxlim: 2306   bits: 13/12
c ---[ 675]---> Adder-cost: 129   maxlim: 1603   bits: 12/11
c ---[ 674]---> Adder-cost: 252   maxlim: 1938   bits: 12/11
c ---[ 673]---> Adder-cost: 156   maxlim: 2489   bits: 13/12
c ---[ 672]---> Adder-cost: 219   maxlim: 1243   bits: 12/11
c ---[ 671]---> Adder-cost: 120   maxlim: 2551   bits: 13/12
c ---[ 670]---> Adder-cost: 265   maxlim: 1985   bits: 12/11
c ---[ 669]---> Adder-cost: 139   maxlim: 2061   bits: 13/12
c ---[ 668]---> Adder-cost: 215   maxlim: 1765   bits: 12/11
c ---[ 667]---> Adder-cost: 143   maxlim: 1560   bits: 12/11
c ---[ 666]---> Adder-cost: 256   maxlim: 2534   bits: 13/12
c ---[ 665]---> Adder-cost: 155   maxlim: 1996   bits: 12/11
c ---[ 664]---> Adder-cost: 258   maxlim: 2095   bits: 13/12
c ---[ 663]---> Adder-cost: 142   maxlim: 2720   bits: 13/12
c ---[ 662]---> Adder-cost: 216   maxlim: 1214   bits: 12/11
c ---[ 661]---> Adder-cost: 113   maxlim: 1949   bits: 12/11
c ---[ 660]---> Adder-cost: 245   maxlim: 1893   bits: 12/11
c ---[ 659]---> Adder-cost: 130   maxlim: 1469   bits: 12/11
c ---[ 658]---> Adder-cost: 242   maxlim: 1385   bits: 12/11
c ---[ 657]---> Adder-cost: 142   maxlim: 2202   bits: 13/12
c ---[ 656]---> Adder-cost: 259   maxlim: 1445   bits: 12/11
c ---[ 655]---> Adder-cost: 117   maxlim: 2997   bits: 13/12
c ---[ 654]---> Adder-cost: 248   maxlim: 2057   bits: 13/12
c ---[ 653]---> Adder-cost: 159   maxlim: 1890   bits: 12/11
c ---[ 652]---> Adder-cost: 220   maxlim: 2345   bits: 13/12
c ---[ 651]---> Adder-cost: 137   maxlim: 1196   bits: 12/11
c ---[ 650]---> Adder-cost: 238   maxlim: 1443   bits: 12/11
c ---[ 649]---> Adder-cost: 150   maxlim: 2568   bits: 13/12
c ---[ 648]---> Adder-cost: 236   maxlim: 1162   bits: 12/11
c ---[ 647]---> Adder-cost: 116   maxlim: 2445   bits: 13/12
c ---[ 646]---> Adder-cost: 241   maxlim: 2201   bits: 13/12
c ---[ 645]---> Sorter-cost: 2581     Base: 2 2 2 3 2 2 2
c ---[ 644]---> Adder-cost: 199   maxlim: 1799   bits: 12/11
c ---[ 643]---> Adder-cost: 137   maxlim: 1238   bits: 12/11
c ---[ 642]---> Adder-cost: 262   maxlim: 1862   bits: 12/11
c ---[ 641]---> Adder-cost: 153   maxlim: 2548   bits: 13/12
c ---[ 640]---> Adder-cost: 253   maxlim: 2129   bits: 13/12
c ---[ 639]---> Adder-cost: 152   maxlim: 2400   bits: 13/12
c ---[ 638]---> Adder-cost: 224   maxlim: 1971   bits: 12/11
c ---[ 637]---> Adder-cost: 131   maxlim: 1561   bits: 12/11
c ---[ 636]---> Adder-cost: 256   maxlim: 2609   bits: 13/12
c ---[ 635]---> Adder-cost: 156   maxlim: 1952   bits: 12/11
c ---[ 634]---> Adder-cost: 230   maxlim: 1714   bits: 12/11
c ---[ 633]---> Adder-cost: 132   maxlim: 2417   bits: 13/12
c ---[ 632]---> Adder-cost: 241   maxlim: 2121   bits: 13/12
c ---[ 631]---> Sorter-cost: 2698     Base: 3 2 2 3 2 2 17
c ---[ 630]---> Adder-cost: 231   maxlim: 1588   bits: 12/11
c ---[ 629]---> Adder-cost: 151   maxlim: 2462   bits: 13/12
c ---[ 628]---> Adder-cost: 253   maxlim: 2296   bits: 13/12
c ---[ 627]---> Adder-cost: 127   maxlim: 2170   bits: 13/12
c ---[ 626]---> Sorter-cost: 2336     Base: 2 2 3 2 3 2 13
c ---[ 625]---> Sorter-cost: 2057     Base: 2 3 2 2 3 2 5
c ---[ 624]---> Sorter-cost: 2567     Base: 2 2 2 3 2 2 13
c ---[ 623]---> Sorter-cost: 1962     Base: 2 2 2 3 2 2 2
c ---[ 622]---> Adder-cost: 236   maxlim: 3298   bits: 13/12
c ---[ 621]---> Adder-cost: 152   maxlim: 840   bits: 11/10
c ---[ 620]---> Adder-cost: 221   maxlim: 2306   bits: 13/12
c ---[ 619]---> Adder-cost: 129   maxlim: 1603   bits: 12/11
c ---[ 618]---> Adder-cost: 252   maxlim: 1938   bits: 12/11
c ---[ 617]---> Adder-cost: 156   maxlim: 2489   bits: 13/12
c ---[ 616]---> Adder-cost: 227   maxlim: 1583   bits: 12/11
c ---[ 615]---> Adder-cost: 119   maxlim: 1969   bits: 12/11
c ---[ 614]---> Adder-cost: 242   maxlim: 2324   bits: 13/12
c ---[ 613]---> Adder-cost: 104   maxlim: 2067   bits: 13/12
c ---[ 612]---> Adder-cost: 228   maxlim: 1984   bits: 12/11
c ---[ 611]---> Adder-cost: 176   maxlim: 2173   bits: 13/12
c ---[ 610]---> Adder-cost: 228   maxlim: 2497   bits: 13/12
c ---[ 609]---> Adder-cost: 156   maxlim: 1899   bits: 12/11
c ---[ 608]---> Adder-cost: 262   maxlim: 2095   bits: 13/12
c ---[ 607]---> Adder-cost: 142   maxlim: 2720   bits: 13/12
c ---[ 606]---> Adder-cost: 217   maxlim: 1214   bits: 12/11
c ---[ 605]---> Adder-cost: 113   maxlim: 1949   bits: 12/11
c ---[ 604]---> Adder-cost: 245   maxlim: 1893   bits: 12/11
c ---[ 603]---> Adder-cost: 130   maxlim: 1469   bits: 12/11
c ---[ 602]---> Adder-cost: 242   maxlim: 1385   bits: 12/11
c ---[ 601]---> Adder-cost: 142   maxlim: 2202   bits: 13/12
c ---[ 600]---> Adder-cost: 259   maxlim: 1445   bits: 12/11
c ---[ 599]---> Adder-cost: 117   maxlim: 2997   bits: 13/12
c ---[ 598]---> Adder-cost: 249   maxlim: 2057   bits: 13/12
c ---[ 597]---> Adder-cost: 159   maxlim: 1890   bits: 12/11
c ---[ 596]---> Adder-cost: 226   maxlim: 2345   bits: 13/12
c ---[ 595]---> Adder-cost: 137   maxlim: 1196   bits: 12/11
c ---[ 594]---> Adder-cost: 240   maxlim: 1443   bits: 12/11
c ---[ 593]---> Adder-cost: 150   maxlim: 2568   bits: 13/12
c ---[ 592]---> Adder-cost: 236   maxlim: 1162   bits: 12/11
c ---[ 591]---> Adder-cost: 116   maxlim: 2445   bits: 13/12
c ---[ 590]---> Adder-cost: 241   maxlim: 2201   bits: 13/12
c ---[ 589]---> Sorter-cost: 2581     Base: 2 2 2 3 2 2 2
c ---[ 588]---> Adder-cost: 199   maxlim: 1799   bits: 12/11
c ---[ 587]---> Adder-cost: 137   maxlim: 1238   bits: 12/11
c ---[ 586]---> Adder-cost: 266   maxlim: 1862   bits: 12/11
c ---[ 585]---> Adder-cost: 153   maxlim: 2548   bits: 13/12
c ---[ 584]---> Adder-cost: 253   maxlim: 2129   bits: 13/12
c ---[ 583]---> Adder-cost: 152   maxlim: 2400   bits: 13/12
c ---[ 582]---> Adder-cost: 225   maxlim: 1971   bits: 12/11
c ---[ 581]---> Adder-cost: 131   maxlim: 1561   bits: 12/11
c ---[ 580]---> Adder-cost: 257   maxlim: 2609   bits: 13/12
c ---[ 579]---> Adder-cost: 156   maxlim: 1952   bits: 12/11
c ---[ 578]---> Adder-cost: 233   maxlim: 1714   bits: 12/11
c ---[ 577]---> Adder-cost: 132   maxlim: 2417   bits: 13/12
c ---[ 576]---> Adder-cost: 245   maxlim: 2121   bits: 13/12
c ---[ 575]---> Sorter-cost: 2698     Base: 3 2 2 3 2 2 17
c ---[ 574]---> Adder-cost: 234   maxlim: 1588   bits: 12/11
c ---[ 573]---> Adder-cost: 151   maxlim: 2462   bits: 13/12
c ---[ 572]---> Adder-cost: 255   maxlim: 2296   bits: 13/12
c ---[ 571]---> Adder-cost: 127   maxlim: 2170   bits: 13/12
c ---[ 570]---> Sorter-cost: 2336     Base: 2 2 3 2 3 2 13
c ---[ 569]---> Sorter-cost: 2057     Base: 2 3 2 2 3 2 5
c ---[ 568]---> Sorter-cost: 2567     Base: 2 2 2 3 2 2 13
c ---[ 567]---> Sorter-cost: 1962     Base: 2 2 2 3 2 2 2
c ---[ 566]---> Adder-cost: 236   maxlim: 3298   bits: 13/12
c ---[ 565]---> Adder-cost: 152   maxlim: 840   bits: 11/10
c ---[ 564]---> Adder-cost: 221   maxlim: 2306   bits: 13/12
c ---[ 563]---> Adder-cost: 129   maxlim: 1603   bits: 12/11
c ---[ 562]---> Adder-cost: 254   maxlim: 1938   bits: 12/11
c ---[ 561]---> Adder-cost: 156   maxlim: 2489   bits: 13/12
c ---[ 560]---> Adder-cost: 227   maxlim: 1583   bits: 12/11
c ---[ 559]---> Adder-cost: 119   maxlim: 1969   bits: 12/11
c ---[ 558]---> Adder-cost: 245   maxlim: 2324   bits: 13/12
c ---[ 557]---> Adder-cost: 104   maxlim: 2067   bits: 13/12
c ---[ 556]---> Adder-cost: 229   maxlim: 1984   bits: 12/11
c ---[ 555]---> Adder-cost: 176   maxlim: 2173   bits: 13/12
c ---[ 554]---> Adder-cost: 229   maxlim: 2497   bits: 13/12
c ---[ 553]---> Adder-cost: 156   maxlim: 1899   bits: 12/11
c ---[ 552]---> Adder-cost: 221   maxlim: 1351   bits: 12/11
c ---[ 551]---> Adder-cost: 67   maxlim: 2631   bits: 13/12
c ---[ 550]---> Adder-cost: 223   maxlim: 2011   bits: 12/11
c ---[ 549]---> Adder-cost: 159   maxlim: 1650   bits: 12/11
c ---[ 548]---> Adder-cost: 240   maxlim: 2359   bits: 13/12
c ---[ 547]---> Adder-cost: 169   maxlim: 1646   bits: 12/11
c ---[ 546]---> Adder-cost: 216   maxlim: 1238   bits: 12/11
c ---[ 545]---> Adder-cost: 124   maxlim: 1874   bits: 12/11
c ---[ 544]---> Adder-cost: 259   maxlim: 1445   bits: 12/11
c ---[ 543]---> Adder-cost: 117   maxlim: 2997   bits: 13/12
c ---[ 542]---> Adder-cost: 250   maxlim: 2057   bits: 13/12
c ---[ 541]---> Adder-cost: 159   maxlim: 1890   bits: 12/11
c ---[ 540]---> Adder-cost: 230   maxlim: 2345   bits: 13/12
c ---[ 539]---> Adder-cost: 137   maxlim: 1196   bits: 12/11
c ---[ 538]---> Adder-cost: 241   maxlim: 1443   bits: 12/11
c ---[ 537]---> Adder-cost: 150   maxlim: 2568   bits: 13/12
c ---[ 536]---> Adder-cost: 237   maxlim: 1162   bits: 12/11
c ---[ 535]---> Adder-cost: 116   maxlim: 2445   bits: 13/12
c ---[ 534]---> Adder-cost: 243   maxlim: 2201   bits: 13/12
c ---[ 533]---> Sorter-cost: 2581     Base: 2 2 2 3 2 2 2
c ---[ 532]---> Adder-cost: 201   maxlim: 1799   bits: 12/11
c ---[ 531]---> Adder-cost: 137   maxlim: 1238   bits: 12/11
c ---[ 530]---> Adder-cost: 266   maxlim: 1862   bits: 12/11
c ---[ 529]---> Adder-cost: 153   maxlim: 2548   bits: 13/12
c ---[ 528]---> Adder-cost: 253   maxlim: 2129   bits: 13/12
c ---[ 527]---> Adder-cost: 152   maxlim: 2400   bits: 13/12
c ---[ 526]---> Adder-cost: 225   maxlim: 1971   bits: 12/11
c ---[ 525]---> Adder-cost: 131   maxlim: 1561   bits: 12/11
c ---[ 524]---> Adder-cost: 258   maxlim: 2609   bits: 13/12
c ---[ 523]---> Adder-cost: 156   maxlim: 1952   bits: 12/11
c ---[ 522]---> Adder-cost: 235   maxlim: 1714   bits: 12/11
c ---[ 521]---> Adder-cost: 132   maxlim: 2417   bits: 13/12
c ---[ 520]---> Adder-cost: 245   maxlim: 2121   bits: 13/12
c ---[ 519]---> Sorter-cost: 2698     Base: 3 2 2 3 2 2 17
c ---[ 518]---> Adder-cost: 234   maxlim: 1588   bits: 12/11
c ---[ 517]---> Adder-cost: 151   maxlim: 2462   bits: 13/12
c ---[ 516]---> Adder-cost: 257   maxlim: 2296   bits: 13/12
c ---[ 515]---> Adder-cost: 127   maxlim: 2170   bits: 13/12
c ---[ 514]---> Sorter-cost: 2336     Base: 2 2 3 2 3 2 13
c ---[ 513]---> Sorter-cost: 2057     Base: 2 3 2 2 3 2 5
c ---[ 512]---> Sorter-cost: 2567     Base: 2 2 2 3 2 2 13
c ---[ 511]---> Sorter-cost: 1962     Base: 2 2 2 3 2 2 2
c ---[ 510]---> Adder-cost: 236   maxlim: 3298   bits: 13/12
c ---[ 509]---> Adder-cost: 152   maxlim: 840   bits: 11/10
c ---[ 508]---> Adder-cost: 223   maxlim: 2306   bits: 13/12
c ---[ 507]---> Adder-cost: 129   maxlim: 1603   bits: 12/11
c ---[ 506]---> Adder-cost: 254   maxlim: 1938   bits: 12/11
c ---[ 505]---> Adder-cost: 156   maxlim: 2489   bits: 13/12
c ---[ 504]---> Adder-cost: 228   maxlim: 1583   bits: 12/11
c ---[ 503]---> Adder-cost: 119   maxlim: 1969   bits: 12/11
c ---[ 502]---> Adder-cost: 245   maxlim: 2324   bits: 13/12
c ---[ 501]---> Adder-cost: 104   maxlim: 2067   bits: 13/12
c ---[ 500]---> Adder-cost: 231   maxlim: 1984   bits: 12/11
c ---[ 499]---> Adder-cost: 176   maxlim: 2173   bits: 13/12
c ---[ 498]---> Adder-cost: 231   maxlim: 2497   bits: 13/12
c ---[ 497]---> Adder-cost: 156   maxlim: 1899   bits: 12/11
c ---[ 496]---> Adder-cost: 221   maxlim: 1351   bits: 12/11
c ---[ 495]---> Adder-cost: 67   maxlim: 2631   bits: 13/12
c ---[ 494]---> Adder-cost: 223   maxlim: 2011   bits: 12/11
c ---[ 493]---> Adder-cost: 159   maxlim: 1650   bits: 12/11
c ---[ 492]---> Adder-cost: 242   maxlim: 2359   bits: 13/12
c ---[ 491]---> Adder-cost: 169   maxlim: 1646   bits: 12/11
c ---[ 490]---> Adder-cost: 216   maxlim: 1238   bits: 12/11
c ---[ 489]---> Adder-cost: 124   maxlim: 1874   bits: 12/11
c ---[ 488]---> Adder-cost: 239   maxlim: 2297   bits: 13/12
c ---[ 487]---> Adder-cost: 158   maxlim: 1938   bits: 12/11
c ---[ 486]---> Sorter-cost: 2933     Base: 3 2 3 3 3 7
c ---[ 485]---> Sorter-cost: 2206     Base: 3 2 3 3 3
c ---[ 484]---> Adder-cost: 229   maxlim: 1482   bits: 12/11
c ---[ 483]---> Adder-cost: 143   maxlim: 2838   bits: 13/12
c ---[ 482]---> Adder-cost: 244   maxlim: 3056   bits: 13/12
c ---[ 481]---> Adder-cost: 153   maxlim: 1451   bits: 12/11
c ---[ 479]---> BDD-cost:    1
c ---[ 477]---> BDD-cost:    1
c ---[ 475]---> BDD-cost:    1
c ---[ 473]---> BDD-cost:    1
c ---[ 471]---> BDD-cost:    1
c ---[ 469]---> BDD-cost:    1
c ---[ 467]---> BDD-cost:    1
c ---[ 465]---> BDD-cost:    1
c ---[ 463]---> BDD-cost:    1
c ---[ 461]---> BDD-cost:    1
c ---[ 459]---> BDD-cost:    1
c ---[ 457]---> BDD-cost:    1
c ---[ 455]---> BDD-cost:    1
c ---[ 453]---> BDD-cost:    1
c ---[ 451]---> BDD-cost:    1
c ---[ 449]---> BDD-cost:    1
c ---[ 447]---> BDD-cost:    1
c ---[ 445]---> BDD-cost:    1
c ---[ 443]---> BDD-cost:    1
c ---[ 441]---> BDD-cost:    1
c ---[ 439]---> BDD-cost:    1
c ---[ 437]---> BDD-cost:    1
c ---[ 435]---> BDD-cost:    1
c ---[ 433]---> BDD-cost:    1
c ---[ 431]---> BDD-cost:    1
c ---[ 429]---> BDD-cost:    1
c ---[ 427]---> BDD-cost:    1
c ---[ 425]---> BDD-cost:    1
c ---[ 423]---> BDD-cost:    1
c ---[ 421]---> BDD-cost:    1
c ---[ 419]---> BDD-cost:    1
c ---[ 417]---> BDD-cost:    1
c ---[ 416]---> Adder-cost: 95   maxlim: 151   bits: 9/8
c ---[ 415]---> Adder-cost: 75   maxlim: 101   bits: 8/7
c ---[ 414]---> Adder-cost: 106   maxlim: 87   bits: 8/7
c ---[ 413]---> Sorter-cost: 1443     Base: 3 3 5
c ---[ 412]---> Sorter-cost: 1015     Base: 3 2 2 5
c ---[ 411]---> Sorter-cost:  808     Base: 3 2 2
c ---[ 410]---> Adder-cost: 87   maxlim: 145   bits: 9/8
c ---[ 409]---> Adder-cost: 44   maxlim: 97   bits: 8/7
c ---[ 408]---> Sorter-cost: 1080     Base: 2 2 2
c ---[ 407]---> Sorter-cost:  709     Base: 2 2 2 17
c ---[ 406]---> Adder-cost: 121   maxlim: 116   bits: 8/7
c ---[ 405]---> Adder-cost: 64   maxlim: 118   bits: 8/7
c ---[ 404]---> Sorter-cost: 1004     Base: 2 2 3
c ---[ 403]---> Sorter-cost:  855     Base: 2 3 2
c ---[ 402]---> Sorter-cost: 1415     Base: 3 2 2
c ---[ 401]---> Sorter-cost: 1377     Base: 3 3
c ---[ 400]---> Adder-cost: 115   maxlim: 124   bits: 8/7
c ---[ 399]---> Sorter-cost: 1459     Base: 3 3 17
c ---[ 398]---> Sorter-cost: 1011     Base: 3 3
c ---[ 397]---> Sorter-cost:  936     Base: 3 3
c ---[ 396]---> Adder-cost: 97   maxlim: 108   bits: 8/7
c ---[ 395]---> Adder-cost: 75   maxlim: 85   bits: 8/7
c ---[ 394]---> Sorter-cost: 1167     Base: 2 2 2
c ---[ 393]---> Sorter-cost: 1123     Base: 2 3 7
c ---[ 392]---> Sorter-cost: 1153     Base: 2 2 3
c ---[ 391]---> Sorter-cost:  883     Base: 2 2 3 7
c ---[ 390]---> Adder-cost: 99   maxlim: 118   bits: 8/7
c ---[ 389]---> Adder-cost: 71   maxlim: 111   bits: 8/7
c ---[ 388]---> Sorter-cost:  855     Base: 2 2 3 11
c ---[ 387]---> Sorter-cost:  662     Base: 2 2 3
c ---[ 386]---> Sorter-cost: 1084     Base: 3 2 2
c ---[ 385]---> Sorter-cost: 1162     Base: 3 5
c ---[ 384]---> Sorter-cost: 1016     Base: 3 2 2
c ---[ 383]---> Sorter-cost:  922     Base: 3 2 11
c ---[ 382]---> Sorter-cost: 1133     Base: 3 2 2
c ---[ 381]---> Sorter-cost: 1034     Base: 2 3 2
c ---[ 380]---> Sorter-cost:  910     Base: 2 3 17
c ---[ 379]---> Sorter-cost:  764     Base: 2 3
c ---[ 378]---> Sorter-cost: 1160     Base: 2 2 3
c ---[ 377]---> Sorter-cost: 1037     Base: 2 2 3
c ---[ 376]---> Adder-cost: 125   maxlim: 127   bits: 8/7
c ---[ 375]---> Adder-cost: 30   maxlim: 143   bits: 9/8
c ---[ 374]---> Adder-cost: 91   maxlim: 116   bits: 8/7
c ---[ 373]---> Sorter-cost: 1128     Base: 2 2 2
c ---[ 372]---> Sorter-cost: 1377     Base: 2 5 5
c ---[ 371]---> Sorter-cost: 1007     Base: 2 5
c ---[ 370]---> Sorter-cost: 1383     Base: 3 3
c ---[ 369]---> Sorter-cost: 1073     Base: 3 3
c ---[ 368]---> Sorter-cost: 1481     Base: 2 3 2
c ---[ 367]---> Sorter-cost: 1136     Base: 2 3 2
c ---[ 366]---> Adder-cost: 99   maxlim: 94   bits: 8/7
c ---[ 365]---> Adder-cost: 66   maxlim: 143   bits: 9/8
c ---[ 364]---> Sorter-cost: 1432     Base: 2 2 3
c ---[ 363]---> Sorter-cost: 1140     Base: 2 3 2
c ---[ 362]---> Sorter-cost:  948     Base: 3 3 11
c ---[ 361]---> Sorter-cost:  593     Base: 3 3 7
c ---[ 360]---> Sorter-cost:  771     Base: 2 3 2 13
c ---[ 359]---> Sorter-cost:  727     Base: 2 3 2
c ---[ 358]---> Sorter-cost: 1106     Base: 2 2 2 11
c ---[ 357]---> Sorter-cost:  995     Base: 2 2 3
c ---[ 356]---> Sorter-cost:  949     Base: 2 2 3 11
c ---[ 355]---> Sorter-cost:  727     Base: 2 2 3
c ---[ 354]---> Sorter-cost: 1129     Base: 3 2 2
c ---[ 353]---> Sorter-cost:  899     Base: 3 2 2
c ---[ 352]---> Sorter-cost: 1086     Base: 2 2 2
c ---[ 351]---> Sorter-cost:  709     Base: 2 2 2 17
c ---[ 350]---> Adder-cost: 137   maxlim: 116   bits: 8/7
c ---[ 349]---> Adder-cost: 64   maxlim: 118   bits: 8/7
c ---[ 348]---> Sorter-cost: 1018     Base: 2 2 3
c ---[ 347]---> Sorter-cost:  855     Base: 2 3 2
c ---[ 346]---> Sorter-cost: 1429     Base: 3 2 2
c ---[ 345]---> Sorter-cost: 1379     Base: 3 3
c ---[ 344]---> Adder-cost: 138   maxlim: 124   bits: 8/7
c ---[ 343]---> Sorter-cost: 1465     Base: 3 3 17
c ---[ 342]---> Sorter-cost: 1019     Base: 3 3
c ---[ 341]---> Sorter-cost:  936     Base: 3 3
c ---[ 340]---> Adder-cost: 111   maxlim: 108   bits: 8/7
c ---[ 339]---> Adder-cost: 77   maxlim: 85   bits: 8/7
c ---[ 338]---> Sorter-cost: 1175     Base: 2 2 2
c ---[ 337]---> Sorter-cost: 1123     Base: 2 3 7
c ---[ 336]---> Sorter-cost: 1163     Base: 2 2 3
c ---[ 335]---> Sorter-cost:  883     Base: 2 2 3 7
c ---[ 334]---> Adder-cost: 121   maxlim: 118   bits: 8/7
c ---[ 333]---> Adder-cost: 75   maxlim: 111   bits: 8/7
c ---[ 332]---> Sorter-cost:  859     Base: 2 2 3 11
c ---[ 331]---> Sorter-cost:  662     Base: 2 2 3
c ---[ 330]---> Sorter-cost: 1092     Base: 3 2 2
c ---[ 329]---> Sorter-cost: 1168     Base: 3 5
c ---[ 328]---> Sorter-cost: 1026     Base: 3 2 2
c ---[ 327]---> Sorter-cost:  924     Base: 3 2 11
c ---[ 326]---> Sorter-cost: 1155     Base: 3 2 2
c ---[ 325]---> Sorter-cost: 1038     Base: 2 3 2
c ---[ 324]---> Sorter-cost:  916     Base: 2 3 17
c ---[ 323]---> Sorter-cost:  764     Base: 2 3
c ---[ 322]---> Sorter-cost: 1164     Base: 2 2 3
c ---[ 321]---> Sorter-cost: 1037     Base: 2 2 3
c ---[ 320]---> Adder-cost: 140   maxlim: 127   bits: 8/7
c ---[ 319]---> Adder-cost: 30   maxlim: 143   bits: 9/8
c ---[ 318]---> Adder-cost: 109   maxlim: 116   bits: 8/7
c ---[ 317]---> Sorter-cost: 1140     Base: 2 2 2
c ---[ 316]---> Sorter-cost: 1383     Base: 2 5 5
c ---[ 315]---> Sorter-cost: 1007     Base: 2 5
c ---[ 314]---> Sorter-cost: 1395     Base: 3 3
c ---[ 313]---> Sorter-cost: 1073     Base: 3 3
c ---[ 312]---> Sorter-cost: 1497     Base: 2 3 2
c ---[ 311]---> Sorter-cost: 1136     Base: 2 3 2
c ---[ 310]---> Adder-cost: 112   maxlim: 94   bits: 8/7
c ---[ 309]---> Adder-cost: 68   maxlim: 143   bits: 9/8
c ---[ 308]---> Sorter-cost: 1434     Base: 2 2 3
c ---[ 307]---> Sorter-cost: 1140     Base: 2 3 2
c ---[ 306]---> Sorter-cost:  972     Base: 3 3 11
c ---[ 305]---> Sorter-cost:  593     Base: 3 3 7
c ---[ 304]---> Sorter-cost:  831     Base: 2 3 2 13
c ---[ 303]---> Sorter-cost:  727     Base: 2 3 2
c ---[ 302]---> Sorter-cost: 1112     Base: 2 2 2 11
c ---[ 301]---> Sorter-cost:  995     Base: 2 2 3
c ---[ 300]---> Sorter-cost:  955     Base: 2 2 3 11
c ---[ 299]---> Sorter-cost:  727     Base: 2 2 3
c ---[ 298]---> Sorter-cost: 1129     Base: 3 2 2
c ---[ 297]---> Sorter-cost:  899     Base: 3 2 2
c ---[ 296]---> Sorter-cost: 1230     Base: 2 3 2
c ---[ 295]---> Sorter-cost:  932     Base: 2 3 17
c ---[ 294]---> Sorter-cost: 1254     Base: 2 2 3
c ---[ 293]---> Sorter-cost: 1056     Base: 2 3 2
c ---[ 292]---> Adder-cost: 123   maxlim: 117   bits: 8/7
c ---[ 291]---> Adder-cost: 50   maxlim: 125   bits: 8/7
c ---[ 290]---> Sorter-cost: 1385     Base: 3 3 5
c ---[ 289]---> Sorter-cost: 1248     Base: 3 3
c ---[ 288]---> Adder-cost: 138   maxlim: 124   bits: 8/7
c ---[ 287]---> Sorter-cost: 1467     Base: 3 3 17
c ---[ 286]---> Sorter-cost: 1023     Base: 3 3
c ---[ 285]---> Sorter-cost:  936     Base: 3 3
c ---[ 284]---> Adder-cost: 111   maxlim: 108   bits: 8/7
c ---[ 283]---> Adder-cost: 77   maxlim: 85   bits: 8/7
c ---[ 282]---> Sorter-cost: 1179     Base: 2 2 2
c ---[ 281]---> Sorter-cost: 1123     Base: 2 3 7
c ---[ 280]---> Sorter-cost: 1165     Base: 2 2 3
c ---[ 279]---> Sorter-cost:  883     Base: 2 2 3 7
c ---[ 278]---> Adder-cost: 121   maxlim: 118   bits: 8/7
c ---[ 277]---> Adder-cost: 75   maxlim: 111   bits: 8/7
c ---[ 276]---> Sorter-cost:  861     Base: 2 2 3 11
c ---[ 275]---> Sorter-cost:  662     Base: 2 2 3
c ---[ 274]---> Sorter-cost: 1098     Base: 3 2 2
c ---[ 273]---> Sorter-cost: 1168     Base: 3 5
c ---[ 272]---> Sorter-cost: 1030     Base: 3 2 2
c ---[ 271]---> Sorter-cost:  924     Base: 3 2 11
c ---[ 270]---> Sorter-cost: 1155     Base: 3 2 2
c ---[ 269]---> Sorter-cost: 1038     Base: 2 3 2
c ---[ 268]---> Sorter-cost:  920     Base: 2 3 17
c ---[ 267]---> Sorter-cost:  764     Base: 2 3
c ---[ 266]---> Sorter-cost: 1168     Base: 2 2 3
c ---[ 265]---> Sorter-cost: 1037     Base: 2 2 3
c ---[ 264]---> Adder-cost: 140   maxlim: 127   bits: 8/7
c ---[ 263]---> Adder-cost: 30   maxlim: 143   bits: 9/8
c ---[ 262]---> Adder-cost: 109   maxlim: 116   bits: 8/7
c ---[ 261]---> Sorter-cost: 1144     Base: 2 2 2
c ---[ 260]---> Sorter-cost: 1387     Base: 2 5 5
c ---[ 259]---> Sorter-cost: 1007     Base: 2 5
c ---[ 258]---> Adder-cost: 123   maxlim: 102   bits: 8/7
c ---[ 257]---> Adder-cost: 76   maxlim: 141   bits: 9/8
c ---[ 256]---> Sorter-cost: 1499     Base: 2 3 2
c ---[ 255]---> Sorter-cost: 1136     Base: 2 3 2
c ---[ 254]---> Adder-cost: 112   maxlim: 94   bits: 8/7
c ---[ 253]---> Adder-cost: 68   maxlim: 143   bits: 9/8
c ---[ 252]---> Sorter-cost: 1434     Base: 2 2 3
c ---[ 251]---> Sorter-cost: 1140     Base: 2 3 2
c ---[ 250]---> Sorter-cost:  976     Base: 3 3 11
c ---[ 249]---> Sorter-cost:  593     Base: 3 3 7
c ---[ 248]---> Sorter-cost:  833     Base: 2 3 2 13
c ---[ 247]---> Sorter-cost:  727     Base: 2 3 2
c ---[ 246]---> Sorter-cost: 1120     Base: 2 2 2 11
c ---[ 245]---> Sorter-cost:  995     Base: 2 2 3
c ---[ 244]---> Sorter-cost:  957     Base: 2 2 3 11
c ---[ 243]---> Sorter-cost:  727     Base: 2 2 3
c ---[ 242]---> Sorter-cost: 1133     Base: 3 2 2
c ---[ 241]---> Sorter-cost:  899     Base: 3 2 2
c ---[ 240]---> Sorter-cost: 1230     Base: 2 3 2
c ---[ 239]---> Sorter-cost:  932     Base: 2 3 17
c ---[ 238]---> Sorter-cost: 1258     Base: 2 2 3
c ---[ 237]---> Sorter-cost: 1058     Base: 2 3 2
c ---[ 236]---> Adder-cost: 123   maxlim: 117   bits: 8/7
c ---[ 235]---> Adder-cost: 50   maxlim: 125   bits: 8/7
c ---[ 234]---> Sorter-cost: 1389     Base: 3 3 5
c ---[ 233]---> Sorter-cost: 1248     Base: 3 3
c ---[ 232]---> Sorter-cost: 1058     Base: 2 3 2
c ---[ 231]---> Sorter-cost:  844     Base: 2 3 2
c ---[ 230]---> Sorter-cost: 1048     Base: 3 3 13
c ---[ 229]---> Sorter-cost:  919     Base: 3 3
c ---[ 228]---> Sorter-cost: 1169     Base: 5 2 7
c ---[ 227]---> Sorter-cost:  915     Base: 5 2
c ---[ 226]---> Sorter-cost:  826     Base: 2 3 11
c ---[ 225]---> Sorter-cost:  552     Base: 2 3 17
c ---[ 224]---> Sorter-cost: 1165     Base: 2 2 3
c ---[ 223]---> Sorter-cost:  883     Base: 2 2 3 7
c ---[ 222]---> Adder-cost: 121   maxlim: 118   bits: 8/7
c ---[ 221]---> Adder-cost: 75   maxlim: 111   bits: 8/7
c ---[ 220]---> Sorter-cost:  863     Base: 2 2 3 11
c ---[ 219]---> Sorter-cost:  662     Base: 2 2 3
c ---[ 218]---> Sorter-cost: 1098     Base: 3 2 2
c ---[ 217]---> Sorter-cost: 1168     Base: 3 5
c ---[ 216]---> Sorter-cost: 1030     Base: 3 2 2
c ---[ 215]---> Sorter-cost:  924     Base: 3 2 11
c ---[ 214]---> Sorter-cost: 1155     Base: 3 2 2
c ---[ 213]---> Sorter-cost: 1040     Base: 2 3 2
c ---[ 212]---> Sorter-cost:  920     Base: 2 3 17
c ---[ 211]---> Sorter-cost:  764     Base: 2 3
c ---[ 210]---> Sorter-cost: 1168     Base: 2 2 3
c ---[ 209]---> Sorter-cost: 1037     Base: 2 2 3
c ---[ 208]---> Adder-cost: 140   maxlim: 127   bits: 8/7
c ---[ 207]---> Adder-cost: 30   maxlim: 143   bits: 9/8
c ---[ 206]---> Adder-cost: 109   maxlim: 116   bits: 8/7
c ---[ 205]---> Sorter-cost: 1146     Base: 2 2 2
c ---[ 204]---> Sorter-cost: 1387     Base: 2 5 5
c ---[ 203]---> Sorter-cost: 1007     Base: 2 5
c ---[ 202]---> Adder-cost: 123   maxlim: 102   bits: 8/7
c ---[ 201]---> Adder-cost: 76   maxlim: 141   bits: 9/8
c ---[ 200]---> Sorter-cost: 1501     Base: 2 3 2
c ---[ 199]---> Sorter-cost: 1136     Base: 2 3 2
c ---[ 198]---> Adder-cost: 112   maxlim: 94   bits: 8/7
c ---[ 197]---> Adder-cost: 68   maxlim: 143   bits: 9/8
c ---[ 196]---> Sorter-cost: 1438     Base: 2 2 3
c ---[ 195]---> Sorter-cost: 1140     Base: 2 3 2
c ---[ 194]---> Sorter-cost:  978     Base: 3 3 11
c ---[ 193]---> Sorter-cost:  593     Base: 3 3 7
c ---[ 192]---> Sorter-cost:  837     Base: 2 3 2 13
c ---[ 191]---> Sorter-cost:  727     Base: 2 3 2
c ---[ 190]---> Sorter-cost: 1120     Base: 2 2 2 11
c ---[ 189]---> Sorter-cost:  995     Base: 2 2 3
c ---[ 188]---> Sorter-cost:  959     Base: 2 2 3 11
c ---[ 187]---> Sorter-cost:  727     Base: 2 2 3
c ---[ 186]---> Sorter-cost: 1135     Base: 3 2 2
c ---[ 185]---> Sorter-cost:  899     Base: 3 2 2
c ---[ 184]---> Sorter-cost: 1230     Base: 2 3 2
c ---[ 183]---> Sorter-cost:  932     Base: 2 3 17
c ---[ 182]---> Sorter-cost: 1258     Base: 2 2 3
c ---[ 181]---> Sorter-cost: 1058     Base: 2 3 2
c ---[ 180]---> Adder-cost: 123   maxlim: 117   bits: 8/7
c ---[ 179]---> Adder-cost: 50   maxlim: 125   bits: 8/7
c ---[ 178]---> Sorter-cost: 1389     Base: 3 3 5
c ---[ 177]---> Sorter-cost: 1248     Base: 3 3
c ---[ 176]---> Sorter-cost: 1060     Base: 2 3 2
c ---[ 175]---> Sorter-cost:  844     Base: 2 3 2
c ---[ 174]---> Sorter-cost: 1052     Base: 3 3 13
c ---[ 173]---> Sorter-cost:  919     Base: 3 3
c ---[ 172]---> Sorter-cost: 1171     Base: 5 2 7
c ---[ 171]---> Sorter-cost:  915     Base: 5 2
c ---[ 170]---> Sorter-cost:  826     Base: 2 3 11
c ---[ 169]---> Sorter-cost:  552     Base: 2 3 17
c ---[ 168]---> Sorter-cost: 1195     Base: 2 5 13
c ---[ 167]---> Sorter-cost:  672     Base: 2 5 11
c ---[ 166]---> Sorter-cost: 1446     Base: 2 3 2
c ---[ 165]---> Sorter-cost: 1031     Base: 2 3 2
c ---[ 164]---> Sorter-cost: 1377     Base: 2 3 2
c ---[ 163]---> Sorter-cost: 1141     Base: 2 3 13
c ---[ 162]---> Adder-cost: 126   maxlim: 180   bits: 9/8
c ---[ 161]---> Adder-cost: 79   maxlim: 85   bits: 8/7
c ==================================[MINISAT+]==================================
c | Conflicts | Original         | Learnt                           | Progress |
c |           | Clauses Literals |     Max Clauses Literals     LPC |          |
c ==============================================================================
c |         0 |  921206  2553780 |  307068       0        0    -nan |  0.000 % |
c |       100 |  921206  2553780 |  337774     100      493     4.9 |  0.696 % |
c |       251 |  921206  2553780 |  371552     251     1548     6.2 |  0.696 % |
c |       477 |  921206  2553780 |  408707     477     5000    10.5 |  0.696 % |
c |       814 |  921206  2553780 |  449578     814     9724    11.9 |  0.696 % |
c |      1324 |  921206  2553780 |  494536    1324    20477    15.5 |  0.696 % |
c |      2083 |  921206  2553780 |  543989    2083    37329    17.9 |  0.696 % |
c |      3222 |  921206  2553780 |  598388    3222    57798    17.9 |  0.696 % |
c |      4931 |  921206  2553780 |  658227    4931   119218    24.2 |  0.696 % |
c |      7494 |  921206  2553780 |  724050    7494   210788    28.1 |  0.696 % |
c |     11338 |  921206  2553780 |  796455   11338   377023    33.3 |  0.696 % |
c |     17107 |  921206  2553780 |  876100   17107   706213    41.3 |  0.696 % |
c ==============================================================================
c [1mFound solution: -1[0m
c [1mOptimal solution: -1[0m
s OPTIMUM FOUND
v Z -O1_33 -t1_161 -O1_34 -t1_162 O1_35 t1_163 -O1_36 -t1_164 -O1_37 -t1_165 O1_38 t1_166 O1_39 t1_167 -O1_40 -t1_168 -O1_41 -t1_169 -O1_42 -t1_170 O1_43 t1_171 O1_44 t1_172 -O1_45 -t1_173 -O1_46 -t1_174 O1_47 t1_175 -O1_48 -t1_176 O1_49 t1_177 O1_50 t1_178 O1_51 t1_179 O1_52 t1_180 -O1_53 -t1_181 O1_54 t1_182 -O1_55 -t1_183 O1_56 t1_184 -O1_57 -t1_185 O1_58 t1_186 O1_59 t1_187 -O1_60 -t1_188 O1_61 t1_189 O1_62 t1_190 -O1_63 -t1_191 O1_64 t1_192 -t1_65 -I_1 -I_2 -I_3 -I_4 -I_5 -I_6 -I_7 -I_8 I_9 I_10 -I_11 -I_12 -I_13 -I_14 -I_15 -I_16 -I_17 -I_18 -I_19 -I_20 -I_21 -I_22 -I_23 -I_24 -I_25 -I_26 -I_27 I_28 -I_29 -I_30 I_31 -I_32 -t1_66 t1_67 t1_68 -t1_69 -t1_70 -t1_71 -t1_72 t1_73 -t1_74 -t1_75 -t1_76 -t1_77 -t1_78 -t1_79 t1_80 -t1_81 -t1_82 t1_83 t1_84 -t1_85 -t1_86 t1_87 -t1_88 -t1_89 -t1_90 t1_91 -t1_92 t1_93 t1_94 t1_95 t1_96 -t1_97 -t1_98 -t1_99 -t1_100 -t1_101 -t1_102 -t1_103 t1_104 -t1_105 t1_106 t1_107 -t1_108 -t1_109 t1_110 t1_111 -t1_112 t1_113 -t1_114 t1_115 t1_116 -t1_117 -t1_118 -t1_119 -t1_120 t1_121 t1_122 -t1_123 t1_124 -t1_125 t1_126 -t1_127 -t1_128 -t1_129 -t1_130 t1_131 -t1_132 -t1_133 -t1_134 t1_135 -t1_136 t1_137 t1_138 t1_139 -t1_140 -t1_141 t1_142 t1_143 t1_144 t1_145 -t1_146 t1_147 t1_148 t1_149 t1_150 t1_151 -t1_152 t1_153 t1_154 -t1_155 t1_156 -t1_157 t1_158 t1_159 -t1_160 -O2_33 -t2_161 -O2_34 -t2_162 O2_35 t2_163 -O2_36 -t2_164 -O2_37 -t2_165 O2_38 t2_166 O2_39 t2_167 -O2_40 -t2_168 -O2_41 -t2_169 O2_42 t2_170 O2_43 t2_171 O2_44 t2_172 O2_45 t2_173 O2_46 t2_174 O2_47 t2_175 -O2_48 -t2_176 O2_49 t2_177 O2_50 t2_178 O2_51 t2_179 O2_52 t2_180 -O2_53 -t2_181 O2_54 t2_182 -O2_55 -t2_183 -O2_56 -t2_184 -O2_57 -t2_185 O2_58 t2_186 O2_59 t2_187 O2_60 t2_188 O2_61 t2_189 O2_62 t2_190 -O2_63 -t2_191 O2_64 t2_192 -t2_65 -t2_66 t2_67 t2_68 -t2_69 -t2_70 -t2_71 -t2_72 -t2_73 -t2_74 -t2_75 -t2_76 t2_77 -t2_78 -t2_79 -t2_80 -t2_81 -t2_82 t2_83 t2_84 -t2_85 -t2_86 t2_87 -t2_88 -t2_89 -t2_90 t2_91 t2_92 t2_93 t2_94 t2_95 t2_96 -t2_97 -t2_98 -t2_99 t2_100 t2_101 -t2_102 t2_103 t2_104 -t2_105 t2_106 t2_107 -t2_108 -t2_109 t2_110 t2_111 -t2_112 t2_113 t2_114 -t2_115 t2_116 -t2_117 -t2_118 -t2_119 t2_120 t2_121 t2_122 t2_123 t2_124 -t2_125 t2_126 -t2_127 -t2_128 -t2_129 -t2_130 t2_131 -t2_132 -t2_133 -t2_134 t2_135 -t2_136 -t2_137 t2_138 t2_139 -t2_140 -t2_141 -t2_142 t2_143 -t2_144 -t2_145 -t2_146 t2_147 t2_148 t2_149 t2_150 t2_151 -t2_152 t2_153 t2_154 t2_155 t2_156 -t2_157 t2_158 t2_159 -t2_160 -M_0 -M_1 -M_2 -M_3 -M_4 -M_5 -M_6 -M_7 -M_8 M_9 -M_10 -M_11 M_12 M_13 -M_14 -M_15 -M_16 -M_17 -M_18 -M_19 -M_20 -M_21 -M_22 M_23 -M_24 -M_25 -M_26 M_27 -M_28 -M_29 -M_30 -M_31
c _______________________________________________________________________________
c 
c restarts              : 12
c conflicts             : 17699          (460 /sec)
c decisions             : 238601         (6205 /sec)
c propagations          : 0              (0 /sec)
c inspects              : 0              (0 /sec)
c CPU time              : 38.4501 s
c _______________________________________________________________________________
