c Parsing PB file...
c Converting 929 PB-constraints to clauses...
c   -- Unit propagations: (none)
c   -- Detecting intervals from adjacent constraints: ##################################################################
c   -- Clauses(.)/Splits(s): .................................................................................................................................................................
c ---[ 927]---> BDD-cost:    1
c ---[ 925]---> BDD-cost:    1
c ---[ 923]---> BDD-cost:    1
c ---[ 921]---> BDD-cost:    1
c ---[ 919]---> BDD-cost:    1
c ---[ 917]---> BDD-cost:    1
c ---[ 915]---> BDD-cost:    1
c ---[ 913]---> BDD-cost:    1
c ---[ 911]---> BDD-cost:    1
c ---[ 909]---> BDD-cost:    1
c ---[ 907]---> BDD-cost:    1
c ---[ 905]---> BDD-cost:    1
c ---[ 903]---> BDD-cost:    1
c ---[ 901]---> BDD-cost:    1
c ---[ 899]---> BDD-cost:    1
c ---[ 897]---> BDD-cost:    1
c ---[ 895]---> BDD-cost:    1
c ---[ 893]---> BDD-cost:    1
c ---[ 891]---> BDD-cost:    1
c ---[ 889]---> BDD-cost:    1
c ---[ 887]---> BDD-cost:    1
c ---[ 885]---> BDD-cost:    1
c ---[ 883]---> BDD-cost:    1
c ---[ 881]---> BDD-cost:    1
c ---[ 879]---> BDD-cost:    1
c ---[ 877]---> BDD-cost:    1
c ---[ 875]---> BDD-cost:    1
c ---[ 873]---> BDD-cost:    1
c ---[ 871]---> BDD-cost:    1
c ---[ 869]---> BDD-cost:    1
c ---[ 867]---> BDD-cost:    1
c ---[ 865]---> BDD-cost:    1
c ---[ 864]---> Adder-cost: 254   maxlim: 2454   bits: 13/12
c ---[ 863]---> Adder-cost: 142   maxlim: 1570   bits: 12/11
c ---[ 862]---> Adder-cost: 233   maxlim: 1501   bits: 12/11
c ---[ 861]---> Adder-cost: 136   maxlim: 2807   bits: 13/12
c ---[ 860]---> Adder-cost: 258   maxlim: 1428   bits: 12/11
c ---[ 859]---> Adder-cost: 134   maxlim: 2387   bits: 13/12
c ---[ 858]---> Sorter-cost: 2792     Base: 2 2 3 3 3 2
c ---[ 857]---> Sorter-cost: 1898     Base: 2 2 3 3 3 2 13
c ---[ 856]---> Adder-cost: 243   maxlim: 2136   bits: 13/12
c ---[ 855]---> Adder-cost: 131   maxlim: 1911   bits: 12/11
c ---[ 854]---> Adder-cost: 226   maxlim: 2219   bits: 13/12
c ---[ 853]---> Adder-cost: 128   maxlim: 2149   bits: 13/12
c ---[ 852]---> Adder-cost: 241   maxlim: 2053   bits: 13/12
c ---[ 851]---> Adder-cost: 140   maxlim: 2131   bits: 13/12
c ---[ 850]---> Adder-cost: 230   maxlim: 2204   bits: 13/12
c ---[ 849]---> Adder-cost: 131   maxlim: 2616   bits: 13/12
c ---[ 848]---> Adder-cost: 221   maxlim: 1449   bits: 12/11
c ---[ 847]---> Adder-cost: 129   maxlim: 1864   bits: 12/11
c ---[ 846]---> Adder-cost: 229   maxlim: 1967   bits: 12/11
c ---[ 845]---> Adder-cost: 147   maxlim: 1530   bits: 12/11
c ---[ 844]---> Adder-cost: 230   maxlim: 1581   bits: 12/11
c ---[ 843]---> Adder-cost: 125   maxlim: 1963   bits: 12/11
c ---[ 842]---> Adder-cost: 221   maxlim: 1970   bits: 12/11
c ---[ 841]---> Adder-cost: 130   maxlim: 2026   bits: 12/11
c ---[ 840]---> Adder-cost: 249   maxlim: 2113   bits: 13/12
c ---[ 839]---> Adder-cost: 156   maxlim: 2092   bits: 13/12
c ---[ 838]---> Adder-cost: 225   maxlim: 1947   bits: 12/11
c ---[ 837]---> Adder-cost: 119   maxlim: 1487   bits: 12/11
c ---[ 836]---> Adder-cost: 265   maxlim: 1873   bits: 12/11
c ---[ 835]---> Adder-cost: 117   maxlim: 2449   bits: 13/12
c ---[ 834]---> Adder-cost: 216   maxlim: 1135   bits: 12/11
c ---[ 833]---> Adder-cost: 147   maxlim: 1958   bits: 12/11
c ---[ 832]---> Sorter-cost: 2195     Base: 2 2 2 3 2 2 2
c ---[ 831]---> Sorter-cost: 1672     Base: 2 2 2 3 2 2 2
c ---[ 830]---> Adder-cost: 257   maxlim: 1392   bits: 12/11
c ---[ 829]---> Adder-cost: 148   maxlim: 2559   bits: 13/12
c ---[ 828]---> Adder-cost: 229   maxlim: 1777   bits: 12/11
c ---[ 827]---> Adder-cost: 138   maxlim: 2306   bits: 13/12
c ---[ 826]---> Sorter-cost: 2933     Base: 3 2 5 3 2
c ---[ 825]---> Sorter-cost: 2865     Base: 3 3 3 2 3
c ---[ 824]---> Adder-cost: 233   maxlim: 1804   bits: 12/11
c ---[ 823]---> Adder-cost: 162   maxlim: 2773   bits: 13/12
c ---[ 822]---> Adder-cost: 235   maxlim: 2147   bits: 13/12
c ---[ 821]---> Adder-cost: 125   maxlim: 1764   bits: 12/11
c ---[ 820]---> Adder-cost: 210   maxlim: 2144   bits: 13/12
c ---[ 819]---> Adder-cost: 146   maxlim: 1530   bits: 12/11
c ---[ 818]---> Adder-cost: 248   maxlim: 2462   bits: 13/12
c ---[ 817]---> Adder-cost: 129   maxlim: 1837   bits: 12/11
c ---[ 816]---> Adder-cost: 206   maxlim: 2185   bits: 13/12
c ---[ 815]---> Adder-cost: 125   maxlim: 1675   bits: 12/11
c ---[ 814]---> Adder-cost: 243   maxlim: 2620   bits: 13/12
c ---[ 813]---> Adder-cost: 145   maxlim: 1245   bits: 12/11
c ---[ 812]---> Adder-cost: 219   maxlim: 1663   bits: 12/11
c ---[ 811]---> Adder-cost: 142   maxlim: 2476   bits: 13/12
c ---[ 810]---> Adder-cost: 213   maxlim: 2339   bits: 13/12
c ---[ 809]---> Adder-cost: 127   maxlim: 1704   bits: 12/11
c ---[ 808]---> Adder-cost: 242   maxlim: 1647   bits: 12/11
c ---[ 807]---> Adder-cost: 156   maxlim: 2396   bits: 13/12
c ---[ 806]---> Adder-cost: 220   maxlim: 1783   bits: 12/11
c ---[ 805]---> Adder-cost: 122   maxlim: 2131   bits: 13/12
c ---[ 804]---> Adder-cost: 240   maxlim: 1796   bits: 12/11
c ---[ 803]---> Sorter-cost: 2692     Base: 3 2 2 2 3 3
c ---[ 802]---> Adder-cost: 241   maxlim: 1847   bits: 12/11
c ---[ 801]---> Adder-cost: 146   maxlim: 2691   bits: 13/12
c ---[ 800]---> Adder-cost: 228   maxlim: 2219   bits: 13/12
c ---[ 799]---> Adder-cost: 128   maxlim: 2149   bits: 13/12
c ---[ 798]---> Adder-cost: 242   maxlim: 2053   bits: 13/12
c ---[ 797]---> Adder-cost: 140   maxlim: 2131   bits: 13/12
c ---[ 796]---> Adder-cost: 232   maxlim: 2204   bits: 13/12
c ---[ 795]---> Adder-cost: 131   maxlim: 2616   bits: 13/12
c ---[ 794]---> Adder-cost: 223   maxlim: 1449   bits: 12/11
c ---[ 793]---> Adder-cost: 129   maxlim: 1864   bits: 12/11
c ---[ 792]---> Adder-cost: 229   maxlim: 1967   bits: 12/11
c ---[ 791]---> Adder-cost: 147   maxlim: 1530   bits: 12/11
c ---[ 790]---> Adder-cost: 231   maxlim: 1581   bits: 12/11
c ---[ 789]---> Adder-cost: 125   maxlim: 1963   bits: 12/11
c ---[ 788]---> Adder-cost: 224   maxlim: 1970   bits: 12/11
c ---[ 787]---> Adder-cost: 130   maxlim: 2026   bits: 12/11
c ---[ 786]---> Adder-cost: 250   maxlim: 2113   bits: 13/12
c ---[ 785]---> Adder-cost: 156   maxlim: 2092   bits: 13/12
c ---[ 784]---> Adder-cost: 228   maxlim: 1947   bits: 12/11
c ---[ 783]---> Adder-cost: 119   maxlim: 1487   bits: 12/11
c ---[ 782]---> Adder-cost: 265   maxlim: 1873   bits: 12/11
c ---[ 781]---> Adder-cost: 117   maxlim: 2449   bits: 13/12
c ---[ 780]---> Adder-cost: 216   maxlim: 1135   bits: 12/11
c ---[ 779]---> Adder-cost: 147   maxlim: 1958   bits: 12/11
c ---[ 778]---> Sorter-cost: 2195     Base: 2 2 2 3 2 2 2
c ---[ 777]---> Sorter-cost: 1672     Base: 2 2 2 3 2 2 2
c ---[ 776]---> Adder-cost: 259   maxlim: 1392   bits: 12/11
c ---[ 775]---> Adder-cost: 148   maxlim: 2559   bits: 13/12
c ---[ 774]---> Adder-cost: 232   maxlim: 1777   bits: 12/11
c ---[ 773]---> Adder-cost: 138   maxlim: 2306   bits: 13/12
c ---[ 772]---> Sorter-cost: 2937     Base: 3 2 5 3 2
c ---[ 771]---> Sorter-cost: 2867     Base: 3 3 3 2 3
c ---[ 770]---> Adder-cost: 233   maxlim: 1804   bits: 12/11
c ---[ 769]---> Adder-cost: 162   maxlim: 2773   bits: 13/12
c ---[ 768]---> Adder-cost: 236   maxlim: 2147   bits: 13/12
c ---[ 767]---> Adder-cost: 125   maxlim: 1764   bits: 12/11
c ---[ 766]---> Adder-cost: 213   maxlim: 2144   bits: 13/12
c ---[ 765]---> Adder-cost: 146   maxlim: 1530   bits: 12/11
c ---[ 764]---> Adder-cost: 248   maxlim: 2462   bits: 13/12
c ---[ 763]---> Adder-cost: 129   maxlim: 1837   bits: 12/11
c ---[ 762]---> Adder-cost: 207   maxlim: 2185   bits: 13/12
c ---[ 761]---> Adder-cost: 125   maxlim: 1675   bits: 12/11
c ---[ 760]---> Adder-cost: 245   maxlim: 2620   bits: 13/12
c ---[ 759]---> Adder-cost: 145   maxlim: 1245   bits: 12/11
c ---[ 758]---> Adder-cost: 219   maxlim: 1663   bits: 12/11
c ---[ 757]---> Adder-cost: 142   maxlim: 2476   bits: 13/12
c ---[ 756]---> Adder-cost: 217   maxlim: 2339   bits: 13/12
c ---[ 755]---> Adder-cost: 127   maxlim: 1704   bits: 12/11
c ---[ 754]---> Adder-cost: 242   maxlim: 1647   bits: 12/11
c ---[ 753]---> Adder-cost: 156   maxlim: 2396   bits: 13/12
c ---[ 752]---> Adder-cost: 220   maxlim: 1783   bits: 12/11
c ---[ 751]---> Adder-cost: 122   maxlim: 2131   bits: 13/12
c ---[ 750]---> Adder-cost: 240   maxlim: 1796   bits: 12/11
c ---[ 749]---> Sorter-cost: 2696     Base: 3 2 2 2 3 3
c ---[ 748]---> Adder-cost: 242   maxlim: 1847   bits: 12/11
c ---[ 747]---> Adder-cost: 146   maxlim: 2691   bits: 13/12
c ---[ 746]---> Adder-cost: 245   maxlim: 1623   bits: 12/11
c ---[ 745]---> Adder-cost: 140   maxlim: 3019   bits: 13/12
c ---[ 744]---> Adder-cost: 239   maxlim: 2152   bits: 13/12
c ---[ 743]---> Adder-cost: 157   maxlim: 1713   bits: 12/11
c ---[ 742]---> Adder-cost: 233   maxlim: 1709   bits: 12/11
c ---[ 741]---> Adder-cost: 142   maxlim: 2488   bits: 13/12
c ---[ 740]---> Adder-cost: 234   maxlim: 2394   bits: 13/12
c ---[ 739]---> Adder-cost: 149   maxlim: 1463   bits: 12/11
c ---[ 738]---> Adder-cost: 247   maxlim: 1854   bits: 12/11
c ---[ 737]---> Adder-cost: 144   maxlim: 2044   bits: 12/11
c ---[ 736]---> Adder-cost: 231   maxlim: 1581   bits: 12/11
c ---[ 735]---> Adder-cost: 125   maxlim: 1963   bits: 12/11
c ---[ 734]---> Adder-cost: 225   maxlim: 1970   bits: 12/11
c ---[ 733]---> Adder-cost: 130   maxlim: 2026   bits: 12/11
c ---[ 732]---> Adder-cost: 253   maxlim: 2113   bits: 13/12
c ---[ 731]---> Adder-cost: 156   maxlim: 2092   bits: 13/12
c ---[ 730]---> Adder-cost: 232   maxlim: 1947   bits: 12/11
c ---[ 729]---> Adder-cost: 119   maxlim: 1487   bits: 12/11
c ---[ 728]---> Adder-cost: 265   maxlim: 1873   bits: 12/11
c ---[ 727]---> Adder-cost: 117   maxlim: 2449   bits: 13/12
c ---[ 726]---> Adder-cost: 217   maxlim: 1135   bits: 12/11
c ---[ 725]---> Adder-cost: 147   maxlim: 1958   bits: 12/11
c ---[ 724]---> Sorter-cost: 2195     Base: 2 2 2 3 2 2 2
c ---[ 723]---> Sorter-cost: 1672     Base: 2 2 2 3 2 2 2
c ---[ 722]---> Adder-cost: 259   maxlim: 1392   bits: 12/11
c ---[ 721]---> Adder-cost: 148   maxlim: 2559   bits: 13/12
c ---[ 720]---> Adder-cost: 234   maxlim: 1777   bits: 12/11
c ---[ 719]---> Adder-cost: 138   maxlim: 2306   bits: 13/12
c ---[ 718]---> Sorter-cost: 2937     Base: 3 2 5 3 2
c ---[ 717]---> Sorter-cost: 2867     Base: 3 3 3 2 3
c ---[ 716]---> Adder-cost: 235   maxlim: 1804   bits: 12/11
c ---[ 715]---> Adder-cost: 162   maxlim: 2773   bits: 13/12
c ---[ 714]---> Adder-cost: 236   maxlim: 2147   bits: 13/12
c ---[ 713]---> Adder-cost: 125   maxlim: 1764   bits: 12/11
c ---[ 712]---> Adder-cost: 214   maxlim: 2144   bits: 13/12
c ---[ 711]---> Adder-cost: 146   maxlim: 1530   bits: 12/11
c ---[ 710]---> Adder-cost: 248   maxlim: 2462   bits: 13/12
c ---[ 709]---> Adder-cost: 129   maxlim: 1837   bits: 12/11
c ---[ 708]---> Adder-cost: 208   maxlim: 2185   bits: 13/12
c ---[ 707]---> Adder-cost: 125   maxlim: 1675   bits: 12/11
c ---[ 706]---> Adder-cost: 245   maxlim: 2620   bits: 13/12
c ---[ 705]---> Adder-cost: 145   maxlim: 1245   bits: 12/11
c ---[ 704]---> Adder-cost: 225   maxlim: 1663   bits: 12/11
c ---[ 703]---> Adder-cost: 142   maxlim: 2476   bits: 13/12
c ---[ 702]---> Adder-cost: 217   maxlim: 2339   bits: 13/12
c ---[ 701]---> Adder-cost: 127   maxlim: 1704   bits: 12/11
c ---[ 700]---> Adder-cost: 243   maxlim: 1647   bits: 12/11
c ---[ 699]---> Adder-cost: 156   maxlim: 2396   bits: 13/12
c ---[ 698]---> Adder-cost: 221   maxlim: 1783   bits: 12/11
c ---[ 697]---> Adder-cost: 122   maxlim: 2131   bits: 13/12
c ---[ 696]---> Adder-cost: 242   maxlim: 1796   bits: 12/11
c ---[ 695]---> Sorter-cost: 2696     Base: 3 2 2 2 3 3
c ---[ 694]---> Adder-cost: 243   maxlim: 1847   bits: 12/11
c ---[ 693]---> Adder-cost: 146   maxlim: 2691   bits: 13/12
c ---[ 692]---> Adder-cost: 248   maxlim: 1623   bits: 12/11
c ---[ 691]---> Adder-cost: 140   maxlim: 3019   bits: 13/12
c ---[ 690]---> Adder-cost: 240   maxlim: 2152   bits: 13/12
c ---[ 689]---> Adder-cost: 157   maxlim: 1713   bits: 12/11
c ---[ 688]---> Adder-cost: 233   maxlim: 1709   bits: 12/11
c ---[ 687]---> Adder-cost: 142   maxlim: 2488   bits: 13/12
c ---[ 686]---> Adder-cost: 234   maxlim: 2394   bits: 13/12
c ---[ 685]---> Adder-cost: 149   maxlim: 1463   bits: 12/11
c ---[ 684]---> Adder-cost: 250   maxlim: 1854   bits: 12/11
c ---[ 683]---> Adder-cost: 144   maxlim: 2044   bits: 12/11
c ---[ 682]---> Adder-cost: 231   maxlim: 2237   bits: 13/12
c ---[ 681]---> Adder-cost: 124   maxlim: 1485   bits: 12/11
c ---[ 680]---> Adder-cost: 235   maxlim: 1679   bits: 12/11
c ---[ 679]---> Adder-cost: 161   maxlim: 1989   bits: 12/11
c ---[ 678]---> Adder-cost: 242   maxlim: 2118   bits: 13/12
c ---[ 677]---> Adder-cost: 162   maxlim: 1964   bits: 12/11
c ---[ 676]---> Adder-cost: 203   maxlim: 1611   bits: 12/11
c ---[ 675]---> Adder-cost: 134   maxlim: 2301   bits: 13/12
c ---[ 674]---> Adder-cost: 218   maxlim: 1735   bits: 12/11
c ---[ 673]---> Sorter-cost: 2340     Base: 2 2 2 2 3 3 7
c ---[ 672]---> Adder-cost: 221   maxlim: 1135   bits: 12/11
c ---[ 671]---> Adder-cost: 147   maxlim: 1958   bits: 12/11
c ---[ 670]---> Sorter-cost: 2195     Base: 2 2 2 3 2 2 2
c ---[ 669]---> Sorter-cost: 1672     Base: 2 2 2 3 2 2 2
c ---[ 668]---> Adder-cost: 259   maxlim: 1392   bits: 12/11
c ---[ 667]---> Adder-cost: 148   maxlim: 2559   bits: 13/12
c ---[ 666]---> Adder-cost: 235   maxlim: 1777   bits: 12/11
c ---[ 665]---> Adder-cost: 138   maxlim: 2306   bits: 13/12
c ---[ 664]---> Sorter-cost: 2937     Base: 3 2 5 3 2
c ---[ 663]---> Sorter-cost: 2867     Base: 3 3 3 2 3
c ---[ 662]---> Adder-cost: 235   maxlim: 1804   bits: 12/11
c ---[ 661]---> Adder-cost: 162   maxlim: 2773   bits: 13/12
c ---[ 660]---> Adder-cost: 237   maxlim: 2147   bits: 13/12
c ---[ 659]---> Adder-cost: 125   maxlim: 1764   bits: 12/11
c ---[ 658]---> Adder-cost: 214   maxlim: 2144   bits: 13/12
c ---[ 657]---> Adder-cost: 146   maxlim: 1530   bits: 12/11
c ---[ 656]---> Adder-cost: 249   maxlim: 2462   bits: 13/12
c ---[ 655]---> Adder-cost: 129   maxlim: 1837   bits: 12/11
c ---[ 654]---> Adder-cost: 210   maxlim: 2185   bits: 13/12
c ---[ 653]---> Adder-cost: 125   maxlim: 1675   bits: 12/11
c ---[ 652]---> Adder-cost: 245   maxlim: 2620   bits: 13/12
c ---[ 651]---> Adder-cost: 145   maxlim: 1245   bits: 12/11
c ---[ 650]---> Adder-cost: 225   maxlim: 1663   bits: 12/11
c ---[ 649]---> Adder-cost: 142   maxlim: 2476   bits: 13/12
c ---[ 648]---> Adder-cost: 221   maxlim: 2339   bits: 13/12
c ---[ 647]---> Adder-cost: 127   maxlim: 1704   bits: 12/11
c ---[ 646]---> Adder-cost: 246   maxlim: 1647   bits: 12/11
c ---[ 645]---> Adder-cost: 156   maxlim: 2396   bits: 13/12
c ---[ 644]---> Adder-cost: 223   maxlim: 1783   bits: 12/11
c ---[ 643]---> Adder-cost: 122   maxlim: 2131   bits: 13/12
c ---[ 642]---> Adder-cost: 242   maxlim: 1796   bits: 12/11
c ---[ 641]---> Sorter-cost: 2696     Base: 3 2 2 2 3 3
c ---[ 640]---> Adder-cost: 244   maxlim: 1847   bits: 12/11
c ---[ 639]---> Adder-cost: 146   maxlim: 2691   bits: 13/12
c ---[ 638]---> Adder-cost: 249   maxlim: 1623   bits: 12/11
c ---[ 637]---> Adder-cost: 140   maxlim: 3019   bits: 13/12
c ---[ 636]---> Adder-cost: 240   maxlim: 2152   bits: 13/12
c ---[ 635]---> Adder-cost: 157   maxlim: 1713   bits: 12/11
c ---[ 634]---> Adder-cost: 235   maxlim: 1709   bits: 12/11
c ---[ 633]---> Adder-cost: 142   maxlim: 2488   bits: 13/12
c ---[ 632]---> Adder-cost: 234   maxlim: 2394   bits: 13/12
c ---[ 631]---> Adder-cost: 149   maxlim: 1463   bits: 12/11
c ---[ 630]---> Adder-cost: 253   maxlim: 1854   bits: 12/11
c ---[ 629]---> Adder-cost: 144   maxlim: 2044   bits: 12/11
c ---[ 628]---> Adder-cost: 233   maxlim: 2237   bits: 13/12
c ---[ 627]---> Adder-cost: 124   maxlim: 1485   bits: 12/11
c ---[ 626]---> Adder-cost: 236   maxlim: 1679   bits: 12/11
c ---[ 625]---> Adder-cost: 161   maxlim: 1989   bits: 12/11
c ---[ 624]---> Adder-cost: 243   maxlim: 2118   bits: 13/12
c ---[ 623]---> Adder-cost: 162   maxlim: 1964   bits: 12/11
c ---[ 622]---> Adder-cost: 204   maxlim: 1611   bits: 12/11
c ---[ 621]---> Adder-cost: 134   maxlim: 2301   bits: 13/12
c ---[ 620]---> Adder-cost: 220   maxlim: 1735   bits: 12/11
c ---[ 619]---> Sorter-cost: 2340     Base: 2 2 2 2 3 3 7
c ---[ 618]---> Sorter-cost: 2900     Base: 3 2 3 2 2 3
c ---[ 617]---> Sorter-cost: 2776     Base: 3 2 3 3 3
c ---[ 616]---> Adder-cost: 243   maxlim: 2280   bits: 13/12
c ---[ 615]---> Adder-cost: 146   maxlim: 2299   bits: 13/12
c ---[ 614]---> Adder-cost: 229   maxlim: 2082   bits: 13/12
c ---[ 613]---> Adder-cost: 140   maxlim: 1778   bits: 12/11
c ---[ 612]---> Adder-cost: 241   maxlim: 1656   bits: 12/11
c ---[ 611]---> Adder-cost: 138   maxlim: 2327   bits: 13/12
c ---[ 610]---> Adder-cost: 264   maxlim: 2837   bits: 13/12
c ---[ 609]---> Adder-cost: 176   maxlim: 1760   bits: 12/11
c ---[ 608]---> Adder-cost: 236   maxlim: 1804   bits: 12/11
c ---[ 607]---> Adder-cost: 162   maxlim: 2773   bits: 13/12
c ---[ 606]---> Adder-cost: 238   maxlim: 2147   bits: 13/12
c ---[ 605]---> Adder-cost: 125   maxlim: 1764   bits: 12/11
c ---[ 604]---> Adder-cost: 217   maxlim: 2144   bits: 13/12
c ---[ 603]---> Adder-cost: 146   maxlim: 1530   bits: 12/11
c ---[ 602]---> Adder-cost: 250   maxlim: 2462   bits: 13/12
c ---[ 601]---> Adder-cost: 129   maxlim: 1837   bits: 12/11
c ---[ 600]---> Adder-cost: 210   maxlim: 2185   bits: 13/12
c ---[ 599]---> Adder-cost: 125   maxlim: 1675   bits: 12/11
c ---[ 598]---> Adder-cost: 246   maxlim: 2620   bits: 13/12
c ---[ 597]---> Adder-cost: 145   maxlim: 1245   bits: 12/11
c ---[ 596]---> Adder-cost: 229   maxlim: 1663   bits: 12/11
c ---[ 595]---> Adder-cost: 142   maxlim: 2476   bits: 13/12
c ---[ 594]---> Adder-cost: 221   maxlim: 2339   bits: 13/12
c ---[ 593]---> Adder-cost: 127   maxlim: 1704   bits: 12/11
c ---[ 592]---> Adder-cost: 246   maxlim: 1647   bits: 12/11
c ---[ 591]---> Adder-cost: 156   maxlim: 2396   bits: 13/12
c ---[ 590]---> Adder-cost: 225   maxlim: 1783   bits: 12/11
c ---[ 589]---> Adder-cost: 122   maxlim: 2131   bits: 13/12
c ---[ 588]---> Adder-cost: 242   maxlim: 1796   bits: 12/11
c ---[ 587]---> Sorter-cost: 2704     Base: 3 2 2 2 3 3
c ---[ 586]---> Adder-cost: 245   maxlim: 1847   bits: 12/11
c ---[ 585]---> Adder-cost: 146   maxlim: 2691   bits: 13/12
c ---[ 584]---> Adder-cost: 249   maxlim: 1623   bits: 12/11
c ---[ 583]---> Adder-cost: 140   maxlim: 3019   bits: 13/12
c ---[ 582]---> Adder-cost: 240   maxlim: 2152   bits: 13/12
c ---[ 581]---> Adder-cost: 157   maxlim: 1713   bits: 12/11
c ---[ 580]---> Adder-cost: 236   maxlim: 1709   bits: 12/11
c ---[ 579]---> Adder-cost: 142   maxlim: 2488   bits: 13/12
c ---[ 578]---> Adder-cost: 235   maxlim: 2394   bits: 13/12
c ---[ 577]---> Adder-cost: 149   maxlim: 1463   bits: 12/11
c ---[ 576]---> Adder-cost: 253   maxlim: 1854   bits: 12/11
c ---[ 575]---> Adder-cost: 144   maxlim: 2044   bits: 12/11
c ---[ 574]---> Adder-cost: 234   maxlim: 2237   bits: 13/12
c ---[ 573]---> Adder-cost: 124   maxlim: 1485   bits: 12/11
c ---[ 572]---> Adder-cost: 236   maxlim: 1679   bits: 12/11
c ---[ 571]---> Adder-cost: 161   maxlim: 1989   bits: 12/11
c ---[ 570]---> Adder-cost: 245   maxlim: 2118   bits: 13/12
c ---[ 569]---> Adder-cost: 162   maxlim: 1964   bits: 12/11
c ---[ 568]---> Adder-cost: 204   maxlim: 1611   bits: 12/11
c ---[ 567]---> Adder-cost: 134   maxlim: 2301   bits: 13/12
c ---[ 566]---> Adder-cost: 220   maxlim: 1735   bits: 12/11
c ---[ 565]---> Sorter-cost: 2350     Base: 2 2 2 2 3 3 7
c ---[ 564]---> Sorter-cost: 2902     Base: 3 2 3 2 2 3
c ---[ 563]---> Sorter-cost: 2776     Base: 3 2 3 3 3
c ---[ 562]---> Adder-cost: 247   maxlim: 2280   bits: 13/12
c ---[ 561]---> Adder-cost: 146   maxlim: 2299   bits: 13/12
c ---[ 560]---> Adder-cost: 230   maxlim: 2082   bits: 13/12
c ---[ 559]---> Adder-cost: 140   maxlim: 1778   bits: 12/11
c ---[ 558]---> Adder-cost: 244   maxlim: 1656   bits: 12/11
c ---[ 557]---> Adder-cost: 138   maxlim: 2327   bits: 13/12
c ---[ 556]---> Adder-cost: 264   maxlim: 2837   bits: 13/12
c ---[ 555]---> Adder-cost: 176   maxlim: 1760   bits: 12/11
c ---[ 554]---> Adder-cost: 246   maxlim: 2034   bits: 12/11
c ---[ 553]---> Adder-cost: 146   maxlim: 1818   bits: 12/11
c ---[ 552]---> Adder-cost: 252   maxlim: 2645   bits: 13/12
c ---[ 551]---> Adder-cost: 156   maxlim: 2175   bits: 13/12
c ---[ 550]---> Adder-cost: 229   maxlim: 2243   bits: 13/12
c ---[ 549]---> Adder-cost: 162   maxlim: 2014   bits: 12/11
c ---[ 548]---> Adder-cost: 233   maxlim: 1915   bits: 12/11
c ---[ 547]---> Adder-cost: 139   maxlim: 1720   bits: 12/11
c ---[ 546]---> Adder-cost: 219   maxlim: 2153   bits: 13/12
c ---[ 545]---> Adder-cost: 130   maxlim: 1957   bits: 12/11
c ---[ 543]---> BDD-cost:    1
c ---[ 541]---> BDD-cost:    1
c ---[ 539]---> BDD-cost:    1
c ---[ 537]---> BDD-cost:    1
c ---[ 535]---> BDD-cost:    1
c ---[ 533]---> BDD-cost:    1
c ---[ 531]---> BDD-cost:    1
c ---[ 529]---> BDD-cost:    1
c ---[ 527]---> BDD-cost:    1
c ---[ 525]---> BDD-cost:    1
c ---[ 523]---> BDD-cost:    1
c ---[ 521]---> BDD-cost:    1
c ---[ 519]---> BDD-cost:    1
c ---[ 517]---> BDD-cost:    1
c ---[ 515]---> BDD-cost:    1
c ---[ 513]---> BDD-cost:    1
c ---[ 511]---> BDD-cost:    1
c ---[ 509]---> BDD-cost:    1
c ---[ 507]---> BDD-cost:    1
c ---[ 505]---> BDD-cost:    1
c ---[ 503]---> BDD-cost:    1
c ---[ 501]---> BDD-cost:    1
c ---[ 499]---> BDD-cost:    1
c ---[ 497]---> BDD-cost:    1
c ---[ 495]---> BDD-cost:    1
c ---[ 493]---> BDD-cost:    1
c ---[ 491]---> BDD-cost:    1
c ---[ 489]---> BDD-cost:    1
c ---[ 487]---> BDD-cost:    1
c ---[ 485]---> BDD-cost:    1
c ---[ 483]---> BDD-cost:    1
c ---[ 481]---> BDD-cost:    1
c ---[ 480]---> Sorter-cost:  865     Base: 2 3 2 11
c ---[ 479]---> Sorter-cost:  715     Base: 2 3 2
c ---[ 478]---> Adder-cost: 91   maxlim: 88   bits: 8/7
c ---[ 477]---> Adder-cost: 73   maxlim: 166   bits: 9/8
c ---[ 476]---> Adder-cost: 117   maxlim: 84   bits: 8/7
c ---[ 475]---> Adder-cost: 85   maxlim: 138   bits: 9/8
c ---[ 474]---> Sorter-cost: 1526     Base: 7 2
c ---[ 473]---> Sorter-cost: 1090     Base: 7 2
c ---[ 472]---> Adder-cost: 114   maxlim: 126   bits: 8/7
c ---[ 471]---> Adder-cost: 78   maxlim: 112   bits: 8/7
c ---[ 470]---> Adder-cost: 111   maxlim: 133   bits: 9/8
c ---[ 469]---> Adder-cost: 80   maxlim: 126   bits: 8/7
c ---[ 468]---> Sorter-cost: 1282     Base: 2 3 2
c ---[ 467]---> Sorter-cost: 1091     Base: 2 2 3
c ---[ 466]---> Sorter-cost: 1320     Base: 2 2 3
c ---[ 465]---> Sorter-cost:  996     Base: 2 2 3
c ---[ 464]---> Sorter-cost:  923     Base: 2 2 3
c ---[ 463]---> Sorter-cost:  731     Base: 2 2 3
c ---[ 462]---> Adder-cost: 93   maxlim: 113   bits: 8/7
c ---[ 461]---> Adder-cost: 46   maxlim: 89   bits: 8/7
c ---[ 460]---> Sorter-cost: 1157     Base: 2 2 3
c ---[ 459]---> Sorter-cost:  899     Base: 2 2 3
c ---[ 458]---> Sorter-cost: 1312     Base: 2 3 2
c ---[ 457]---> Sorter-cost: 1050     Base: 3 2 2
c ---[ 456]---> Sorter-cost: 1353     Base: 2 2 3
c ---[ 455]---> Sorter-cost:  948     Base: 2 2 3
c ---[ 454]---> Adder-cost: 73   maxlim: 116   bits: 8/7
c ---[ 453]---> Adder-cost: 69   maxlim: 85   bits: 8/7
c ---[ 452]---> Sorter-cost: 1347     Base: 2 2 3
c ---[ 451]---> Sorter-cost: 1370     Base: 2 3 11
c ---[ 450]---> Sorter-cost:  836     Base: 2 3 11
c ---[ 449]---> Sorter-cost:  569     Base: 2 3 17
c ---[ 448]---> Sorter-cost:  966     Base: 2 3 2
c ---[ 447]---> Sorter-cost:  802     Base: 2 2 3
c ---[ 446]---> Sorter-cost: 1209     Base: 2 2 2
c ---[ 445]---> Sorter-cost: 1145     Base: 2 2 3
c ---[ 444]---> Adder-cost: 90   maxlim: 106   bits: 8/7
c ---[ 443]---> Adder-cost: 62   maxlim: 135   bits: 9/8
c ---[ 442]---> Sorter-cost: 1311     Base: 2 3 2
c ---[ 441]---> Sorter-cost: 1094     Base: 2 2 3
c ---[ 440]---> Sorter-cost: 1115     Base: 2 3 2
c ---[ 439]---> Sorter-cost:  956     Base: 2 3 2
c ---[ 438]---> Adder-cost: 94   maxlim: 128   bits: 9/8
c ---[ 437]---> Adder-cost: 71   maxlim: 99   bits: 8/7
c ---[ 436]---> Sorter-cost: 1177     Base: 2 5 13
c ---[ 435]---> Adder-cost: 75   maxlim: 85   bits: 8/7
c ---[ 434]---> Sorter-cost: 1433     Base: 2 5 7
c ---[ 433]---> Sorter-cost: 1018     Base: 2 5
c ---[ 432]---> Sorter-cost: 1054     Base: 3 3 7
c ---[ 431]---> Sorter-cost:  564     Base: 3 3 11
c ---[ 430]---> Sorter-cost: 1149     Base: 3 3 17
c ---[ 429]---> Sorter-cost:  979     Base: 3 3
c ---[ 428]---> Adder-cost: 112   maxlim: 98   bits: 8/7
c ---[ 427]---> Adder-cost: 78   maxlim: 147   bits: 9/8
c ---[ 426]---> Sorter-cost: 1046     Base: 2 2 2 17
c ---[ 425]---> Sorter-cost: 1036     Base: 2 2 2
c ---[ 424]---> Sorter-cost: 1295     Base: 2 2 2
c ---[ 423]---> Sorter-cost:  788     Base: 2 2 2 17
c ---[ 422]---> Sorter-cost: 1162     Base: 2 2 3
c ---[ 421]---> Sorter-cost:  737     Base: 2 2 3
c ---[ 420]---> Sorter-cost: 1205     Base: 3 3
c ---[ 419]---> Sorter-cost:  981     Base: 3 3
c ---[ 418]---> Sorter-cost: 1118     Base: 2 3 2
c ---[ 417]---> Sorter-cost:  748     Base: 2 3 2 13
c ---[ 416]---> Adder-cost: 130   maxlim: 133   bits: 9/8
c ---[ 415]---> Adder-cost: 80   maxlim: 126   bits: 8/7
c ---[ 414]---> Sorter-cost: 1294     Base: 2 3 2
c ---[ 413]---> Sorter-cost: 1091     Base: 2 2 3
c ---[ 412]---> Sorter-cost: 1326     Base: 2 2 3
c ---[ 411]---> Sorter-cost:  996     Base: 2 2 3
c ---[ 410]---> Sorter-cost:  925     Base: 2 2 3
c ---[ 409]---> Sorter-cost:  731     Base: 2 2 3
c ---[ 408]---> Adder-cost: 103   maxlim: 113   bits: 8/7
c ---[ 407]---> Adder-cost: 46   maxlim: 89   bits: 8/7
c ---[ 406]---> Sorter-cost: 1163     Base: 2 2 3
c ---[ 405]---> Sorter-cost:  899     Base: 2 2 3
c ---[ 404]---> Sorter-cost: 1320     Base: 2 3 2
c ---[ 403]---> Sorter-cost: 1050     Base: 3 2 2
c ---[ 402]---> Sorter-cost: 1369     Base: 2 2 3
c ---[ 401]---> Sorter-cost:  948     Base: 2 2 3
c ---[ 400]---> Adder-cost: 100   maxlim: 116   bits: 8/7
c ---[ 399]---> Adder-cost: 69   maxlim: 85   bits: 8/7
c ---[ 398]---> Sorter-cost: 1351     Base: 2 2 3
c ---[ 397]---> Sorter-cost: 1380     Base: 2 3 11
c ---[ 396]---> Sorter-cost:  838     Base: 2 3 11
c ---[ 395]---> Sorter-cost:  569     Base: 2 3 17
c ---[ 394]---> Sorter-cost: 1014     Base: 2 3 2
c ---[ 393]---> Sorter-cost:  804     Base: 2 2 3
c ---[ 392]---> Sorter-cost: 1217     Base: 2 2 2
c ---[ 391]---> Sorter-cost: 1147     Base: 2 2 3
c ---[ 390]---> Adder-cost: 121   maxlim: 106   bits: 8/7
c ---[ 389]---> Adder-cost: 64   maxlim: 135   bits: 9/8
c ---[ 388]---> Sorter-cost: 1325     Base: 2 3 2
c ---[ 387]---> Sorter-cost: 1096     Base: 2 2 3
c ---[ 386]---> Sorter-cost: 1121     Base: 2 3 2
c ---[ 385]---> Sorter-cost:  956     Base: 2 3 2
c ---[ 384]---> Adder-cost: 114   maxlim: 128   bits: 9/8
c ---[ 383]---> Adder-cost: 71   maxlim: 99   bits: 8/7
c ---[ 382]---> Adder-cost: 104   maxlim: 129   bits: 9/8
c ---[ 381]---> Adder-cost: 54   maxlim: 85   bits: 8/7
c ---[ 380]---> Sorter-cost: 1435     Base: 2 5 7
c ---[ 379]---> Sorter-cost: 1018     Base: 2 5
c ---[ 378]---> Sorter-cost: 1062     Base: 3 3 7
c ---[ 377]---> Sorter-cost:  564     Base: 3 3 11
c ---[ 376]---> Sorter-cost: 1155     Base: 3 3 17
c ---[ 375]---> Sorter-cost:  979     Base: 3 3
c ---[ 374]---> Adder-cost: 127   maxlim: 98   bits: 8/7
c ---[ 373]---> Adder-cost: 80   maxlim: 147   bits: 9/8
c ---[ 372]---> Sorter-cost: 1050     Base: 2 2 2 17
c ---[ 371]---> Sorter-cost: 1036     Base: 2 2 2
c ---[ 370]---> Sorter-cost: 1299     Base: 2 2 2
c ---[ 369]---> Sorter-cost:  788     Base: 2 2 2 17
c ---[ 368]---> Sorter-cost: 1168     Base: 2 2 3
c ---[ 367]---> Sorter-cost:  737     Base: 2 2 3
c ---[ 366]---> Sorter-cost: 1223     Base: 3 3
c ---[ 365]---> Sorter-cost:  981     Base: 3 3
c ---[ 364]---> Sorter-cost: 1120     Base: 2 3 2
c ---[ 363]---> Sorter-cost:  748     Base: 2 3 2 13
c ---[ 362]---> Sorter-cost: 1216     Base: 3 2 2
c ---[ 361]---> Sorter-cost:  764     Base: 3 2 2 5
c ---[ 360]---> Sorter-cost: 1041     Base: 2 2 3
c ---[ 359]---> Sorter-cost:  695     Base: 2 2 3
c ---[ 358]---> Adder-cost: 111   maxlim: 100   bits: 8/7
c ---[ 357]---> Sorter-cost: 1101     Base: 2 2 2 17
c ---[ 356]---> Adder-cost: 125   maxlim: 140   bits: 9/8
c ---[ 355]---> Adder-cost: 77   maxlim: 87   bits: 8/7
c ---[ 354]---> Sorter-cost: 1316     Base: 2 2 3
c ---[ 353]---> Sorter-cost:  910     Base: 2 2 3
c ---[ 352]---> Sorter-cost: 1163     Base: 2 2 3
c ---[ 351]---> Sorter-cost:  899     Base: 2 2 3
c ---[ 350]---> Sorter-cost: 1320     Base: 2 3 2
c ---[ 349]---> Sorter-cost: 1050     Base: 3 2 2
c ---[ 348]---> Sorter-cost: 1371     Base: 2 2 3
c ---[ 347]---> Sorter-cost:  948     Base: 2 2 3
c ---[ 346]---> Adder-cost: 101   maxlim: 116   bits: 8/7
c ---[ 345]---> Adder-cost: 69   maxlim: 85   bits: 8/7
c ---[ 344]---> Sorter-cost: 1355     Base: 2 2 3
c ---[ 343]---> Sorter-cost: 1380     Base: 2 3 11
c ---[ 342]---> Sorter-cost:  842     Base: 2 3 11
c ---[ 341]---> Sorter-cost:  569     Base: 2 3 17
c ---[ 340]---> Sorter-cost: 1016     Base: 2 3 2
c ---[ 339]---> Sorter-cost:  804     Base: 2 2 3
c ---[ 338]---> Adder-cost: 109   maxlim: 79   bits: 8/7
c ---[ 337]---> Adder-cost: 64   maxlim: 148   bits: 9/8
c ---[ 336]---> Adder-cost: 121   maxlim: 106   bits: 8/7
c ---[ 335]---> Adder-cost: 64   maxlim: 135   bits: 9/8
c ---[ 334]---> Sorter-cost: 1325     Base: 2 3 2
c ---[ 333]---> Sorter-cost: 1096     Base: 2 2 3
c ---[ 332]---> Sorter-cost: 1127     Base: 2 3 2
c ---[ 331]---> Sorter-cost:  956     Base: 2 3 2
c ---[ 330]---> Adder-cost: 114   maxlim: 128   bits: 9/8
c ---[ 329]---> Adder-cost: 71   maxlim: 99   bits: 8/7
c ---[ 328]---> Adder-cost: 104   maxlim: 129   bits: 9/8
c ---[ 327]---> Adder-cost: 54   maxlim: 85   bits: 8/7
c ---[ 326]---> Sorter-cost: 1435     Base: 2 5 7
c ---[ 325]---> Sorter-cost: 1018     Base: 2 5
c ---[ 324]---> Sorter-cost: 1068     Base: 3 3 7
c ---[ 323]---> Sorter-cost:  564     Base: 3 3 11
c ---[ 322]---> Sorter-cost: 1157     Base: 3 3 17
c ---[ 321]---> Sorter-cost:  979     Base: 3 3
c ---[ 320]---> Adder-cost: 127   maxlim: 98   bits: 8/7
c ---[ 319]---> Adder-cost: 80   maxlim: 147   bits: 9/8
c ---[ 318]---> Sorter-cost: 1050     Base: 2 2 2 17
c ---[ 317]---> Sorter-cost: 1036     Base: 2 2 2
c ---[ 316]---> Sorter-cost: 1299     Base: 2 2 2
c ---[ 315]---> Sorter-cost:  788     Base: 2 2 2 17
c ---[ 314]---> Sorter-cost: 1168     Base: 2 2 3
c ---[ 313]---> Sorter-cost:  737     Base: 2 2 3
c ---[ 312]---> Sorter-cost: 1225     Base: 3 3
c ---[ 311]---> Sorter-cost:  981     Base: 3 3
c ---[ 310]---> Sorter-cost: 1124     Base: 2 3 2
c ---[ 309]---> Sorter-cost:  748     Base: 2 3 2 13
c ---[ 308]---> Sorter-cost: 1216     Base: 3 2 2
c ---[ 307]---> Sorter-cost:  764     Base: 3 2 2 5
c ---[ 306]---> Sorter-cost: 1043     Base: 2 2 3
c ---[ 305]---> Sorter-cost:  695     Base: 2 2 3
c ---[ 304]---> Adder-cost: 111   maxlim: 100   bits: 8/7
c ---[ 303]---> Sorter-cost: 1103     Base: 2 2 2 17
c ---[ 302]---> Adder-cost: 125   maxlim: 140   bits: 9/8
c ---[ 301]---> Adder-cost: 77   maxlim: 87   bits: 8/7
c ---[ 300]---> Sorter-cost: 1316     Base: 2 2 3
c ---[ 299]---> Sorter-cost:  910     Base: 2 2 3
c ---[ 298]---> Adder-cost: 110   maxlim: 129   bits: 9/8
c ---[ 297]---> Adder-cost: 77   maxlim: 88   bits: 8/7
c ---[ 296]---> Sorter-cost: 1207     Base: 3 3
c ---[ 295]---> Sorter-cost:  618     Base: 3 3 13
c ---[ 294]---> Sorter-cost: 1295     Base: 2 2 3
c ---[ 293]---> Sorter-cost:  930     Base: 2 2 3
c ---[ 292]---> Sorter-cost: 1270     Base: 2 2 3
c ---[ 291]---> Sorter-cost:  958     Base: 2 2 3
c ---[ 290]---> Sorter-cost: 1075     Base: 3 3
c ---[ 289]---> Sorter-cost:  574     Base: 3 3 13
c ---[ 288]---> Sorter-cost:  848     Base: 2 3 11
c ---[ 287]---> Sorter-cost:  569     Base: 2 3 17
c ---[ 286]---> Sorter-cost: 1022     Base: 2 3 2
c ---[ 285]---> Sorter-cost:  806     Base: 2 2 3
c ---[ 284]---> Adder-cost: 109   maxlim: 79   bits: 8/7
c ---[ 283]---> Adder-cost: 64   maxlim: 148   bits: 9/8
c ---[ 282]---> Adder-cost: 121   maxlim: 106   bits: 8/7
c ---[ 281]---> Adder-cost: 64   maxlim: 135   bits: 9/8
c ---[ 280]---> Sorter-cost: 1333     Base: 2 3 2
c ---[ 279]---> Sorter-cost: 1100     Base: 2 2 3
c ---[ 278]---> Sorter-cost: 1131     Base: 2 3 2
c ---[ 277]---> Sorter-cost:  956     Base: 2 3 2
c ---[ 276]---> Adder-cost: 114   maxlim: 128   bits: 9/8
c ---[ 275]---> Adder-cost: 71   maxlim: 99   bits: 8/7
c ---[ 274]---> Adder-cost: 104   maxlim: 129   bits: 9/8
c ---[ 273]---> Adder-cost: 54   maxlim: 85   bits: 8/7
c ---[ 272]---> Sorter-cost: 1437     Base: 2 5 7
c ---[ 271]---> Sorter-cost: 1018     Base: 2 5
c ---[ 270]---> Sorter-cost: 1070     Base: 3 3 7
c ---[ 269]---> Sorter-cost:  564     Base: 3 3 11
c ---[ 268]---> Sorter-cost: 1159     Base: 3 3 17
c ---[ 267]---> Sorter-cost:  979     Base: 3 3
c ---[ 266]---> Adder-cost: 127   maxlim: 98   bits: 8/7
c ---[ 265]---> Adder-cost: 80   maxlim: 147   bits: 9/8
c ---[ 264]---> Sorter-cost: 1052     Base: 2 2 2 17
c ---[ 263]---> Sorter-cost: 1036     Base: 2 2 2
c ---[ 262]---> Adder-cost: 117   maxlim: 95   bits: 8/7
c ---[ 261]---> Sorter-cost: 1166     Base: 2 2 2 17
c ---[ 260]---> Sorter-cost: 1168     Base: 2 2 3
c ---[ 259]---> Sorter-cost:  737     Base: 2 2 3
c ---[ 258]---> Sorter-cost: 1229     Base: 3 3
c ---[ 257]---> Sorter-cost:  981     Base: 3 3
c ---[ 256]---> Sorter-cost: 1130     Base: 2 3 2
c ---[ 255]---> Sorter-cost:  748     Base: 2 3 2 13
c ---[ 254]---> Sorter-cost: 1216     Base: 3 2 2
c ---[ 253]---> Sorter-cost:  764     Base: 3 2 2 5
c ---[ 252]---> Sorter-cost: 1047     Base: 2 2 3
c ---[ 251]---> Sorter-cost:  695     Base: 2 2 3
c ---[ 250]---> Adder-cost: 111   maxlim: 100   bits: 8/7
c ---[ 249]---> Sorter-cost: 1109     Base: 2 2 2 17
c ---[ 248]---> Adder-cost: 125   maxlim: 140   bits: 9/8
c ---[ 247]---> Adder-cost: 77   maxlim: 87   bits: 8/7
c ---[ 246]---> Sorter-cost: 1316     Base: 2 2 3
c ---[ 245]---> Sorter-cost:  910     Base: 2 2 3
c ---[ 244]---> Adder-cost: 109   maxlim: 129   bits: 9/8
c ---[ 243]---> Adder-cost: 77   maxlim: 88   bits: 8/7
c ---[ 242]---> Sorter-cost: 1211     Base: 3 3
c ---[ 241]---> Sorter-cost:  618     Base: 3 3 13
c ---[ 240]---> Sorter-cost: 1297     Base: 2 2 3
c ---[ 239]---> Sorter-cost:  930     Base: 2 2 3
c ---[ 238]---> Sorter-cost: 1274     Base: 2 2 3
c ---[ 237]---> Sorter-cost:  958     Base: 2 2 3
c ---[ 236]---> Sorter-cost: 1075     Base: 3 3
c ---[ 235]---> Sorter-cost:  574     Base: 3 3 13
c ---[ 234]---> Sorter-cost: 1332     Base: 2 2 3
c ---[ 233]---> Sorter-cost:  900     Base: 2 2 3
c ---[ 231]---> Adder-cost: 127   maxlim: 271   bits: 9/9
c ---[ 230]---> Sorter-cost: 1273     Base: 2 2 3
c ---[ 229]---> Sorter-cost:  764     Base: 2 2 3
c ---[ 228]---> Sorter-cost: 1254     Base: 2 3 2
c ---[ 227]---> Sorter-cost:  917     Base: 2 3 2
c ---[ 226]---> Sorter-cost: 1248     Base: 3 3 17
c ---[ 225]---> Sorter-cost: 1065     Base: 3 3
c ---[ 224]---> Sorter-cost: 1133     Base: 2 3 2
c ---[ 223]---> Sorter-cost:  956     Base: 2 3 2
c ---[ 222]---> Adder-cost: 114   maxlim: 128   bits: 9/8
c ---[ 221]---> Adder-cost: 71   maxlim: 99   bits: 8/7
c ---[ 220]---> Adder-cost: 104   maxlim: 129   bits: 9/8
c ---[ 219]---> Adder-cost: 54   maxlim: 85   bits: 8/7
c ---[ 218]---> Sorter-cost: 1437     Base: 2 5 7
c ---[ 217]---> Sorter-cost: 1018     Base: 2 5
c ---[ 216]---> Sorter-cost: 1070     Base: 3 3 7
c ---[ 215]---> Sorter-cost:  564     Base: 3 3 11
c ---[ 214]---> Sorter-cost: 1161     Base: 3 3 17
c ---[ 213]---> Sorter-cost:  979     Base: 3 3
c ---[ 212]---> Adder-cost: 127   maxlim: 98   bits: 8/7
c ---[ 211]---> Adder-cost: 80   maxlim: 147   bits: 9/8
c ---[ 210]---> Sorter-cost: 1052     Base: 2 2 2 17
c ---[ 209]---> Sorter-cost: 1036     Base: 2 2 2
c ---[ 208]---> Adder-cost: 117   maxlim: 95   bits: 8/7
c ---[ 207]---> Sorter-cost: 1170     Base: 2 2 2 17
c ---[ 206]---> Sorter-cost: 1172     Base: 2 2 3
c ---[ 205]---> Sorter-cost:  737     Base: 2 2 3
c ---[ 204]---> Sorter-cost: 1231     Base: 3 3
c ---[ 203]---> Sorter-cost:  981     Base: 3 3
c ---[ 202]---> Sorter-cost: 1130     Base: 2 3 2
c ---[ 201]---> Sorter-cost:  748     Base: 2 3 2 13
c ---[ 200]---> Sorter-cost: 1216     Base: 3 2 2
c ---[ 199]---> Sorter-cost:  764     Base: 3 2 2 5
c ---[ 198]---> Sorter-cost: 1049     Base: 2 2 3
c ---[ 197]---> Sorter-cost:  695     Base: 2 2 3
c ---[ 196]---> Adder-cost: 111   maxlim: 100   bits: 8/7
c ---[ 195]---> Sorter-cost: 1115     Base: 2 2 2 17
c ---[ 194]---> Adder-cost: 125   maxlim: 140   bits: 9/8
c ---[ 193]---> Adder-cost: 77   maxlim: 87   bits: 8/7
c ---[ 192]---> Sorter-cost: 1320     Base: 2 2 3
c ---[ 191]---> Sorter-cost:  910     Base: 2 2 3
c ---[ 190]---> Adder-cost: 109   maxlim: 129   bits: 9/8
c ---[ 189]---> Adder-cost: 77   maxlim: 88   bits: 8/7
c ---[ 188]---> Sorter-cost: 1215     Base: 3 3
c ---[ 187]---> Sorter-cost:  618     Base: 3 3 13
c ---[ 186]---> Sorter-cost: 1299     Base: 2 2 3
c ---[ 185]---> Sorter-cost:  930     Base: 2 2 3
c ---[ 184]---> Sorter-cost: 1276     Base: 2 2 3
c ---[ 183]---> Sorter-cost:  958     Base: 2 2 3
c ---[ 182]---> Sorter-cost: 1075     Base: 3 3
c ---[ 181]---> Sorter-cost:  574     Base: 3 3 13
c ---[ 180]---> Sorter-cost: 1332     Base: 2 2 3
c ---[ 179]---> Sorter-cost:  900     Base: 2 2 3
c ---[ 177]---> Adder-cost: 127   maxlim: 271   bits: 9/9
c ---[ 176]---> Sorter-cost: 1273     Base: 2 2 3
c ---[ 175]---> Sorter-cost:  764     Base: 2 2 3
c ---[ 174]---> Sorter-cost: 1256     Base: 2 3 2
c ---[ 173]---> Sorter-cost:  917     Base: 2 3 2
c ---[ 172]---> Sorter-cost: 1252     Base: 3 3 17
c ---[ 171]---> Sorter-cost: 1065     Base: 3 3
c ---[ 170]---> Sorter-cost: 1186     Base: 2 3 2
c ---[ 169]---> Sorter-cost:  895     Base: 2 3 2
c ---[ 168]---> Sorter-cost: 1449     Base: 2 3 2
c ---[ 167]---> Sorter-cost: 1138     Base: 2 3 2
c ---[ 166]---> Sorter-cost: 1232     Base: 3 2 2
c ---[ 165]---> Sorter-cost: 1060     Base: 3 3 13
c ---[ 164]---> Sorter-cost: 1264     Base: 3 3
c ---[ 163]---> Sorter-cost:  987     Base: 3 3
c ---[ 162]---> Sorter-cost: 1346     Base: 2 2 3
c ---[ 161]---> Sorter-cost:  930     Base: 2 2 3
c ==================================[MINISAT+]==================================
c | Conflicts | Original         | Learnt                           | Progress |
c |           | Clauses Literals |     Max Clauses Literals     LPC |          |
c ==============================================================================
c |         0 | 1108435  3104058 |  369478       0        0    -nan |  0.000 % |
c |       100 | 1108435  3104058 |  406425     100     1820    18.2 |  0.737 % |
c |       251 | 1108435  3104058 |  447068     251     3751    14.9 |  0.737 % |
c |       479 | 1108435  3104058 |  491775     479     6212    13.0 |  0.737 % |
c |       817 | 1108435  3104058 |  540952     817    10789    13.2 |  0.737 % |
c |      1323 | 1108435  3104058 |  595048    1323    32437    24.5 |  0.737 % |
c |      2083 | 1108435  3104058 |  654552    2083    73552    35.3 |  0.737 % |
c |      3222 | 1108435  3104058 |  720008    3222    89307    27.7 |  0.737 % |
c |      4931 | 1108435  3104058 |  792008    4931   146340    29.7 |  0.737 % |
c |      7494 | 1108435  3104058 |  871209    7494   204139    27.2 |  0.737 % |
c |     11338 | 1108435  3104058 |  958330   11338   307570    27.1 |  0.737 % |
c |     17104 | 1108435  3104058 | 1054163   17104   565146    33.0 |  0.737 % |
c |     25755 | 1108435  3104058 | 1159580   25755   832482    32.3 |  0.737 % |
c |     38732 | 1108435  3104058 | 1275538   38732  1305736    33.7 |  0.737 % |
c |     58194 | 1108435  3104058 | 1403092   58194  2058054    35.4 |  0.737 % |
c ==============================================================================
c [1mFound solution: -1[0m
c [1mOptimal solution: -1[0m
s OPTIMUM FOUND
v Z O1_33 t1_193 -O1_34 -t1_194 O1_35 t1_195 O1_36 t1_196 O1_37 t1_197 O1_38 t1_198 -O1_39 -t1_199 O1_40 t1_200 -O1_41 -t1_201 -O1_42 -t1_202 -O1_43 -t1_203 -O1_44 -t1_204 -O1_45 -t1_205 -O1_46 -t1_206 -O1_47 -t1_207 O1_48 t1_208 O1_49 t1_209 O1_50 t1_210 O1_51 t1_211 -O1_52 -t1_212 -O1_53 -t1_213 O1_54 t1_214 -O1_55 -t1_215 O1_56 t1_216 O1_57 t1_217 -O1_58 -t1_218 O1_59 t1_219 O1_60 t1_220 O1_61 t1_221 O1_62 t1_222 O1_63 t1_223 -O1_64 -t1_224 t1_65 -I_1 -I_2 I_3 -I_4 -I_5 -I_6 I_7 -I_8 -I_9 -I_10 -I_11 -I_12 -I_13 -I_14 -I_15 I_16 -I_17 -I_18 -I_19 I_20 I_21 -I_22 I_23 -I_24 I_25 I_26 -I_27 -I_28 -I_29 -I_30 -I_31 -I_32 -t1_66 -t1_67 -t1_68 t1_69 -t1_70 t1_71 t1_72 -t1_73 -t1_74 -t1_75 -t1_76 t1_77 t1_78 -t1_79 -t1_80 t1_81 t1_82 t1_83 t1_84 -t1_85 t1_86 t1_87 t1_88 t1_89 t1_90 -t1_91 -t1_92 -t1_93 t1_94 t1_95 t1_96 -t1_97 t1_98 -t1_99 -t1_100 t1_101 -t1_102 -t1_103 t1_104 t1_105 -t1_106 t1_107 -t1_108 -t1_109 -t1_110 t1_111 t1_112 t1_113 t1_114 t1_115 t1_116 t1_117 -t1_118 t1_119 -t1_120 -t1_121 t1_122 -t1_123 -t1_124 -t1_125 -t1_126 t1_127 t1_128 t1_129 -t1_130 t1_131 -t1_132 t1_133 t1_134 -t1_135 -t1_136 -t1_137 t1_138 t1_139 t1_140 t1_141 t1_142 t1_143 t1_144 -t1_145 -t1_146 -t1_147 -t1_148 -t1_149 -t1_150 -t1_151 -t1_152 -t1_153 t1_154 t1_155 t1_156 t1_157 t1_158 -t1_159 t1_160 -t1_161 t1_162 -t1_163 -t1_164 t1_165 -t1_166 -t1_167 -t1_168 t1_169 t1_170 t1_171 -t1_172 t1_173 -t1_174 t1_175 -t1_176 t1_177 -t1_178 t1_179 -t1_180 t1_181 -t1_182 t1_183 -t1_184 t1_185 t1_186 -t1_187 -t1_188 t1_189 t1_190 -t1_191 -t1_192 O2_33 t2_193 -O2_34 -t2_194 O2_35 t2_195 O2_36 t2_196 O2_37 t2_197 O2_38 t2_198 -O2_39 -t2_199 O2_40 t2_200 -O2_41 -t2_201 O2_42 t2_202 -O2_43 -t2_203 -O2_44 -t2_204 -O2_45 -t2_205 -O2_46 -t2_206 O2_47 t2_207 -O2_48 -t2_208 -O2_49 -t2_209 O2_50 t2_210 O2_51 t2_211 O2_52 t2_212 -O2_53 -t2_213 O2_54 t2_214 O2_55 t2_215 O2_56 t2_216 O2_57 t2_217 -O2_58 -t2_218 O2_59 t2_219 O2_60 t2_220 -O2_61 -t2_221 O2_62 t2_222 O2_63 t2_223 -O2_64 -t2_224 t2_65 -t2_66 -t2_67 -t2_68 t2_69 t2_70 t2_71 t2_72 -t2_73 -t2_74 -t2_75 -t2_76 t2_77 t2_78 -t2_79 -t2_80 t2_81 t2_82 t2_83 t2_84 -t2_85 t2_86 t2_87 t2_88 t2_89 t2_90 -t2_91 -t2_92 -t2_93 t2_94 t2_95 t2_96 -t2_97 t2_98 -t2_99 -t2_100 t2_101 -t2_102 -t2_103 t2_104 t2_105 -t2_106 -t2_107 t2_108 -t2_109 -t2_110 -t2_111 t2_112 t2_113 t2_114 t2_115 -t2_116 t2_117 -t2_118 t2_119 -t2_120 -t2_121 t2_122 -t2_123 -t2_124 -t2_125 -t2_126 t2_127 t2_128 t2_129 -t2_130 -t2_131 -t2_132 t2_133 -t2_134 -t2_135 -t2_136 -t2_137 t2_138 t2_139 t2_140 t2_141 t2_142 t2_143 t2_144 -t2_145 -t2_146 -t2_147 -t2_148 -t2_149 -t2_150 -t2_151 t2_152 -t2_153 t2_154 t2_155 t2_156 t2_157 -t2_158 -t2_159 t2_160 -t2_161 t2_162 -t2_163 -t2_164 t2_165 -t2_166 -t2_167 -t2_168 t2_169 t2_170 t2_171 -t2_172 t2_173 t2_174 -t2_175 -t2_176 -t2_177 -t2_178 t2_179 t2_180 t2_181 -t2_182 t2_183 -t2_184 -t2_185 t2_186 t2_187 -t2_188 t2_189 -t2_190 -t2_191 -t2_192 -M_0 -M_1 -M_2 -M_3 -M_4 -M_5 -M_6 -M_7 -M_8 M_9 -M_10 -M_11 -M_12 -M_13 M_14 M_15 M_16 -M_17 -M_18 M_19 -M_20 -M_21 M_22 -M_23 -M_24 -M_25 -M_26 -M_27 M_28 -M_29 -M_30 -M_31
c _______________________________________________________________________________
c 
c restarts              : 15
c conflicts             : 77592          (667 /sec)
c decisions             : 495809         (4263 /sec)
c propagations          : 0              (0 /sec)
c inspects              : 0              (0 /sec)
c CPU time              : 116.301 s
c _______________________________________________________________________________
