c Parsing PB file...
c Converting 1393 PB-constraints to clauses...
c   -- Unit propagations: (none)
c   -- Detecting intervals from adjacent constraints: ###################################################################################################
c   -- Clauses(.)/Splits(s): .................................................................................................................................................................................................................................................
c ---[1391]---> BDD-cost:    1
c ---[1389]---> BDD-cost:    1
c ---[1387]---> BDD-cost:    1
c ---[1385]---> BDD-cost:    1
c ---[1383]---> BDD-cost:    1
c ---[1381]---> BDD-cost:    1
c ---[1379]---> BDD-cost:    1
c ---[1377]---> BDD-cost:    1
c ---[1375]---> BDD-cost:    1
c ---[1373]---> BDD-cost:    1
c ---[1371]---> BDD-cost:    1
c ---[1369]---> BDD-cost:    1
c ---[1367]---> BDD-cost:    1
c ---[1365]---> BDD-cost:    1
c ---[1363]---> BDD-cost:    1
c ---[1361]---> BDD-cost:    1
c ---[1359]---> BDD-cost:    1
c ---[1357]---> BDD-cost:    1
c ---[1355]---> BDD-cost:    1
c ---[1353]---> BDD-cost:    1
c ---[1351]---> BDD-cost:    1
c ---[1349]---> BDD-cost:    1
c ---[1347]---> BDD-cost:    1
c ---[1345]---> BDD-cost:    1
c ---[1343]---> BDD-cost:    1
c ---[1341]---> BDD-cost:    1
c ---[1339]---> BDD-cost:    1
c ---[1337]---> BDD-cost:    1
c ---[1335]---> BDD-cost:    1
c ---[1333]---> BDD-cost:    1
c ---[1331]---> BDD-cost:    1
c ---[1329]---> BDD-cost:    1
c ---[1327]---> BDD-cost:    1
c ---[1325]---> BDD-cost:    1
c ---[1323]---> BDD-cost:    1
c ---[1321]---> BDD-cost:    1
c ---[1319]---> BDD-cost:    1
c ---[1317]---> BDD-cost:    1
c ---[1315]---> BDD-cost:    1
c ---[1313]---> BDD-cost:    1
c ---[1311]---> BDD-cost:    1
c ---[1309]---> BDD-cost:    1
c ---[1307]---> BDD-cost:    1
c ---[1305]---> BDD-cost:    1
c ---[1303]---> BDD-cost:    1
c ---[1301]---> BDD-cost:    1
c ---[1299]---> BDD-cost:    1
c ---[1297]---> BDD-cost:    1
c ---[1296]---> Adder-cost: 357   maxlim: 2456   bits: 13/12
c ---[1295]---> Adder-cost: 210   maxlim: 3606   bits: 13/12
c ---[1294]---> Adder-cost: 368   maxlim: 3147   bits: 13/12
c ---[1293]---> Adder-cost: 249   maxlim: 2998   bits: 13/12
c ---[1292]---> Adder-cost: 355   maxlim: 3316   bits: 13/12
c ---[1291]---> Adder-cost: 217   maxlim: 2583   bits: 13/12
c ---[1290]---> Adder-cost: 344   maxlim: 2724   bits: 13/12
c ---[1289]---> Adder-cost: 181   maxlim: 2712   bits: 13/12
c ---[1288]---> Adder-cost: 354   maxlim: 1741   bits: 12/11
c ---[1287]---> Adder-cost: 241   maxlim: 3616   bits: 13/12
c ---[1286]---> Adder-cost: 345   maxlim: 2565   bits: 13/12
c ---[1285]---> Adder-cost: 219   maxlim: 3262   bits: 13/12
c ---[1284]---> Adder-cost: 380   maxlim: 3257   bits: 13/12
c ---[1283]---> Adder-cost: 241   maxlim: 2911   bits: 13/12
c ---[1282]---> Adder-cost: 355   maxlim: 3384   bits: 13/12
c ---[1281]---> Adder-cost: 243   maxlim: 3013   bits: 13/12
c ---[1280]---> Adder-cost: 390   maxlim: 2973   bits: 13/12
c ---[1279]---> Adder-cost: 220   maxlim: 4308   bits: 14/13
c ---[1278]---> Adder-cost: 338   maxlim: 2733   bits: 13/12
c ---[1277]---> Adder-cost: 188   maxlim: 2678   bits: 13/12
c ---[1276]---> Adder-cost: 336   maxlim: 2688   bits: 13/12
c ---[1275]---> Adder-cost: 193   maxlim: 2748   bits: 13/12
c ---[1274]---> Adder-cost: 351   maxlim: 2705   bits: 13/12
c ---[1273]---> Adder-cost: 194   maxlim: 3893   bits: 13/12
c ---[1272]---> Adder-cost: 364   maxlim: 4109   bits: 14/13
c ---[1271]---> Adder-cost: 205   maxlim: 2411   bits: 13/12
c ---[1270]---> Adder-cost: 344   maxlim: 2559   bits: 13/12
c ---[1269]---> Adder-cost: 183   maxlim: 3235   bits: 13/12
c ---[1268]---> Adder-cost: 355   maxlim: 3293   bits: 13/12
c ---[1267]---> Adder-cost: 229   maxlim: 2676   bits: 13/12
c ---[1266]---> Adder-cost: 327   maxlim: 2203   bits: 13/12
c ---[1265]---> Adder-cost: 194   maxlim: 2919   bits: 13/12
c ---[1264]---> Adder-cost: 359   maxlim: 3231   bits: 13/12
c ---[1263]---> Adder-cost: 234   maxlim: 2428   bits: 13/12
c ---[1262]---> Adder-cost: 356   maxlim: 3778   bits: 13/12
c ---[1261]---> Adder-cost: 221   maxlim: 2164   bits: 13/12
c ---[1260]---> Adder-cost: 374   maxlim: 3059   bits: 13/12
c ---[1259]---> Adder-cost: 166   maxlim: 3019   bits: 13/12
c ---[1258]---> Adder-cost: 387   maxlim: 4294   bits: 14/13
c ---[1257]---> Adder-cost: 239   maxlim: 2557   bits: 13/12
c ---[1256]---> Adder-cost: 336   maxlim: 3064   bits: 13/12
c ---[1255]---> Adder-cost: 199   maxlim: 3011   bits: 13/12
c ---[1254]---> Adder-cost: 355   maxlim: 2565   bits: 13/12
c ---[1253]---> Adder-cost: 231   maxlim: 3319   bits: 13/12
c ---[1252]---> Adder-cost: 350   maxlim: 2917   bits: 13/12
c ---[1251]---> Adder-cost: 202   maxlim: 3161   bits: 13/12
c ---[1250]---> Adder-cost: 341   maxlim: 3199   bits: 13/12
c ---[1249]---> Adder-cost: 215   maxlim: 2808   bits: 13/12
c ---[1248]---> Adder-cost: 362   maxlim: 3655   bits: 13/12
c ---[1247]---> Adder-cost: 189   maxlim: 3839   bits: 13/12
c ---[1246]---> Adder-cost: 371   maxlim: 3364   bits: 13/12
c ---[1245]---> Adder-cost: 232   maxlim: 3280   bits: 13/12
c ---[1244]---> Adder-cost: 351   maxlim: 3084   bits: 13/12
c ---[1243]---> Adder-cost: 215   maxlim: 2967   bits: 13/12
c ---[1242]---> Adder-cost: 338   maxlim: 3312   bits: 13/12
c ---[1241]---> Adder-cost: 185   maxlim: 2410   bits: 13/12
c ---[1240]---> Adder-cost: 360   maxlim: 4007   bits: 13/12
c ---[1239]---> Adder-cost: 233   maxlim: 2734   bits: 13/12
c ---[1238]---> Adder-cost: 378   maxlim: 3094   bits: 13/12
c ---[1237]---> Adder-cost: 231   maxlim: 3035   bits: 13/12
c ---[1236]---> Adder-cost: 371   maxlim: 3287   bits: 13/12
c ---[1235]---> Adder-cost: 217   maxlim: 3139   bits: 13/12
c ---[1234]---> Adder-cost: 384   maxlim: 2951   bits: 13/12
c ---[1233]---> Adder-cost: 249   maxlim: 3828   bits: 13/12
c ---[1232]---> Adder-cost: 353   maxlim: 3096   bits: 13/12
c ---[1231]---> Adder-cost: 231   maxlim: 3195   bits: 13/12
c ---[1230]---> Adder-cost: 336   maxlim: 2514   bits: 13/12
c ---[1229]---> Adder-cost: 194   maxlim: 2918   bits: 13/12
c ---[1228]---> Adder-cost: 363   maxlim: 1750   bits: 12/11
c ---[1227]---> Adder-cost: 167   maxlim: 4302   bits: 14/13
c ---[1226]---> Adder-cost: 374   maxlim: 3104   bits: 13/12
c ---[1225]---> Adder-cost: 221   maxlim: 2791   bits: 13/12
c ---[1224]---> Adder-cost: 405   maxlim: 3950   bits: 13/12
c ---[1223]---> Adder-cost: 228   maxlim: 2694   bits: 13/12
c ---[1222]---> Adder-cost: 368   maxlim: 1887   bits: 12/11
c ---[1221]---> Adder-cost: 215   maxlim: 4040   bits: 13/12
c ---[1220]---> Adder-cost: 362   maxlim: 3539   bits: 13/12
c ---[1219]---> Adder-cost: 169   maxlim: 3024   bits: 13/12
c ---[1218]---> Adder-cost: 346   maxlim: 4212   bits: 14/13
c ---[1217]---> Adder-cost: 228   maxlim: 1853   bits: 12/11
c ---[1216]---> Adder-cost: 355   maxlim: 2057   bits: 13/12
c ---[1215]---> Adder-cost: 222   maxlim: 4388   bits: 14/13
c ---[1214]---> Adder-cost: 359   maxlim: 4014   bits: 13/12
c ---[1213]---> Adder-cost: 178   maxlim: 2482   bits: 13/12
c ---[1212]---> Adder-cost: 370   maxlim: 3138   bits: 13/12
c ---[1211]---> Adder-cost: 211   maxlim: 2949   bits: 13/12
c ---[1210]---> Adder-cost: 348   maxlim: 1716   bits: 12/11
c ---[1209]---> Adder-cost: 217   maxlim: 4110   bits: 14/13
c ---[1208]---> Adder-cost: 377   maxlim: 2724   bits: 13/12
c ---[1207]---> Adder-cost: 200   maxlim: 3432   bits: 13/12
c ---[1206]---> Adder-cost: 379   maxlim: 3373   bits: 13/12
c ---[1205]---> Adder-cost: 235   maxlim: 3040   bits: 13/12
c ---[1204]---> Adder-cost: 345   maxlim: 2484   bits: 13/12
c ---[1203]---> Adder-cost: 233   maxlim: 3529   bits: 13/12
c ---[1202]---> Adder-cost: 366   maxlim: 2833   bits: 13/12
c ---[1201]---> Adder-cost: 173   maxlim: 3856   bits: 13/12
c ---[1200]---> Adder-cost: 345   maxlim: 2565   bits: 13/12
c ---[1199]---> Adder-cost: 219   maxlim: 3262   bits: 13/12
c ---[1198]---> Adder-cost: 381   maxlim: 3257   bits: 13/12
c ---[1197]---> Adder-cost: 241   maxlim: 2911   bits: 13/12
c ---[1196]---> Adder-cost: 357   maxlim: 3384   bits: 13/12
c ---[1195]---> Adder-cost: 243   maxlim: 3013   bits: 13/12
c ---[1194]---> Adder-cost: 392   maxlim: 2973   bits: 13/12
c ---[1193]---> Adder-cost: 220   maxlim: 4308   bits: 14/13
c ---[1192]---> Adder-cost: 340   maxlim: 2733   bits: 13/12
c ---[1191]---> Adder-cost: 188   maxlim: 2678   bits: 13/12
c ---[1190]---> Adder-cost: 336   maxlim: 2688   bits: 13/12
c ---[1189]---> Adder-cost: 193   maxlim: 2748   bits: 13/12
c ---[1188]---> Adder-cost: 351   maxlim: 2705   bits: 13/12
c ---[1187]---> Adder-cost: 194   maxlim: 3893   bits: 13/12
c ---[1186]---> Adder-cost: 367   maxlim: 4109   bits: 14/13
c ---[1185]---> Adder-cost: 205   maxlim: 2411   bits: 13/12
c ---[1184]---> Adder-cost: 344   maxlim: 2559   bits: 13/12
c ---[1183]---> Adder-cost: 183   maxlim: 3235   bits: 13/12
c ---[1182]---> Adder-cost: 355   maxlim: 3293   bits: 13/12
c ---[1181]---> Adder-cost: 229   maxlim: 2676   bits: 13/12
c ---[1180]---> Adder-cost: 327   maxlim: 2203   bits: 13/12
c ---[1179]---> Adder-cost: 194   maxlim: 2919   bits: 13/12
c ---[1178]---> Adder-cost: 360   maxlim: 3231   bits: 13/12
c ---[1177]---> Adder-cost: 234   maxlim: 2428   bits: 13/12
c ---[1176]---> Adder-cost: 358   maxlim: 3778   bits: 13/12
c ---[1175]---> Adder-cost: 221   maxlim: 2164   bits: 13/12
c ---[1174]---> Adder-cost: 376   maxlim: 3059   bits: 13/12
c ---[1173]---> Adder-cost: 166   maxlim: 3019   bits: 13/12
c ---[1172]---> Adder-cost: 389   maxlim: 4294   bits: 14/13
c ---[1171]---> Adder-cost: 239   maxlim: 2557   bits: 13/12
c ---[1170]---> Adder-cost: 337   maxlim: 3064   bits: 13/12
c ---[1169]---> Adder-cost: 199   maxlim: 3011   bits: 13/12
c ---[1168]---> Adder-cost: 355   maxlim: 2565   bits: 13/12
c ---[1167]---> Adder-cost: 231   maxlim: 3319   bits: 13/12
c ---[1166]---> Adder-cost: 351   maxlim: 2917   bits: 13/12
c ---[1165]---> Adder-cost: 202   maxlim: 3161   bits: 13/12
c ---[1164]---> Adder-cost: 341   maxlim: 3199   bits: 13/12
c ---[1163]---> Adder-cost: 215   maxlim: 2808   bits: 13/12
c ---[1162]---> Adder-cost: 362   maxlim: 3655   bits: 13/12
c ---[1161]---> Adder-cost: 189   maxlim: 3839   bits: 13/12
c ---[1160]---> Adder-cost: 371   maxlim: 3364   bits: 13/12
c ---[1159]---> Adder-cost: 232   maxlim: 3280   bits: 13/12
c ---[1158]---> Adder-cost: 354   maxlim: 3084   bits: 13/12
c ---[1157]---> Adder-cost: 215   maxlim: 2967   bits: 13/12
c ---[1156]---> Adder-cost: 338   maxlim: 3312   bits: 13/12
c ---[1155]---> Adder-cost: 185   maxlim: 2410   bits: 13/12
c ---[1154]---> Adder-cost: 360   maxlim: 4007   bits: 13/12
c ---[1153]---> Adder-cost: 233   maxlim: 2734   bits: 13/12
c ---[1152]---> Adder-cost: 382   maxlim: 3094   bits: 13/12
c ---[1151]---> Adder-cost: 231   maxlim: 3035   bits: 13/12
c ---[1150]---> Adder-cost: 372   maxlim: 3287   bits: 13/12
c ---[1149]---> Adder-cost: 217   maxlim: 3139   bits: 13/12
c ---[1148]---> Adder-cost: 384   maxlim: 2951   bits: 13/12
c ---[1147]---> Adder-cost: 249   maxlim: 3828   bits: 13/12
c ---[1146]---> Adder-cost: 354   maxlim: 3096   bits: 13/12
c ---[1145]---> Adder-cost: 231   maxlim: 3195   bits: 13/12
c ---[1144]---> Adder-cost: 336   maxlim: 2514   bits: 13/12
c ---[1143]---> Adder-cost: 194   maxlim: 2918   bits: 13/12
c ---[1142]---> Adder-cost: 363   maxlim: 1750   bits: 12/11
c ---[1141]---> Adder-cost: 167   maxlim: 4302   bits: 14/13
c ---[1140]---> Adder-cost: 374   maxlim: 3104   bits: 13/12
c ---[1139]---> Adder-cost: 221   maxlim: 2791   bits: 13/12
c ---[1138]---> Adder-cost: 405   maxlim: 3950   bits: 13/12
c ---[1137]---> Adder-cost: 228   maxlim: 2694   bits: 13/12
c ---[1136]---> Adder-cost: 368   maxlim: 1887   bits: 12/11
c ---[1135]---> Adder-cost: 215   maxlim: 4040   bits: 13/12
c ---[1134]---> Adder-cost: 363   maxlim: 3539   bits: 13/12
c ---[1133]---> Adder-cost: 169   maxlim: 3024   bits: 13/12
c ---[1132]---> Adder-cost: 346   maxlim: 4212   bits: 14/13
c ---[1131]---> Adder-cost: 228   maxlim: 1853   bits: 12/11
c ---[1130]---> Adder-cost: 355   maxlim: 2057   bits: 13/12
c ---[1129]---> Adder-cost: 222   maxlim: 4388   bits: 14/13
c ---[1128]---> Adder-cost: 359   maxlim: 4014   bits: 13/12
c ---[1127]---> Adder-cost: 178   maxlim: 2482   bits: 13/12
c ---[1126]---> Adder-cost: 371   maxlim: 3138   bits: 13/12
c ---[1125]---> Adder-cost: 211   maxlim: 2949   bits: 13/12
c ---[1124]---> Adder-cost: 348   maxlim: 1716   bits: 12/11
c ---[1123]---> Adder-cost: 217   maxlim: 4110   bits: 14/13
c ---[1122]---> Adder-cost: 378   maxlim: 2724   bits: 13/12
c ---[1121]---> Adder-cost: 200   maxlim: 3432   bits: 13/12
c ---[1120]---> Adder-cost: 380   maxlim: 3373   bits: 13/12
c ---[1119]---> Adder-cost: 235   maxlim: 3040   bits: 13/12
c ---[1118]---> Adder-cost: 345   maxlim: 2484   bits: 13/12
c ---[1117]---> Adder-cost: 233   maxlim: 3529   bits: 13/12
c ---[1116]---> Adder-cost: 368   maxlim: 2833   bits: 13/12
c ---[1115]---> Adder-cost: 173   maxlim: 3856   bits: 13/12
c ---[1114]---> Adder-cost: 378   maxlim: 2847   bits: 13/12
c ---[1113]---> Adder-cost: 273   maxlim: 3070   bits: 13/12
c ---[1112]---> Adder-cost: 391   maxlim: 3905   bits: 13/12
c ---[1111]---> Adder-cost: 237   maxlim: 2784   bits: 13/12
c ---[1110]---> Adder-cost: 339   maxlim: 2482   bits: 13/12
c ---[1109]---> Adder-cost: 162   maxlim: 3058   bits: 13/12
c ---[1108]---> Adder-cost: 327   maxlim: 2553   bits: 13/12
c ---[1107]---> Adder-cost: 180   maxlim: 3009   bits: 13/12
c ---[1106]---> Adder-cost: 356   maxlim: 3696   bits: 13/12
c ---[1105]---> Adder-cost: 196   maxlim: 2356   bits: 13/12
c ---[1104]---> Adder-cost: 336   maxlim: 2688   bits: 13/12
c ---[1103]---> Adder-cost: 193   maxlim: 2748   bits: 13/12
c ---[1102]---> Adder-cost: 353   maxlim: 2705   bits: 13/12
c ---[1101]---> Adder-cost: 194   maxlim: 3893   bits: 13/12
c ---[1100]---> Adder-cost: 370   maxlim: 4109   bits: 14/13
c ---[1099]---> Adder-cost: 205   maxlim: 2411   bits: 13/12
c ---[1098]---> Adder-cost: 345   maxlim: 2559   bits: 13/12
c ---[1097]---> Adder-cost: 183   maxlim: 3235   bits: 13/12
c ---[1096]---> Adder-cost: 355   maxlim: 3293   bits: 13/12
c ---[1095]---> Adder-cost: 229   maxlim: 2676   bits: 13/12
c ---[1094]---> Adder-cost: 330   maxlim: 2203   bits: 13/12
c ---[1093]---> Adder-cost: 194   maxlim: 2919   bits: 13/12
c ---[1092]---> Adder-cost: 361   maxlim: 3231   bits: 13/12
c ---[1091]---> Adder-cost: 234   maxlim: 2428   bits: 13/12
c ---[1090]---> Adder-cost: 359   maxlim: 3778   bits: 13/12
c ---[1089]---> Adder-cost: 221   maxlim: 2164   bits: 13/12
c ---[1088]---> Adder-cost: 378   maxlim: 3059   bits: 13/12
c ---[1087]---> Adder-cost: 166   maxlim: 3019   bits: 13/12
c ---[1086]---> Adder-cost: 389   maxlim: 4294   bits: 14/13
c ---[1085]---> Adder-cost: 239   maxlim: 2557   bits: 13/12
c ---[1084]---> Adder-cost: 337   maxlim: 3064   bits: 13/12
c ---[1083]---> Adder-cost: 199   maxlim: 3011   bits: 13/12
c ---[1082]---> Adder-cost: 355   maxlim: 2565   bits: 13/12
c ---[1081]---> Adder-cost: 231   maxlim: 3319   bits: 13/12
c ---[1080]---> Adder-cost: 351   maxlim: 2917   bits: 13/12
c ---[1079]---> Adder-cost: 202   maxlim: 3161   bits: 13/12
c ---[1078]---> Adder-cost: 341   maxlim: 3199   bits: 13/12
c ---[1077]---> Adder-cost: 215   maxlim: 2808   bits: 13/12
c ---[1076]---> Adder-cost: 362   maxlim: 3655   bits: 13/12
c ---[1075]---> Adder-cost: 189   maxlim: 3839   bits: 13/12
c ---[1074]---> Adder-cost: 371   maxlim: 3364   bits: 13/12
c ---[1073]---> Adder-cost: 232   maxlim: 3280   bits: 13/12
c ---[1072]---> Adder-cost: 358   maxlim: 3084   bits: 13/12
c ---[1071]---> Adder-cost: 215   maxlim: 2967   bits: 13/12
c ---[1070]---> Adder-cost: 339   maxlim: 3312   bits: 13/12
c ---[1069]---> Adder-cost: 185   maxlim: 2410   bits: 13/12
c ---[1068]---> Adder-cost: 363   maxlim: 4007   bits: 13/12
c ---[1067]---> Adder-cost: 233   maxlim: 2734   bits: 13/12
c ---[1066]---> Adder-cost: 382   maxlim: 3094   bits: 13/12
c ---[1065]---> Adder-cost: 231   maxlim: 3035   bits: 13/12
c ---[1064]---> Adder-cost: 374   maxlim: 3287   bits: 13/12
c ---[1063]---> Adder-cost: 217   maxlim: 3139   bits: 13/12
c ---[1062]---> Adder-cost: 387   maxlim: 2951   bits: 13/12
c ---[1061]---> Adder-cost: 249   maxlim: 3828   bits: 13/12
c ---[1060]---> Adder-cost: 356   maxlim: 3096   bits: 13/12
c ---[1059]---> Adder-cost: 231   maxlim: 3195   bits: 13/12
c ---[1058]---> Adder-cost: 336   maxlim: 2514   bits: 13/12
c ---[1057]---> Adder-cost: 194   maxlim: 2918   bits: 13/12
c ---[1056]---> Adder-cost: 363   maxlim: 1750   bits: 12/11
c ---[1055]---> Adder-cost: 167   maxlim: 4302   bits: 14/13
c ---[1054]---> Adder-cost: 374   maxlim: 3104   bits: 13/12
c ---[1053]---> Adder-cost: 221   maxlim: 2791   bits: 13/12
c ---[1052]---> Adder-cost: 406   maxlim: 3950   bits: 13/12
c ---[1051]---> Adder-cost: 228   maxlim: 2694   bits: 13/12
c ---[1050]---> Adder-cost: 368   maxlim: 1887   bits: 12/11
c ---[1049]---> Adder-cost: 215   maxlim: 4040   bits: 13/12
c ---[1048]---> Adder-cost: 366   maxlim: 3539   bits: 13/12
c ---[1047]---> Adder-cost: 169   maxlim: 3024   bits: 13/12
c ---[1046]---> Adder-cost: 349   maxlim: 4212   bits: 14/13
c ---[1045]---> Adder-cost: 228   maxlim: 1853   bits: 12/11
c ---[1044]---> Adder-cost: 355   maxlim: 2057   bits: 13/12
c ---[1043]---> Adder-cost: 222   maxlim: 4388   bits: 14/13
c ---[1042]---> Adder-cost: 359   maxlim: 4014   bits: 13/12
c ---[1041]---> Adder-cost: 178   maxlim: 2482   bits: 13/12
c ---[1040]---> Adder-cost: 371   maxlim: 3138   bits: 13/12
c ---[1039]---> Adder-cost: 211   maxlim: 2949   bits: 13/12
c ---[1038]---> Adder-cost: 350   maxlim: 1716   bits: 12/11
c ---[1037]---> Adder-cost: 217   maxlim: 4110   bits: 14/13
c ---[1036]---> Adder-cost: 380   maxlim: 2724   bits: 13/12
c ---[1035]---> Adder-cost: 200   maxlim: 3432   bits: 13/12
c ---[1034]---> Adder-cost: 380   maxlim: 3373   bits: 13/12
c ---[1033]---> Adder-cost: 235   maxlim: 3040   bits: 13/12
c ---[1032]---> Adder-cost: 346   maxlim: 2484   bits: 13/12
c ---[1031]---> Adder-cost: 233   maxlim: 3529   bits: 13/12
c ---[1030]---> Adder-cost: 368   maxlim: 2833   bits: 13/12
c ---[1029]---> Adder-cost: 173   maxlim: 3856   bits: 13/12
c ---[1028]---> Adder-cost: 378   maxlim: 2847   bits: 13/12
c ---[1027]---> Adder-cost: 273   maxlim: 3070   bits: 13/12
c ---[1026]---> Adder-cost: 391   maxlim: 3905   bits: 13/12
c ---[1025]---> Adder-cost: 237   maxlim: 2784   bits: 13/12
c ---[1024]---> Adder-cost: 339   maxlim: 2482   bits: 13/12
c ---[1023]---> Adder-cost: 162   maxlim: 3058   bits: 13/12
c ---[1022]---> Adder-cost: 327   maxlim: 2553   bits: 13/12
c ---[1021]---> Adder-cost: 180   maxlim: 3009   bits: 13/12
c ---[1020]---> Adder-cost: 356   maxlim: 3696   bits: 13/12
c ---[1019]---> Adder-cost: 196   maxlim: 2356   bits: 13/12
c ---[1018]---> Adder-cost: 386   maxlim: 2436   bits: 13/12
c ---[1017]---> Adder-cost: 193   maxlim: 4644   bits: 14/13
c ---[1016]---> Adder-cost: 361   maxlim: 3252   bits: 13/12
c ---[1015]---> Adder-cost: 192   maxlim: 3308   bits: 13/12
c ---[1014]---> Adder-cost: 341   maxlim: 3008   bits: 13/12
c ---[1013]---> Adder-cost: 171   maxlim: 3039   bits: 13/12
c ---[1012]---> Adder-cost: 350   maxlim: 2590   bits: 13/12
c ---[1011]---> Adder-cost: 235   maxlim: 3251   bits: 13/12
c ---[1010]---> Adder-cost: 335   maxlim: 2805   bits: 13/12
c ---[1009]---> Adder-cost: 209   maxlim: 2700   bits: 13/12
c ---[1008]---> Adder-cost: 330   maxlim: 2203   bits: 13/12
c ---[1007]---> Adder-cost: 194   maxlim: 2919   bits: 13/12
c ---[1006]---> Adder-cost: 361   maxlim: 3231   bits: 13/12
c ---[1005]---> Adder-cost: 234   maxlim: 2428   bits: 13/12
c ---[1004]---> Adder-cost: 361   maxlim: 3778   bits: 13/12
c ---[1003]---> Adder-cost: 221   maxlim: 2164   bits: 13/12
c ---[1002]---> Adder-cost: 379   maxlim: 3059   bits: 13/12
c ---[1001]---> Adder-cost: 166   maxlim: 3019   bits: 13/12
c ---[1000]---> Adder-cost: 389   maxlim: 4294   bits: 14/13
c ---[ 999]---> Adder-cost: 239   maxlim: 2557   bits: 13/12
c ---[ 998]---> Adder-cost: 338   maxlim: 3064   bits: 13/12
c ---[ 997]---> Adder-cost: 199   maxlim: 3011   bits: 13/12
c ---[ 996]---> Adder-cost: 355   maxlim: 2565   bits: 13/12
c ---[ 995]---> Adder-cost: 231   maxlim: 3319   bits: 13/12
c ---[ 994]---> Adder-cost: 352   maxlim: 2917   bits: 13/12
c ---[ 993]---> Adder-cost: 202   maxlim: 3161   bits: 13/12
c ---[ 992]---> Adder-cost: 341   maxlim: 3199   bits: 13/12
c ---[ 991]---> Adder-cost: 215   maxlim: 2808   bits: 13/12
c ---[ 990]---> Adder-cost: 365   maxlim: 3655   bits: 13/12
c ---[ 989]---> Adder-cost: 189   maxlim: 3839   bits: 13/12
c ---[ 988]---> Adder-cost: 373   maxlim: 3364   bits: 13/12
c ---[ 987]---> Adder-cost: 232   maxlim: 3280   bits: 13/12
c ---[ 986]---> Adder-cost: 358   maxlim: 3084   bits: 13/12
c ---[ 985]---> Adder-cost: 215   maxlim: 2967   bits: 13/12
c ---[ 984]---> Adder-cost: 341   maxlim: 3312   bits: 13/12
c ---[ 983]---> Adder-cost: 185   maxlim: 2410   bits: 13/12
c ---[ 982]---> Adder-cost: 363   maxlim: 4007   bits: 13/12
c ---[ 981]---> Adder-cost: 233   maxlim: 2734   bits: 13/12
c ---[ 980]---> Adder-cost: 382   maxlim: 3094   bits: 13/12
c ---[ 979]---> Adder-cost: 231   maxlim: 3035   bits: 13/12
c ---[ 978]---> Adder-cost: 377   maxlim: 3287   bits: 13/12
c ---[ 977]---> Adder-cost: 217   maxlim: 3139   bits: 13/12
c ---[ 976]---> Adder-cost: 388   maxlim: 2951   bits: 13/12
c ---[ 975]---> Adder-cost: 249   maxlim: 3828   bits: 13/12
c ---[ 974]---> Adder-cost: 358   maxlim: 3096   bits: 13/12
c ---[ 973]---> Adder-cost: 231   maxlim: 3195   bits: 13/12
c ---[ 972]---> Adder-cost: 337   maxlim: 2514   bits: 13/12
c ---[ 971]---> Adder-cost: 194   maxlim: 2918   bits: 13/12
c ---[ 970]---> Adder-cost: 364   maxlim: 1750   bits: 12/11
c ---[ 969]---> Adder-cost: 167   maxlim: 4302   bits: 14/13
c ---[ 968]---> Adder-cost: 377   maxlim: 3104   bits: 13/12
c ---[ 967]---> Adder-cost: 221   maxlim: 2791   bits: 13/12
c ---[ 966]---> Adder-cost: 408   maxlim: 3950   bits: 13/12
c ---[ 965]---> Adder-cost: 228   maxlim: 2694   bits: 13/12
c ---[ 964]---> Adder-cost: 369   maxlim: 1887   bits: 12/11
c ---[ 963]---> Adder-cost: 215   maxlim: 4040   bits: 13/12
c ---[ 962]---> Adder-cost: 366   maxlim: 3539   bits: 13/12
c ---[ 961]---> Adder-cost: 169   maxlim: 3024   bits: 13/12
c ---[ 960]---> Adder-cost: 351   maxlim: 4212   bits: 14/13
c ---[ 959]---> Adder-cost: 228   maxlim: 1853   bits: 12/11
c ---[ 958]---> Adder-cost: 355   maxlim: 2057   bits: 13/12
c ---[ 957]---> Adder-cost: 222   maxlim: 4388   bits: 14/13
c ---[ 956]---> Adder-cost: 359   maxlim: 4014   bits: 13/12
c ---[ 955]---> Adder-cost: 178   maxlim: 2482   bits: 13/12
c ---[ 954]---> Adder-cost: 373   maxlim: 3138   bits: 13/12
c ---[ 953]---> Adder-cost: 211   maxlim: 2949   bits: 13/12
c ---[ 952]---> Adder-cost: 350   maxlim: 1716   bits: 12/11
c ---[ 951]---> Adder-cost: 217   maxlim: 4110   bits: 14/13
c ---[ 950]---> Adder-cost: 380   maxlim: 2724   bits: 13/12
c ---[ 949]---> Adder-cost: 200   maxlim: 3432   bits: 13/12
c ---[ 948]---> Adder-cost: 380   maxlim: 3373   bits: 13/12
c ---[ 947]---> Adder-cost: 235   maxlim: 3040   bits: 13/12
c ---[ 946]---> Adder-cost: 346   maxlim: 2484   bits: 13/12
c ---[ 945]---> Adder-cost: 233   maxlim: 3529   bits: 13/12
c ---[ 944]---> Adder-cost: 372   maxlim: 2833   bits: 13/12
c ---[ 943]---> Adder-cost: 173   maxlim: 3856   bits: 13/12
c ---[ 942]---> Adder-cost: 380   maxlim: 2847   bits: 13/12
c ---[ 941]---> Adder-cost: 273   maxlim: 3070   bits: 13/12
c ---[ 940]---> Adder-cost: 391   maxlim: 3905   bits: 13/12
c ---[ 939]---> Adder-cost: 237   maxlim: 2784   bits: 13/12
c ---[ 938]---> Adder-cost: 341   maxlim: 2482   bits: 13/12
c ---[ 937]---> Adder-cost: 162   maxlim: 3058   bits: 13/12
c ---[ 936]---> Adder-cost: 330   maxlim: 2553   bits: 13/12
c ---[ 935]---> Adder-cost: 180   maxlim: 3009   bits: 13/12
c ---[ 934]---> Adder-cost: 357   maxlim: 3696   bits: 13/12
c ---[ 933]---> Adder-cost: 196   maxlim: 2356   bits: 13/12
c ---[ 932]---> Adder-cost: 386   maxlim: 2436   bits: 13/12
c ---[ 931]---> Adder-cost: 193   maxlim: 4644   bits: 14/13
c ---[ 930]---> Adder-cost: 363   maxlim: 3252   bits: 13/12
c ---[ 929]---> Adder-cost: 192   maxlim: 3308   bits: 13/12
c ---[ 928]---> Adder-cost: 341   maxlim: 3008   bits: 13/12
c ---[ 927]---> Adder-cost: 171   maxlim: 3039   bits: 13/12
c ---[ 926]---> Adder-cost: 351   maxlim: 2590   bits: 13/12
c ---[ 925]---> Adder-cost: 235   maxlim: 3251   bits: 13/12
c ---[ 924]---> Adder-cost: 335   maxlim: 2805   bits: 13/12
c ---[ 923]---> Adder-cost: 209   maxlim: 2700   bits: 13/12
c ---[ 922]---> Adder-cost: 378   maxlim: 2620   bits: 13/12
c ---[ 921]---> Adder-cost: 204   maxlim: 3870   bits: 13/12
c ---[ 920]---> Adder-cost: 320   maxlim: 3634   bits: 13/12
c ---[ 919]---> Adder-cost: 185   maxlim: 2713   bits: 13/12
c ---[ 918]---> Adder-cost: 344   maxlim: 3222   bits: 13/12
c ---[ 917]---> Adder-cost: 192   maxlim: 2550   bits: 13/12
c ---[ 916]---> Adder-cost: 349   maxlim: 2672   bits: 13/12
c ---[ 915]---> Adder-cost: 228   maxlim: 2990   bits: 13/12
c ---[ 914]---> Adder-cost: 359   maxlim: 2426   bits: 13/12
c ---[ 913]---> Adder-cost: 246   maxlim: 3012   bits: 13/12
c ---[ 912]---> Adder-cost: 339   maxlim: 3064   bits: 13/12
c ---[ 911]---> Adder-cost: 199   maxlim: 3011   bits: 13/12
c ---[ 910]---> Adder-cost: 355   maxlim: 2565   bits: 13/12
c ---[ 909]---> Adder-cost: 231   maxlim: 3319   bits: 13/12
c ---[ 908]---> Adder-cost: 353   maxlim: 2917   bits: 13/12
c ---[ 907]---> Adder-cost: 202   maxlim: 3161   bits: 13/12
c ---[ 906]---> Adder-cost: 341   maxlim: 3199   bits: 13/12
c ---[ 905]---> Adder-cost: 215   maxlim: 2808   bits: 13/12
c ---[ 904]---> Adder-cost: 365   maxlim: 3655   bits: 13/12
c ---[ 903]---> Adder-cost: 189   maxlim: 3839   bits: 13/12
c ---[ 902]---> Adder-cost: 373   maxlim: 3364   bits: 13/12
c ---[ 901]---> Adder-cost: 232   maxlim: 3280   bits: 13/12
c ---[ 900]---> Adder-cost: 360   maxlim: 3084   bits: 13/12
c ---[ 899]---> Adder-cost: 215   maxlim: 2967   bits: 13/12
c ---[ 898]---> Adder-cost: 343   maxlim: 3312   bits: 13/12
c ---[ 897]---> Adder-cost: 185   maxlim: 2410   bits: 13/12
c ---[ 896]---> Adder-cost: 363   maxlim: 4007   bits: 13/12
c ---[ 895]---> Adder-cost: 233   maxlim: 2734   bits: 13/12
c ---[ 894]---> Adder-cost: 384   maxlim: 3094   bits: 13/12
c ---[ 893]---> Adder-cost: 231   maxlim: 3035   bits: 13/12
c ---[ 892]---> Adder-cost: 380   maxlim: 3287   bits: 13/12
c ---[ 891]---> Adder-cost: 217   maxlim: 3139   bits: 13/12
c ---[ 890]---> Adder-cost: 388   maxlim: 2951   bits: 13/12
c ---[ 889]---> Adder-cost: 249   maxlim: 3828   bits: 13/12
c ---[ 888]---> Adder-cost: 359   maxlim: 3096   bits: 13/12
c ---[ 887]---> Adder-cost: 231   maxlim: 3195   bits: 13/12
c ---[ 886]---> Adder-cost: 337   maxlim: 2514   bits: 13/12
c ---[ 885]---> Adder-cost: 194   maxlim: 2918   bits: 13/12
c ---[ 884]---> Adder-cost: 366   maxlim: 1750   bits: 12/11
c ---[ 883]---> Adder-cost: 167   maxlim: 4302   bits: 14/13
c ---[ 882]---> Adder-cost: 381   maxlim: 3104   bits: 13/12
c ---[ 881]---> Adder-cost: 221   maxlim: 2791   bits: 13/12
c ---[ 880]---> Adder-cost: 408   maxlim: 3950   bits: 13/12
c ---[ 879]---> Adder-cost: 228   maxlim: 2694   bits: 13/12
c ---[ 878]---> Adder-cost: 369   maxlim: 1887   bits: 12/11
c ---[ 877]---> Adder-cost: 215   maxlim: 4040   bits: 13/12
c ---[ 876]---> Adder-cost: 367   maxlim: 3539   bits: 13/12
c ---[ 875]---> Adder-cost: 169   maxlim: 3024   bits: 13/12
c ---[ 874]---> Adder-cost: 353   maxlim: 4212   bits: 14/13
c ---[ 873]---> Adder-cost: 228   maxlim: 1853   bits: 12/11
c ---[ 872]---> Adder-cost: 358   maxlim: 2057   bits: 13/12
c ---[ 871]---> Adder-cost: 222   maxlim: 4388   bits: 14/13
c ---[ 870]---> Adder-cost: 359   maxlim: 4014   bits: 13/12
c ---[ 869]---> Adder-cost: 178   maxlim: 2482   bits: 13/12
c ---[ 868]---> Adder-cost: 374   maxlim: 3138   bits: 13/12
c ---[ 867]---> Adder-cost: 211   maxlim: 2949   bits: 13/12
c ---[ 866]---> Adder-cost: 350   maxlim: 1716   bits: 12/11
c ---[ 865]---> Adder-cost: 217   maxlim: 4110   bits: 14/13
c ---[ 864]---> Adder-cost: 380   maxlim: 2724   bits: 13/12
c ---[ 863]---> Adder-cost: 200   maxlim: 3432   bits: 13/12
c ---[ 862]---> Adder-cost: 380   maxlim: 3373   bits: 13/12
c ---[ 861]---> Adder-cost: 235   maxlim: 3040   bits: 13/12
c ---[ 860]---> Adder-cost: 348   maxlim: 2484   bits: 13/12
c ---[ 859]---> Adder-cost: 233   maxlim: 3529   bits: 13/12
c ---[ 858]---> Adder-cost: 372   maxlim: 2833   bits: 13/12
c ---[ 857]---> Adder-cost: 173   maxlim: 3856   bits: 13/12
c ---[ 856]---> Adder-cost: 381   maxlim: 2847   bits: 13/12
c ---[ 855]---> Adder-cost: 273   maxlim: 3070   bits: 13/12
c ---[ 854]---> Adder-cost: 393   maxlim: 3905   bits: 13/12
c ---[ 853]---> Adder-cost: 237   maxlim: 2784   bits: 13/12
c ---[ 852]---> Adder-cost: 342   maxlim: 2482   bits: 13/12
c ---[ 851]---> Adder-cost: 162   maxlim: 3058   bits: 13/12
c ---[ 850]---> Adder-cost: 332   maxlim: 2553   bits: 13/12
c ---[ 849]---> Adder-cost: 180   maxlim: 3009   bits: 13/12
c ---[ 848]---> Adder-cost: 357   maxlim: 3696   bits: 13/12
c ---[ 847]---> Adder-cost: 196   maxlim: 2356   bits: 13/12
c ---[ 846]---> Adder-cost: 386   maxlim: 2436   bits: 13/12
c ---[ 845]---> Adder-cost: 193   maxlim: 4644   bits: 14/13
c ---[ 844]---> Adder-cost: 363   maxlim: 3252   bits: 13/12
c ---[ 843]---> Adder-cost: 192   maxlim: 3308   bits: 13/12
c ---[ 842]---> Adder-cost: 341   maxlim: 3008   bits: 13/12
c ---[ 841]---> Adder-cost: 171   maxlim: 3039   bits: 13/12
c ---[ 840]---> Adder-cost: 351   maxlim: 2590   bits: 13/12
c ---[ 839]---> Adder-cost: 235   maxlim: 3251   bits: 13/12
c ---[ 838]---> Adder-cost: 336   maxlim: 2805   bits: 13/12
c ---[ 837]---> Adder-cost: 209   maxlim: 2700   bits: 13/12
c ---[ 836]---> Adder-cost: 379   maxlim: 2620   bits: 13/12
c ---[ 835]---> Adder-cost: 204   maxlim: 3870   bits: 13/12
c ---[ 834]---> Adder-cost: 320   maxlim: 3634   bits: 13/12
c ---[ 833]---> Adder-cost: 185   maxlim: 2713   bits: 13/12
c ---[ 832]---> Adder-cost: 345   maxlim: 3222   bits: 13/12
c ---[ 831]---> Adder-cost: 192   maxlim: 2550   bits: 13/12
c ---[ 830]---> Adder-cost: 351   maxlim: 2672   bits: 13/12
c ---[ 829]---> Adder-cost: 228   maxlim: 2990   bits: 13/12
c ---[ 828]---> Adder-cost: 359   maxlim: 2426   bits: 13/12
c ---[ 827]---> Adder-cost: 246   maxlim: 3012   bits: 13/12
c ---[ 826]---> Adder-cost: 370   maxlim: 2541   bits: 13/12
c ---[ 825]---> Adder-cost: 208   maxlim: 3697   bits: 13/12
c ---[ 824]---> Adder-cost: 368   maxlim: 3158   bits: 13/12
c ---[ 823]---> Adder-cost: 211   maxlim: 2789   bits: 13/12
c ---[ 822]---> Adder-cost: 335   maxlim: 2772   bits: 13/12
c ---[ 821]---> Adder-cost: 207   maxlim: 3003   bits: 13/12
c ---[ 820]---> Adder-cost: 354   maxlim: 4292   bits: 14/13
c ---[ 819]---> Adder-cost: 223   maxlim: 1951   bits: 12/11
c ---[ 818]---> Adder-cost: 328   maxlim: 2329   bits: 13/12
c ---[ 817]---> Adder-cost: 161   maxlim: 2861   bits: 13/12
c ---[ 815]---> BDD-cost:    1
c ---[ 813]---> BDD-cost:    1
c ---[ 811]---> BDD-cost:    1
c ---[ 809]---> BDD-cost:    1
c ---[ 807]---> BDD-cost:    1
c ---[ 805]---> BDD-cost:    1
c ---[ 803]---> BDD-cost:    1
c ---[ 801]---> BDD-cost:    1
c ---[ 799]---> BDD-cost:    1
c ---[ 797]---> BDD-cost:    1
c ---[ 795]---> BDD-cost:    1
c ---[ 793]---> BDD-cost:    1
c ---[ 791]---> BDD-cost:    1
c ---[ 789]---> BDD-cost:    1
c ---[ 787]---> BDD-cost:    1
c ---[ 785]---> BDD-cost:    1
c ---[ 783]---> BDD-cost:    1
c ---[ 781]---> BDD-cost:    1
c ---[ 779]---> BDD-cost:    1
c ---[ 777]---> BDD-cost:    1
c ---[ 775]---> BDD-cost:    1
c ---[ 773]---> BDD-cost:    1
c ---[ 771]---> BDD-cost:    1
c ---[ 769]---> BDD-cost:    1
c ---[ 767]---> BDD-cost:    1
c ---[ 765]---> BDD-cost:    1
c ---[ 763]---> BDD-cost:    1
c ---[ 761]---> BDD-cost:    1
c ---[ 759]---> BDD-cost:    1
c ---[ 757]---> BDD-cost:    1
c ---[ 755]---> BDD-cost:    1
c ---[ 753]---> BDD-cost:    1
c ---[ 751]---> BDD-cost:    1
c ---[ 749]---> BDD-cost:    1
c ---[ 747]---> BDD-cost:    1
c ---[ 745]---> BDD-cost:    1
c ---[ 743]---> BDD-cost:    1
c ---[ 741]---> BDD-cost:    1
c ---[ 739]---> BDD-cost:    1
c ---[ 737]---> BDD-cost:    1
c ---[ 735]---> BDD-cost:    1
c ---[ 733]---> BDD-cost:    1
c ---[ 731]---> BDD-cost:    1
c ---[ 729]---> BDD-cost:    1
c ---[ 727]---> BDD-cost:    1
c ---[ 725]---> BDD-cost:    1
c ---[ 723]---> BDD-cost:    1
c ---[ 721]---> BDD-cost:    1
c ---[ 720]---> Adder-cost: 145   maxlim: 144   bits: 9/8
c ---[ 719]---> Sorter-cost: 1751     Base: 2 2 3 17
c ---[ 718]---> Adder-cost: 156   maxlim: 181   bits: 9/8
c ---[ 717]---> Adder-cost: 78   maxlim: 177   bits: 9/8
c ---[ 716]---> Adder-cost: 171   maxlim: 197   bits: 9/8
c ---[ 715]---> Adder-cost: 112   maxlim: 151   bits: 9/8
c ---[ 714]---> Adder-cost: 137   maxlim: 158   bits: 9/8
c ---[ 713]---> Adder-cost: 67   maxlim: 156   bits: 9/8
c ---[ 712]---> Adder-cost: 141   maxlim: 99   bits: 8/7
c ---[ 711]---> Adder-cost: 48   maxlim: 211   bits: 9/8
c ---[ 710]---> Adder-cost: 156   maxlim: 149   bits: 9/8
c ---[ 709]---> Adder-cost: 84   maxlim: 193   bits: 9/8
c ---[ 708]---> Adder-cost: 165   maxlim: 189   bits: 9/8
c ---[ 707]---> Adder-cost: 98   maxlim: 169   bits: 9/8
c ---[ 706]---> Adder-cost: 151   maxlim: 198   bits: 9/8
c ---[ 705]---> Adder-cost: 103   maxlim: 177   bits: 9/8
c ---[ 704]---> Adder-cost: 182   maxlim: 175   bits: 9/8
c ---[ 703]---> Sorter-cost: 2119     Base: 2 2 3 7
c ---[ 702]---> Adder-cost: 147   maxlim: 160   bits: 9/8
c ---[ 701]---> Adder-cost: 97   maxlim: 156   bits: 9/8
c ---[ 699]---> Adder-cost: 134   maxlim: 319   bits: 9/9
c ---[ 698]---> Adder-cost: 148   maxlim: 159   bits: 9/8
c ---[ 697]---> Adder-cost: 99   maxlim: 232   bits: 9/8
c ---[ 696]---> Adder-cost: 173   maxlim: 243   bits: 9/8
c ---[ 695]---> Adder-cost: 111   maxlim: 144   bits: 9/8
c ---[ 694]---> Adder-cost: 142   maxlim: 151   bits: 9/8
c ---[ 693]---> Adder-cost: 113   maxlim: 190   bits: 9/8
c ---[ 692]---> Adder-cost: 149   maxlim: 196   bits: 9/8
c ---[ 691]---> Adder-cost: 81   maxlim: 156   bits: 9/8
c ---[ 690]---> Adder-cost: 140   maxlim: 129   bits: 9/8
c ---[ 689]---> Adder-cost: 106   maxlim: 168   bits: 9/8
c ---[ 688]---> Adder-cost: 147   maxlim: 191   bits: 9/8
c ---[ 687]---> Adder-cost: 86   maxlim: 139   bits: 9/8
c ---[ 686]---> Adder-cost: 159   maxlim: 220   bits: 9/8
c ---[ 685]---> Adder-cost: 118   maxlim: 129   bits: 9/8
c ---[ 684]---> Adder-cost: 160   maxlim: 180   bits: 9/8
c ---[ 683]---> Adder-cost: 107   maxlim: 177   bits: 9/8
c ---[ 682]---> Adder-cost: 171   maxlim: 255   bits: 9/8
c ---[ 681]---> Adder-cost: 129   maxlim: 149   bits: 9/8
c ---[ 680]---> Adder-cost: 155   maxlim: 182   bits: 9/8
c ---[ 679]---> Adder-cost: 94   maxlim: 178   bits: 9/8
c ---[ 678]---> Adder-cost: 151   maxlim: 151   bits: 9/8
c ---[ 677]---> Adder-cost: 93   maxlim: 195   bits: 9/8
c ---[ 676]---> Adder-cost: 166   maxlim: 172   bits: 9/8
c ---[ 675]---> Adder-cost: 118   maxlim: 186   bits: 9/8
c ---[ 674]---> Adder-cost: 164   maxlim: 187   bits: 9/8
c ---[ 673]---> Adder-cost: 117   maxlim: 166   bits: 9/8
c ---[ 672]---> Adder-cost: 175   maxlim: 219   bits: 9/8
c ---[ 671]---> Adder-cost: 127   maxlim: 225   bits: 9/8
c ---[ 670]---> Adder-cost: 156   maxlim: 199   bits: 9/8
c ---[ 669]---> Adder-cost: 105   maxlim: 193   bits: 9/8
c ---[ 668]---> Adder-cost: 161   maxlim: 180   bits: 9/8
c ---[ 667]---> Adder-cost: 105   maxlim: 175   bits: 9/8
c ---[ 666]---> Adder-cost: 161   maxlim: 194   bits: 9/8
c ---[ 665]---> Adder-cost: 97   maxlim: 142   bits: 9/8
c ---[ 664]---> Adder-cost: 169   maxlim: 236   bits: 9/8
c ---[ 663]---> Adder-cost: 100   maxlim: 160   bits: 9/8
c ---[ 662]---> Adder-cost: 166   maxlim: 182   bits: 9/8
c ---[ 661]---> Adder-cost: 95   maxlim: 177   bits: 9/8
c ---[ 660]---> Adder-cost: 175   maxlim: 196   bits: 9/8
c ---[ 659]---> Adder-cost: 78   maxlim: 180   bits: 9/8
c ---[ 658]---> Adder-cost: 178   maxlim: 174   bits: 9/8
c ---[ 657]---> Adder-cost: 98   maxlim: 226   bits: 9/8
c ---[ 656]---> Adder-cost: 179   maxlim: 182   bits: 9/8
c ---[ 655]---> Adder-cost: 112   maxlim: 188   bits: 9/8
c ---[ 654]---> Adder-cost: 151   maxlim: 147   bits: 9/8
c ---[ 653]---> Adder-cost: 92   maxlim: 172   bits: 9/8
c ---[ 652]---> Adder-cost: 136   maxlim: 103   bits: 8/7
c ---[ 651]---> Sorter-cost: 1913     Base: 2 2 3 7
c ---[ 650]---> Adder-cost: 168   maxlim: 181   bits: 9/8
c ---[ 649]---> Adder-cost: 104   maxlim: 162   bits: 9/8
c ---[ 648]---> Adder-cost: 199   maxlim: 234   bits: 9/8
c ---[ 647]---> Adder-cost: 118   maxlim: 158   bits: 9/8
c ---[ 646]---> Sorter-cost: 1940     Base: 2 3 2
c ---[ 645]---> Sorter-cost: 1594     Base: 2 3 13
c ---[ 644]---> Sorter-cost: 1699     Base: 3 2 2 17
c ---[ 643]---> Sorter-cost: 1417     Base: 3 2 2
c ---[ 642]---> Adder-cost: 170   maxlim: 250   bits: 9/8
c ---[ 641]---> Adder-cost: 104   maxlim: 109   bits: 8/7
c ---[ 640]---> Adder-cost: 182   maxlim: 121   bits: 8/7
c ---[ 639]---> Adder-cost: 128   maxlim: 262   bits: 10/9
c ---[ 638]---> Adder-cost: 156   maxlim: 237   bits: 9/8
c ---[ 637]---> Adder-cost: 109   maxlim: 146   bits: 9/8
c ---[ 636]---> Adder-cost: 167   maxlim: 183   bits: 9/8
c ---[ 635]---> Adder-cost: 87   maxlim: 171   bits: 9/8
c ---[ 634]---> Adder-cost: 156   maxlim: 99   bits: 8/7
c ---[ 633]---> Adder-cost: 111   maxlim: 241   bits: 9/8
c ---[ 632]---> Adder-cost: 153   maxlim: 161   bits: 9/8
c ---[ 631]---> Adder-cost: 111   maxlim: 199   bits: 9/8
c ---[ 630]---> Adder-cost: 173   maxlim: 200   bits: 9/8
c ---[ 629]---> Adder-cost: 112   maxlim: 178   bits: 9/8
c ---[ 628]---> Adder-cost: 145   maxlim: 147   bits: 9/8
c ---[ 627]---> Adder-cost: 101   maxlim: 208   bits: 9/8
c ---[ 626]---> Adder-cost: 184   maxlim: 166   bits: 9/8
c ---[ 625]---> Adder-cost: 100   maxlim: 226   bits: 9/8
c ---[ 624]---> Adder-cost: 172   maxlim: 149   bits: 9/8
c ---[ 623]---> Adder-cost: 86   maxlim: 193   bits: 9/8
c ---[ 622]---> Adder-cost: 195   maxlim: 189   bits: 9/8
c ---[ 621]---> Adder-cost: 98   maxlim: 169   bits: 9/8
c ---[ 620]---> Adder-cost: 171   maxlim: 198   bits: 9/8
c ---[ 619]---> Adder-cost: 103   maxlim: 177   bits: 9/8
c ---[ 618]---> Adder-cost: 203   maxlim: 175   bits: 9/8
c ---[ 617]---> Sorter-cost: 2119     Base: 2 2 3 7
c ---[ 616]---> Adder-cost: 166   maxlim: 160   bits: 9/8
c ---[ 615]---> Adder-cost: 97   maxlim: 156   bits: 9/8
c ---[ 613]---> Adder-cost: 162   maxlim: 319   bits: 9/9
c ---[ 612]---> Adder-cost: 185   maxlim: 159   bits: 9/8
c ---[ 611]---> Adder-cost: 99   maxlim: 232   bits: 9/8
c ---[ 610]---> Adder-cost: 199   maxlim: 243   bits: 9/8
c ---[ 609]---> Adder-cost: 111   maxlim: 144   bits: 9/8
c ---[ 608]---> Adder-cost: 164   maxlim: 151   bits: 9/8
c ---[ 607]---> Adder-cost: 113   maxlim: 190   bits: 9/8
c ---[ 606]---> Adder-cost: 177   maxlim: 196   bits: 9/8
c ---[ 605]---> Adder-cost: 83   maxlim: 156   bits: 9/8
c ---[ 604]---> Adder-cost: 154   maxlim: 129   bits: 9/8
c ---[ 603]---> Adder-cost: 106   maxlim: 168   bits: 9/8
c ---[ 602]---> Adder-cost: 175   maxlim: 191   bits: 9/8
c ---[ 601]---> Adder-cost: 86   maxlim: 139   bits: 9/8
c ---[ 600]---> Adder-cost: 177   maxlim: 220   bits: 9/8
c ---[ 599]---> Adder-cost: 118   maxlim: 129   bits: 9/8
c ---[ 598]---> Adder-cost: 189   maxlim: 180   bits: 9/8
c ---[ 597]---> Adder-cost: 107   maxlim: 177   bits: 9/8
c ---[ 596]---> Adder-cost: 200   maxlim: 255   bits: 9/8
c ---[ 595]---> Adder-cost: 129   maxlim: 149   bits: 9/8
c ---[ 594]---> Adder-cost: 187   maxlim: 182   bits: 9/8
c ---[ 593]---> Adder-cost: 94   maxlim: 178   bits: 9/8
c ---[ 592]---> Adder-cost: 170   maxlim: 151   bits: 9/8
c ---[ 591]---> Adder-cost: 93   maxlim: 195   bits: 9/8
c ---[ 590]---> Adder-cost: 187   maxlim: 172   bits: 9/8
c ---[ 589]---> Adder-cost: 118   maxlim: 186   bits: 9/8
c ---[ 588]---> Adder-cost: 177   maxlim: 187   bits: 9/8
c ---[ 587]---> Adder-cost: 117   maxlim: 166   bits: 9/8
c ---[ 586]---> Adder-cost: 196   maxlim: 219   bits: 9/8
c ---[ 585]---> Adder-cost: 127   maxlim: 225   bits: 9/8
c ---[ 584]---> Adder-cost: 195   maxlim: 199   bits: 9/8
c ---[ 583]---> Adder-cost: 107   maxlim: 193   bits: 9/8
c ---[ 582]---> Adder-cost: 174   maxlim: 180   bits: 9/8
c ---[ 581]---> Adder-cost: 105   maxlim: 175   bits: 9/8
c ---[ 580]---> Adder-cost: 177   maxlim: 194   bits: 9/8
c ---[ 579]---> Adder-cost: 97   maxlim: 142   bits: 9/8
c ---[ 578]---> Adder-cost: 189   maxlim: 236   bits: 9/8
c ---[ 577]---> Adder-cost: 100   maxlim: 160   bits: 9/8
c ---[ 576]---> Adder-cost: 186   maxlim: 182   bits: 9/8
c ---[ 575]---> Adder-cost: 95   maxlim: 177   bits: 9/8
c ---[ 574]---> Adder-cost: 190   maxlim: 196   bits: 9/8
c ---[ 573]---> Adder-cost: 78   maxlim: 180   bits: 9/8
c ---[ 572]---> Adder-cost: 197   maxlim: 174   bits: 9/8
c ---[ 571]---> Adder-cost: 98   maxlim: 226   bits: 9/8
c ---[ 570]---> Adder-cost: 191   maxlim: 182   bits: 9/8
c ---[ 569]---> Adder-cost: 112   maxlim: 188   bits: 9/8
c ---[ 568]---> Adder-cost: 161   maxlim: 147   bits: 9/8
c ---[ 567]---> Adder-cost: 92   maxlim: 172   bits: 9/8
c ---[ 566]---> Adder-cost: 168   maxlim: 103   bits: 8/7
c ---[ 565]---> Sorter-cost: 1915     Base: 2 2 3 7
c ---[ 564]---> Adder-cost: 192   maxlim: 181   bits: 9/8
c ---[ 563]---> Adder-cost: 104   maxlim: 162   bits: 9/8
c ---[ 562]---> Adder-cost: 213   maxlim: 234   bits: 9/8
c ---[ 561]---> Adder-cost: 118   maxlim: 158   bits: 9/8
c ---[ 560]---> Sorter-cost: 1940     Base: 2 3 2
c ---[ 559]---> Sorter-cost: 1594     Base: 2 3 13
c ---[ 558]---> Sorter-cost: 1701     Base: 3 2 2 17
c ---[ 557]---> Sorter-cost: 1417     Base: 3 2 2
c ---[ 556]---> Adder-cost: 186   maxlim: 250   bits: 9/8
c ---[ 555]---> Adder-cost: 104   maxlim: 109   bits: 8/7
c ---[ 554]---> Adder-cost: 195   maxlim: 121   bits: 8/7
c ---[ 553]---> Adder-cost: 128   maxlim: 262   bits: 10/9
c ---[ 552]---> Adder-cost: 174   maxlim: 237   bits: 9/8
c ---[ 551]---> Adder-cost: 109   maxlim: 146   bits: 9/8
c ---[ 550]---> Adder-cost: 182   maxlim: 183   bits: 9/8
c ---[ 549]---> Adder-cost: 87   maxlim: 171   bits: 9/8
c ---[ 548]---> Adder-cost: 166   maxlim: 99   bits: 8/7
c ---[ 547]---> Adder-cost: 111   maxlim: 241   bits: 9/8
c ---[ 546]---> Adder-cost: 182   maxlim: 161   bits: 9/8
c ---[ 545]---> Adder-cost: 111   maxlim: 199   bits: 9/8
c ---[ 544]---> Adder-cost: 186   maxlim: 200   bits: 9/8
c ---[ 543]---> Adder-cost: 112   maxlim: 178   bits: 9/8
c ---[ 542]---> Adder-cost: 173   maxlim: 147   bits: 9/8
c ---[ 541]---> Adder-cost: 101   maxlim: 208   bits: 9/8
c ---[ 540]---> Adder-cost: 202   maxlim: 166   bits: 9/8
c ---[ 539]---> Adder-cost: 100   maxlim: 226   bits: 9/8
c ---[ 538]---> Adder-cost: 195   maxlim: 167   bits: 9/8
c ---[ 537]---> Adder-cost: 113   maxlim: 177   bits: 9/8
c ---[ 536]---> Adder-cost: 198   maxlim: 228   bits: 9/8
c ---[ 535]---> Adder-cost: 119   maxlim: 165   bits: 9/8
c ---[ 534]---> Adder-cost: 157   maxlim: 143   bits: 9/8
c ---[ 533]---> Adder-cost: 70   maxlim: 179   bits: 9/8
c ---[ 532]---> Adder-cost: 178   maxlim: 152   bits: 9/8
c ---[ 531]---> Adder-cost: 101   maxlim: 174   bits: 9/8
c ---[ 530]---> Adder-cost: 174   maxlim: 218   bits: 9/8
c ---[ 529]---> Adder-cost: 98   maxlim: 135   bits: 9/8
c ---[ 527]---> Adder-cost: 162   maxlim: 319   bits: 9/9
c ---[ 526]---> Adder-cost: 185   maxlim: 159   bits: 9/8
c ---[ 525]---> Adder-cost: 99   maxlim: 232   bits: 9/8
c ---[ 524]---> Adder-cost: 199   maxlim: 243   bits: 9/8
c ---[ 523]---> Adder-cost: 111   maxlim: 144   bits: 9/8
c ---[ 522]---> Adder-cost: 164   maxlim: 151   bits: 9/8
c ---[ 521]---> Adder-cost: 113   maxlim: 190   bits: 9/8
c ---[ 520]---> Adder-cost: 177   maxlim: 196   bits: 9/8
c ---[ 519]---> Adder-cost: 83   maxlim: 156   bits: 9/8
c ---[ 518]---> Adder-cost: 154   maxlim: 129   bits: 9/8
c ---[ 517]---> Adder-cost: 106   maxlim: 168   bits: 9/8
c ---[ 516]---> Adder-cost: 175   maxlim: 191   bits: 9/8
c ---[ 515]---> Adder-cost: 86   maxlim: 139   bits: 9/8
c ---[ 514]---> Adder-cost: 177   maxlim: 220   bits: 9/8
c ---[ 513]---> Adder-cost: 118   maxlim: 129   bits: 9/8
c ---[ 512]---> Adder-cost: 189   maxlim: 180   bits: 9/8
c ---[ 511]---> Adder-cost: 107   maxlim: 177   bits: 9/8
c ---[ 510]---> Adder-cost: 200   maxlim: 255   bits: 9/8
c ---[ 509]---> Adder-cost: 129   maxlim: 149   bits: 9/8
c ---[ 508]---> Adder-cost: 187   maxlim: 182   bits: 9/8
c ---[ 507]---> Adder-cost: 94   maxlim: 178   bits: 9/8
c ---[ 506]---> Adder-cost: 170   maxlim: 151   bits: 9/8
c ---[ 505]---> Adder-cost: 93   maxlim: 195   bits: 9/8
c ---[ 504]---> Adder-cost: 187   maxlim: 172   bits: 9/8
c ---[ 503]---> Adder-cost: 118   maxlim: 186   bits: 9/8
c ---[ 502]---> Adder-cost: 177   maxlim: 187   bits: 9/8
c ---[ 501]---> Adder-cost: 117   maxlim: 166   bits: 9/8
c ---[ 500]---> Adder-cost: 197   maxlim: 219   bits: 9/8
c ---[ 499]---> Adder-cost: 127   maxlim: 225   bits: 9/8
c ---[ 498]---> Adder-cost: 197   maxlim: 199   bits: 9/8
c ---[ 497]---> Adder-cost: 107   maxlim: 193   bits: 9/8
c ---[ 496]---> Adder-cost: 174   maxlim: 180   bits: 9/8
c ---[ 495]---> Adder-cost: 105   maxlim: 175   bits: 9/8
c ---[ 494]---> Adder-cost: 177   maxlim: 194   bits: 9/8
c ---[ 493]---> Adder-cost: 97   maxlim: 142   bits: 9/8
c ---[ 492]---> Adder-cost: 189   maxlim: 236   bits: 9/8
c ---[ 491]---> Adder-cost: 100   maxlim: 160   bits: 9/8
c ---[ 490]---> Adder-cost: 186   maxlim: 182   bits: 9/8
c ---[ 489]---> Adder-cost: 95   maxlim: 177   bits: 9/8
c ---[ 488]---> Adder-cost: 191   maxlim: 196   bits: 9/8
c ---[ 487]---> Adder-cost: 78   maxlim: 180   bits: 9/8
c ---[ 486]---> Adder-cost: 197   maxlim: 174   bits: 9/8
c ---[ 485]---> Adder-cost: 98   maxlim: 226   bits: 9/8
c ---[ 484]---> Adder-cost: 191   maxlim: 182   bits: 9/8
c ---[ 483]---> Adder-cost: 112   maxlim: 188   bits: 9/8
c ---[ 482]---> Adder-cost: 161   maxlim: 147   bits: 9/8
c ---[ 481]---> Adder-cost: 92   maxlim: 172   bits: 9/8
c ---[ 480]---> Adder-cost: 168   maxlim: 103   bits: 8/7
c ---[ 479]---> Sorter-cost: 1915     Base: 2 2 3 7
c ---[ 478]---> Adder-cost: 195   maxlim: 181   bits: 9/8
c ---[ 477]---> Adder-cost: 104   maxlim: 162   bits: 9/8
c ---[ 476]---> Adder-cost: 213   maxlim: 234   bits: 9/8
c ---[ 475]---> Adder-cost: 118   maxlim: 158   bits: 9/8
c ---[ 474]---> Sorter-cost: 1942     Base: 2 3 2
c ---[ 473]---> Sorter-cost: 1594     Base: 2 3 13
c ---[ 472]---> Sorter-cost: 1703     Base: 3 2 2 17
c ---[ 471]---> Sorter-cost: 1417     Base: 3 2 2
c ---[ 470]---> Adder-cost: 186   maxlim: 250   bits: 9/8
c ---[ 469]---> Adder-cost: 104   maxlim: 109   bits: 8/7
c ---[ 468]---> Adder-cost: 196   maxlim: 121   bits: 8/7
c ---[ 467]---> Adder-cost: 128   maxlim: 262   bits: 10/9
c ---[ 466]---> Adder-cost: 174   maxlim: 237   bits: 9/8
c ---[ 465]---> Adder-cost: 109   maxlim: 146   bits: 9/8
c ---[ 464]---> Adder-cost: 182   maxlim: 183   bits: 9/8
c ---[ 463]---> Adder-cost: 87   maxlim: 171   bits: 9/8
c ---[ 462]---> Adder-cost: 166   maxlim: 99   bits: 8/7
c ---[ 461]---> Adder-cost: 111   maxlim: 241   bits: 9/8
c ---[ 460]---> Adder-cost: 182   maxlim: 161   bits: 9/8
c ---[ 459]---> Adder-cost: 111   maxlim: 199   bits: 9/8
c ---[ 458]---> Adder-cost: 189   maxlim: 200   bits: 9/8
c ---[ 457]---> Adder-cost: 112   maxlim: 178   bits: 9/8
c ---[ 456]---> Adder-cost: 173   maxlim: 147   bits: 9/8
c ---[ 455]---> Adder-cost: 101   maxlim: 208   bits: 9/8
c ---[ 454]---> Adder-cost: 202   maxlim: 166   bits: 9/8
c ---[ 453]---> Adder-cost: 100   maxlim: 226   bits: 9/8
c ---[ 452]---> Adder-cost: 195   maxlim: 167   bits: 9/8
c ---[ 451]---> Adder-cost: 113   maxlim: 177   bits: 9/8
c ---[ 450]---> Adder-cost: 198   maxlim: 228   bits: 9/8
c ---[ 449]---> Adder-cost: 119   maxlim: 165   bits: 9/8
c ---[ 448]---> Adder-cost: 157   maxlim: 143   bits: 9/8
c ---[ 447]---> Adder-cost: 70   maxlim: 179   bits: 9/8
c ---[ 446]---> Adder-cost: 178   maxlim: 152   bits: 9/8
c ---[ 445]---> Adder-cost: 101   maxlim: 174   bits: 9/8
c ---[ 444]---> Adder-cost: 174   maxlim: 218   bits: 9/8
c ---[ 443]---> Adder-cost: 98   maxlim: 135   bits: 9/8
c ---[ 442]---> Adder-cost: 191   maxlim: 144   bits: 9/8
c ---[ 441]---> Adder-cost: 110   maxlim: 273   bits: 10/9
c ---[ 440]---> Adder-cost: 186   maxlim: 193   bits: 9/8
c ---[ 439]---> Adder-cost: 111   maxlim: 195   bits: 9/8
c ---[ 438]---> Adder-cost: 165   maxlim: 179   bits: 9/8
c ---[ 437]---> Adder-cost: 95   maxlim: 177   bits: 9/8
c ---[ 436]---> Adder-cost: 167   maxlim: 153   bits: 9/8
c ---[ 435]---> Adder-cost: 109   maxlim: 187   bits: 9/8
c ---[ 434]---> Adder-cost: 159   maxlim: 167   bits: 9/8
c ---[ 433]---> Adder-cost: 94   maxlim: 154   bits: 9/8
c ---[ 432]---> Adder-cost: 154   maxlim: 129   bits: 9/8
c ---[ 431]---> Adder-cost: 106   maxlim: 168   bits: 9/8
c ---[ 430]---> Adder-cost: 175   maxlim: 191   bits: 9/8
c ---[ 429]---> Adder-cost: 86   maxlim: 139   bits: 9/8
c ---[ 428]---> Adder-cost: 177   maxlim: 220   bits: 9/8
c ---[ 427]---> Adder-cost: 118   maxlim: 129   bits: 9/8
c ---[ 426]---> Adder-cost: 189   maxlim: 180   bits: 9/8
c ---[ 425]---> Adder-cost: 107   maxlim: 177   bits: 9/8
c ---[ 424]---> Adder-cost: 201   maxlim: 255   bits: 9/8
c ---[ 423]---> Adder-cost: 129   maxlim: 149   bits: 9/8
c ---[ 422]---> Adder-cost: 187   maxlim: 182   bits: 9/8
c ---[ 421]---> Adder-cost: 94   maxlim: 178   bits: 9/8
c ---[ 420]---> Adder-cost: 170   maxlim: 151   bits: 9/8
c ---[ 419]---> Adder-cost: 93   maxlim: 195   bits: 9/8
c ---[ 418]---> Adder-cost: 187   maxlim: 172   bits: 9/8
c ---[ 417]---> Adder-cost: 118   maxlim: 186   bits: 9/8
c ---[ 416]---> Adder-cost: 177   maxlim: 187   bits: 9/8
c ---[ 415]---> Adder-cost: 117   maxlim: 166   bits: 9/8
c ---[ 414]---> Adder-cost: 197   maxlim: 219   bits: 9/8
c ---[ 413]---> Adder-cost: 127   maxlim: 225   bits: 9/8
c ---[ 412]---> Adder-cost: 199   maxlim: 199   bits: 9/8
c ---[ 411]---> Adder-cost: 107   maxlim: 193   bits: 9/8
c ---[ 410]---> Adder-cost: 174   maxlim: 180   bits: 9/8
c ---[ 409]---> Adder-cost: 105   maxlim: 175   bits: 9/8
c ---[ 408]---> Adder-cost: 177   maxlim: 194   bits: 9/8
c ---[ 407]---> Adder-cost: 97   maxlim: 142   bits: 9/8
c ---[ 406]---> Adder-cost: 189   maxlim: 236   bits: 9/8
c ---[ 405]---> Adder-cost: 100   maxlim: 160   bits: 9/8
c ---[ 404]---> Adder-cost: 187   maxlim: 182   bits: 9/8
c ---[ 403]---> Adder-cost: 95   maxlim: 177   bits: 9/8
c ---[ 402]---> Adder-cost: 191   maxlim: 196   bits: 9/8
c ---[ 401]---> Adder-cost: 78   maxlim: 180   bits: 9/8
c ---[ 400]---> Adder-cost: 197   maxlim: 174   bits: 9/8
c ---[ 399]---> Adder-cost: 98   maxlim: 226   bits: 9/8
c ---[ 398]---> Adder-cost: 191   maxlim: 182   bits: 9/8
c ---[ 397]---> Adder-cost: 112   maxlim: 188   bits: 9/8
c ---[ 396]---> Adder-cost: 161   maxlim: 147   bits: 9/8
c ---[ 395]---> Adder-cost: 92   maxlim: 172   bits: 9/8
c ---[ 394]---> Adder-cost: 168   maxlim: 103   bits: 8/7
c ---[ 393]---> Sorter-cost: 1915     Base: 2 2 3 7
c ---[ 392]---> Adder-cost: 195   maxlim: 181   bits: 9/8
c ---[ 391]---> Adder-cost: 104   maxlim: 162   bits: 9/8
c ---[ 390]---> Adder-cost: 213   maxlim: 234   bits: 9/8
c ---[ 389]---> Adder-cost: 118   maxlim: 158   bits: 9/8
c ---[ 388]---> Sorter-cost: 1942     Base: 2 3 2
c ---[ 387]---> Sorter-cost: 1594     Base: 2 3 13
c ---[ 386]---> Sorter-cost: 1703     Base: 3 2 2 17
c ---[ 385]---> Sorter-cost: 1417     Base: 3 2 2
c ---[ 384]---> Adder-cost: 187   maxlim: 250   bits: 9/8
c ---[ 383]---> Adder-cost: 104   maxlim: 109   bits: 8/7
c ---[ 382]---> Adder-cost: 196   maxlim: 121   bits: 8/7
c ---[ 381]---> Adder-cost: 128   maxlim: 262   bits: 10/9
c ---[ 380]---> Adder-cost: 175   maxlim: 237   bits: 9/8
c ---[ 379]---> Adder-cost: 109   maxlim: 146   bits: 9/8
c ---[ 378]---> Adder-cost: 182   maxlim: 183   bits: 9/8
c ---[ 377]---> Adder-cost: 87   maxlim: 171   bits: 9/8
c ---[ 376]---> Adder-cost: 169   maxlim: 99   bits: 8/7
c ---[ 375]---> Adder-cost: 111   maxlim: 241   bits: 9/8
c ---[ 374]---> Adder-cost: 182   maxlim: 161   bits: 9/8
c ---[ 373]---> Adder-cost: 111   maxlim: 199   bits: 9/8
c ---[ 372]---> Adder-cost: 189   maxlim: 200   bits: 9/8
c ---[ 371]---> Adder-cost: 112   maxlim: 178   bits: 9/8
c ---[ 370]---> Adder-cost: 175   maxlim: 147   bits: 9/8
c ---[ 369]---> Adder-cost: 101   maxlim: 208   bits: 9/8
c ---[ 368]---> Adder-cost: 202   maxlim: 166   bits: 9/8
c ---[ 367]---> Adder-cost: 100   maxlim: 226   bits: 9/8
c ---[ 366]---> Adder-cost: 195   maxlim: 167   bits: 9/8
c ---[ 365]---> Adder-cost: 113   maxlim: 177   bits: 9/8
c ---[ 364]---> Adder-cost: 198   maxlim: 228   bits: 9/8
c ---[ 363]---> Adder-cost: 119   maxlim: 165   bits: 9/8
c ---[ 362]---> Adder-cost: 158   maxlim: 143   bits: 9/8
c ---[ 361]---> Adder-cost: 70   maxlim: 179   bits: 9/8
c ---[ 360]---> Adder-cost: 178   maxlim: 152   bits: 9/8
c ---[ 359]---> Adder-cost: 101   maxlim: 174   bits: 9/8
c ---[ 358]---> Adder-cost: 174   maxlim: 218   bits: 9/8
c ---[ 357]---> Adder-cost: 98   maxlim: 135   bits: 9/8
c ---[ 356]---> Adder-cost: 191   maxlim: 144   bits: 9/8
c ---[ 355]---> Adder-cost: 110   maxlim: 273   bits: 10/9
c ---[ 354]---> Adder-cost: 188   maxlim: 193   bits: 9/8
c ---[ 353]---> Adder-cost: 111   maxlim: 195   bits: 9/8
c ---[ 352]---> Adder-cost: 165   maxlim: 179   bits: 9/8
c ---[ 351]---> Adder-cost: 95   maxlim: 177   bits: 9/8
c ---[ 350]---> Adder-cost: 168   maxlim: 153   bits: 9/8
c ---[ 349]---> Adder-cost: 109   maxlim: 187   bits: 9/8
c ---[ 348]---> Adder-cost: 160   maxlim: 167   bits: 9/8
c ---[ 347]---> Adder-cost: 94   maxlim: 154   bits: 9/8
c ---[ 346]---> Adder-cost: 193   maxlim: 154   bits: 9/8
c ---[ 345]---> Adder-cost: 127   maxlim: 229   bits: 9/8
c ---[ 344]---> Adder-cost: 180   maxlim: 216   bits: 9/8
c ---[ 343]---> Adder-cost: 108   maxlim: 162   bits: 9/8
c ---[ 342]---> Adder-cost: 172   maxlim: 188   bits: 9/8
c ---[ 341]---> Adder-cost: 112   maxlim: 149   bits: 9/8
c ---[ 340]---> Adder-cost: 167   maxlim: 157   bits: 9/8
c ---[ 339]---> Adder-cost: 76   maxlim: 174   bits: 9/8
c ---[ 338]---> Adder-cost: 161   maxlim: 139   bits: 9/8
c ---[ 337]---> Adder-cost: 86   maxlim: 175   bits: 9/8
c ---[ 336]---> Adder-cost: 187   maxlim: 182   bits: 9/8
c ---[ 335]---> Adder-cost: 94   maxlim: 178   bits: 9/8
c ---[ 334]---> Adder-cost: 170   maxlim: 151   bits: 9/8
c ---[ 333]---> Adder-cost: 93   maxlim: 195   bits: 9/8
c ---[ 332]---> Adder-cost: 187   maxlim: 172   bits: 9/8
c ---[ 331]---> Adder-cost: 118   maxlim: 186   bits: 9/8
c ---[ 330]---> Adder-cost: 177   maxlim: 187   bits: 9/8
c ---[ 329]---> Adder-cost: 117   maxlim: 166   bits: 9/8
c ---[ 328]---> Adder-cost: 197   maxlim: 219   bits: 9/8
c ---[ 327]---> Adder-cost: 127   maxlim: 225   bits: 9/8
c ---[ 326]---> Adder-cost: 201   maxlim: 199   bits: 9/8
c ---[ 325]---> Adder-cost: 107   maxlim: 193   bits: 9/8
c ---[ 324]---> Adder-cost: 175   maxlim: 180   bits: 9/8
c ---[ 323]---> Adder-cost: 105   maxlim: 175   bits: 9/8
c ---[ 322]---> Adder-cost: 177   maxlim: 194   bits: 9/8
c ---[ 321]---> Adder-cost: 97   maxlim: 142   bits: 9/8
c ---[ 320]---> Adder-cost: 189   maxlim: 236   bits: 9/8
c ---[ 319]---> Adder-cost: 100   maxlim: 160   bits: 9/8
c ---[ 318]---> Adder-cost: 187   maxlim: 182   bits: 9/8
c ---[ 317]---> Adder-cost: 95   maxlim: 177   bits: 9/8
c ---[ 316]---> Adder-cost: 191   maxlim: 196   bits: 9/8
c ---[ 315]---> Adder-cost: 78   maxlim: 180   bits: 9/8
c ---[ 314]---> Adder-cost: 197   maxlim: 174   bits: 9/8
c ---[ 313]---> Adder-cost: 98   maxlim: 226   bits: 9/8
c ---[ 312]---> Adder-cost: 191   maxlim: 182   bits: 9/8
c ---[ 311]---> Adder-cost: 112   maxlim: 188   bits: 9/8
c ---[ 310]---> Adder-cost: 162   maxlim: 147   bits: 9/8
c ---[ 309]---> Adder-cost: 92   maxlim: 172   bits: 9/8
c ---[ 308]---> Adder-cost: 168   maxlim: 103   bits: 8/7
c ---[ 307]---> Sorter-cost: 1915     Base: 2 2 3 7
c ---[ 306]---> Adder-cost: 195   maxlim: 181   bits: 9/8
c ---[ 305]---> Adder-cost: 104   maxlim: 162   bits: 9/8
c ---[ 304]---> Adder-cost: 213   maxlim: 234   bits: 9/8
c ---[ 303]---> Adder-cost: 118   maxlim: 158   bits: 9/8
c ---[ 302]---> Sorter-cost: 1942     Base: 2 3 2
c ---[ 301]---> Sorter-cost: 1594     Base: 2 3 13
c ---[ 300]---> Sorter-cost: 1703     Base: 3 2 2 17
c ---[ 299]---> Sorter-cost: 1417     Base: 3 2 2
c ---[ 298]---> Adder-cost: 187   maxlim: 250   bits: 9/8
c ---[ 297]---> Adder-cost: 104   maxlim: 109   bits: 8/7
c ---[ 296]---> Adder-cost: 196   maxlim: 121   bits: 8/7
c ---[ 295]---> Adder-cost: 128   maxlim: 262   bits: 10/9
c ---[ 294]---> Adder-cost: 175   maxlim: 237   bits: 9/8
c ---[ 293]---> Adder-cost: 109   maxlim: 146   bits: 9/8
c ---[ 292]---> Adder-cost: 182   maxlim: 183   bits: 9/8
c ---[ 291]---> Adder-cost: 87   maxlim: 171   bits: 9/8
c ---[ 290]---> Adder-cost: 170   maxlim: 99   bits: 8/7
c ---[ 289]---> Adder-cost: 111   maxlim: 241   bits: 9/8
c ---[ 288]---> Adder-cost: 182   maxlim: 161   bits: 9/8
c ---[ 287]---> Adder-cost: 111   maxlim: 199   bits: 9/8
c ---[ 286]---> Adder-cost: 190   maxlim: 200   bits: 9/8
c ---[ 285]---> Adder-cost: 112   maxlim: 178   bits: 9/8
c ---[ 284]---> Adder-cost: 177   maxlim: 147   bits: 9/8
c ---[ 283]---> Adder-cost: 101   maxlim: 208   bits: 9/8
c ---[ 282]---> Adder-cost: 202   maxlim: 166   bits: 9/8
c ---[ 281]---> Adder-cost: 100   maxlim: 226   bits: 9/8
c ---[ 280]---> Adder-cost: 195   maxlim: 167   bits: 9/8
c ---[ 279]---> Adder-cost: 113   maxlim: 177   bits: 9/8
c ---[ 278]---> Adder-cost: 199   maxlim: 228   bits: 9/8
c ---[ 277]---> Adder-cost: 119   maxlim: 165   bits: 9/8
c ---[ 276]---> Adder-cost: 158   maxlim: 143   bits: 9/8
c ---[ 275]---> Adder-cost: 70   maxlim: 179   bits: 9/8
c ---[ 274]---> Adder-cost: 178   maxlim: 152   bits: 9/8
c ---[ 273]---> Adder-cost: 101   maxlim: 174   bits: 9/8
c ---[ 272]---> Adder-cost: 175   maxlim: 218   bits: 9/8
c ---[ 271]---> Adder-cost: 98   maxlim: 135   bits: 9/8
c ---[ 270]---> Adder-cost: 191   maxlim: 144   bits: 9/8
c ---[ 269]---> Adder-cost: 110   maxlim: 273   bits: 10/9
c ---[ 268]---> Adder-cost: 188   maxlim: 193   bits: 9/8
c ---[ 267]---> Adder-cost: 111   maxlim: 195   bits: 9/8
c ---[ 266]---> Adder-cost: 165   maxlim: 179   bits: 9/8
c ---[ 265]---> Adder-cost: 95   maxlim: 177   bits: 9/8
c ---[ 264]---> Adder-cost: 168   maxlim: 153   bits: 9/8
c ---[ 263]---> Adder-cost: 109   maxlim: 187   bits: 9/8
c ---[ 262]---> Adder-cost: 160   maxlim: 167   bits: 9/8
c ---[ 261]---> Adder-cost: 94   maxlim: 154   bits: 9/8
c ---[ 260]---> Adder-cost: 193   maxlim: 154   bits: 9/8
c ---[ 259]---> Adder-cost: 127   maxlim: 229   bits: 9/8
c ---[ 258]---> Adder-cost: 180   maxlim: 216   bits: 9/8
c ---[ 257]---> Adder-cost: 108   maxlim: 162   bits: 9/8
c ---[ 256]---> Adder-cost: 172   maxlim: 188   bits: 9/8
c ---[ 255]---> Adder-cost: 112   maxlim: 149   bits: 9/8
c ---[ 254]---> Adder-cost: 167   maxlim: 157   bits: 9/8
c ---[ 253]---> Adder-cost: 76   maxlim: 174   bits: 9/8
c ---[ 252]---> Adder-cost: 161   maxlim: 139   bits: 9/8
c ---[ 251]---> Adder-cost: 86   maxlim: 175   bits: 9/8
c ---[ 250]---> Adder-cost: 178   maxlim: 148   bits: 9/8
c ---[ 249]---> Adder-cost: 119   maxlim: 217   bits: 9/8
c ---[ 248]---> Adder-cost: 183   maxlim: 185   bits: 9/8
c ---[ 247]---> Adder-cost: 117   maxlim: 163   bits: 9/8
c ---[ 246]---> Adder-cost: 167   maxlim: 163   bits: 9/8
c ---[ 245]---> Adder-cost: 109   maxlim: 176   bits: 9/8
c ---[ 244]---> Sorter-cost: 2111     Base: 3 3 7
c ---[ 243]---> Sorter-cost: 1429     Base: 3 3
c ---[ 242]---> Sorter-cost: 1681     Base: 2 3 2
c ---[ 241]---> Sorter-cost: 1154     Base: 2 3 2
c ==================================[MINISAT+]==================================
c | Conflicts | Original         | Learnt                           | Progress |
c |           | Clauses Literals |     Max Clauses Literals     LPC |          |
c ==============================================================================
c |         0 | 1469699  5083094 |  489899       0        0    -nan |  0.000 % |
c |       100 | 1469682  5083060 |  538888      99      559     5.6 |  2.068 % |
c |       250 | 1469682  5083060 |  592777     249     1423     5.7 |  2.068 % |
c |       476 | 1469682  5083060 |  652055     475     5056    10.6 |  2.068 % |
c |       814 | 1469682  5083060 |  717261     813     8312    10.2 |  2.068 % |
c |      1321 | 1469682  5083060 |  788987    1320    16944    12.8 |  2.068 % |
c |      2080 | 1469682  5083060 |  867885    2079    29145    14.0 |  2.068 % |
c |      3219 | 1469682  5083060 |  954674    3218    64095    19.9 |  2.068 % |
c |      4927 | 1469682  5083060 | 1050142    4926    97592    19.8 |  2.068 % |
c |      7492 | 1469682  5083060 | 1155156    7491   153951    20.6 |  2.068 % |
c |     11336 | 1469682  5083060 | 1270671   11335   227663    20.1 |  2.068 % |
c |     17102 | 1469682  5083060 | 1397739   17101   400104    23.4 |  2.068 % |
c |     25753 | 1469682  5083060 | 1537512   25752   684101    26.6 |  2.068 % |
c |     38728 | 1469682  5083060 | 1691264   38727  1025456    26.5 |  2.068 % |
c |     58190 | 1469682  5083060 | 1860390   58189  1582336    27.2 |  2.068 % |
c |     87382 | 1469682  5083060 | 2046429   87381  2532139    29.0 |  2.068 % |
c |    131173 | 1469682  5083060 | 2251072  131172  4231462    32.3 |  2.068 % |
c |    196857 | 1469682  5083060 | 2476179  196856  6922953    35.2 |  2.068 % |
c |    295385 | 1469682  5083060 | 2723797  295384 11200677    37.9 |  2.068 % |
c |    443175 | 1469682  5083060 | 2996177  443174 17413487    39.3 |  2.068 % |
c |    664859 | 1469682  5083060 | 3295795  664858 27428969    41.3 |  2.068 % |
c |    997384 | 1469682  5083060 | 3625375  997383 41787941    41.9 |  2.068 % |
c |   1496172 | 1469682  5083060 | 3987912 1496171 60997464    40.8 |  2.068 % |
c |   2244355 | 1469682  5083060 | 4386703 2244354 103899009    46.3 |  2.068 % |
c |   3366631 | 1469682  5083060 | 4825374 3366630 153710827    45.7 |  2.068 % |
c |   5050042 | 1469682  5083060 | 5307911  194951  8311158    42.6 |  2.068 % |
c |   7575158 | 1469682  5083060 | 5838702 2720067 136349295    50.1 |  2.068 % |
c |  11362833 | 1469682  5083060 | 6422573  589170 25239425    42.8 |  2.068 % |
c |  17044348 | 1469682  5083060 | 7064830 6270685 323623645    51.6 |  2.068 % |
c |  25566621 | 1469682  5083060 | 7771313  528278 21113396    40.0 |  2.068 % |
c ==============================================================================
c [1mFound solution: -1[0m
c [1mOptimal solution: -1[0m
s OPTIMUM FOUND
v Z O1_49 t1_289 -O1_50 -t1_290 -O1_51 -t1_291 O1_52 t1_292 -O1_53 -t1_293 O1_54 t1_294 O1_55 t1_295 O1_56 t1_296 O1_57 t1_297 -O1_58 -t1_298 O1_59 t1_299 -O1_60 -t1_300 O1_61 t1_301 O1_62 t1_302 -O1_63 -t1_303 O1_64 t1_304 O1_65 t1_305 -O1_66 -t1_306 O1_67 t1_307 O1_68 t1_308 -O1_69 -t1_309 O1_70 t1_310 O1_71 t1_311 -O1_72 -t1_312 -O1_73 -t1_313 -O1_74 -t1_314 -O1_75 -t1_315 O1_76 t1_316 -O1_77 -t1_317 O1_78 t1_318 -O1_79 -t1_319 -O1_80 -t1_320 O1_81 t1_321 -O1_82 -t1_322 O1_83 t1_323 -O1_84 -t1_324 -O1_85 -t1_325 -O1_86 -t1_326 -O1_87 -t1_327 O1_88 t1_328 O1_89 t1_329 -O1_90 -t1_330 -O1_91 -t1_331 -O1_92 -t1_332 O1_93 t1_333 O1_94 t1_334 O1_95 t1_335 -O1_96 -t1_336 -t1_97 -I_1 I_2 -I_3 -I_4 -I_5 -I_6 -I_7 -I_8 -I_9 -I_10 I_11 -I_12 I_13 -I_14 -I_15 -I_16 -I_17 -I_18 I_19 -I_20 -I_21 -I_22 I_23 -I_24 -I_25 I_26 -I_27 -I_28 -I_29 -I_30 -I_31 I_32 I_33 I_34 I_35 -I_36 -I_37 I_38 -I_39 -I_40 -I_41 I_42 -I_43 -I_44 -I_45 -I_46 -I_47 I_48 -t1_98 -t1_99 -t1_100 -t1_101 -t1_102 t1_103 t1_104 -t1_105 -t1_106 t1_107 -t1_108 t1_109 -t1_110 -t1_111 -t1_112 -t1_113 t1_114 -t1_115 t1_116 t1_117 -t1_118 t1_119 -t1_120 -t1_121 t1_122 t1_123 t1_124 t1_125 t1_126 -t1_127 -t1_128 -t1_129 -t1_130 -t1_131 t1_132 -t1_133 -t1_134 -t1_135 t1_136 -t1_137 -t1_138 t1_139 t1_140 t1_141 -t1_142 -t1_143 -t1_144 -t1_145 t1_146 -t1_147 -t1_148 -t1_149 -t1_150 -t1_151 t1_152 -t1_153 t1_154 -t1_155 t1_156 t1_157 -t1_158 t1_159 t1_160 t1_161 -t1_162 -t1_163 t1_164 -t1_165 t1_166 t1_167 t1_168 -t1_169 -t1_170 t1_171 -t1_172 -t1_173 -t1_174 t1_175 -t1_176 -t1_177 -t1_178 t1_179 -t1_180 t1_181 t1_182 -t1_183 -t1_184 t1_185 -t1_186 -t1_187 t1_188 t1_189 t1_190 t1_191 t1_192 t1_193 -t1_194 t1_195 -t1_196 -t1_197 -t1_198 t1_199 t1_200 t1_201 t1_202 t1_203 -t1_204 t1_205 -t1_206 t1_207 -t1_208 t1_209 t1_210 t1_211 -t1_212 t1_213 -t1_214 -t1_215 -t1_216 -t1_217 -t1_218 t1_219 -t1_220 t1_221 t1_222 -t1_223 t1_224 t1_225 -t1_226 -t1_227 -t1_228 t1_229 -t1_230 t1_231 t1_232 -t1_233 t1_234 t1_235 -t1_236 t1_237 t1_238 -t1_239 t1_240 -t1_241 t1_242 t1_243 t1_244 t1_245 t1_246 t1_247 -t1_248 t1_249 -t1_250 t1_251 -t1_252 -t1_253 t1_254 t1_255 t1_256 -t1_257 -t1_258 -t1_259 -t1_260 t1_261 t1_262 -t1_263 t1_264 t1_265 -t1_266 t1_267 -t1_268 -t1_269 -t1_270 t1_271 -t1_272 -t1_273 t1_274 -t1_275 -t1_276 -t1_277 t1_278 -t1_279 -t1_280 t1_281 t1_282 t1_283 -t1_284 t1_285 t1_286 -t1_287 -t1_288 -O2_49 -t2_289 -O2_50 -t2_290 -O2_51 -t2_291 O2_52 t2_292 O2_53 t2_293 O2_54 t2_294 O2_55 t2_295 -O2_56 -t2_296 O2_57 t2_297 -O2_58 -t2_298 -O2_59 -t2_299 -O2_60 -t2_300 -O2_61 -t2_301 O2_62 t2_302 -O2_63 -t2_303 -O2_64 -t2_304 O2_65 t2_305 -O2_66 -t2_306 O2_67 t2_307 O2_68 t2_308 -O2_69 -t2_309 O2_70 t2_310 O2_71 t2_311 -O2_72 -t2_312 -O2_73 -t2_313 O2_74 t2_314 -O2_75 -t2_315 O2_76 t2_316 -O2_77 -t2_317 O2_78 t2_318 -O2_79 -t2_319 O2_80 t2_320 O2_81 t2_321 -O2_82 -t2_322 O2_83 t2_323 -O2_84 -t2_324 -O2_85 -t2_325 -O2_86 -t2_326 -O2_87 -t2_327 O2_88 t2_328 O2_89 t2_329 -O2_90 -t2_330 -O2_91 -t2_331 -O2_92 -t2_332 O2_93 t2_333 -O2_94 -t2_334 O2_95 t2_335 O2_96 t2_336 -t2_97 -t2_98 -t2_99 -t2_100 -t2_101 -t2_102 t2_103 t2_104 -t2_105 -t2_106 t2_107 t2_108 t2_109 -t2_110 -t2_111 -t2_112 -t2_113 t2_114 -t2_115 t2_116 t2_117 -t2_118 t2_119 -t2_120 -t2_121 t2_122 t2_123 t2_124 t2_125 t2_126 -t2_127 -t2_128 -t2_129 -t2_130 -t2_131 t2_132 -t2_133 -t2_134 -t2_135 t2_136 -t2_137 -t2_138 t2_139 t2_140 t2_141 -t2_142 -t2_143 -t2_144 -t2_145 t2_146 -t2_147 -t2_148 -t2_149 -t2_150 -t2_151 t2_152 -t2_153 t2_154 -t2_155 t2_156 t2_157 -t2_158 t2_159 t2_160 -t2_161 -t2_162 -t2_163 -t2_164 -t2_165 t2_166 t2_167 t2_168 -t2_169 -t2_170 t2_171 -t2_172 -t2_173 -t2_174 t2_175 -t2_176 -t2_177 -t2_178 t2_179 -t2_180 t2_181 t2_182 -t2_183 -t2_184 t2_185 -t2_186 -t2_187 -t2_188 t2_189 t2_190 t2_191 t2_192 t2_193 -t2_194 t2_195 -t2_196 -t2_197 -t2_198 t2_199 t2_200 -t2_201 t2_202 t2_203 -t2_204 t2_205 -t2_206 t2_207 -t2_208 t2_209 t2_210 t2_211 t2_212 t2_213 -t2_214 -t2_215 -t2_216 -t2_217 t2_218 t2_219 -t2_220 t2_221 t2_222 -t2_223 t2_224 t2_225 -t2_226 -t2_227 t2_228 -t2_229 -t2_230 t2_231 t2_232 -t2_233 t2_234 t2_235 -t2_236 t2_237 t2_238 -t2_239 t2_240 -t2_241 t2_242 t2_243 t2_244 t2_245 t2_246 -t2_247 -t2_248 t2_249 -t2_250 -t2_251 -t2_252 t2_253 t2_254 t2_255 t2_256 -t2_257 -t2_258 -t2_259 -t2_260 t2_261 t2_262 -t2_263 -t2_264 t2_265 -t2_266 t2_267 -t2_268 -t2_269 -t2_270 t2_271 -t2_272 -t2_273 t2_274 -t2_275 -t2_276 -t2_277 t2_278 -t2_279 -t2_280 t2_281 t2_282 t2_283 -t2_284 t2_285 t2_286 t2_287 -t2_288 M_0 -M_1 -M_2 -M_3 M_4 -M_5 -M_6 M_7 -M_8 -M_9 M_10 -M_11 M_12 -M_13 -M_14 M_15 -M_16 -M_17 -M_18 -M_19 -M_20 -M_21 -M_22 -M_23 -M_24 M_25 -M_26 -M_27 -M_28 -M_29 -M_30 M_31 -M_32 -M_33 -M_34 -M_35 -M_36 -M_37 -M_38 -M_39 -M_40 -M_41 -M_42 -M_43 -M_44 M_45 -M_46 M_47
c _______________________________________________________________________________
c 
c restarts              : 30
c conflicts             : 25568031       (165 /sec)
c decisions             : 30682782       (198 /sec)
c propagations          : 0              (0 /sec)
c inspects              : 0              (0 /sec)
c CPU time              : 155055 s
c _______________________________________________________________________________
