c Parsing PB file...
c Converting 1341 PB-constraints to clauses...
c   -- Unit propagations: (none)
c   -- Detecting intervals from adjacent constraints: ################################################################################################################################
c   -- Clauses(.)/Splits(s): .................................................................................................................................................................................................................................................................................................................................
c ---[1339]---> BDD-cost:    1
c ---[1337]---> BDD-cost:    1
c ---[1335]---> BDD-cost:    1
c ---[1333]---> BDD-cost:    1
c ---[1331]---> BDD-cost:    1
c ---[1329]---> BDD-cost:    1
c ---[1327]---> BDD-cost:    1
c ---[1325]---> BDD-cost:    1
c ---[1323]---> BDD-cost:    1
c ---[1321]---> BDD-cost:    1
c ---[1319]---> BDD-cost:    1
c ---[1317]---> BDD-cost:    1
c ---[1315]---> BDD-cost:    1
c ---[1313]---> BDD-cost:    1
c ---[1311]---> BDD-cost:    1
c ---[1309]---> BDD-cost:    1
c ---[1307]---> BDD-cost:    1
c ---[1305]---> BDD-cost:    1
c ---[1303]---> BDD-cost:    1
c ---[1301]---> BDD-cost:    1
c ---[1299]---> BDD-cost:    1
c ---[1297]---> BDD-cost:    1
c ---[1295]---> BDD-cost:    1
c ---[1293]---> BDD-cost:    1
c ---[1291]---> BDD-cost:    1
c ---[1289]---> BDD-cost:    1
c ---[1287]---> BDD-cost:    1
c ---[1285]---> BDD-cost:    1
c ---[1283]---> BDD-cost:    1
c ---[1281]---> BDD-cost:    1
c ---[1279]---> BDD-cost:    1
c ---[1277]---> BDD-cost:    1
c ---[1275]---> BDD-cost:    1
c ---[1273]---> BDD-cost:    1
c ---[1271]---> BDD-cost:    1
c ---[1269]---> BDD-cost:    1
c ---[1267]---> BDD-cost:    1
c ---[1265]---> BDD-cost:    1
c ---[1263]---> BDD-cost:    1
c ---[1261]---> BDD-cost:    1
c ---[1259]---> BDD-cost:    1
c ---[1257]---> BDD-cost:    1
c ---[1255]---> BDD-cost:    1
c ---[1253]---> BDD-cost:    1
c ---[1251]---> BDD-cost:    1
c ---[1249]---> BDD-cost:    1
c ---[1247]---> BDD-cost:    1
c ---[1245]---> BDD-cost:    1
c ---[1243]---> BDD-cost:    1
c ---[1241]---> BDD-cost:    1
c ---[1239]---> BDD-cost:    1
c ---[1237]---> BDD-cost:    1
c ---[1235]---> BDD-cost:    1
c ---[1233]---> BDD-cost:    1
c ---[1231]---> BDD-cost:    1
c ---[1229]---> BDD-cost:    1
c ---[1227]---> BDD-cost:    1
c ---[1225]---> BDD-cost:    1
c ---[1223]---> BDD-cost:    1
c ---[1221]---> BDD-cost:    1
c ---[1219]---> BDD-cost:    1
c ---[1217]---> BDD-cost:    1
c ---[1215]---> BDD-cost:    1
c ---[1213]---> BDD-cost:    1
c ---[1212]---> Adder-cost: 490   maxlim: 3857   bits: 13/12
c ---[1211]---> Adder-cost: 314   maxlim: 5187   bits: 14/13
c ---[1210]---> Adder-cost: 516   maxlim: 5256   bits: 14/13
c ---[1209]---> Adder-cost: 320   maxlim: 4325   bits: 14/13
c ---[1208]---> Adder-cost: 506   maxlim: 4177   bits: 14/13
c ---[1207]---> Adder-cost: 232   maxlim: 5231   bits: 14/13
c ---[1206]---> Adder-cost: 505   maxlim: 4191   bits: 14/13
c ---[1205]---> Adder-cost: 316   maxlim: 5694   bits: 14/13
c ---[1204]---> Adder-cost: 572   maxlim: 3990   bits: 13/12
c ---[1203]---> Adder-cost: 211   maxlim: 5012   bits: 14/13
c ---[1202]---> Adder-cost: 500   maxlim: 5445   bits: 14/13
c ---[1201]---> Adder-cost: 272   maxlim: 4098   bits: 14/13
c ---[1200]---> Adder-cost: 526   maxlim: 3662   bits: 13/12
c ---[1199]---> Adder-cost: 298   maxlim: 5801   bits: 14/13
c ---[1198]---> Adder-cost: 509   maxlim: 3341   bits: 13/12
c ---[1197]---> Adder-cost: 302   maxlim: 6202   bits: 14/13
c ---[1196]---> Adder-cost: 524   maxlim: 3943   bits: 13/12
c ---[1195]---> Adder-cost: 310   maxlim: 5164   bits: 14/13
c ---[1194]---> Adder-cost: 489   maxlim: 3910   bits: 13/12
c ---[1193]---> Adder-cost: 293   maxlim: 5354   bits: 14/13
c ---[1192]---> Adder-cost: 522   maxlim: 4916   bits: 14/13
c ---[1191]---> Adder-cost: 318   maxlim: 4561   bits: 14/13
c ---[1190]---> Adder-cost: 495   maxlim: 3855   bits: 13/12
c ---[1189]---> Adder-cost: 324   maxlim: 5880   bits: 14/13
c ---[1188]---> Adder-cost: 498   maxlim: 5168   bits: 14/13
c ---[1187]---> Adder-cost: 288   maxlim: 4063   bits: 13/12
c ---[1186]---> Adder-cost: 504   maxlim: 4692   bits: 14/13
c ---[1185]---> Adder-cost: 312   maxlim: 4487   bits: 14/13
c ---[1184]---> Adder-cost: 500   maxlim: 5085   bits: 14/13
c ---[1183]---> Adder-cost: 306   maxlim: 5032   bits: 14/13
c ---[1182]---> Adder-cost: 512   maxlim: 5890   bits: 14/13
c ---[1181]---> Adder-cost: 310   maxlim: 3879   bits: 13/12
c ---[1180]---> Adder-cost: 496   maxlim: 4551   bits: 14/13
c ---[1179]---> Adder-cost: 290   maxlim: 4869   bits: 14/13
c ---[1178]---> Adder-cost: 516   maxlim: 5383   bits: 14/13
c ---[1177]---> Adder-cost: 229   maxlim: 4183   bits: 14/13
c ---[1176]---> Adder-cost: 494   maxlim: 5094   bits: 14/13
c ---[1175]---> Adder-cost: 317   maxlim: 3720   bits: 13/12
c ---[1174]---> Adder-cost: 520   maxlim: 3878   bits: 13/12
c ---[1173]---> Adder-cost: 324   maxlim: 5809   bits: 14/13
c ---[1172]---> Adder-cost: 493   maxlim: 3851   bits: 13/12
c ---[1171]---> Adder-cost: 129   maxlim: 5387   bits: 14/13
c ---[1170]---> Adder-cost: 489   maxlim: 3647   bits: 13/12
c ---[1169]---> Adder-cost: 290   maxlim: 5076   bits: 14/13
c ---[1168]---> Adder-cost: 511   maxlim: 5154   bits: 14/13
c ---[1167]---> Adder-cost: 274   maxlim: 4633   bits: 14/13
c ---[1166]---> Adder-cost: 492   maxlim: 2917   bits: 13/12
c ---[1165]---> Adder-cost: 298   maxlim: 6394   bits: 14/13
c ---[1164]---> Adder-cost: 488   maxlim: 4096   bits: 14/13
c ---[1163]---> Adder-cost: 282   maxlim: 5389   bits: 14/13
c ---[1162]---> Adder-cost: 500   maxlim: 5062   bits: 14/13
c ---[1161]---> Adder-cost: 283   maxlim: 3994   bits: 13/12
c ---[1160]---> Adder-cost: 507   maxlim: 4494   bits: 14/13
c ---[1159]---> Adder-cost: 291   maxlim: 5570   bits: 14/13
c ---[1158]---> Adder-cost: 477   maxlim: 3367   bits: 13/12
c ---[1157]---> Adder-cost: 310   maxlim: 5746   bits: 14/13
c ---[1156]---> Adder-cost: 469   maxlim: 4273   bits: 14/13
c ---[1155]---> Adder-cost: 275   maxlim: 5125   bits: 14/13
c ---[1154]---> Adder-cost: 515   maxlim: 5059   bits: 14/13
c ---[1153]---> Adder-cost: 284   maxlim: 4372   bits: 14/13
c ---[1152]---> Adder-cost: 487   maxlim: 3400   bits: 13/12
c ---[1151]---> Adder-cost: 273   maxlim: 5388   bits: 14/13
c ---[1150]---> Adder-cost: 513   maxlim: 4556   bits: 14/13
c ---[1149]---> Adder-cost: 302   maxlim: 4979   bits: 14/13
c ---[1148]---> Adder-cost: 494   maxlim: 3672   bits: 13/12
c ---[1147]---> Adder-cost: 249   maxlim: 5384   bits: 14/13
c ---[1146]---> Adder-cost: 495   maxlim: 5041   bits: 14/13
c ---[1145]---> Adder-cost: 330   maxlim: 4174   bits: 14/13
c ---[1144]---> Adder-cost: 510   maxlim: 4288   bits: 14/13
c ---[1143]---> Adder-cost: 288   maxlim: 4611   bits: 14/13
c ---[1142]---> Adder-cost: 484   maxlim: 5414   bits: 14/13
c ---[1141]---> Adder-cost: 302   maxlim: 3467   bits: 13/12
c ---[1140]---> Adder-cost: 493   maxlim: 3969   bits: 13/12
c ---[1139]---> Adder-cost: 247   maxlim: 4777   bits: 14/13
c ---[1138]---> Adder-cost: 496   maxlim: 4669   bits: 14/13
c ---[1137]---> Adder-cost: 308   maxlim: 5106   bits: 14/13
c ---[1136]---> Adder-cost: 507   maxlim: 5263   bits: 14/13
c ---[1135]---> Adder-cost: 240   maxlim: 4703   bits: 14/13
c ---[1134]---> Adder-cost: 489   maxlim: 5336   bits: 14/13
c ---[1133]---> Adder-cost: 295   maxlim: 3850   bits: 13/12
c ---[1132]---> Adder-cost: 499   maxlim: 5014   bits: 14/13
c ---[1131]---> Adder-cost: 307   maxlim: 4104   bits: 14/13
c ---[1130]---> Adder-cost: 523   maxlim: 4467   bits: 14/13
c ---[1129]---> Adder-cost: 241   maxlim: 5155   bits: 14/13
c ---[1128]---> Adder-cost: 489   maxlim: 4463   bits: 14/13
c ---[1127]---> Adder-cost: 240   maxlim: 3944   bits: 13/12
c ---[1126]---> Adder-cost: 484   maxlim: 4445   bits: 14/13
c ---[1125]---> Adder-cost: 312   maxlim: 5539   bits: 14/13
c ---[1124]---> Adder-cost: 502   maxlim: 4903   bits: 14/13
c ---[1123]---> Adder-cost: 342   maxlim: 4093   bits: 13/12
c ---[1122]---> Adder-cost: 481   maxlim: 4531   bits: 14/13
c ---[1121]---> Adder-cost: 288   maxlim: 5001   bits: 14/13
c ---[1120]---> Adder-cost: 507   maxlim: 5142   bits: 14/13
c ---[1119]---> Adder-cost: 346   maxlim: 5059   bits: 14/13
c ---[1118]---> Adder-cost: 507   maxlim: 5290   bits: 14/13
c ---[1117]---> Adder-cost: 345   maxlim: 4436   bits: 14/13
c ---[1116]---> Adder-cost: 511   maxlim: 4608   bits: 14/13
c ---[1115]---> Adder-cost: 201   maxlim: 4616   bits: 14/13
c ---[1114]---> Adder-cost: 504   maxlim: 4254   bits: 14/13
c ---[1113]---> Adder-cost: 320   maxlim: 5363   bits: 14/13
c ---[1112]---> Adder-cost: 492   maxlim: 4063   bits: 13/12
c ---[1111]---> Adder-cost: 310   maxlim: 4558   bits: 14/13
c ---[1110]---> Adder-cost: 512   maxlim: 3415   bits: 13/12
c ---[1109]---> Adder-cost: 264   maxlim: 5515   bits: 14/13
c ---[1108]---> Adder-cost: 483   maxlim: 5013   bits: 14/13
c ---[1107]---> Adder-cost: 296   maxlim: 4607   bits: 14/13
c ---[1106]---> Adder-cost: 517   maxlim: 5201   bits: 14/13
c ---[1105]---> Adder-cost: 340   maxlim: 4078   bits: 13/12
c ---[1104]---> Adder-cost: 516   maxlim: 5508   bits: 14/13
c ---[1103]---> Adder-cost: 277   maxlim: 4160   bits: 14/13
c ---[1102]---> Adder-cost: 481   maxlim: 3879   bits: 13/12
c ---[1101]---> Adder-cost: 334   maxlim: 4822   bits: 14/13
c ---[1100]---> Adder-cost: 523   maxlim: 4503   bits: 14/13
c ---[1099]---> Adder-cost: 200   maxlim: 4248   bits: 14/13
c ---[1098]---> Adder-cost: 489   maxlim: 4205   bits: 14/13
c ---[1097]---> Adder-cost: 243   maxlim: 5461   bits: 14/13
c ---[1096]---> Adder-cost: 491   maxlim: 3860   bits: 13/12
c ---[1095]---> Adder-cost: 291   maxlim: 5094   bits: 14/13
c ---[1094]---> Adder-cost: 492   maxlim: 4426   bits: 14/13
c ---[1093]---> Adder-cost: 262   maxlim: 4801   bits: 14/13
c ---[1092]---> Adder-cost: 478   maxlim: 6148   bits: 14/13
c ---[1091]---> Adder-cost: 271   maxlim: 3266   bits: 13/12
c ---[1090]---> Adder-cost: 516   maxlim: 4333   bits: 14/13
c ---[1089]---> Adder-cost: 261   maxlim: 5533   bits: 14/13
c ---[1088]---> Adder-cost: 467   maxlim: 5022   bits: 14/13
c ---[1087]---> Adder-cost: 257   maxlim: 4120   bits: 14/13
c ---[1086]---> Adder-cost: 502   maxlim: 5672   bits: 14/13
c ---[1085]---> Adder-cost: 290   maxlim: 3811   bits: 13/12
c ---[1084]---> Adder-cost: 522   maxlim: 3974   bits: 13/12
c ---[1083]---> Adder-cost: 323   maxlim: 6012   bits: 14/13
c ---[1082]---> Adder-cost: 504   maxlim: 6251   bits: 14/13
c ---[1081]---> Adder-cost: 194   maxlim: 3180   bits: 13/12
c ---[1080]---> Adder-cost: 504   maxlim: 3971   bits: 13/12
c ---[1079]---> Adder-cost: 320   maxlim: 5134   bits: 14/13
c ---[1078]---> Adder-cost: 514   maxlim: 4354   bits: 14/13
c ---[1077]---> Adder-cost: 276   maxlim: 5189   bits: 14/13
c ---[1076]---> Adder-cost: 502   maxlim: 4109   bits: 14/13
c ---[1075]---> Adder-cost: 328   maxlim: 5071   bits: 14/13
c ---[1074]---> Adder-cost: 515   maxlim: 4718   bits: 14/13
c ---[1073]---> Adder-cost: 313   maxlim: 4820   bits: 14/13
c ---[1072]---> Adder-cost: 519   maxlim: 2959   bits: 13/12
c ---[1071]---> Adder-cost: 314   maxlim: 6267   bits: 14/13
c ---[1070]---> Adder-cost: 476   maxlim: 5357   bits: 14/13
c ---[1069]---> Adder-cost: 222   maxlim: 3810   bits: 13/12
c ---[1068]---> Adder-cost: 510   maxlim: 4472   bits: 14/13
c ---[1067]---> Adder-cost: 297   maxlim: 5264   bits: 14/13
c ---[1066]---> Adder-cost: 492   maxlim: 4685   bits: 14/13
c ---[1065]---> Adder-cost: 292   maxlim: 4844   bits: 14/13
c ---[1064]---> Adder-cost: 498   maxlim: 4192   bits: 14/13
c ---[1063]---> Adder-cost: 233   maxlim: 5536   bits: 14/13
c ---[1062]---> Adder-cost: 504   maxlim: 4517   bits: 14/13
c ---[1061]---> Adder-cost: 217   maxlim: 4421   bits: 14/13
c ---[1060]---> Adder-cost: 547   maxlim: 5969   bits: 14/13
c ---[1059]---> Adder-cost: 269   maxlim: 3733   bits: 13/12
c ---[1058]---> Adder-cost: 488   maxlim: 4617   bits: 14/13
c ---[1057]---> Adder-cost: 237   maxlim: 4869   bits: 14/13
c ---[1056]---> Adder-cost: 476   maxlim: 4895   bits: 14/13
c ---[1055]---> Adder-cost: 336   maxlim: 3805   bits: 13/12
c ---[1054]---> Adder-cost: 501   maxlim: 5075   bits: 14/13
c ---[1053]---> Adder-cost: 286   maxlim: 4754   bits: 14/13
c ---[1052]---> Adder-cost: 515   maxlim: 4358   bits: 14/13
c ---[1051]---> Adder-cost: 360   maxlim: 5103   bits: 14/13
c ---[1050]---> Adder-cost: 496   maxlim: 5152   bits: 14/13
c ---[1049]---> Adder-cost: 342   maxlim: 4733   bits: 14/13
c ---[1048]---> Adder-cost: 505   maxlim: 4095   bits: 13/12
c ---[1047]---> Adder-cost: 348   maxlim: 5076   bits: 14/13
c ---[1046]---> Adder-cost: 521   maxlim: 4668   bits: 14/13
c ---[1045]---> Adder-cost: 235   maxlim: 5372   bits: 14/13
c ---[1044]---> Adder-cost: 485   maxlim: 5153   bits: 14/13
c ---[1043]---> Adder-cost: 332   maxlim: 4062   bits: 13/12
c ---[1042]---> Adder-cost: 524   maxlim: 4433   bits: 14/13
c ---[1041]---> Adder-cost: 258   maxlim: 5194   bits: 14/13
c ---[1040]---> Adder-cost: 507   maxlim: 5079   bits: 14/13
c ---[1039]---> Adder-cost: 290   maxlim: 4694   bits: 14/13
c ---[1038]---> Adder-cost: 510   maxlim: 5464   bits: 14/13
c ---[1037]---> Adder-cost: 294   maxlim: 4327   bits: 14/13
c ---[1036]---> Adder-cost: 509   maxlim: 4179   bits: 14/13
c ---[1035]---> Adder-cost: 263   maxlim: 5539   bits: 14/13
c ---[1034]---> Adder-cost: 483   maxlim: 5252   bits: 14/13
c ---[1033]---> Adder-cost: 293   maxlim: 3874   bits: 13/12
c ---[1032]---> Adder-cost: 550   maxlim: 4574   bits: 14/13
c ---[1031]---> Adder-cost: 370   maxlim: 5155   bits: 14/13
c ---[1030]---> Adder-cost: 503   maxlim: 5515   bits: 14/13
c ---[1029]---> Adder-cost: 306   maxlim: 4575   bits: 14/13
c ---[1028]---> Adder-cost: 505   maxlim: 4447   bits: 14/13
c ---[1027]---> Adder-cost: 143   maxlim: 5151   bits: 14/13
c ---[1026]---> Adder-cost: 512   maxlim: 5081   bits: 14/13
c ---[1025]---> Adder-cost: 271   maxlim: 4481   bits: 14/13
c ---[1024]---> Adder-cost: 485   maxlim: 4474   bits: 14/13
c ---[1023]---> Adder-cost: 258   maxlim: 5457   bits: 14/13
c ---[1022]---> Adder-cost: 538   maxlim: 4934   bits: 14/13
c ---[1021]---> Adder-cost: 333   maxlim: 4824   bits: 14/13
c ---[1020]---> Adder-cost: 478   maxlim: 4857   bits: 14/13
c ---[1019]---> Adder-cost: 251   maxlim: 4257   bits: 14/13
c ---[1018]---> Adder-cost: 526   maxlim: 4959   bits: 14/13
c ---[1017]---> Adder-cost: 260   maxlim: 4416   bits: 14/13
c ---[1016]---> Adder-cost: 502   maxlim: 4577   bits: 14/13
c ---[1015]---> Adder-cost: 265   maxlim: 4357   bits: 14/13
c ---[1014]---> Adder-cost: 513   maxlim: 6154   bits: 14/13
c ---[1013]---> Adder-cost: 300   maxlim: 3577   bits: 13/12
c ---[1012]---> Adder-cost: 502   maxlim: 4498   bits: 14/13
c ---[1011]---> Adder-cost: 300   maxlim: 5237   bits: 14/13
c ---[1010]---> Adder-cost: 510   maxlim: 4662   bits: 14/13
c ---[1009]---> Adder-cost: 346   maxlim: 4575   bits: 14/13
c ---[1008]---> Adder-cost: 493   maxlim: 3750   bits: 13/12
c ---[1007]---> Adder-cost: 264   maxlim: 5109   bits: 14/13
c ---[1006]---> Adder-cost: 502   maxlim: 3710   bits: 13/12
c ---[1005]---> Adder-cost: 303   maxlim: 6280   bits: 14/13
c ---[1004]---> Adder-cost: 498   maxlim: 4439   bits: 14/13
c ---[1003]---> Adder-cost: 310   maxlim: 5252   bits: 14/13
c ---[1002]---> Adder-cost: 510   maxlim: 3530   bits: 13/12
c ---[1001]---> Adder-cost: 281   maxlim: 5650   bits: 14/13
c ---[1000]---> Adder-cost: 508   maxlim: 5082   bits: 14/13
c ---[ 999]---> Adder-cost: 247   maxlim: 5014   bits: 14/13
c ---[ 998]---> Adder-cost: 507   maxlim: 5310   bits: 14/13
c ---[ 997]---> Adder-cost: 282   maxlim: 4259   bits: 14/13
c ---[ 996]---> Adder-cost: 485   maxlim: 3973   bits: 13/12
c ---[ 995]---> Adder-cost: 324   maxlim: 5880   bits: 14/13
c ---[ 994]---> Adder-cost: 494   maxlim: 4590   bits: 14/13
c ---[ 993]---> Adder-cost: 285   maxlim: 4960   bits: 14/13
c ---[ 992]---> Adder-cost: 506   maxlim: 4752   bits: 14/13
c ---[ 991]---> Adder-cost: 328   maxlim: 4067   bits: 13/12
c ---[ 990]---> Adder-cost: 491   maxlim: 4499   bits: 14/13
c ---[ 989]---> Adder-cost: 222   maxlim: 4505   bits: 14/13
c ---[ 988]---> Adder-cost: 495   maxlim: 3696   bits: 13/12
c ---[ 987]---> Adder-cost: 250   maxlim: 5495   bits: 14/13
c ---[ 986]---> Adder-cost: 476   maxlim: 4448   bits: 14/13
c ---[ 985]---> Adder-cost: 305   maxlim: 5372   bits: 14/13
c ---[ 984]---> Adder-cost: 494   maxlim: 4127   bits: 14/13
c ---[ 983]---> Adder-cost: 244   maxlim: 5633   bits: 14/13
c ---[ 982]---> Adder-cost: 513   maxlim: 4737   bits: 14/13
c ---[ 981]---> Adder-cost: 330   maxlim: 4660   bits: 14/13
c ---[ 980]---> Adder-cost: 506   maxlim: 3480   bits: 13/12
c ---[ 979]---> Adder-cost: 307   maxlim: 5902   bits: 14/13
c ---[ 978]---> Adder-cost: 500   maxlim: 5270   bits: 14/13
c ---[ 977]---> Adder-cost: 318   maxlim: 3913   bits: 13/12
c ---[ 976]---> Adder-cost: 495   maxlim: 5861   bits: 14/13
c ---[ 975]---> Adder-cost: 254   maxlim: 3763   bits: 13/12
c ---[ 974]---> Adder-cost: 504   maxlim: 3373   bits: 13/12
c ---[ 973]---> Adder-cost: 282   maxlim: 5688   bits: 14/13
c ---[ 972]---> Adder-cost: 472   maxlim: 5789   bits: 14/13
c ---[ 971]---> Adder-cost: 300   maxlim: 3764   bits: 13/12
c ---[ 970]---> Adder-cost: 533   maxlim: 5646   bits: 14/13
c ---[ 969]---> Adder-cost: 303   maxlim: 4188   bits: 14/13
c ---[ 968]---> Adder-cost: 494   maxlim: 4934   bits: 14/13
c ---[ 967]---> Adder-cost: 334   maxlim: 4271   bits: 14/13
c ---[ 966]---> Adder-cost: 485   maxlim: 3561   bits: 13/12
c ---[ 965]---> Adder-cost: 275   maxlim: 6341   bits: 14/13
c ---[ 964]---> Adder-cost: 492   maxlim: 3527   bits: 13/12
c ---[ 963]---> Adder-cost: 334   maxlim: 5854   bits: 14/13
c ---[ 962]---> Adder-cost: 486   maxlim: 4552   bits: 14/13
c ---[ 961]---> Adder-cost: 187   maxlim: 5578   bits: 14/13
c ---[ 960]---> Adder-cost: 476   maxlim: 4263   bits: 14/13
c ---[ 959]---> Adder-cost: 328   maxlim: 5378   bits: 14/13
c ---[ 958]---> Adder-cost: 518   maxlim: 4327   bits: 14/13
c ---[ 957]---> Adder-cost: 310   maxlim: 4573   bits: 14/13
c ---[ 956]---> Adder-cost: 522   maxlim: 5996   bits: 14/13
c ---[ 955]---> Adder-cost: 189   maxlim: 4204   bits: 14/13
c ---[ 954]---> Adder-cost: 452   maxlim: 4515   bits: 14/13
c ---[ 953]---> Adder-cost: 256   maxlim: 4821   bits: 14/13
c ---[ 952]---> Adder-cost: 518   maxlim: 4872   bits: 14/13
c ---[ 951]---> Adder-cost: 288   maxlim: 5121   bits: 14/13
c ---[ 950]---> Adder-cost: 526   maxlim: 4792   bits: 14/13
c ---[ 949]---> Adder-cost: 350   maxlim: 4957   bits: 14/13
c ---[ 948]---> Adder-cost: 485   maxlim: 3805   bits: 13/12
c ---[ 947]---> Adder-cost: 232   maxlim: 5335   bits: 14/13
c ---[ 946]---> Adder-cost: 508   maxlim: 4761   bits: 14/13
c ---[ 945]---> Adder-cost: 296   maxlim: 5023   bits: 14/13
c ---[ 944]---> Adder-cost: 518   maxlim: 5444   bits: 14/13
c ---[ 943]---> Adder-cost: 321   maxlim: 4014   bits: 13/12
c ---[ 942]---> Adder-cost: 519   maxlim: 5111   bits: 14/13
c ---[ 941]---> Adder-cost: 326   maxlim: 5234   bits: 14/13
c ---[ 940]---> Adder-cost: 518   maxlim: 5772   bits: 14/13
c ---[ 939]---> Adder-cost: 286   maxlim: 4497   bits: 14/13
c ---[ 938]---> Adder-cost: 492   maxlim: 5033   bits: 14/13
c ---[ 937]---> Adder-cost: 236   maxlim: 5047   bits: 14/13
c ---[ 936]---> Adder-cost: 526   maxlim: 3871   bits: 13/12
c ---[ 935]---> Adder-cost: 167   maxlim: 5855   bits: 14/13
c ---[ 934]---> Adder-cost: 492   maxlim: 4700   bits: 14/13
c ---[ 933]---> Adder-cost: 213   maxlim: 5084   bits: 14/13
c ---[ 932]---> Adder-cost: 531   maxlim: 4842   bits: 14/13
c ---[ 931]---> Adder-cost: 287   maxlim: 4658   bits: 14/13
c ---[ 930]---> Adder-cost: 535   maxlim: 5111   bits: 14/13
c ---[ 929]---> Adder-cost: 290   maxlim: 4320   bits: 14/13
c ---[ 928]---> Adder-cost: 508   maxlim: 4810   bits: 14/13
c ---[ 927]---> Adder-cost: 267   maxlim: 4840   bits: 14/13
c ---[ 926]---> Adder-cost: 501   maxlim: 4025   bits: 13/12
c ---[ 925]---> Adder-cost: 254   maxlim: 5098   bits: 14/13
c ---[ 924]---> Adder-cost: 474   maxlim: 5162   bits: 14/13
c ---[ 923]---> Adder-cost: 281   maxlim: 4742   bits: 14/13
c ---[ 922]---> Adder-cost: 499   maxlim: 5289   bits: 14/13
c ---[ 921]---> Adder-cost: 274   maxlim: 5167   bits: 14/13
c ---[ 920]---> Adder-cost: 478   maxlim: 5187   bits: 14/13
c ---[ 919]---> Adder-cost: 304   maxlim: 4238   bits: 14/13
c ---[ 918]---> Adder-cost: 513   maxlim: 4669   bits: 14/13
c ---[ 917]---> Adder-cost: 239   maxlim: 4789   bits: 14/13
c ---[ 916]---> Adder-cost: 492   maxlim: 5016   bits: 14/13
c ---[ 915]---> Adder-cost: 267   maxlim: 4998   bits: 14/13
c ---[ 914]---> Adder-cost: 552   maxlim: 4916   bits: 14/13
c ---[ 913]---> Adder-cost: 271   maxlim: 5604   bits: 14/13
c ---[ 912]---> Adder-cost: 518   maxlim: 5174   bits: 14/13
c ---[ 911]---> Adder-cost: 289   maxlim: 4688   bits: 14/13
c ---[ 910]---> Adder-cost: 537   maxlim: 6086   bits: 14/13
c ---[ 909]---> Adder-cost: 269   maxlim: 4090   bits: 13/12
c ---[ 908]---> Adder-cost: 533   maxlim: 4660   bits: 14/13
c ---[ 907]---> Adder-cost: 263   maxlim: 5444   bits: 14/13
c ---[ 906]---> Adder-cost: 502   maxlim: 4675   bits: 14/13
c ---[ 905]---> Adder-cost: 274   maxlim: 5413   bits: 14/13
c ---[ 904]---> Adder-cost: 512   maxlim: 4531   bits: 14/13
c ---[ 903]---> Adder-cost: 237   maxlim: 5155   bits: 14/13
c ---[ 902]---> Adder-cost: 501   maxlim: 5711   bits: 14/13
c ---[ 901]---> Adder-cost: 342   maxlim: 4541   bits: 14/13
c ---[ 900]---> Adder-cost: 533   maxlim: 4548   bits: 14/13
c ---[ 899]---> Adder-cost: 350   maxlim: 5261   bits: 14/13
c ---[ 898]---> Adder-cost: 497   maxlim: 4941   bits: 14/13
c ---[ 897]---> Adder-cost: 284   maxlim: 4866   bits: 14/13
c ---[ 896]---> Adder-cost: 510   maxlim: 4770   bits: 14/13
c ---[ 895]---> Adder-cost: 322   maxlim: 5103   bits: 14/13
c ---[ 894]---> Adder-cost: 517   maxlim: 5470   bits: 14/13
c ---[ 893]---> Adder-cost: 284   maxlim: 4665   bits: 14/13
c ---[ 892]---> Adder-cost: 531   maxlim: 3785   bits: 13/12
c ---[ 891]---> Adder-cost: 358   maxlim: 5684   bits: 14/13
c ---[ 890]---> Adder-cost: 496   maxlim: 4636   bits: 14/13
c ---[ 889]---> Adder-cost: 326   maxlim: 4773   bits: 14/13
c ---[ 888]---> Adder-cost: 485   maxlim: 4285   bits: 14/13
c ---[ 887]---> Adder-cost: 288   maxlim: 5126   bits: 14/13
c ---[ 886]---> Adder-cost: 507   maxlim: 5181   bits: 14/13
c ---[ 885]---> Adder-cost: 324   maxlim: 4888   bits: 14/13
c ---[ 884]---> Adder-cost: 511   maxlim: 5389   bits: 14/13
c ---[ 883]---> Adder-cost: 253   maxlim: 4485   bits: 14/13
c ---[ 882]---> Adder-cost: 481   maxlim: 5261   bits: 14/13
c ---[ 881]---> Adder-cost: 251   maxlim: 4853   bits: 14/13
c ---[ 880]---> Adder-cost: 500   maxlim: 3908   bits: 13/12
c ---[ 879]---> Adder-cost: 323   maxlim: 5358   bits: 14/13
c ---[ 878]---> Adder-cost: 514   maxlim: 5677   bits: 14/13
c ---[ 877]---> Adder-cost: 286   maxlim: 4046   bits: 13/12
c ---[ 876]---> Adder-cost: 496   maxlim: 5017   bits: 14/13
c ---[ 875]---> Adder-cost: 292   maxlim: 4939   bits: 14/13
c ---[ 874]---> Adder-cost: 512   maxlim: 4580   bits: 14/13
c ---[ 873]---> Adder-cost: 322   maxlim: 5383   bits: 14/13
c ---[ 872]---> Adder-cost: 490   maxlim: 4823   bits: 14/13
c ---[ 871]---> Adder-cost: 280   maxlim: 4531   bits: 14/13
c ---[ 870]---> Adder-cost: 531   maxlim: 4451   bits: 14/13
c ---[ 869]---> Adder-cost: 258   maxlim: 5540   bits: 14/13
c ---[ 868]---> Adder-cost: 517   maxlim: 4535   bits: 14/13
c ---[ 867]---> Adder-cost: 250   maxlim: 5080   bits: 14/13
c ---[ 866]---> Adder-cost: 505   maxlim: 5131   bits: 14/13
c ---[ 865]---> Adder-cost: 336   maxlim: 4080   bits: 13/12
c ---[ 864]---> Adder-cost: 508   maxlim: 5140   bits: 14/13
c ---[ 863]---> Adder-cost: 277   maxlim: 4780   bits: 14/13
c ---[ 862]---> Adder-cost: 505   maxlim: 5018   bits: 14/13
c ---[ 861]---> Adder-cost: 260   maxlim: 4937   bits: 14/13
c ---[ 860]---> Adder-cost: 494   maxlim: 5288   bits: 14/13
c ---[ 859]---> Adder-cost: 283   maxlim: 4246   bits: 14/13
c ---[ 858]---> Adder-cost: 474   maxlim: 4762   bits: 14/13
c ---[ 857]---> Adder-cost: 238   maxlim: 4153   bits: 14/13
c ---[ 856]---> Adder-cost: 517   maxlim: 5128   bits: 14/13
c ---[ 855]---> Adder-cost: 313   maxlim: 4832   bits: 14/13
c ---[ 854]---> Adder-cost: 516   maxlim: 5291   bits: 14/13
c ---[ 853]---> Adder-cost: 242   maxlim: 4749   bits: 14/13
c ---[ 852]---> Adder-cost: 497   maxlim: 4583   bits: 14/13
c ---[ 851]---> Adder-cost: 306   maxlim: 4993   bits: 14/13
c ---[ 850]---> Adder-cost: 498   maxlim: 5377   bits: 14/13
c ---[ 849]---> Adder-cost: 332   maxlim: 5104   bits: 14/13
c ---[ 848]---> Adder-cost: 522   maxlim: 4416   bits: 14/13
c ---[ 847]---> Adder-cost: 358   maxlim: 5307   bits: 14/13
c ---[ 846]---> Adder-cost: 484   maxlim: 4491   bits: 14/13
c ---[ 845]---> Adder-cost: 226   maxlim: 5503   bits: 14/13
c ---[ 844]---> Adder-cost: 494   maxlim: 4423   bits: 14/13
c ---[ 843]---> Adder-cost: 294   maxlim: 5124   bits: 14/13
c ---[ 842]---> Adder-cost: 527   maxlim: 4060   bits: 13/12
c ---[ 841]---> Adder-cost: 316   maxlim: 5265   bits: 14/13
c ---[ 840]---> Adder-cost: 518   maxlim: 4275   bits: 14/13
c ---[ 839]---> Adder-cost: 294   maxlim: 5183   bits: 14/13
c ---[ 838]---> Adder-cost: 476   maxlim: 4392   bits: 14/13
c ---[ 837]---> Adder-cost: 302   maxlim: 5587   bits: 14/13
c ---[ 836]---> Adder-cost: 515   maxlim: 5512   bits: 14/13
c ---[ 835]---> Adder-cost: 265   maxlim: 4266   bits: 14/13
c ---[ 834]---> Adder-cost: 495   maxlim: 4764   bits: 14/13
c ---[ 833]---> Adder-cost: 289   maxlim: 4370   bits: 14/13
c ---[ 832]---> Adder-cost: 472   maxlim: 4355   bits: 14/13
c ---[ 831]---> Adder-cost: 217   maxlim: 4259   bits: 14/13
c ---[ 829]---> BDD-cost:    1
c ---[ 827]---> BDD-cost:    1
c ---[ 825]---> BDD-cost:    1
c ---[ 823]---> BDD-cost:    1
c ---[ 821]---> BDD-cost:    1
c ---[ 819]---> BDD-cost:    1
c ---[ 817]---> BDD-cost:    1
c ---[ 815]---> BDD-cost:    1
c ---[ 813]---> BDD-cost:    1
c ---[ 811]---> BDD-cost:    1
c ---[ 809]---> BDD-cost:    1
c ---[ 807]---> BDD-cost:    1
c ---[ 805]---> BDD-cost:    1
c ---[ 803]---> BDD-cost:    1
c ---[ 801]---> BDD-cost:    1
c ---[ 799]---> BDD-cost:    1
c ---[ 797]---> BDD-cost:    1
c ---[ 795]---> BDD-cost:    1
c ---[ 793]---> BDD-cost:    1
c ---[ 791]---> BDD-cost:    1
c ---[ 789]---> BDD-cost:    1
c ---[ 787]---> BDD-cost:    1
c ---[ 785]---> BDD-cost:    1
c ---[ 783]---> BDD-cost:    1
c ---[ 781]---> BDD-cost:    1
c ---[ 779]---> BDD-cost:    1
c ---[ 777]---> BDD-cost:    1
c ---[ 775]---> BDD-cost:    1
c ---[ 773]---> BDD-cost:    1
c ---[ 771]---> BDD-cost:    1
c ---[ 769]---> BDD-cost:    1
c ---[ 767]---> BDD-cost:    1
c ---[ 765]---> BDD-cost:    1
c ---[ 763]---> BDD-cost:    1
c ---[ 761]---> BDD-cost:    1
c ---[ 759]---> BDD-cost:    1
c ---[ 757]---> BDD-cost:    1
c ---[ 755]---> BDD-cost:    1
c ---[ 753]---> BDD-cost:    1
c ---[ 751]---> BDD-cost:    1
c ---[ 749]---> BDD-cost:    1
c ---[ 747]---> BDD-cost:    1
c ---[ 745]---> BDD-cost:    1
c ---[ 743]---> BDD-cost:    1
c ---[ 741]---> BDD-cost:    1
c ---[ 739]---> BDD-cost:    1
c ---[ 737]---> BDD-cost:    1
c ---[ 735]---> BDD-cost:    1
c ---[ 733]---> BDD-cost:    1
c ---[ 731]---> BDD-cost:    1
c ---[ 729]---> BDD-cost:    1
c ---[ 727]---> BDD-cost:    1
c ---[ 725]---> BDD-cost:    1
c ---[ 723]---> BDD-cost:    1
c ---[ 721]---> BDD-cost:    1
c ---[ 719]---> BDD-cost:    1
c ---[ 717]---> BDD-cost:    1
c ---[ 715]---> BDD-cost:    1
c ---[ 713]---> BDD-cost:    1
c ---[ 711]---> BDD-cost:    1
c ---[ 709]---> BDD-cost:    1
c ---[ 707]---> BDD-cost:    1
c ---[ 705]---> BDD-cost:    1
c ---[ 703]---> BDD-cost:    1
c ---[ 702]---> Adder-cost: 213   maxlim: 210   bits: 9/8
c ---[ 701]---> Adder-cost: 139   maxlim: 292   bits: 10/9
c ---[ 700]---> Adder-cost: 235   maxlim: 292   bits: 10/9
c ---[ 699]---> Adder-cost: 164   maxlim: 239   bits: 9/8
c ---[ 698]---> Adder-cost: 228   maxlim: 232   bits: 9/8
c ---[ 697]---> Adder-cost: 148   maxlim: 291   bits: 10/9
c ---[ 696]---> Adder-cost: 256   maxlim: 229   bits: 9/8
c ---[ 695]---> Adder-cost: 114   maxlim: 323   bits: 10/9
c ---[ 694]---> Adder-cost: 239   maxlim: 209   bits: 9/8
c ---[ 693]---> Adder-cost: 156   maxlim: 292   bits: 10/9
c ---[ 692]---> Adder-cost: 252   maxlim: 305   bits: 10/9
c ---[ 691]---> Adder-cost: 153   maxlim: 222   bits: 9/8
c ---[ 690]---> Adder-cost: 224   maxlim: 200   bits: 9/8
c ---[ 689]---> Adder-cost: 145   maxlim: 326   bits: 10/9
c ---[ 688]---> Adder-cost: 245   maxlim: 174   bits: 9/8
c ---[ 687]---> Adder-cost: 143   maxlim: 356   bits: 10/9
c ---[ 686]---> Adder-cost: 243   maxlim: 213   bits: 9/8
c ---[ 685]---> Adder-cost: 116   maxlim: 294   bits: 10/9
c ---[ 684]---> Adder-cost: 239   maxlim: 213   bits: 9/8
c ---[ 683]---> Adder-cost: 156   maxlim: 300   bits: 10/9
c ---[ 682]---> Adder-cost: 233   maxlim: 278   bits: 10/9
c ---[ 681]---> Adder-cost: 160   maxlim: 247   bits: 9/8
c ---[ 680]---> Adder-cost: 235   maxlim: 210   bits: 9/8
c ---[ 679]---> Adder-cost: 138   maxlim: 329   bits: 10/9
c ---[ 678]---> Adder-cost: 252   maxlim: 288   bits: 10/9
c ---[ 677]---> Adder-cost: 168   maxlim: 222   bits: 9/8
c ---[ 676]---> Adder-cost: 230   maxlim: 255   bits: 9/8
c ---[ 675]---> Adder-cost: 133   maxlim: 251   bits: 9/8
c ---[ 674]---> Adder-cost: 239   maxlim: 275   bits: 10/9
c ---[ 673]---> Adder-cost: 164   maxlim: 290   bits: 10/9
c ---[ 672]---> Adder-cost: 219   maxlim: 338   bits: 10/9
c ---[ 671]---> Adder-cost: 145   maxlim: 205   bits: 9/8
c ---[ 670]---> Adder-cost: 227   maxlim: 249   bits: 9/8
c ---[ 669]---> Adder-cost: 144   maxlim: 275   bits: 10/9
c ---[ 668]---> Adder-cost: 232   maxlim: 303   bits: 10/9
c ---[ 667]---> Adder-cost: 148   maxlim: 232   bits: 9/8
c ---[ 666]---> Adder-cost: 222   maxlim: 283   bits: 10/9
c ---[ 665]---> Adder-cost: 123   maxlim: 205   bits: 9/8
c ---[ 664]---> Adder-cost: 226   maxlim: 203   bits: 9/8
c ---[ 663]---> Adder-cost: 146   maxlim: 336   bits: 10/9
c ---[ 662]---> Adder-cost: 250   maxlim: 214   bits: 9/8
c ---[ 661]---> Adder-cost: 159   maxlim: 300   bits: 10/9
c ---[ 660]---> Adder-cost: 222   maxlim: 200   bits: 9/8
c ---[ 659]---> Adder-cost: 127   maxlim: 282   bits: 10/9
c ---[ 658]---> Adder-cost: 229   maxlim: 291   bits: 10/9
c ---[ 657]---> Adder-cost: 172   maxlim: 254   bits: 9/8
c ---[ 656]---> Adder-cost: 230   maxlim: 149   bits: 9/8
c ---[ 655]---> Adder-cost: 144   maxlim: 367   bits: 10/9
c ---[ 654]---> Adder-cost: 236   maxlim: 230   bits: 9/8
c ---[ 653]---> Adder-cost: 145   maxlim: 300   bits: 10/9
c ---[ 652]---> Adder-cost: 215   maxlim: 289   bits: 10/9
c ---[ 651]---> Adder-cost: 161   maxlim: 216   bits: 9/8
c ---[ 650]---> Adder-cost: 245   maxlim: 246   bits: 9/8
c ---[ 649]---> Adder-cost: 141   maxlim: 316   bits: 10/9
c ---[ 648]---> Adder-cost: 227   maxlim: 179   bits: 9/8
c ---[ 647]---> Adder-cost: 142   maxlim: 322   bits: 10/9
c ---[ 646]---> Adder-cost: 231   maxlim: 237   bits: 9/8
c ---[ 645]---> Adder-cost: 146   maxlim: 287   bits: 10/9
c ---[ 644]---> Adder-cost: 232   maxlim: 288   bits: 10/9
c ---[ 643]---> Adder-cost: 118   maxlim: 239   bits: 9/8
c ---[ 642]---> Adder-cost: 236   maxlim: 178   bits: 9/8
c ---[ 641]---> Adder-cost: 137   maxlim: 308   bits: 10/9
c ---[ 640]---> Adder-cost: 232   maxlim: 251   bits: 9/8
c ---[ 639]---> Adder-cost: 140   maxlim: 277   bits: 10/9
c ---[ 638]---> Adder-cost: 247   maxlim: 206   bits: 9/8
c ---[ 637]---> Adder-cost: 156   maxlim: 299   bits: 10/9
c ---[ 636]---> Adder-cost: 218   maxlim: 276   bits: 10/9
c ---[ 635]---> Adder-cost: 131   maxlim: 235   bits: 9/8
c ---[ 634]---> Adder-cost: 227   maxlim: 232   bits: 9/8
c ---[ 633]---> Adder-cost: 140   maxlim: 259   bits: 10/9
c ---[ 632]---> Adder-cost: 230   maxlim: 305   bits: 10/9
c ---[ 631]---> Adder-cost: 155   maxlim: 187   bits: 9/8
c ---[ 630]---> Adder-cost: 217   maxlim: 218   bits: 9/8
c ---[ 629]---> Adder-cost: 91   maxlim: 266   bits: 10/9
c ---[ 628]---> Adder-cost: 237   maxlim: 259   bits: 10/9
c ---[ 627]---> Adder-cost: 105   maxlim: 283   bits: 10/9
c ---[ 626]---> Adder-cost: 250   maxlim: 290   bits: 10/9
c ---[ 625]---> Adder-cost: 149   maxlim: 264   bits: 10/9
c ---[ 624]---> Adder-cost: 209   maxlim: 300   bits: 10/9
c ---[ 623]---> Adder-cost: 158   maxlim: 210   bits: 9/8
c ---[ 622]---> Adder-cost: 217   maxlim: 290   bits: 10/9
c ---[ 621]---> Adder-cost: 164   maxlim: 220   bits: 9/8
c ---[ 620]---> Adder-cost: 265   maxlim: 245   bits: 9/8
c ---[ 619]---> Adder-cost: 150   maxlim: 290   bits: 10/9
c ---[ 618]---> Adder-cost: 224   maxlim: 244   bits: 9/8
c ---[ 617]---> Adder-cost: 125   maxlim: 219   bits: 9/8
c ---[ 616]---> Adder-cost: 245   maxlim: 247   bits: 9/8
c ---[ 615]---> Adder-cost: 148   maxlim: 309   bits: 10/9
c ---[ 614]---> Adder-cost: 222   maxlim: 276   bits: 10/9
c ---[ 613]---> Adder-cost: 128   maxlim: 224   bits: 9/8
c ---[ 612]---> Adder-cost: 218   maxlim: 258   bits: 10/9
c ---[ 611]---> Adder-cost: 137   maxlim: 270   bits: 10/9
c ---[ 610]---> Adder-cost: 254   maxlim: 287   bits: 10/9
c ---[ 609]---> Adder-cost: 178   maxlim: 285   bits: 10/9
c ---[ 608]---> Adder-cost: 229   maxlim: 301   bits: 10/9
c ---[ 607]---> Adder-cost: 168   maxlim: 242   bits: 9/8
c ---[ 606]---> Adder-cost: 219   maxlim: 257   bits: 10/9
c ---[ 605]---> Adder-cost: 138   maxlim: 259   bits: 10/9
c ---[ 604]---> Adder-cost: 249   maxlim: 231   bits: 9/8
c ---[ 603]---> Adder-cost: 134   maxlim: 304   bits: 10/9
c ---[ 602]---> Adder-cost: 251   maxlim: 234   bits: 9/8
c ---[ 601]---> Adder-cost: 144   maxlim: 246   bits: 9/8
c ---[ 600]---> Adder-cost: 212   maxlim: 182   bits: 9/8
c ---[ 599]---> Adder-cost: 140   maxlim: 313   bits: 10/9
c ---[ 598]---> Adder-cost: 220   maxlim: 281   bits: 10/9
c ---[ 597]---> Adder-cost: 132   maxlim: 252   bits: 9/8
c ---[ 596]---> Adder-cost: 246   maxlim: 292   bits: 10/9
c ---[ 595]---> Adder-cost: 143   maxlim: 225   bits: 9/8
c ---[ 594]---> Adder-cost: 239   maxlim: 310   bits: 10/9
c ---[ 593]---> Adder-cost: 133   maxlim: 228   bits: 9/8
c ---[ 592]---> Adder-cost: 221   maxlim: 214   bits: 9/8
c ---[ 591]---> Adder-cost: 137   maxlim: 268   bits: 10/9
c ---[ 590]---> Adder-cost: 226   maxlim: 247   bits: 9/8
c ---[ 589]---> Adder-cost: 117   maxlim: 235   bits: 9/8
c ---[ 588]---> Adder-cost: 234   maxlim: 225   bits: 9/8
c ---[ 587]---> Adder-cost: 154   maxlim: 310   bits: 10/9
c ---[ 586]---> Adder-cost: 238   maxlim: 211   bits: 9/8
c ---[ 585]---> Adder-cost: 120   maxlim: 287   bits: 10/9
c ---[ 584]---> Adder-cost: 227   maxlim: 241   bits: 9/8
c ---[ 583]---> Adder-cost: 164   maxlim: 268   bits: 10/9
c ---[ 582]---> Adder-cost: 232   maxlim: 356   bits: 10/9
c ---[ 581]---> Adder-cost: 151   maxlim: 169   bits: 9/8
c ---[ 580]---> Adder-cost: 231   maxlim: 238   bits: 9/8
c ---[ 579]---> Adder-cost: 153   maxlim: 312   bits: 10/9
c ---[ 578]---> Adder-cost: 226   maxlim: 286   bits: 10/9
c ---[ 577]---> Adder-cost: 100   maxlim: 220   bits: 9/8
c ---[ 576]---> Adder-cost: 246   maxlim: 317   bits: 10/9
c ---[ 575]---> Adder-cost: 141   maxlim: 211   bits: 9/8
c ---[ 574]---> Adder-cost: 256   maxlim: 217   bits: 9/8
c ---[ 573]---> Adder-cost: 131   maxlim: 341   bits: 10/9
c ---[ 572]---> Adder-cost: 240   maxlim: 363   bits: 10/9
c ---[ 571]---> Adder-cost: 92   maxlim: 163   bits: 9/8
c ---[ 570]---> Adder-cost: 235   maxlim: 222   bits: 9/8
c ---[ 569]---> Adder-cost: 99   maxlim: 284   bits: 10/9
c ---[ 568]---> Adder-cost: 256   maxlim: 242   bits: 9/8
c ---[ 567]---> Adder-cost: 125   maxlim: 288   bits: 10/9
c ---[ 566]---> Adder-cost: 241   maxlim: 227   bits: 9/8
c ---[ 565]---> Adder-cost: 134   maxlim: 284   bits: 10/9
c ---[ 564]---> Adder-cost: 234   maxlim: 274   bits: 10/9
c ---[ 563]---> Adder-cost: 143   maxlim: 260   bits: 10/9
c ---[ 562]---> Adder-cost: 241   maxlim: 159   bits: 9/8
c ---[ 561]---> Adder-cost: 138   maxlim: 356   bits: 10/9
c ---[ 560]---> Adder-cost: 246   maxlim: 296   bits: 10/9
c ---[ 559]---> Adder-cost: 94   maxlim: 216   bits: 9/8
c ---[ 558]---> Adder-cost: 280   maxlim: 248   bits: 9/8
c ---[ 557]---> Adder-cost: 156   maxlim: 297   bits: 10/9
c ---[ 556]---> Adder-cost: 210   maxlim: 262   bits: 10/9
c ---[ 555]---> Adder-cost: 122   maxlim: 269   bits: 10/9
c ---[ 554]---> Adder-cost: 257   maxlim: 218   bits: 9/8
c ---[ 553]---> Adder-cost: 171   maxlim: 324   bits: 10/9
c ---[ 552]---> Adder-cost: 249   maxlim: 246   bits: 9/8
c ---[ 551]---> Adder-cost: 150   maxlim: 248   bits: 9/8
c ---[ 550]---> Adder-cost: 254   maxlim: 338   bits: 10/9
c ---[ 549]---> Adder-cost: 126   maxlim: 202   bits: 9/8
c ---[ 548]---> Adder-cost: 240   maxlim: 259   bits: 10/9
c ---[ 547]---> Adder-cost: 124   maxlim: 268   bits: 10/9
c ---[ 546]---> Adder-cost: 226   maxlim: 274   bits: 10/9
c ---[ 545]---> Adder-cost: 117   maxlim: 207   bits: 9/8
c ---[ 544]---> Adder-cost: 246   maxlim: 284   bits: 10/9
c ---[ 543]---> Adder-cost: 140   maxlim: 259   bits: 10/9
c ---[ 542]---> Adder-cost: 250   maxlim: 242   bits: 9/8
c ---[ 541]---> Adder-cost: 156   maxlim: 283   bits: 10/9
c ---[ 540]---> Adder-cost: 249   maxlim: 297   bits: 10/9
c ---[ 539]---> Adder-cost: 156   maxlim: 256   bits: 10/9
c ---[ 538]---> Adder-cost: 245   maxlim: 223   bits: 9/8
c ---[ 537]---> Adder-cost: 160   maxlim: 284   bits: 10/9
c ---[ 536]---> Adder-cost: 250   maxlim: 250   bits: 9/8
c ---[ 535]---> Adder-cost: 158   maxlim: 309   bits: 10/9
c ---[ 534]---> Adder-cost: 230   maxlim: 283   bits: 10/9
c ---[ 533]---> Adder-cost: 127   maxlim: 228   bits: 9/8
c ---[ 532]---> Adder-cost: 248   maxlim: 236   bits: 9/8
c ---[ 531]---> Adder-cost: 100   maxlim: 299   bits: 10/9
c ---[ 530]---> Adder-cost: 245   maxlim: 278   bits: 10/9
c ---[ 529]---> Adder-cost: 135   maxlim: 266   bits: 10/9
c ---[ 528]---> Adder-cost: 263   maxlim: 300   bits: 10/9
c ---[ 527]---> Adder-cost: 147   maxlim: 248   bits: 9/8
c ---[ 526]---> Adder-cost: 252   maxlim: 239   bits: 9/8
c ---[ 525]---> Adder-cost: 176   maxlim: 302   bits: 10/9
c ---[ 524]---> Adder-cost: 248   maxlim: 297   bits: 10/9
c ---[ 523]---> Adder-cost: 140   maxlim: 213   bits: 9/8
c ---[ 522]---> Adder-cost: 270   maxlim: 257   bits: 10/9
c ---[ 521]---> Adder-cost: 124   maxlim: 287   bits: 10/9
c ---[ 520]---> Adder-cost: 268   maxlim: 305   bits: 10/9
c ---[ 519]---> Adder-cost: 128   maxlim: 255   bits: 9/8
c ---[ 518]---> Adder-cost: 237   maxlim: 241   bits: 9/8
c ---[ 517]---> Adder-cost: 168   maxlim: 299   bits: 10/9
c ---[ 516]---> Adder-cost: 248   maxlim: 288   bits: 10/9
c ---[ 515]---> Adder-cost: 156   maxlim: 241   bits: 9/8
c ---[ 514]---> Adder-cost: 225   maxlim: 240   bits: 9/8
c ---[ 513]---> Adder-cost: 156   maxlim: 313   bits: 10/9
c ---[ 512]---> Adder-cost: 269   maxlim: 268   bits: 10/9
c ---[ 511]---> Adder-cost: 146   maxlim: 275   bits: 10/9
c ---[ 510]---> Adder-cost: 251   maxlim: 275   bits: 10/9
c ---[ 509]---> Adder-cost: 137   maxlim: 231   bits: 9/8
c ---[ 508]---> Adder-cost: 253   maxlim: 277   bits: 10/9
c ---[ 507]---> Adder-cost: 160   maxlim: 250   bits: 9/8
c ---[ 506]---> Adder-cost: 218   maxlim: 256   bits: 10/9
c ---[ 505]---> Adder-cost: 94   maxlim: 240   bits: 9/8
c ---[ 504]---> Adder-cost: 252   maxlim: 351   bits: 10/9
c ---[ 503]---> Adder-cost: 137   maxlim: 196   bits: 9/8
c ---[ 502]---> Adder-cost: 249   maxlim: 244   bits: 9/8
c ---[ 501]---> Adder-cost: 135   maxlim: 296   bits: 10/9
c ---[ 500]---> Adder-cost: 239   maxlim: 261   bits: 10/9
c ---[ 499]---> Adder-cost: 121   maxlim: 253   bits: 9/8
c ---[ 498]---> Adder-cost: 252   maxlim: 213   bits: 9/8
c ---[ 497]---> Adder-cost: 154   maxlim: 279   bits: 10/9
c ---[ 496]---> Adder-cost: 267   maxlim: 203   bits: 9/8
c ---[ 495]---> Adder-cost: 166   maxlim: 353   bits: 10/9
c ---[ 494]---> Adder-cost: 269   maxlim: 246   bits: 9/8
c ---[ 493]---> Adder-cost: 166   maxlim: 297   bits: 10/9
c ---[ 492]---> Adder-cost: 244   maxlim: 194   bits: 9/8
c ---[ 491]---> Adder-cost: 164   maxlim: 315   bits: 10/9
c ---[ 490]---> Adder-cost: 244   maxlim: 283   bits: 10/9
c ---[ 489]---> Adder-cost: 146   maxlim: 281   bits: 10/9
c ---[ 488]---> Adder-cost: 246   maxlim: 302   bits: 10/9
c ---[ 487]---> Adder-cost: 108   maxlim: 230   bits: 9/8
c ---[ 486]---> Adder-cost: 247   maxlim: 222   bits: 9/8
c ---[ 485]---> Adder-cost: 166   maxlim: 327   bits: 10/9
c ---[ 484]---> Adder-cost: 249   maxlim: 265   bits: 10/9
c ---[ 483]---> Adder-cost: 154   maxlim: 267   bits: 10/9
c ---[ 482]---> Adder-cost: 247   maxlim: 269   bits: 10/9
c ---[ 481]---> Adder-cost: 84   maxlim: 221   bits: 9/8
c ---[ 480]---> Adder-cost: 227   maxlim: 247   bits: 9/8
c ---[ 479]---> Adder-cost: 135   maxlim: 252   bits: 9/8
c ---[ 478]---> Adder-cost: 237   maxlim: 201   bits: 9/8
c ---[ 477]---> Adder-cost: 122   maxlim: 311   bits: 10/9
c ---[ 476]---> Adder-cost: 260   maxlim: 246   bits: 9/8
c ---[ 475]---> Adder-cost: 133   maxlim: 304   bits: 10/9
c ---[ 474]---> Adder-cost: 247   maxlim: 238   bits: 9/8
c ---[ 473]---> Adder-cost: 138   maxlim: 309   bits: 10/9
c ---[ 472]---> Adder-cost: 256   maxlim: 254   bits: 9/8
c ---[ 471]---> Adder-cost: 131   maxlim: 268   bits: 10/9
c ---[ 470]---> Adder-cost: 250   maxlim: 188   bits: 9/8
c ---[ 469]---> Adder-cost: 99   maxlim: 332   bits: 10/9
c ---[ 468]---> Adder-cost: 252   maxlim: 308   bits: 10/9
c ---[ 467]---> Adder-cost: 153   maxlim: 199   bits: 9/8
c ---[ 466]---> Adder-cost: 246   maxlim: 340   bits: 10/9
c ---[ 465]---> Adder-cost: 145   maxlim: 199   bits: 9/8
c ---[ 464]---> Adder-cost: 224   maxlim: 178   bits: 9/8
c ---[ 463]---> Adder-cost: 95   maxlim: 322   bits: 10/9
c ---[ 462]---> Adder-cost: 239   maxlim: 323   bits: 10/9
c ---[ 461]---> Adder-cost: 157   maxlim: 206   bits: 9/8
c ---[ 460]---> Adder-cost: 234   maxlim: 330   bits: 10/9
c ---[ 459]---> Adder-cost: 109   maxlim: 217   bits: 9/8
c ---[ 458]---> Adder-cost: 243   maxlim: 281   bits: 10/9
c ---[ 457]---> Adder-cost: 157   maxlim: 228   bits: 9/8
c ---[ 456]---> Adder-cost: 220   maxlim: 194   bits: 9/8
c ---[ 455]---> Adder-cost: 118   maxlim: 357   bits: 10/9
c ---[ 454]---> Adder-cost: 230   maxlim: 191   bits: 9/8
c ---[ 453]---> Adder-cost: 162   maxlim: 334   bits: 10/9
c ---[ 452]---> Adder-cost: 241   maxlim: 241   bits: 9/8
c ---[ 451]---> Adder-cost: 81   maxlim: 321   bits: 10/9
c ---[ 450]---> Adder-cost: 254   maxlim: 237   bits: 9/8
c ---[ 449]---> Adder-cost: 96   maxlim: 302   bits: 10/9
c ---[ 448]---> Adder-cost: 247   maxlim: 239   bits: 9/8
c ---[ 447]---> Adder-cost: 53   maxlim: 255   bits: 9/8
c ---[ 446]---> Adder-cost: 256   maxlim: 337   bits: 10/9
c ---[ 445]---> Adder-cost: 174   maxlim: 232   bits: 9/8
c ---[ 444]---> Adder-cost: 228   maxlim: 249   bits: 9/8
c ---[ 443]---> Adder-cost: 116   maxlim: 274   bits: 10/9
c ---[ 442]---> Adder-cost: 258   maxlim: 274   bits: 10/9
c ---[ 441]---> Adder-cost: 152   maxlim: 285   bits: 10/9
c ---[ 440]---> Adder-cost: 268   maxlim: 271   bits: 10/9
c ---[ 439]---> Adder-cost: 104   maxlim: 272   bits: 10/9
c ---[ 438]---> Adder-cost: 249   maxlim: 206   bits: 9/8
c ---[ 437]---> Adder-cost: 100   maxlim: 301   bits: 10/9
c ---[ 436]---> Adder-cost: 244   maxlim: 267   bits: 10/9
c ---[ 435]---> Adder-cost: 162   maxlim: 278   bits: 10/9
c ---[ 434]---> Adder-cost: 250   maxlim: 311   bits: 10/9
c ---[ 433]---> Adder-cost: 105   maxlim: 216   bits: 9/8
c ---[ 432]---> Adder-cost: 272   maxlim: 284   bits: 10/9
c ---[ 431]---> Adder-cost: 172   maxlim: 293   bits: 10/9
c ---[ 430]---> Adder-cost: 257   maxlim: 327   bits: 10/9
c ---[ 429]---> Adder-cost: 136   maxlim: 249   bits: 9/8
c ---[ 428]---> Adder-cost: 258   maxlim: 284   bits: 10/9
c ---[ 427]---> Adder-cost: 149   maxlim: 278   bits: 10/9
c ---[ 426]---> Adder-cost: 251   maxlim: 202   bits: 9/8
c ---[ 425]---> Adder-cost: 149   maxlim: 336   bits: 10/9
c ---[ 424]---> Adder-cost: 272   maxlim: 261   bits: 10/9
c ---[ 423]---> Adder-cost: 168   maxlim: 284   bits: 10/9
c ---[ 422]---> Adder-cost: 250   maxlim: 272   bits: 10/9
c ---[ 421]---> Adder-cost: 161   maxlim: 254   bits: 9/8
c ---[ 420]---> Adder-cost: 228   maxlim: 288   bits: 10/9
c ---[ 419]---> Adder-cost: 128   maxlim: 236   bits: 9/8
c ---[ 418]---> Adder-cost: 246   maxlim: 270   bits: 10/9
c ---[ 417]---> Adder-cost: 122   maxlim: 265   bits: 10/9
c ---[ 416]---> Adder-cost: 233   maxlim: 213   bits: 9/8
c ---[ 415]---> Adder-cost: 117   maxlim: 289   bits: 10/9
c ---[ 414]---> Adder-cost: 250   maxlim: 289   bits: 10/9
c ---[ 413]---> Adder-cost: 109   maxlim: 261   bits: 10/9
c ---[ 412]---> Adder-cost: 256   maxlim: 302   bits: 10/9
c ---[ 411]---> Adder-cost: 142   maxlim: 281   bits: 10/9
c ---[ 410]---> Adder-cost: 249   maxlim: 293   bits: 10/9
c ---[ 409]---> Adder-cost: 147   maxlim: 232   bits: 9/8
c ---[ 408]---> Adder-cost: 233   maxlim: 261   bits: 10/9
c ---[ 407]---> Adder-cost: 134   maxlim: 266   bits: 10/9
c ---[ 406]---> Adder-cost: 266   maxlim: 279   bits: 10/9
c ---[ 405]---> Adder-cost: 104   maxlim: 280   bits: 10/9
c ---[ 404]---> Adder-cost: 269   maxlim: 267   bits: 10/9
c ---[ 403]---> Adder-cost: 107   maxlim: 323   bits: 10/9
c ---[ 402]---> Adder-cost: 240   maxlim: 291   bits: 10/9
c ---[ 401]---> Adder-cost: 142   maxlim: 257   bits: 10/9
c ---[ 400]---> Adder-cost: 251   maxlim: 354   bits: 10/9
c ---[ 399]---> Adder-cost: 151   maxlim: 214   bits: 9/8
c ---[ 398]---> Adder-cost: 245   maxlim: 259   bits: 10/9
c ---[ 397]---> Adder-cost: 75   maxlim: 307   bits: 10/9
c ---[ 396]---> Adder-cost: 253   maxlim: 265   bits: 10/9
c ---[ 395]---> Adder-cost: 69   maxlim: 297   bits: 10/9
c ---[ 394]---> Adder-cost: 254   maxlim: 252   bits: 9/8
c ---[ 393]---> Adder-cost: 167   maxlim: 290   bits: 10/9
c ---[ 392]---> Adder-cost: 267   maxlim: 325   bits: 10/9
c ---[ 391]---> Adder-cost: 153   maxlim: 249   bits: 9/8
c ---[ 390]---> Adder-cost: 269   maxlim: 253   bits: 9/8
c ---[ 389]---> Adder-cost: 119   maxlim: 293   bits: 10/9
c ---[ 388]---> Adder-cost: 240   maxlim: 273   bits: 10/9
c ---[ 387]---> Adder-cost: 94   maxlim: 274   bits: 10/9
c ---[ 386]---> Adder-cost: 240   maxlim: 267   bits: 10/9
c ---[ 385]---> Adder-cost: 154   maxlim: 280   bits: 10/9
c ---[ 384]---> Adder-cost: 252   maxlim: 308   bits: 10/9
c ---[ 383]---> Adder-cost: 148   maxlim: 263   bits: 10/9
c ---[ 382]---> Adder-cost: 259   maxlim: 204   bits: 9/8
c ---[ 381]---> Adder-cost: 163   maxlim: 322   bits: 10/9
c ---[ 380]---> Adder-cost: 258   maxlim: 262   bits: 10/9
c ---[ 379]---> Adder-cost: 154   maxlim: 265   bits: 10/9
c ---[ 378]---> Adder-cost: 247   maxlim: 230   bits: 9/8
c ---[ 377]---> Adder-cost: 119   maxlim: 290   bits: 10/9
c ---[ 376]---> Adder-cost: 261   maxlim: 290   bits: 10/9
c ---[ 375]---> Adder-cost: 152   maxlim: 269   bits: 10/9
c ---[ 374]---> Adder-cost: 240   maxlim: 306   bits: 10/9
c ---[ 373]---> Adder-cost: 124   maxlim: 245   bits: 9/8
c ---[ 372]---> Adder-cost: 251   maxlim: 291   bits: 10/9
c ---[ 371]---> Adder-cost: 148   maxlim: 269   bits: 10/9
c ---[ 370]---> Adder-cost: 248   maxlim: 210   bits: 9/8
c ---[ 369]---> Adder-cost: 90   maxlim: 305   bits: 10/9
c ---[ 368]---> Adder-cost: 240   maxlim: 328   bits: 10/9
c ---[ 367]---> Adder-cost: 139   maxlim: 217   bits: 9/8
c ---[ 366]---> Adder-cost: 258   maxlim: 277   bits: 10/9
c ---[ 365]---> Adder-cost: 100   maxlim: 278   bits: 10/9
c ---[ 364]---> Adder-cost: 257   maxlim: 254   bits: 9/8
c ---[ 363]---> Adder-cost: 99   maxlim: 302   bits: 10/9
c ---[ 362]---> Adder-cost: 236   maxlim: 270   bits: 10/9
c ---[ 361]---> Adder-cost: 148   maxlim: 244   bits: 9/8
c ---[ 360]---> Adder-cost: 265   maxlim: 241   bits: 9/8
c ---[ 359]---> Adder-cost: 141   maxlim: 317   bits: 10/9
c ---[ 358]---> Adder-cost: 263   maxlim: 250   bits: 9/8
c ---[ 357]---> Adder-cost: 164   maxlim: 287   bits: 10/9
c ---[ 356]---> Adder-cost: 239   maxlim: 287   bits: 10/9
c ---[ 355]---> Adder-cost: 161   maxlim: 221   bits: 9/8
c ---[ 354]---> Adder-cost: 252   maxlim: 283   bits: 10/9
c ---[ 353]---> Adder-cost: 148   maxlim: 272   bits: 10/9
c ---[ 352]---> Adder-cost: 247   maxlim: 282   bits: 10/9
c ---[ 351]---> Adder-cost: 166   maxlim: 275   bits: 10/9
c ---[ 350]---> Adder-cost: 253   maxlim: 297   bits: 10/9
c ---[ 349]---> Adder-cost: 87   maxlim: 234   bits: 9/8
c ---[ 348]---> Adder-cost: 226   maxlim: 267   bits: 10/9
c ---[ 347]---> Adder-cost: 125   maxlim: 228   bits: 9/8
c ---[ 346]---> Adder-cost: 262   maxlim: 283   bits: 10/9
c ---[ 345]---> Adder-cost: 120   maxlim: 268   bits: 10/9
c ---[ 344]---> Adder-cost: 263   maxlim: 292   bits: 10/9
c ---[ 343]---> Adder-cost: 166   maxlim: 265   bits: 10/9
c ---[ 342]---> Adder-cost: 248   maxlim: 256   bits: 10/9
c ---[ 341]---> Adder-cost: 144   maxlim: 279   bits: 10/9
c ---[ 340]---> Adder-cost: 236   maxlim: 304   bits: 10/9
c ---[ 339]---> Adder-cost: 170   maxlim: 281   bits: 10/9
c ---[ 338]---> Adder-cost: 256   maxlim: 247   bits: 9/8
c ---[ 337]---> Adder-cost: 154   maxlim: 298   bits: 10/9
c ---[ 336]---> Adder-cost: 249   maxlim: 249   bits: 9/8
c ---[ 335]---> Adder-cost: 144   maxlim: 307   bits: 10/9
c ---[ 334]---> Adder-cost: 249   maxlim: 248   bits: 9/8
c ---[ 333]---> Adder-cost: 157   maxlim: 278   bits: 10/9
c ---[ 332]---> Adder-cost: 247   maxlim: 217   bits: 9/8
c ---[ 331]---> Adder-cost: 136   maxlim: 302   bits: 10/9
c ---[ 330]---> Adder-cost: 250   maxlim: 238   bits: 9/8
c ---[ 329]---> Adder-cost: 160   maxlim: 287   bits: 10/9
c ---[ 328]---> Adder-cost: 247   maxlim: 241   bits: 9/8
c ---[ 327]---> Adder-cost: 127   maxlim: 317   bits: 10/9
c ---[ 326]---> Adder-cost: 246   maxlim: 313   bits: 10/9
c ---[ 325]---> Adder-cost: 128   maxlim: 231   bits: 9/8
c ---[ 324]---> Adder-cost: 240   maxlim: 264   bits: 10/9
c ---[ 323]---> Adder-cost: 128   maxlim: 238   bits: 9/8
c ---[ 322]---> Adder-cost: 233   maxlim: 244   bits: 9/8
c ---[ 321]---> Adder-cost: 130   maxlim: 232   bits: 9/8
c ==================================[MINISAT+]==================================
c | Conflicts | Original         | Learnt                           | Progress |
c |           | Clauses Literals |     Max Clauses Literals     LPC |          |
c ==============================================================================
c |         0 | 1518821  5416175 |  506273       0        0    -nan |  0.000 % |
c |       101 | 1518821  5416175 |  556900     101      494     4.9 |  1.868 % |
c |       251 | 1518821  5416175 |  612590     251     1278     5.1 |  1.868 % |
c |       476 | 1518821  5416175 |  673849     476     3407     7.2 |  1.868 % |
c |       813 | 1518821  5416175 |  741234     813     8878    10.9 |  1.868 % |
c |      1320 | 1518821  5416175 |  815357    1320    15201    11.5 |  1.868 % |
c |      2079 | 1518821  5416175 |  896893    2079    24765    11.9 |  1.868 % |
c |      3218 | 1518821  5416175 |  986582    3218    41728    13.0 |  1.868 % |
c |      4927 | 1518821  5416175 | 1085241    4927    96629    19.6 |  1.868 % |
c |      7489 | 1518821  5416175 | 1193765    7489   169194    22.6 |  1.868 % |
c |     11333 | 1518821  5416175 | 1313141   11333   377011    33.3 |  1.868 % |
c |     17099 | 1518821  5416175 | 1444455   17099   521802    30.5 |  1.868 % |
c |     25749 | 1518821  5416175 | 1588901   25749   861584    33.5 |  1.868 % |
c |     38723 | 1518821  5416175 | 1747791   38723  1487540    38.4 |  1.868 % |
c |     58184 | 1518821  5416175 | 1922570   58184  2123249    36.5 |  1.868 % |
c |     87376 | 1518821  5416175 | 2114827   87376  3472736    39.7 |  1.868 % |
c |    131168 | 1518821  5416175 | 2326310  131168  5177444    39.5 |  1.868 % |
c ==============================================================================
c [1mFound solution: -1[0m
c [1mOptimal solution: -1[0m
s OPTIMUM FOUND
v Z -O1_65 -t1_257 O1_66 t1_258 -O1_67 -t1_259 O1_68 t1_260 -O1_69 -t1_261 O1_70 t1_262 -O1_71 -t1_263 O1_72 t1_264 -O1_73 -t1_265 O1_74 t1_266 -O1_75 -t1_267 -O1_76 -t1_268 -O1_77 -t1_269 O1_78 t1_270 O1_79 t1_271 -O1_80 -t1_272 -O1_81 -t1_273 -O1_82 -t1_274 -O1_83 -t1_275 O1_84 t1_276 -O1_85 -t1_277 -O1_86 -t1_278 -O1_87 -t1_279 -O1_88 -t1_280 O1_89 t1_281 -O1_90 -t1_282 -O1_91 -t1_283 O1_92 t1_284 O1_93 t1_285 -O1_94 -t1_286 O1_95 t1_287 -O1_96 -t1_288 O1_97 t1_289 -O1_98 -t1_290 -O1_99 -t1_291 -O1_100 -t1_292 O1_101 t1_293 -O1_102 -t1_294 O1_103 t1_295 -O1_104 -t1_296 O1_105 t1_297 -O1_106 -t1_298 -O1_107 -t1_299 O1_108 t1_300 O1_109 t1_301 -O1_110 -t1_302 O1_111 t1_303 O1_112 t1_304 -O1_113 -t1_305 O1_114 t1_306 O1_115 t1_307 O1_116 t1_308 -O1_117 -t1_309 -O1_118 -t1_310 O1_119 t1_311 O1_120 t1_312 -O1_121 -t1_313 -O1_122 -t1_314 O1_123 t1_315 -O1_124 -t1_316 -O1_125 -t1_317 -O1_126 -t1_318 -O1_127 -t1_319 O1_128 t1_320 -t1_129 I_1 -I_2 I_3 -I_4 I_5 -I_6 I_7 I_8 -I_9 I_10 I_11 -I_12 -I_13 I_14 -I_15 I_16 -I_17 -I_18 -I_19 -I_20 -I_21 -I_22 I_23 -I_24 I_25 -I_26 -I_27 -I_28 I_29 I_30 -I_31 -I_32 -I_33 I_34 -I_35 -I_36 -I_37 I_38 -I_39 -I_40 -I_41 -I_42 I_43 I_44 -I_45 I_46 -I_47 I_48 -I_49 I_50 -I_51 I_52 I_53 I_54 I_55 I_56 -I_57 -I_58 -I_59 -I_60 -I_61 -I_62 -I_63 -I_64 t1_130 t1_131 -t1_132 -t1_133 t1_134 -t1_135 -t1_136 -t1_137 t1_138 t1_139 -t1_140 t1_141 -t1_142 -t1_143 t1_144 -t1_145 t1_146 -t1_147 -t1_148 -t1_149 t1_150 -t1_151 -t1_152 -t1_153 -t1_154 t1_155 -t1_156 -t1_157 t1_158 t1_159 -t1_160 -t1_161 t1_162 -t1_163 -t1_164 t1_165 t1_166 -t1_167 -t1_168 -t1_169 t1_170 t1_171 t1_172 t1_173 t1_174 t1_175 -t1_176 t1_177 -t1_178 -t1_179 -t1_180 -t1_181 t1_182 -t1_183 t1_184 -t1_185 t1_186 t1_187 -t1_188 t1_189 -t1_190 t1_191 -t1_192 t1_193 t1_194 t1_195 -t1_196 t1_197 -t1_198 -t1_199 -t1_200 t1_201 -t1_202 t1_203 -t1_204 -t1_205 t1_206 -t1_207 t1_208 t1_209 t1_210 t1_211 t1_212 t1_213 t1_214 t1_215 t1_216 -t1_217 t1_218 t1_219 t1_220 t1_221 -t1_222 t1_223 -t1_224 -t1_225 t1_226 -t1_227 -t1_228 t1_229 -t1_230 -t1_231 t1_232 t1_233 -t1_234 -t1_235 -t1_236 -t1_237 -t1_238 t1_239 t1_240 -t1_241 -t1_242 t1_243 t1_244 -t1_245 -t1_246 -t1_247 t1_248 -t1_249 t1_250 t1_251 -t1_252 -t1_253 -t1_254 t1_255 t1_256 -O2_65 -t2_257 O2_66 t2_258 O2_67 t2_259 O2_68 t2_260 -O2_69 -t2_261 O2_70 t2_262 -O2_71 -t2_263 O2_72 t2_264 -O2_73 -t2_265 -O2_74 -t2_266 -O2_75 -t2_267 -O2_76 -t2_268 -O2_77 -t2_269 -O2_78 -t2_270 O2_79 t2_271 -O2_80 -t2_272 -O2_81 -t2_273 -O2_82 -t2_274 -O2_83 -t2_275 O2_84 t2_276 -O2_85 -t2_277 -O2_86 -t2_278 -O2_87 -t2_279 -O2_88 -t2_280 O2_89 t2_281 -O2_90 -t2_282 -O2_91 -t2_283 O2_92 t2_284 O2_93 t2_285 -O2_94 -t2_286 O2_95 t2_287 -O2_96 -t2_288 O2_97 t2_289 -O2_98 -t2_290 -O2_99 -t2_291 -O2_100 -t2_292 O2_101 t2_293 -O2_102 -t2_294 O2_103 t2_295 -O2_104 -t2_296 O2_105 t2_297 -O2_106 -t2_298 -O2_107 -t2_299 O2_108 t2_300 O2_109 t2_301 -O2_110 -t2_302 O2_111 t2_303 O2_112 t2_304 -O2_113 -t2_305 O2_114 t2_306 O2_115 t2_307 -O2_116 -t2_308 -O2_117 -t2_309 -O2_118 -t2_310 O2_119 t2_311 O2_120 t2_312 -O2_121 -t2_313 -O2_122 -t2_314 O2_123 t2_315 -O2_124 -t2_316 O2_125 t2_317 -O2_126 -t2_318 -O2_127 -t2_319 O2_128 t2_320 -t2_129 t2_130 t2_131 -t2_132 -t2_133 t2_134 -t2_135 -t2_136 -t2_137 t2_138 t2_139 -t2_140 t2_141 -t2_142 -t2_143 t2_144 -t2_145 t2_146 -t2_147 -t2_148 -t2_149 t2_150 -t2_151 -t2_152 -t2_153 -t2_154 t2_155 -t2_156 -t2_157 t2_158 t2_159 -t2_160 -t2_161 t2_162 -t2_163 -t2_164 t2_165 t2_166 -t2_167 -t2_168 t2_169 t2_170 t2_171 t2_172 t2_173 t2_174 t2_175 -t2_176 t2_177 -t2_178 -t2_179 -t2_180 -t2_181 t2_182 -t2_183 t2_184 -t2_185 t2_186 -t2_187 -t2_188 t2_189 -t2_190 -t2_191 -t2_192 t2_193 t2_194 t2_195 -t2_196 t2_197 -t2_198 -t2_199 -t2_200 t2_201 -t2_202 t2_203 -t2_204 -t2_205 t2_206 -t2_207 t2_208 t2_209 t2_210 t2_211 t2_212 t2_213 t2_214 t2_215 t2_216 -t2_217 t2_218 t2_219 t2_220 t2_221 -t2_222 t2_223 -t2_224 -t2_225 t2_226 -t2_227 -t2_228 t2_229 -t2_230 -t2_231 t2_232 t2_233 -t2_234 t2_235 -t2_236 -t2_237 -t2_238 t2_239 t2_240 -t2_241 -t2_242 t2_243 t2_244 -t2_245 -t2_246 t2_247 t2_248 -t2_249 t2_250 t2_251 -t2_252 -t2_253 -t2_254 -t2_255 t2_256 -M_0 -M_1 M_2 -M_3 -M_4 -M_5 -M_6 -M_7 -M_8 M_9 -M_10 -M_11 -M_12 M_13 -M_14 -M_15 -M_16 -M_17 -M_18 -M_19 -M_20 -M_21 -M_22 -M_23 -M_24 -M_25 -M_26 -M_27 -M_28 -M_29 -M_30 -M_31 -M_32 -M_33 -M_34 -M_35 -M_36 -M_37 -M_38 -M_39 -M_40 -M_41 -M_42 -M_43 -M_44 -M_45 -M_46 -M_47 -M_48 -M_49 -M_50 M_51 -M_52 -M_53 -M_54 -M_55 -M_56 -M_57 -M_58 -M_59 M_60 -M_61 -M_62 -M_63
c _______________________________________________________________________________
c 
c restarts              : 17
c conflicts             : 195004         (677 /sec)
c decisions             : 542680         (1883 /sec)
c propagations          : 0              (0 /sec)
c inspects              : 0              (0 /sec)
c CPU time              : 288.158 s
c _______________________________________________________________________________
